

================================================================
== Vivado HLS Report for 'bin_dense'
================================================================
* Date:           Sun Mar 28 14:40:28 2021

* Version:        2019.1 (Build 2552052 on Fri May 24 15:28:33 MDT 2019)
* Project:        BNN_6
* Solution:       solution1
* Product family: kintex7
* Target device:  xc7k70t-fbv676-1


================================================================
== Performance Estimates
================================================================
+ Timing (ns): 
    * Summary: 
    +--------+-------+----------+------------+
    |  Clock | Target| Estimated| Uncertainty|
    +--------+-------+----------+------------+
    |ap_clk  |  12.00|    10.489|        1.50|
    +--------+-------+----------+------------+

+ Latency (clock cycles): 
    * Summary: 
    +-----+-----+-----+-----+---------+
    |  Latency  |  Interval | Pipeline|
    | min | max | min | max |   Type  |
    +-----+-----+-----+-----+---------+
    |    5|    5|    5|    5|   none  |
    +-----+-----+-----+-----+---------+

    + Detail: 
        * Instance: 
        N/A

        * Loop: 
        N/A



================================================================
== Utilization Estimates
================================================================
* Summary: 
+-----------------+---------+-------+-------+-------+-----+
|       Name      | BRAM_18K| DSP48E|   FF  |  LUT  | URAM|
+-----------------+---------+-------+-------+-------+-----+
|DSP              |        -|      -|      -|      -|    -|
|Expression       |        -|      -|      0|   1227|    -|
|FIFO             |        -|      -|      -|      -|    -|
|Instance         |        -|      -|      -|      -|    -|
|Memory           |        -|      -|      -|      -|    -|
|Multiplexer      |        -|      -|      -|     74|    -|
|Register         |        -|      -|    170|      -|    -|
+-----------------+---------+-------+-------+-------+-----+
|Total            |        0|      0|    170|   1301|    0|
+-----------------+---------+-------+-------+-------+-----+
|Available        |      270|    240|  82000|  41000|    0|
+-----------------+---------+-------+-------+-------+-----+
|Utilization (%)  |        0|      0|   ~0  |      3|    0|
+-----------------+---------+-------+-------+-------+-----+

+ Detail: 
    * Instance: 
    N/A

    * DSP48E: 
    N/A

    * Memory: 
    N/A

    * FIFO: 
    N/A

    * Expression: 
    +-------------------------+----------+-------+---+----+------------+------------+
    |      Variable Name      | Operation| DSP48E| FF| LUT| Bitwidth P0| Bitwidth P1|
    +-------------------------+----------+-------+---+----+------------+------------+
    |add_ln1503_1_fu_2820_p2  |     +    |      0|  0|  15|           7|           7|
    |add_ln1503_2_fu_2826_p2  |     +    |      0|  0|  14|           7|           7|
    |add_ln1503_3_fu_3027_p2  |     +    |      0|  0|  14|           7|           7|
    |add_ln1503_4_fu_3033_p2  |     +    |      0|  0|  15|           7|           7|
    |add_ln1503_5_fu_3039_p2  |     +    |      0|  0|  14|           7|           7|
    |add_ln1503_fu_2814_p2    |     +    |      0|  0|  14|           7|           7|
    |add_ln68_1_fu_1407_p2    |     +    |      0|  0|  14|          60|          60|
    |add_ln68_2_fu_1413_p2    |     +    |      0|  0|  14|          60|          60|
    |add_ln68_3_fu_2505_p2    |     +    |      0|  0|  70|          63|          63|
    |add_ln68_4_fu_2533_p2    |     +    |      0|  0|  14|          60|          60|
    |add_ln68_5_fu_2539_p2    |     +    |      0|  0|  14|          60|          60|
    |add_ln68_6_fu_1373_p2    |     +    |      0|  0|  69|          62|          62|
    |add_ln68_7_fu_2499_p2    |     +    |      0|  0|  69|          62|          62|
    |add_ln68_fu_1379_p2      |     +    |      0|  0|  70|          63|          63|
    |add_ln700_10_fu_2758_p2  |     +    |      0|  0|  14|          47|          47|
    |add_ln700_11_fu_2635_p2  |     +    |      0|  0|  14|           4|           4|
    |add_ln700_12_fu_2965_p2  |     +    |      0|  0|  68|          61|          61|
    |add_ln700_13_fu_2991_p2  |     +    |      0|  0|  14|          47|          47|
    |add_ln700_14_fu_2629_p2  |     +    |      0|  0|  14|           4|           4|
    |add_ln700_15_fu_3067_p2  |     +    |      0|  0|  17|          10|          10|
    |add_ln700_16_fu_2971_p2  |     +    |      0|  0|  14|          47|          47|
    |add_ln700_17_fu_2746_p2  |     +    |      0|  0|  67|          60|          60|
    |add_ln700_18_fu_2959_p2  |     +    |      0|  0|  67|          60|          60|
    |add_ln700_7_fu_1503_p2   |     +    |      0|  0|  14|           4|           4|
    |add_ln700_8_fu_2752_p2   |     +    |      0|  0|  68|          61|          61|
    |add_ln700_9_fu_2778_p2   |     +    |      0|  0|  14|          47|          47|
    |add_ln700_fu_1509_p2     |     +    |      0|  0|  14|           4|           4|
    |sub_ln68_1_fu_3057_p2    |     -    |      0|  0|  16|           7|           9|
    |sub_ln68_fu_2844_p2      |     -    |      0|  0|  16|           7|           9|
    |sub_ln701_1_fu_1911_p2   |     -    |      0|  0|  71|          64|          64|
    |sub_ln701_fu_785_p2      |     -    |      0|  0|  71|          64|          64|
    |icmp_ln816_fu_3101_p2    |   icmp   |      0|  0|  13|          16|          16|
    |icmp_ln879_3_fu_3128_p2  |   icmp   |      0|  0|   8|           2|           2|
    |icmp_ln879_fu_3073_p2    |   icmp   |      0|  0|   9|           2|           3|
    |or_ln643_fu_374_p2       |    or    |      0|  0|  12|          12|          11|
    |dmem_V_2_d1              |  select  |      0|  0|  64|           1|          64|
    |xor_ln1357_1_fu_1515_p2  |    xor   |      0|  0|  64|          64|          64|
    |xor_ln1357_fu_389_p2     |    xor   |      0|  0|  64|          64|          64|
    +-------------------------+----------+-------+---+----+------------+------------+
    |Total                    |          |      0|  0|1227|        1291|        1358|
    +-------------------------+----------+-------+---+----+------------+------------+

    * Multiplexer: 
    +-------------------+----+-----------+-----+-----------+
    |        Name       | LUT| Input Size| Bits| Total Bits|
    +-------------------+----+-----------+-----+-----------+
    |ap_NS_fsm          |  38|          7|    1|          7|
    |dmem_V_2_address0  |  21|          4|   12|         48|
    |dmem_V_2_address1  |  15|          3|   12|         36|
    +-------------------+----+-----------+-----+-----------+
    |Total              |  74|         14|   25|         91|
    +-------------------+----+-----------+-----+-----------+

    * Register: 
    +--------------------------+----+----+-----+-----------+
    |           Name           | FF | LUT| Bits| Const Bits|
    +--------------------------+----+----+-----+-----------+
    |add_ln700_11_reg_3301     |   4|   0|    4|          0|
    |add_ln700_15_reg_3311     |   9|   0|   10|          1|
    |add_ln700_reg_3236        |   4|   0|    4|          0|
    |ap_CS_fsm                 |   6|   0|    6|          0|
    |dmem_V_1_addr_3_reg_3316  |   1|   0|   12|         11|
    |dmem_V_1_addr_reg_3144    |  11|   0|   12|          1|
    |dmem_V_1_load_reg_3170    |  64|   0|   64|          0|
    |icmp_ln879_3_reg_3321     |   1|   0|    1|          0|
    |o_offset_V_reg_3139       |   6|   0|    6|          0|
    |tmp_141_reg_3241          |   4|   0|    4|          0|
    |tmp_142_reg_3247          |   4|   0|    4|          0|
    |tmp_143_reg_3254          |   4|   0|    4|          0|
    |tmp_144_reg_3262          |   4|   0|    4|          0|
    |tmp_145_reg_3270          |   4|   0|    4|          0|
    |tmp_146_reg_3278          |   4|   0|    4|          0|
    |tmp_147_reg_3286          |   4|   0|    4|          0|
    |tmp_69_reg_3176           |   4|   0|    4|          0|
    |tmp_70_reg_3182           |   4|   0|    4|          0|
    |tmp_71_reg_3189           |   4|   0|    4|          0|
    |tmp_72_reg_3197           |   4|   0|    4|          0|
    |tmp_73_reg_3205           |   4|   0|    4|          0|
    |tmp_74_reg_3213           |   4|   0|    4|          0|
    |tmp_75_reg_3221           |   4|   0|    4|          0|
    |trunc_ln68_1_reg_3295     |   4|   0|    4|          0|
    |trunc_ln68_reg_3230       |   4|   0|    4|          0|
    +--------------------------+----+----+-----+-----------+
    |Total                     | 170|   0|  183|         13|
    +--------------------------+----+----+-----+-----------+



================================================================
== Interface
================================================================
* Summary: 
+---------------------+-----+-----+------------+--------------+--------------+
|      RTL Ports      | Dir | Bits|  Protocol  | Source Object|    C Type    |
+---------------------+-----+-----+------------+--------------+--------------+
|ap_clk               |  in |    1| ap_ctrl_hs |   bin_dense  | return value |
|ap_rst               |  in |    1| ap_ctrl_hs |   bin_dense  | return value |
|ap_start             |  in |    1| ap_ctrl_hs |   bin_dense  | return value |
|ap_done              | out |    1| ap_ctrl_hs |   bin_dense  | return value |
|ap_idle              | out |    1| ap_ctrl_hs |   bin_dense  | return value |
|ap_ready             | out |    1| ap_ctrl_hs |   bin_dense  | return value |
|wt_mem_V_2_address0  | out |   13|  ap_memory |  wt_mem_V_2  |     array    |
|wt_mem_V_2_ce0       | out |    1|  ap_memory |  wt_mem_V_2  |     array    |
|wt_mem_V_2_q0        |  in |   64|  ap_memory |  wt_mem_V_2  |     array    |
|wt_mem_V_2_address1  | out |   13|  ap_memory |  wt_mem_V_2  |     array    |
|wt_mem_V_2_ce1       | out |    1|  ap_memory |  wt_mem_V_2  |     array    |
|wt_mem_V_2_q1        |  in |   64|  ap_memory |  wt_mem_V_2  |     array    |
|kh_mem_V_2_address0  | out |    6|  ap_memory |  kh_mem_V_2  |     array    |
|kh_mem_V_2_ce0       | out |    1|  ap_memory |  kh_mem_V_2  |     array    |
|kh_mem_V_2_q0        |  in |   64|  ap_memory |  kh_mem_V_2  |     array    |
|dmem_V_2_address0    | out |   12|  ap_memory |   dmem_V_2   |     array    |
|dmem_V_2_ce0         | out |    1|  ap_memory |   dmem_V_2   |     array    |
|dmem_V_2_we0         | out |    1|  ap_memory |   dmem_V_2   |     array    |
|dmem_V_2_d0          | out |   64|  ap_memory |   dmem_V_2   |     array    |
|dmem_V_2_q0          |  in |   64|  ap_memory |   dmem_V_2   |     array    |
|dmem_V_2_address1    | out |   12|  ap_memory |   dmem_V_2   |     array    |
|dmem_V_2_ce1         | out |    1|  ap_memory |   dmem_V_2   |     array    |
|dmem_V_2_we1         | out |    1|  ap_memory |   dmem_V_2   |     array    |
|dmem_V_2_d1          | out |   64|  ap_memory |   dmem_V_2   |     array    |
|dmem_V_2_q1          |  in |   64|  ap_memory |   dmem_V_2   |     array    |
|layer_type_V         |  in |    2|   ap_none  | layer_type_V |    scalar    |
|d_i_idx_V            |  in |    1|   ap_none  |   d_i_idx_V  |    scalar    |
|d_o_idx_V            |  in |    1|   ap_none  |   d_o_idx_V  |    scalar    |
|o_index_V_2          |  in |   16|   ap_none  |  o_index_V_2 |    scalar    |
+---------------------+-----+-----+------------+--------------+--------------+

