

================================================================
== Vivado HLS Report for 'bin_conv'
================================================================
* Date:           Wed Mar 24 20:06:25 2021

* Version:        2019.1 (Build 2552052 on Fri May 24 15:28:33 MDT 2019)
* Project:        BNN_6
* Solution:       solution1
* Product family: kintex7
* Target device:  xc7k70t-fbv676-1


================================================================
== Performance Estimates
================================================================
+ Timing (ns): 
    * Summary: 
    +--------+-------+----------+------------+
    |  Clock | Target| Estimated| Uncertainty|
    +--------+-------+----------+------------+
    |ap_clk  |  10.00|     6.858|        1.25|
    +--------+-------+----------+------------+

+ Latency (clock cycles): 
    * Summary: 
    +-----+-----+-----+-----+---------+
    |  Latency  |  Interval | Pipeline|
    | min | max | min | max |   Type  |
    +-----+-----+-----+-----+---------+
    |    ?|    ?|    ?|    ?|   none  |
    +-----+-----+-----+-----+---------+

    + Detail: 
        * Instance: 
        +--------------------------+--------------+------+------+------+------+---------+
        |                          |              |   Latency   |   Interval  | Pipeline|
        |         Instance         |    Module    |  min |  max |  min |  max |   Type  |
        +--------------------------+--------------+------+------+------+------+---------+
        |grp_process_word_fu_2716  |process_word  |  2140|  2140|  2140|  2140|   none  |
        +--------------------------+--------------+------+------+------+------+---------+

        * Loop: 
        +------------------------------------+--------+--------+-----------------+-----------+-----------+---------+----------+
        |                                    |     Latency     |    Iteration    |  Initiation Interval  |   Trip  |          |
        |              Loop Name             |   min  |   max  |     Latency     |  achieved |   target  |  Count  | Pipelined|
        +------------------------------------+--------+--------+-----------------+-----------+-----------+---------+----------+
        |- Loop 1                            |    1024|    1024|               32|          -|          -|       32|    no    |
        |- LOOP_PHASES                       |       ?|       ?| 152770 ~ 339202 |          -|          -|        ?|    no    |
        | + LOOP_WORDS_IN_PHASE              |  152768|  339200|   4774 ~ 5300   |          -|          -| 32 ~ 64 |    no    |
        |  ++ LOOP_WT_WORDS                  |       4|       4|                2|          -|          -|        2|    no    |
        |  ++ LOOP_LOAD_WTS                  |      34|      34|               17|          -|          -|        2|    no    |
        |   +++ LOOP_LOAD_WTS.1              |      15|      15|                5|          -|          -|        3|    no    |
        |    ++++ LOOP_LOAD_WTS.1.1          |       3|       3|                1|          -|          -|        3|    no    |
        |  ++ LOOP_CONVOLVER_LOAD            |     166|     166|               83|          -|          -|        2|    no    |
        |   +++ LOOP_CONVOLVER_LOAD.1        |      80|      80|               10|          -|          -|        8|    no    |
        |    ++++ LOOP_CONVOLVER_LOAD.1.1    |       8|       8|                1|          -|          -|        8|    no    |
        |  ++ LOOP_CONVOLVERS                |    4284|    4284|             2142|          -|          -|        2|    no    |
        |  ++ LOOP_WORDS_IN_PHASE.5          |     356|     356|              178|          -|          -|        2|    no    |
        |   +++ LOOP_WORDS_IN_PHASE.5.1      |     176|     176|               22|          -|          -|        8|    no    |
        |    ++++ LOOP_WORDS_IN_PHASE.5.1.1  |      20|      20|                2|          -|          -|       10|    no    |
        |  ++ LOOP_WORDS_IN_PHASE.6          |     128|     448|      2 ~ 7      |          -|          -|       64|    no    |
        |   +++ LOOP_WORDS_IN_PHASE.6.1      |       4|       4|                2|          -|          -|        2|    no    |
        |- LOOP_ACC_PHASES                   |       ?|       ?|                ?|          -|          -|        ?|    no    |
        | + LOOP_ACC_PHASES_I                |       ?|       ?|              130|          -|          -|        ?|    no    |
        |  ++ LOOP_ACC_PHASES_I.1            |     128|     128|                2|          -|          -|       64|    no    |
        |- LOOP_BATCH_NORM                   |       0|    5611|    132 ~ 181    |          -|          -|  0 ~ 31 |    no    |
        | + LOOP_BATCH_NORM.1                |     128|     128|                2|          -|          -|       64|    no    |
        | + LOOP_BATCH_NORM.2                |      32|      32|                1|          -|          -|       32|    no    |
        | + LOOP_BATCH_NORM.3                |      16|      16|                1|          -|          -|       16|    no    |
        +------------------------------------+--------+--------+-----------------+-----------+-----------+---------+----------+



================================================================
== Utilization Estimates
================================================================
* Summary: 
+-----------------+---------+-------+-------+-------+-----+
|       Name      | BRAM_18K| DSP48E|   FF  |  LUT  | URAM|
+-----------------+---------+-------+-------+-------+-----+
|DSP              |        -|      2|      -|      -|    -|
|Expression       |        -|      -|      0|   3492|    -|
|FIFO             |        -|      -|      -|      -|    -|
|Instance         |        -|      -|    424|   1878|    -|
|Memory           |        7|      -|     16|     16|    0|
|Multiplexer      |        -|      -|      -|   2620|    -|
|Register         |        -|      -|   1519|      -|    -|
+-----------------+---------+-------+-------+-------+-----+
|Total            |        7|      2|   1959|   8006|    0|
+-----------------+---------+-------+-------+-------+-----+
|Available        |      270|    240|  82000|  41000|    0|
+-----------------+---------+-------+-------+-------+-----+
|Utilization (%)  |        2|   ~0  |      2|     19|    0|
+-----------------+---------+-------+-------+-------+-----+

+ Detail: 
    * Instance: 
    +--------------------------+--------------+---------+-------+-----+------+-----+
    |         Instance         |    Module    | BRAM_18K| DSP48E|  FF |  LUT | URAM|
    +--------------------------+--------------+---------+-------+-----+------+-----+
    |grp_process_word_fu_2716  |process_word  |        0|      0|  424|  1878|    0|
    +--------------------------+--------------+---------+-------+-----+------+-----+
    |Total                     |              |        0|      0|  424|  1878|    0|
    +--------------------------+--------------+---------+-------+-----+------+-----+

    * DSP48E: 
    +--------------------------+----------------------+--------------+
    |         Instance         |        Module        |  Expression  |
    +--------------------------+----------------------+--------------+
    |top_mac_muladd_10jbC_U27  |top_mac_muladd_10jbC  | i0 * i1 + i2 |
    |top_mul_mul_15ns_kbM_U28  |top_mul_mul_15ns_kbM  |    i0 * i1   |
    +--------------------------+----------------------+--------------+

    * Memory: 
    +---------------------+----------------------+---------+----+----+-----+------+-----+------+-------------+
    |        Memory       |        Module        | BRAM_18K| FF | LUT| URAM| Words| Bits| Banks| W*Bits*Banks|
    +---------------------+----------------------+---------+----+----+-----+------+-----+------+-------------+
    |conv_out_buffer_V_U  |bin_conv_conv_outibs  |        0|  10|  10|    0|   128|    5|     1|          640|
    |conv_params_V_U      |bin_conv_conv_pardEe  |        0|   2|   1|    0|    18|    1|     1|           18|
    |fixed_buffer_V_U     |bin_conv_fixed_bueOg  |        2|   0|   0|    0|  2048|   12|     1|        24576|
    |fixed_temp_V_U       |bin_conv_fixed_tefYi  |        1|   0|   0|    0|    64|   12|     1|          768|
    |lb_U                 |bin_conv_lb           |        1|   0|   0|    0|     8|    1|     1|            8|
    |rb_U                 |bin_conv_lb           |        1|   0|   0|    0|     8|    1|     1|            8|
    |line_buffer_U        |bin_conv_line_bufcud  |        1|   0|   0|    0|   480|    2|     1|          960|
    |old_word_buffer_V_U  |bin_conv_old_wordhbi  |        0|   4|   5|    0|   160|    2|     1|          320|
    |word_buffer_V_U      |bin_conv_word_bufg8j  |        1|   0|   0|    0|   160|    2|     1|          320|
    +---------------------+----------------------+---------+----+----+-----+------+-----+------+-------------+
    |Total                |                      |        7|  16|  16|    0|  3074|   38|     9|        27618|
    +---------------------+----------------------+---------+----+----+-----+------+-----+------+-------------+

    * FIFO: 
    N/A

    * Expression: 
    +---------------------------------+----------+-------+---+-----+------------+------------+
    |          Variable Name          | Operation| DSP48E| FF| LUT | Bitwidth P0| Bitwidth P1|
    +---------------------------------+----------+-------+---+-----+------------+------------+
    |add_ln1353_2_fu_3010_p2          |     +    |      0|  0|   13|           1|           4|
    |add_ln1353_3_fu_3064_p2          |     +    |      0|  0|   13|           1|           4|
    |add_ln1353_fu_2936_p2            |     +    |      0|  0|   12|           1|           3|
    |add_ln1599_fu_3142_p2            |     +    |      0|  0|   15|           6|           7|
    |add_ln180_25_fu_4302_p2          |     +    |      0|  0|   15|           6|           6|
    |add_ln180_26_fu_6270_p2          |     +    |      0|  0|   21|          14|          14|
    |add_ln180_27_fu_4404_p2          |     +    |      0|  0|   15|           6|           6|
    |add_ln180_28_fu_4429_p2          |     +    |      0|  0|   16|           9|           9|
    |add_ln180_29_fu_4440_p2          |     +    |      0|  0|   16|           4|           9|
    |add_ln180_30_fu_4479_p2          |     +    |      0|  0|   16|           9|           9|
    |add_ln180_31_fu_4678_p2          |     +    |      0|  0|   15|           6|           6|
    |add_ln180_32_fu_4703_p2          |     +    |      0|  0|   16|           9|           9|
    |add_ln180_33_fu_4725_p2          |     +    |      0|  0|   16|           9|           9|
    |add_ln180_fu_4247_p2             |     +    |      0|  0|   15|           6|           6|
    |add_ln209_3_fu_4567_p2           |     +    |      0|  0|   15|           4|           6|
    |add_ln209_fu_4493_p2             |     +    |      0|  0|   15|           6|           6|
    |add_ln214_fu_4520_p2             |     +    |      0|  0|   15|           2|           6|
    |add_ln316_1_fu_4366_p2           |     +    |      0|  0|   21|          14|          14|
    |add_ln316_fu_4349_p2             |     +    |      0|  0|   12|           3|           3|
    |add_ln391_fu_4901_p2             |     +    |      0|  0|   12|           2|           3|
    |add_ln700_10_fu_4110_p2          |     +    |      0|  0|   12|           3|           1|
    |add_ln700_13_fu_5891_p2          |     +    |      0|  0|   19|          12|          12|
    |add_ln700_29_fu_5876_p2          |     +    |      0|  0|   20|          13|          13|
    |add_ln700_33_fu_4839_p2          |     +    |      0|  0|   19|          12|          12|
    |add_ln700_45_fu_4755_p2          |     +    |      0|  0|   20|          13|          13|
    |add_ln700_48_fu_4815_p2          |     +    |      0|  0|   16|           9|           9|
    |add_ln700_fu_4115_p2             |     +    |      0|  0|   23|          16|           1|
    |add_ln808_1_fu_4085_p2           |     +    |      0|  0|   20|          12|          13|
    |add_ln808_fu_4091_p2             |     +    |      0|  0|   21|          14|          14|
    |add_ln887_1_fu_4648_p2           |     +    |      0|  0|   15|           2|           7|
    |add_ln891_fu_5958_p2             |     +    |      0|  0|   19|          12|          12|
    |b_V_fu_5861_p2                   |     +    |      0|  0|   15|           7|           1|
    |bank_V_2_fu_4394_p2              |     +    |      0|  0|   13|           4|           1|
    |bank_V_fu_4668_p2                |     +    |      0|  0|   13|           4|           1|
    |bvh_d_index_5_fu_4316_p2         |     +    |      0|  0|   15|           5|           5|
    |cc_V_7_fu_4715_p2                |     +    |      0|  0|   13|           4|           1|
    |count_V_fu_4040_p2               |     +    |      0|  0|   15|           7|           1|
    |d0_V_fu_6148_p2                  |     +    |      0|  0|   15|           6|           6|
    |i0_V_1_fu_6137_p2                |     +    |      0|  0|   15|           5|           5|
    |i1_V_fu_6143_p2                  |     +    |      0|  0|   15|           5|           5|
    |i_V_5_fu_5948_p2                 |     +    |      0|  0|   15|           7|           1|
    |i_V_6_fu_5886_p2                 |     +    |      0|  0|   15|           6|           6|
    |i_V_7_fu_6012_p2                 |     +    |      0|  0|   15|           6|           1|
    |i_V_8_fu_6093_p2                 |     +    |      0|  0|   15|           5|           1|
    |i_V_9_fu_4741_p2                 |     +    |      0|  0|   15|           7|           1|
    |i_V_fu_3088_p2                   |     +    |      0|  0|   15|           6|           1|
    |kc_V_fu_4292_p2                  |     +    |      0|  0|   10|           2|           1|
    |kr_V_fu_4237_p2                  |     +    |      0|  0|   10|           2|           1|
    |log_width_V_fu_2763_p2           |     +    |      0|  0|   12|           3|           2|
    |m_V_4_fu_4178_p2                 |     +    |      0|  0|   10|           2|           1|
    |m_V_5_fu_4339_p2                 |     +    |      0|  0|   10|           2|           1|
    |m_V_6_fu_4614_p2                 |     +    |      0|  0|   10|           2|           1|
    |m_V_7_fu_4626_p2                 |     +    |      0|  0|   10|           2|           1|
    |m_V_8_fu_4797_p2                 |     +    |      0|  0|   10|           2|           1|
    |m_V_fu_4079_p2                   |     +    |      0|  0|   10|           2|           1|
    |o_bank_offset_V_fu_5913_p2       |     +    |      0|  0|   23|          16|          16|
    |p_V_fu_4064_p2                   |     +    |      0|  0|   17|          10|          10|
    |ret_V_32_fu_4469_p2              |     +    |      0|  0|   13|           4|           1|
    |ret_V_fu_5838_p2                 |     +    |      0|  0|   15|           6|           6|
    |s_V_fu_4829_p2                   |     +    |      0|  0|   15|           6|           6|
    |w_V_1_fu_5903_p2                 |     +    |      0|  0|   15|           5|           1|
    |w_V_fu_4851_p2                   |     +    |      0|  0|   15|           5|           1|
    |wrd_V_fu_4765_p2                 |     +    |      0|  0|   15|           8|           1|
    |wrd_phase_V_fu_4771_p2           |     +    |      0|  0|   15|           8|           1|
    |grp_fu_2733_p2                   |     -    |      0|  0|   13|           4|           3|
    |sub_ln180_2_fu_4258_p2           |     -    |      0|  0|   15|           6|           6|
    |sub_ln180_fu_4200_p2             |     -    |      0|  0|   15|           5|           5|
    |sub_ln555_fu_4280_p2             |     -    |      0|  0|   15|           5|           5|
    |and_ln209_fu_6131_p2             |    and   |      0|  0|    6|           5|           5|
    |and_ln419_fu_6058_p2             |    and   |      0|  0|    6|           1|           1|
    |and_ln430_fu_6173_p2             |    and   |      0|  0|    6|           1|           1|
    |r_V_14_fu_4136_p2                |   ashr   |      0|  0|  182|          64|          64|
    |icmp_ln265_fu_4035_p2            |   icmp   |      0|  0|   11|           7|           7|
    |icmp_ln371_fu_4846_p2            |   icmp   |      0|  0|   11|           5|           5|
    |icmp_ln402_fu_5898_p2            |   icmp   |      0|  0|   11|           5|           5|
    |icmp_ln408_fu_5942_p2            |   icmp   |      0|  0|   11|           7|           8|
    |icmp_ln418_fu_6006_p2            |   icmp   |      0|  0|   11|           6|           7|
    |icmp_ln816_fu_5982_p2            |   icmp   |      0|  0|   13|          16|          16|
    |icmp_ln879_14_fu_2895_p2         |   icmp   |      0|  0|    9|           4|           4|
    |icmp_ln879_15_fu_2920_p2         |   icmp   |      0|  0|    9|           4|           4|
    |icmp_ln879_16_fu_2926_p2         |   icmp   |      0|  0|    8|           2|           1|
    |icmp_ln879_17_fu_2946_p2         |   icmp   |      0|  0|    9|           4|           4|
    |icmp_ln879_18_fu_2968_p2         |   icmp   |      0|  0|    9|           3|           1|
    |icmp_ln879_19_fu_2984_p2         |   icmp   |      0|  0|    9|           4|           4|
    |icmp_ln879_20_fu_3004_p2         |   icmp   |      0|  0|    9|           3|           1|
    |icmp_ln879_21_fu_3016_p2         |   icmp   |      0|  0|    9|           4|           4|
    |icmp_ln879_22_fu_3032_p2         |   icmp   |      0|  0|    8|           2|           1|
    |icmp_ln879_23_fu_4046_p2         |   icmp   |      0|  0|   11|           8|           1|
    |icmp_ln879_24_fu_4923_p2         |   icmp   |      0|  0|    8|           2|           1|
    |icmp_ln879_25_fu_4928_p2         |   icmp   |      0|  0|    9|           2|           3|
    |icmp_ln879_26_fu_4105_p2         |   icmp   |      0|  0|    9|           3|           3|
    |icmp_ln879_27_fu_4514_p2         |   icmp   |      0|  0|    9|           4|           1|
    |icmp_ln879_28_fu_4561_p2         |   icmp   |      0|  0|    9|           4|           3|
    |icmp_ln879_29_fu_3048_p2         |   icmp   |      0|  0|    9|           4|           4|
    |icmp_ln879_30_fu_3058_p2         |   icmp   |      0|  0|    9|           3|           1|
    |icmp_ln879_31_fu_3070_p2         |   icmp   |      0|  0|    9|           4|           4|
    |icmp_ln879_fu_2873_p2            |   icmp   |      0|  0|    9|           4|           1|
    |icmp_ln883_1_fu_4222_p2          |   icmp   |      0|  0|   11|           8|           8|
    |icmp_ln883_fu_4933_p2            |   icmp   |      0|  0|    8|           2|           1|
    |icmp_ln887_19_fu_4020_p2         |   icmp   |      0|  0|   13|          15|          15|
    |icmp_ln887_20_fu_4073_p2         |   icmp   |      0|  0|    9|           2|           3|
    |icmp_ln887_21_fu_5855_p2         |   icmp   |      0|  0|   11|           7|           8|
    |icmp_ln887_22_fu_4172_p2         |   icmp   |      0|  0|    9|           2|           3|
    |icmp_ln887_23_fu_4231_p2         |   icmp   |      0|  0|    8|           2|           2|
    |icmp_ln887_24_fu_6087_p2         |   icmp   |      0|  0|   11|           5|           6|
    |icmp_ln887_25_fu_4333_p2         |   icmp   |      0|  0|    9|           2|           3|
    |icmp_ln887_26_fu_4286_p2         |   icmp   |      0|  0|    8|           2|           2|
    |icmp_ln887_27_fu_4388_p2         |   icmp   |      0|  0|   11|           4|           5|
    |icmp_ln887_28_fu_4608_p2         |   icmp   |      0|  0|    9|           2|           3|
    |icmp_ln887_29_fu_4463_p2         |   icmp   |      0|  0|   11|           4|           5|
    |icmp_ln887_30_fu_4620_p2         |   icmp   |      0|  0|    9|           2|           3|
    |icmp_ln887_31_fu_4735_p2         |   icmp   |      0|  0|   11|           7|           8|
    |icmp_ln887_32_fu_4662_p2         |   icmp   |      0|  0|   11|           4|           5|
    |icmp_ln887_33_fu_4709_p2         |   icmp   |      0|  0|    9|           4|           4|
    |icmp_ln887_34_fu_4791_p2         |   icmp   |      0|  0|    9|           2|           3|
    |icmp_ln887_fu_3082_p2            |   icmp   |      0|  0|   11|           6|           7|
    |images_per_phase_fu_2817_p2      |   lshr   |      0|  0|   29|          13|          12|
    |lshr_ln647_fu_6121_p2            |   lshr   |      0|  0|   13|           2|           6|
    |lshr_ln808_fu_6103_p2            |   lshr   |      0|  0|   11|           4|           4|
    |r_V_13_fu_2855_p2                |   lshr   |      0|  0|   11|           2|           4|
    |bvh_d_index_3_fu_6040_p2         |    or    |      0|  0|    6|           6|           1|
    |or_ln1353_1_fu_2974_p2           |    or    |      0|  0|    6|           1|           3|
    |or_ln1353_2_fu_3038_p2           |    or    |      0|  0|    6|           3|           1|
    |or_ln1353_fu_2910_p2             |    or    |      0|  0|    6|           2|           1|
    |or_ln180_100_fu_5462_p2          |    or    |      0|  0|   11|          11|           6|
    |or_ln180_101_fu_5476_p2          |    or    |      0|  0|   11|          11|           6|
    |or_ln180_102_fu_5490_p2          |    or    |      0|  0|   11|          11|           6|
    |or_ln180_103_fu_5504_p2          |    or    |      0|  0|   11|          11|           6|
    |or_ln180_104_fu_5518_p2          |    or    |      0|  0|   11|          11|           6|
    |or_ln180_105_fu_5532_p2          |    or    |      0|  0|   11|          11|           6|
    |or_ln180_106_fu_5546_p2          |    or    |      0|  0|   11|          11|           6|
    |or_ln180_107_fu_5560_p2          |    or    |      0|  0|   11|          11|           6|
    |or_ln180_108_fu_5574_p2          |    or    |      0|  0|   11|          11|           6|
    |or_ln180_109_fu_5588_p2          |    or    |      0|  0|   11|          11|           6|
    |or_ln180_10_fu_3274_p2           |    or    |      0|  0|   12|          12|           4|
    |or_ln180_110_fu_5602_p2          |    or    |      0|  0|   11|          11|           6|
    |or_ln180_111_fu_5616_p2          |    or    |      0|  0|   11|          11|           6|
    |or_ln180_112_fu_5630_p2          |    or    |      0|  0|   11|          11|           6|
    |or_ln180_113_fu_5644_p2          |    or    |      0|  0|   11|          11|           6|
    |or_ln180_114_fu_5658_p2          |    or    |      0|  0|   11|          11|           6|
    |or_ln180_115_fu_5672_p2          |    or    |      0|  0|   11|          11|           6|
    |or_ln180_116_fu_5686_p2          |    or    |      0|  0|   11|          11|           6|
    |or_ln180_117_fu_5700_p2          |    or    |      0|  0|   11|          11|           6|
    |or_ln180_118_fu_5714_p2          |    or    |      0|  0|   11|          11|           6|
    |or_ln180_119_fu_5728_p2          |    or    |      0|  0|   11|          11|           6|
    |or_ln180_11_fu_3288_p2           |    or    |      0|  0|   12|          12|           4|
    |or_ln180_120_fu_5742_p2          |    or    |      0|  0|   11|          11|           6|
    |or_ln180_121_fu_5756_p2          |    or    |      0|  0|   11|          11|           6|
    |or_ln180_122_fu_5770_p2          |    or    |      0|  0|   11|          11|           6|
    |or_ln180_123_fu_5784_p2          |    or    |      0|  0|   11|          11|           6|
    |or_ln180_124_fu_5798_p2          |    or    |      0|  0|   11|          11|           6|
    |or_ln180_125_fu_5812_p2          |    or    |      0|  0|   11|          11|           6|
    |or_ln180_12_fu_3302_p2           |    or    |      0|  0|   12|          12|           4|
    |or_ln180_13_fu_3316_p2           |    or    |      0|  0|   12|          12|           4|
    |or_ln180_14_fu_3330_p2           |    or    |      0|  0|   12|          12|           4|
    |or_ln180_15_fu_3344_p2           |    or    |      0|  0|   12|          12|           5|
    |or_ln180_16_fu_3358_p2           |    or    |      0|  0|   12|          12|           5|
    |or_ln180_17_fu_3372_p2           |    or    |      0|  0|   12|          12|           5|
    |or_ln180_18_fu_3386_p2           |    or    |      0|  0|   12|          12|           5|
    |or_ln180_19_fu_3400_p2           |    or    |      0|  0|   12|          12|           5|
    |or_ln180_1_fu_3148_p2            |    or    |      0|  0|   12|          12|           2|
    |or_ln180_20_fu_3414_p2           |    or    |      0|  0|   12|          12|           5|
    |or_ln180_21_fu_3428_p2           |    or    |      0|  0|   12|          12|           5|
    |or_ln180_22_fu_3442_p2           |    or    |      0|  0|   12|          12|           5|
    |or_ln180_23_fu_3456_p2           |    or    |      0|  0|   12|          12|           5|
    |or_ln180_24_fu_3470_p2           |    or    |      0|  0|   12|          12|           5|
    |or_ln180_25_fu_3484_p2           |    or    |      0|  0|   12|          12|           5|
    |or_ln180_26_fu_3498_p2           |    or    |      0|  0|   12|          12|           5|
    |or_ln180_27_fu_3512_p2           |    or    |      0|  0|   12|          12|           5|
    |or_ln180_28_fu_3526_p2           |    or    |      0|  0|   12|          12|           5|
    |or_ln180_29_fu_3540_p2           |    or    |      0|  0|   12|          12|           5|
    |or_ln180_2_fu_3162_p2            |    or    |      0|  0|   12|          12|           2|
    |or_ln180_30_fu_3554_p2           |    or    |      0|  0|   12|          12|           5|
    |or_ln180_31_fu_3568_p2           |    or    |      0|  0|   12|          12|           6|
    |or_ln180_32_fu_3582_p2           |    or    |      0|  0|   12|          12|           6|
    |or_ln180_33_fu_3596_p2           |    or    |      0|  0|   12|          12|           6|
    |or_ln180_34_fu_3610_p2           |    or    |      0|  0|   12|          12|           6|
    |or_ln180_35_fu_3624_p2           |    or    |      0|  0|   12|          12|           6|
    |or_ln180_36_fu_3638_p2           |    or    |      0|  0|   12|          12|           6|
    |or_ln180_37_fu_3652_p2           |    or    |      0|  0|   12|          12|           6|
    |or_ln180_38_fu_3666_p2           |    or    |      0|  0|   12|          12|           6|
    |or_ln180_39_fu_3680_p2           |    or    |      0|  0|   12|          12|           6|
    |or_ln180_3_fu_3176_p2            |    or    |      0|  0|   12|          12|           3|
    |or_ln180_40_fu_3694_p2           |    or    |      0|  0|   12|          12|           6|
    |or_ln180_41_fu_3708_p2           |    or    |      0|  0|   12|          12|           6|
    |or_ln180_42_fu_3722_p2           |    or    |      0|  0|   12|          12|           6|
    |or_ln180_43_fu_3736_p2           |    or    |      0|  0|   12|          12|           6|
    |or_ln180_44_fu_3750_p2           |    or    |      0|  0|   12|          12|           6|
    |or_ln180_45_fu_3764_p2           |    or    |      0|  0|   12|          12|           6|
    |or_ln180_46_fu_3778_p2           |    or    |      0|  0|   12|          12|           6|
    |or_ln180_47_fu_3792_p2           |    or    |      0|  0|   12|          12|           6|
    |or_ln180_48_fu_3806_p2           |    or    |      0|  0|   12|          12|           6|
    |or_ln180_49_fu_3820_p2           |    or    |      0|  0|   12|          12|           6|
    |or_ln180_4_fu_3190_p2            |    or    |      0|  0|   12|          12|           3|
    |or_ln180_50_fu_3834_p2           |    or    |      0|  0|   12|          12|           6|
    |or_ln180_51_fu_3848_p2           |    or    |      0|  0|   12|          12|           6|
    |or_ln180_52_fu_3862_p2           |    or    |      0|  0|   12|          12|           6|
    |or_ln180_53_fu_3876_p2           |    or    |      0|  0|   12|          12|           6|
    |or_ln180_54_fu_3890_p2           |    or    |      0|  0|   12|          12|           6|
    |or_ln180_55_fu_3904_p2           |    or    |      0|  0|   12|          12|           6|
    |or_ln180_56_fu_3918_p2           |    or    |      0|  0|   12|          12|           6|
    |or_ln180_57_fu_3932_p2           |    or    |      0|  0|   12|          12|           6|
    |or_ln180_58_fu_3946_p2           |    or    |      0|  0|   12|          12|           6|
    |or_ln180_59_fu_3960_p2           |    or    |      0|  0|   12|          12|           6|
    |or_ln180_5_fu_3204_p2            |    or    |      0|  0|   12|          12|           3|
    |or_ln180_60_fu_3974_p2           |    or    |      0|  0|   12|          12|           6|
    |or_ln180_61_fu_3988_p2           |    or    |      0|  0|   12|          12|           6|
    |or_ln180_62_fu_4002_p2           |    or    |      0|  0|   12|          12|           6|
    |or_ln180_63_fu_4870_p2           |    or    |      0|  0|   11|          11|           1|
    |or_ln180_64_fu_4958_p2           |    or    |      0|  0|   11|          11|           2|
    |or_ln180_65_fu_4972_p2           |    or    |      0|  0|   11|          11|           2|
    |or_ln180_66_fu_4986_p2           |    or    |      0|  0|   11|          11|           3|
    |or_ln180_67_fu_5000_p2           |    or    |      0|  0|   11|          11|           3|
    |or_ln180_68_fu_5014_p2           |    or    |      0|  0|   11|          11|           3|
    |or_ln180_69_fu_5028_p2           |    or    |      0|  0|   11|          11|           3|
    |or_ln180_6_fu_3218_p2            |    or    |      0|  0|   12|          12|           3|
    |or_ln180_70_fu_5042_p2           |    or    |      0|  0|   11|          11|           4|
    |or_ln180_71_fu_5056_p2           |    or    |      0|  0|   11|          11|           4|
    |or_ln180_72_fu_5070_p2           |    or    |      0|  0|   11|          11|           4|
    |or_ln180_73_fu_5084_p2           |    or    |      0|  0|   11|          11|           4|
    |or_ln180_74_fu_5098_p2           |    or    |      0|  0|   11|          11|           4|
    |or_ln180_75_fu_5112_p2           |    or    |      0|  0|   11|          11|           4|
    |or_ln180_76_fu_5126_p2           |    or    |      0|  0|   11|          11|           4|
    |or_ln180_77_fu_5140_p2           |    or    |      0|  0|   11|          11|           4|
    |or_ln180_78_fu_5154_p2           |    or    |      0|  0|   11|          11|           5|
    |or_ln180_79_fu_5168_p2           |    or    |      0|  0|   11|          11|           5|
    |or_ln180_7_fu_3232_p2            |    or    |      0|  0|   12|          12|           4|
    |or_ln180_80_fu_5182_p2           |    or    |      0|  0|   11|          11|           5|
    |or_ln180_81_fu_5196_p2           |    or    |      0|  0|   11|          11|           5|
    |or_ln180_82_fu_5210_p2           |    or    |      0|  0|   11|          11|           5|
    |or_ln180_83_fu_5224_p2           |    or    |      0|  0|   11|          11|           5|
    |or_ln180_84_fu_5238_p2           |    or    |      0|  0|   11|          11|           5|
    |or_ln180_85_fu_5252_p2           |    or    |      0|  0|   11|          11|           5|
    |or_ln180_86_fu_5266_p2           |    or    |      0|  0|   11|          11|           5|
    |or_ln180_87_fu_5280_p2           |    or    |      0|  0|   11|          11|           5|
    |or_ln180_88_fu_5294_p2           |    or    |      0|  0|   11|          11|           5|
    |or_ln180_89_fu_5308_p2           |    or    |      0|  0|   11|          11|           5|
    |or_ln180_8_fu_3246_p2            |    or    |      0|  0|   12|          12|           4|
    |or_ln180_90_fu_5322_p2           |    or    |      0|  0|   11|          11|           5|
    |or_ln180_91_fu_5336_p2           |    or    |      0|  0|   11|          11|           5|
    |or_ln180_92_fu_5350_p2           |    or    |      0|  0|   11|          11|           5|
    |or_ln180_93_fu_5364_p2           |    or    |      0|  0|   11|          11|           5|
    |or_ln180_94_fu_5378_p2           |    or    |      0|  0|   11|          11|           6|
    |or_ln180_95_fu_5392_p2           |    or    |      0|  0|   11|          11|           6|
    |or_ln180_96_fu_5406_p2           |    or    |      0|  0|   11|          11|           6|
    |or_ln180_97_fu_5420_p2           |    or    |      0|  0|   11|          11|           6|
    |or_ln180_98_fu_5434_p2           |    or    |      0|  0|   11|          11|           6|
    |or_ln180_99_fu_5448_p2           |    or    |      0|  0|   11|          11|           6|
    |or_ln180_9_fu_3260_p2            |    or    |      0|  0|   12|          12|           4|
    |or_ln180_fu_3107_p2              |    or    |      0|  0|   12|          12|           1|
    |or_ln879_4_fu_4593_p2            |    or    |      0|  0|    6|           1|           1|
    |or_ln879_fu_4546_p2              |    or    |      0|  0|    6|           1|           1|
    |p_Val2_18_fu_4214_p3             |  select  |      0|  0|   64|           1|          64|
    |select_ln1353_fu_2887_p3         |  select  |      0|  0|    2|           1|           2|
    |select_ln50_fu_4505_p3           |  select  |      0|  0|    2|           1|           2|
    |select_ln879_11_fu_4552_p3       |  select  |      0|  0|    2|           1|           2|
    |select_ln879_14_fu_4585_p3       |  select  |      0|  0|    2|           1|           2|
    |select_ln879_fu_4538_p3          |  select  |      0|  0|    2|           1|           2|
    |select_ln883_fu_4777_p3          |  select  |      0|  0|    8|           1|           1|
    |word_buffer_V_d1                 |  select  |      0|  0|    2|           1|           2|
    |wrd_phase_V_1_fu_4784_p3         |  select  |      0|  0|    8|           1|           8|
    |wt_word_buffer_1_V_5_fu_4142_p3  |  select  |      0|  0|   64|           1|          64|
    |wt_word_buffer_1_V_6_fu_4149_p3  |  select  |      0|  0|   64|           1|          64|
    |pool_width_V_fu_4914_p2          |    shl   |      0|  0|   12|           1|           5|
    |r_V_fu_6112_p2                   |    shl   |      0|  0|   12|           5|           5|
    |shl_ln227_fu_2835_p2             |    shl   |      0|  0|   17|           1|           7|
    |words_per_image_V_fu_2781_p2     |    shl   |      0|  0|   12|           1|           5|
    |xor_ln879_4_fu_3076_p2           |    xor   |      0|  0|    6|           1|           2|
    |xor_ln879_5_fu_4532_p2           |    xor   |      0|  0|    6|           1|           2|
    |xor_ln879_6_fu_4579_p2           |    xor   |      0|  0|    6|           1|           2|
    |xor_ln879_fu_2880_p2             |    xor   |      0|  0|    6|           1|           2|
    +---------------------------------+----------+-------+---+-----+------------+------------+
    |Total                            |          |      0|  0| 3492|        2201|        1533|
    +---------------------------------+----------+-------+---+-----+------------+------------+

    * Multiplexer: 
    +----------------------------+-----+-----------+-----+-----------+
    |            Name            | LUT | Input Size| Bits| Total Bits|
    +----------------------------+-----+-----------+-----+-----------+
    |ap_NS_fsm                   |  597|        133|    1|        133|
    |conv_out_buffer_V_address0  |   15|          3|    7|         21|
    |conv_out_buffer_V_ce0       |   15|          3|    1|          3|
    |conv_out_buffer_V_we0       |    9|          2|    1|          2|
    |conv_params_V_address0      |   15|          3|    5|         15|
    |conv_params_V_ce0           |   15|          3|    1|          3|
    |dmem_V_6_address0           |   15|          3|   12|         36|
    |fixed_buffer_V_address0     |  437|         99|   11|       1089|
    |fixed_buffer_V_address1     |  437|         99|   11|       1089|
    |fixed_buffer_V_d0           |   15|          3|   12|         36|
    |fixed_buffer_V_d1           |   21|          4|   12|         48|
    |fixed_temp_V_address0       |  153|         34|    6|        204|
    |fixed_temp_V_address1       |  153|         34|    6|        204|
    |fixed_temp_V_d1             |   15|          3|   12|         36|
    |grp_fu_2733_p1              |   15|          3|    3|          9|
    |lb_address0                 |   33|          6|    3|         18|
    |lb_address1                 |   27|          5|    3|         15|
    |lb_ce0                      |   15|          3|    1|          3|
    |lb_d0                       |   27|          5|    1|          5|
    |lb_d1                       |   27|          5|    1|          5|
    |old_word_buffer_V_address0  |   15|          3|    8|         24|
    |old_word_buffer_V_ce0       |   15|          3|    1|          3|
    |old_word_buffer_V_ce1       |    9|          2|    1|          2|
    |outword_V                   |   15|          3|   64|        192|
    |p_01098_0_reg_2533          |    9|          2|    2|          4|
    |p_01165_0_reg_2578          |    9|          2|    7|         14|
    |p_01201_0_reg_2567          |    9|          2|    4|          8|
    |p_01211_0_reg_2556          |    9|          2|    4|          8|
    |p_01221_0_reg_2545          |    9|          2|    2|          4|
    |p_01302_0_reg_2601          |    9|          2|    2|          4|
    |p_01306_0_reg_2589          |    9|          2|    6|         12|
    |p_01333_0_reg_2624          |    9|          2|    6|         12|
    |p_01360_0_reg_2612          |    9|          2|    5|         10|
    |p_01484_0_reg_2634          |    9|          2|    7|         14|
    |p_01519_0_reg_2645          |    9|          2|    5|         10|
    |p_01610_0_reg_2656          |    9|          2|    7|         14|
    |p_01733_0_reg_2668          |    9|          2|    6|         12|
    |p_02114_2_reg_2690          |    9|          2|    1|          2|
    |p_02207_2_reg_2703          |   15|          3|   16|         48|
    |p_0427_0_reg_2374           |    9|          2|    6|         12|
    |p_0503_0_reg_2432           |    9|          2|    2|          4|
    |p_0526_0_reg_2421           |    9|          2|    7|         14|
    |p_0547_0_reg_2385           |    9|          2|   10|         20|
    |p_0566_0_reg_2476           |    9|          2|    2|          4|
    |p_0576_0_reg_2465           |    9|          2|    2|          4|
    |p_0715_0_reg_2487           |    9|          2|    2|          4|
    |p_0724_0_reg_2522           |    9|          2|    4|          8|
    |p_0734_0_reg_2510           |    9|          2|    4|          8|
    |p_0789_0_reg_2498           |    9|          2|    2|          4|
    |p_Val2_17_reg_2679          |    9|          2|    5|         10|
    |phi_mul_reg_2443            |    9|          2|   13|         26|
    |rb_address0                 |   33|          6|    3|         18|
    |rb_address1                 |   27|          5|    3|         15|
    |rb_ce0                      |   15|          3|    1|          3|
    |rb_d0                       |   27|          5|    1|          5|
    |rb_d1                       |   27|          5|    1|          5|
    |storemerge_reg_2454         |    9|          2|    3|          6|
    |t_V_2_reg_2409              |    9|          2|    8|         16|
    |t_V_reg_2397                |    9|          2|    8|         16|
    |word_buffer_V_address0      |   21|          4|    8|         32|
    |word_buffer_V_address1      |   21|          4|    8|         32|
    |word_buffer_V_ce0           |   15|          3|    1|          3|
    |word_buffer_V_ce1           |   15|          3|    1|          3|
    |word_buffer_V_d0            |   15|          3|    2|          6|
    |wt_addr_V                   |    9|          2|   16|         32|
    |wt_offset_V                 |    9|          2|    3|          6|
    +----------------------------+-----+-----------+-----+-----------+
    |Total                       | 2620|        570|  390|       3687|
    +----------------------------+-----+-----------+-----+-----------+

    * Register: 
    +---------------------------------------+-----+----+-----+-----------+
    |                  Name                 |  FF | LUT| Bits| Const Bits|
    +---------------------------------------+-----+----+-----+-----------+
    |add_ln1599_reg_6529                    |    7|   0|    7|          0|
    |add_ln180_28_reg_7028                  |    8|   0|    9|          1|
    |add_ln180_32_reg_7092                  |    8|   0|    9|          1|
    |add_ln808_1_reg_6916                   |   13|   0|   13|          0|
    |add_ln887_reg_6964                     |   14|   0|   14|          0|
    |ap_CS_fsm                              |  132|   0|  132|          0|
    |b_V_reg_7698                           |    7|   0|    7|          0|
    |bank_V_2_reg_7023                      |    4|   0|    4|          0|
    |bank_V_reg_7087                        |    4|   0|    4|          0|
    |cc_V_7_reg_7100                        |    4|   0|    4|          0|
    |count_V_reg_6876                       |    7|   0|    7|          0|
    |fixed_buffer_V_addr_100_reg_7496       |    5|   0|   11|          6|
    |fixed_buffer_V_addr_101_reg_7502       |    5|   0|   11|          6|
    |fixed_buffer_V_addr_102_reg_7508       |    5|   0|   11|          6|
    |fixed_buffer_V_addr_103_reg_7514       |    5|   0|   11|          6|
    |fixed_buffer_V_addr_104_reg_7520       |    5|   0|   11|          6|
    |fixed_buffer_V_addr_105_reg_7526       |    5|   0|   11|          6|
    |fixed_buffer_V_addr_106_reg_7532       |    5|   0|   11|          6|
    |fixed_buffer_V_addr_107_reg_7538       |    5|   0|   11|          6|
    |fixed_buffer_V_addr_108_reg_7544       |    5|   0|   11|          6|
    |fixed_buffer_V_addr_109_reg_7550       |    5|   0|   11|          6|
    |fixed_buffer_V_addr_110_reg_7556       |    5|   0|   11|          6|
    |fixed_buffer_V_addr_111_reg_7562       |    5|   0|   11|          6|
    |fixed_buffer_V_addr_112_reg_7568       |    5|   0|   11|          6|
    |fixed_buffer_V_addr_113_reg_7574       |    5|   0|   11|          6|
    |fixed_buffer_V_addr_114_reg_7580       |    5|   0|   11|          6|
    |fixed_buffer_V_addr_115_reg_7586       |    5|   0|   11|          6|
    |fixed_buffer_V_addr_116_reg_7592       |    5|   0|   11|          6|
    |fixed_buffer_V_addr_117_reg_7598       |    5|   0|   11|          6|
    |fixed_buffer_V_addr_118_reg_7604       |    5|   0|   11|          6|
    |fixed_buffer_V_addr_119_reg_7610       |    5|   0|   11|          6|
    |fixed_buffer_V_addr_120_reg_7616       |    5|   0|   11|          6|
    |fixed_buffer_V_addr_121_reg_7622       |    5|   0|   11|          6|
    |fixed_buffer_V_addr_122_reg_7628       |    5|   0|   11|          6|
    |fixed_buffer_V_addr_123_reg_7634       |    5|   0|   11|          6|
    |fixed_buffer_V_addr_124_reg_7640       |    5|   0|   11|          6|
    |fixed_buffer_V_addr_125_reg_7646       |    5|   0|   11|          6|
    |fixed_buffer_V_addr_126_reg_7652       |    5|   0|   11|          6|
    |fixed_buffer_V_addr_127_reg_7658       |    5|   0|   11|          6|
    |fixed_buffer_V_addr_128_reg_7664       |    5|   0|   11|          6|
    |fixed_buffer_V_addr_129_reg_7670       |    5|   0|   11|          6|
    |fixed_buffer_V_addr_130_reg_7676       |    5|   0|   11|          6|
    |fixed_buffer_V_addr_5_reg_7128         |   11|   0|   11|          0|
    |fixed_buffer_V_addr_67_reg_7236        |    5|   0|   11|          6|
    |fixed_buffer_V_addr_68_reg_7242        |    5|   0|   11|          6|
    |fixed_buffer_V_addr_69_reg_7310        |    5|   0|   11|          6|
    |fixed_buffer_V_addr_70_reg_7316        |    5|   0|   11|          6|
    |fixed_buffer_V_addr_71_reg_7322        |    5|   0|   11|          6|
    |fixed_buffer_V_addr_72_reg_7328        |    5|   0|   11|          6|
    |fixed_buffer_V_addr_73_reg_7334        |    5|   0|   11|          6|
    |fixed_buffer_V_addr_74_reg_7340        |    5|   0|   11|          6|
    |fixed_buffer_V_addr_75_reg_7346        |    5|   0|   11|          6|
    |fixed_buffer_V_addr_76_reg_7352        |    5|   0|   11|          6|
    |fixed_buffer_V_addr_77_reg_7358        |    5|   0|   11|          6|
    |fixed_buffer_V_addr_78_reg_7364        |    5|   0|   11|          6|
    |fixed_buffer_V_addr_79_reg_7370        |    5|   0|   11|          6|
    |fixed_buffer_V_addr_80_reg_7376        |    5|   0|   11|          6|
    |fixed_buffer_V_addr_81_reg_7382        |    5|   0|   11|          6|
    |fixed_buffer_V_addr_82_reg_7388        |    5|   0|   11|          6|
    |fixed_buffer_V_addr_83_reg_7394        |    5|   0|   11|          6|
    |fixed_buffer_V_addr_84_reg_7400        |    5|   0|   11|          6|
    |fixed_buffer_V_addr_85_reg_7406        |    5|   0|   11|          6|
    |fixed_buffer_V_addr_86_reg_7412        |    5|   0|   11|          6|
    |fixed_buffer_V_addr_87_reg_7418        |    5|   0|   11|          6|
    |fixed_buffer_V_addr_88_reg_7424        |    5|   0|   11|          6|
    |fixed_buffer_V_addr_89_reg_7430        |    5|   0|   11|          6|
    |fixed_buffer_V_addr_90_reg_7436        |    5|   0|   11|          6|
    |fixed_buffer_V_addr_91_reg_7442        |    5|   0|   11|          6|
    |fixed_buffer_V_addr_92_reg_7448        |    5|   0|   11|          6|
    |fixed_buffer_V_addr_93_reg_7454        |    5|   0|   11|          6|
    |fixed_buffer_V_addr_94_reg_7460        |    5|   0|   11|          6|
    |fixed_buffer_V_addr_95_reg_7466        |    5|   0|   11|          6|
    |fixed_buffer_V_addr_96_reg_7472        |    5|   0|   11|          6|
    |fixed_buffer_V_addr_97_reg_7478        |    5|   0|   11|          6|
    |fixed_buffer_V_addr_98_reg_7484        |    5|   0|   11|          6|
    |fixed_buffer_V_addr_99_reg_7490        |    5|   0|   11|          6|
    |fixed_temp_V_addr_1_reg_7708           |    6|   0|    6|          0|
    |grp_process_word_fu_2716_ap_start_reg  |    1|   0|    1|          0|
    |i_V_5_reg_7747                         |    7|   0|    7|          0|
    |i_V_9_reg_7118                         |    7|   0|    7|          0|
    |i_V_reg_6431                           |    6|   0|    6|          0|
    |icmp_ln879_15_reg_6373                 |    1|   0|    1|          0|
    |icmp_ln879_16_reg_6378                 |    1|   0|    1|          0|
    |icmp_ln879_17_reg_6383                 |    1|   0|    1|          0|
    |icmp_ln879_18_reg_6388                 |    1|   0|    1|          0|
    |icmp_ln879_19_reg_6393                 |    1|   0|    1|          0|
    |icmp_ln879_20_reg_6398                 |    1|   0|    1|          0|
    |icmp_ln879_21_reg_6403                 |    1|   0|    1|          0|
    |icmp_ln879_22_reg_6408                 |    1|   0|    1|          0|
    |icmp_ln879_23_reg_6881                 |    1|   0|    1|          0|
    |icmp_ln879_24_reg_7288                 |    1|   0|    1|          0|
    |icmp_ln879_25_reg_7292                 |    1|   0|    1|          0|
    |icmp_ln879_29_reg_6413                 |    1|   0|    1|          0|
    |icmp_ln879_30_reg_6418                 |    1|   0|    1|          0|
    |icmp_ln879_31_reg_6423                 |    1|   0|    1|          0|
    |icmp_ln883_1_reg_6958                  |    1|   0|    1|          0|
    |icmp_ln883_reg_7296                    |    1|   0|    1|          0|
    |images_per_phase_reg_6362              |   12|   0|   12|          0|
    |kr_V_reg_6972                          |    2|   0|    2|          0|
    |log_slice_V_reg_6330                   |    2|   0|    3|          1|
    |log_width_V_reg_6336                   |    3|   0|    3|          0|
    |m_V_4_reg_6943                         |    2|   0|    2|          0|
    |m_V_5_reg_6998                         |    2|   0|    2|          0|
    |m_V_6_reg_7061                         |    2|   0|    2|          0|
    |m_V_7_reg_7069                         |    2|   0|    2|          0|
    |m_V_8_reg_7147                         |    2|   0|    2|          0|
    |m_V_reg_6911                           |    2|   0|    2|          0|
    |mul_ln209_reg_7283                     |   16|   0|   16|          0|
    |o_bank_idx_V_1_reg_7300                |    1|   0|    1|          0|
    |o_bank_offset_V_3_reg_7305             |   13|   0|   16|          3|
    |o_bank_offset_V_reg_7727               |   16|   0|   16|          0|
    |outword_V                              |   64|   0|   64|          0|
    |p_01098_0_reg_2533                     |    2|   0|    2|          0|
    |p_01165_0_reg_2578                     |    7|   0|    7|          0|
    |p_01201_0_reg_2567                     |    4|   0|    4|          0|
    |p_01211_0_reg_2556                     |    4|   0|    4|          0|
    |p_01221_0_reg_2545                     |    2|   0|    2|          0|
    |p_01302_0_reg_2601                     |    2|   0|    2|          0|
    |p_01306_0_reg_2589                     |    6|   0|    6|          0|
    |p_01333_0_reg_2624                     |    6|   0|    6|          0|
    |p_01360_0_reg_2612                     |    5|   0|    5|          0|
    |p_01484_0_reg_2634                     |    7|   0|    7|          0|
    |p_01519_0_reg_2645                     |    5|   0|    5|          0|
    |p_01610_0_reg_2656                     |    7|   0|    7|          0|
    |p_01733_0_reg_2668                     |    6|   0|    6|          0|
    |p_02114_2_reg_2690                     |    1|   0|    1|          0|
    |p_02207_2_reg_2703                     |   16|   0|   16|          0|
    |p_0427_0_reg_2374                      |    6|   0|    6|          0|
    |p_0503_0_reg_2432                      |    2|   0|    2|          0|
    |p_0526_0_reg_2421                      |    7|   0|    7|          0|
    |p_0547_0_reg_2385                      |   10|   0|   10|          0|
    |p_0566_0_reg_2476                      |    2|   0|    2|          0|
    |p_0576_0_reg_2465                      |    2|   0|    2|          0|
    |p_0715_0_reg_2487                      |    2|   0|    2|          0|
    |p_0724_0_reg_2522                      |    4|   0|    4|          0|
    |p_0734_0_reg_2510                      |    4|   0|    4|          0|
    |p_0789_0_reg_2498                      |    2|   0|    2|          0|
    |p_Val2_15_fu_666                       |   32|   0|   32|          0|
    |p_Val2_16_fu_670                       |   64|   0|   64|          0|
    |p_Val2_17_reg_2679                     |    5|   0|    5|          0|
    |p_Val2_18_reg_6953                     |   64|   0|   64|          0|
    |p_Val2_s_fu_662                        |   64|   0|   64|          0|
    |phi_mul_reg_2443                       |   13|   0|   13|          0|
    |pool_width_V_reg_7278                  |    5|   0|    5|          0|
    |r_V_15_reg_7734                        |    2|   0|    6|          4|
    |ret_V_33_reg_7266                      |    1|   0|    1|          0|
    |sext_ln180_reg_6948                    |    6|   0|    6|          0|
    |sext_ln700_1_cast_reg_7079             |    7|   0|   13|          6|
    |shl_ln6_reg_7043                       |    3|   0|    6|          3|
    |storemerge_reg_2454                    |    3|   0|    3|          0|
    |sub_ln180_2_reg_6977                   |    6|   0|    6|          0|
    |sub_ln555_reg_6982                     |    5|   0|    5|          0|
    |t_V_2_reg_2409                         |    8|   0|    8|          0|
    |t_V_reg_2397                           |    8|   0|    8|          0|
    |tmp_108_reg_6436                       |    6|   0|   12|          6|
    |tmp_172_reg_7170                       |    5|   0|   11|          6|
    |tmp_69_reg_6368                        |    1|   0|    1|          0|
    |trunc_ln180_reg_6926                   |    1|   0|    1|          0|
    |trunc_ln215_reg_6890                   |   14|   0|   14|          0|
    |trunc_ln700_reg_6524                   |   10|   0|   10|          0|
    |trunc_ln_reg_6352                      |   15|   0|   15|          0|
    |w_V_1_reg_7722                         |    5|   0|    5|          0|
    |w_V_reg_7165                           |    5|   0|    5|          0|
    |word_V_reg_7013                        |   64|   0|   64|          0|
    |word_buffer_V_addr_1_reg_7033          |    7|   0|    8|          1|
    |word_buffer_V_addr_3_reg_7038          |    7|   0|    8|          1|
    |words_per_image_V_reg_6341             |    5|   0|    5|          0|
    |wt_addr_V                              |   16|   0|   16|          0|
    |wt_addr_V_load_reg_6885                |   16|   0|   16|          0|
    |wt_offset_V                            |    3|   0|    3|          0|
    |wt_offset_V_load_reg_6895              |    3|   0|    3|          0|
    |wt_word_buffer_1_V_3_fu_658            |   64|   0|   64|          0|
    |wt_word_buffer_1_V_fu_654              |   64|   0|   64|          0|
    |zext_ln1352_2_reg_6542                 |    5|   0|   14|          9|
    |zext_ln1352_reg_6537                   |   10|   0|   14|          4|
    |zext_ln180_56_reg_7105                 |    9|   0|   64|         55|
    |zext_ln180_reg_6547                    |    5|   0|    6|          1|
    |zext_ln198_reg_6357                    |    3|   0|    5|          2|
    |zext_ln209_reg_6514                    |    5|   0|    8|          3|
    |zext_ln316_3_reg_7008                  |    2|   0|    6|          4|
    |zext_ln378_reg_7682                    |    5|   0|    6|          1|
    |zext_ln379_reg_7690                    |    6|   0|   13|          7|
    |zext_ln391_reg_7273                    |    3|   0|    4|          1|
    |zext_ln408_reg_7739                    |    5|   0|   12|          7|
    |zext_ln700_4_reg_7123                  |    7|   0|    9|          2|
    |zext_ln700_reg_6519                    |    1|   0|    3|          2|
    |zext_ln887_reg_7074                    |    2|   0|    6|          4|
    +---------------------------------------+-----+----+-----+-----------+
    |Total                                  | 1519|   0| 2038|        519|
    +---------------------------------------+-----+----+-----+-----------+



================================================================
== Interface
================================================================
* Summary: 
+---------------------+-----+-----+------------+--------------+--------------+
|      RTL Ports      | Dir | Bits|  Protocol  | Source Object|    C Type    |
+---------------------+-----+-----+------------+--------------+--------------+
|ap_clk               |  in |    1| ap_ctrl_hs |   bin_conv   | return value |
|ap_rst               |  in |    1| ap_ctrl_hs |   bin_conv   | return value |
|ap_start             |  in |    1| ap_ctrl_hs |   bin_conv   | return value |
|ap_done              | out |    1| ap_ctrl_hs |   bin_conv   | return value |
|ap_idle              | out |    1| ap_ctrl_hs |   bin_conv   | return value |
|ap_ready             | out |    1| ap_ctrl_hs |   bin_conv   | return value |
|wt_mem_V_6_address0  | out |   13|  ap_memory |  wt_mem_V_6  |     array    |
|wt_mem_V_6_ce0       | out |    1|  ap_memory |  wt_mem_V_6  |     array    |
|wt_mem_V_6_q0        |  in |   64|  ap_memory |  wt_mem_V_6  |     array    |
|nc_V                 |  in |   16|   ap_none  |     nc_V     |    scalar    |
|dmem_V_6_address0    | out |   12|  ap_memory |   dmem_V_6   |     array    |
|dmem_V_6_ce0         | out |    1|  ap_memory |   dmem_V_6   |     array    |
|dmem_V_6_we0         | out |    1|  ap_memory |   dmem_V_6   |     array    |
|dmem_V_6_d0          | out |   64|  ap_memory |   dmem_V_6   |     array    |
|dmem_V_6_q0          |  in |   64|  ap_memory |   dmem_V_6   |     array    |
|d_i_idx_V            |  in |    1|   ap_none  |   d_i_idx_V  |    scalar    |
|d_o_idx_V            |  in |    1|   ap_none  |   d_o_idx_V  |    scalar    |
|n_inputs             |  in |   16|   ap_none  |   n_inputs   |    scalar    |
|o_index_V_6          |  in |   16|   ap_none  |  o_index_V_6 |    scalar    |
|new_batch_V          |  in |    1|   ap_none  |  new_batch_V |    scalar    |
|width_mode_V         |  in |    2|   ap_none  | width_mode_V |    scalar    |
|norm_mode_V          |  in |    2|   ap_none  |  norm_mode_V |    scalar    |
+---------------------+-----+-----+------------+--------------+--------------+

