

================================================================
== Vivado HLS Report for 'conv3x3b'
================================================================
* Date:           Tue Apr  6 18:11:14 2021

* Version:        2019.1 (Build 2552052 on Fri May 24 15:28:33 MDT 2019)
* Project:        BNN_6
* Solution:       solution1
* Product family: kintex7
* Target device:  xc7k70t-fbv676-1


================================================================
== Performance Estimates
================================================================
+ Timing (ns): 
    * Summary: 
    +--------+-------+----------+------------+
    |  Clock | Target| Estimated| Uncertainty|
    +--------+-------+----------+------------+
    |ap_clk  |  25.00|     7.652|        3.12|
    +--------+-------+----------+------------+

+ Latency (clock cycles): 
    * Summary: 
    +-----+-----+-----+-----+----------+
    |  Latency  |  Interval | Pipeline |
    | min | max | min | max |   Type   |
    +-----+-----+-----+-----+----------+
    |    5|    5|    5|    5| function |
    +-----+-----+-----+-----+----------+

    + Detail: 
        * Instance: 
        N/A

        * Loop: 
        N/A



================================================================
== Utilization Estimates
================================================================
* Summary: 
+-----------------+---------+-------+-------+-------+-----+
|       Name      | BRAM_18K| DSP48E|   FF  |  LUT  | URAM|
+-----------------+---------+-------+-------+-------+-----+
|DSP              |        -|      -|      -|      -|    -|
|Expression       |        -|      -|      0|    503|    -|
|FIFO             |        -|      -|      -|      -|    -|
|Instance         |        -|      -|      -|      -|    -|
|Memory           |        -|      -|      -|      -|    -|
|Multiplexer      |        -|      -|      -|    111|    -|
|Register         |        -|      -|    112|      -|    -|
+-----------------+---------+-------+-------+-------+-----+
|Total            |        0|      0|    112|    614|    0|
+-----------------+---------+-------+-------+-------+-----+
|Available        |      270|    240|  82000|  41000|    0|
+-----------------+---------+-------+-------+-------+-----+
|Utilization (%)  |        0|      0|   ~0  |      1|    0|
+-----------------+---------+-------+-------+-------+-----+

+ Detail: 
    * Instance: 
    N/A

    * DSP48E: 
    N/A

    * Memory: 
    N/A

    * FIFO: 
    N/A

    * Expression: 
    +-----------------------------+----------+-------+---+----+------------+------------+
    |        Variable Name        | Operation| DSP48E| FF| LUT| Bitwidth P0| Bitwidth P1|
    +-----------------------------+----------+-------+---+----+------------+------------+
    |add_ln1353_14_fu_492_p2      |     +    |      0|  0|  13|           2|           4|
    |add_ln1353_fu_364_p2         |     +    |      0|  0|  13|           1|           4|
    |add_ln700_3_fu_648_p2        |     +    |      0|  0|  12|           3|           3|
    |add_ln700_4_fu_658_p2        |     +    |      0|  0|  13|           4|           4|
    |add_ln700_5_fu_762_p2        |     +    |      0|  0|  12|           3|           3|
    |add_ln700_6_fu_909_p2        |     +    |      0|  0|  12|           3|           3|
    |add_ln700_7_fu_919_p2        |     +    |      0|  0|  13|           4|           4|
    |add_ln700_8_fu_929_p2        |     +    |      0|  0|  14|           5|           5|
    |add_ln700_fu_511_p2          |     +    |      0|  0|  12|           3|           3|
    |add_ln79_10_fu_541_p2        |     +    |      0|  0|  18|          11|          11|
    |add_ln79_11_fu_550_p2        |     +    |      0|  0|  18|          11|          11|
    |add_ln79_1_fu_385_p2         |     +    |      0|  0|  18|           4|          11|
    |add_ln79_2_fu_517_p2         |     +    |      0|  0|  18|           5|          11|
    |add_ln79_3_fu_353_p2         |     +    |      0|  0|  18|          11|          11|
    |add_ln79_4_fu_390_p2         |     +    |      0|  0|  18|          11|          11|
    |add_ln79_5_fu_522_p2         |     +    |      0|  0|  18|          11|          11|
    |add_ln79_6_fu_374_p2         |     +    |      0|  0|  18|          11|          11|
    |add_ln79_7_fu_527_p2         |     +    |      0|  0|  18|          11|          11|
    |add_ln79_8_fu_536_p2         |     +    |      0|  0|  18|          11|          11|
    |add_ln79_9_fu_501_p2         |     +    |      0|  0|  18|          11|          11|
    |add_ln79_fu_313_p2           |     +    |      0|  0|  15|           5|           5|
    |ap_return                    |     +    |      0|  0|  14|           5|           5|
    |sub_ln79_fu_343_p2           |     -    |      0|  0|  18|          11|          11|
    |and_ln1355_1_fu_458_p2       |    and   |      0|  0|   6|           1|           1|
    |and_ln1355_2_fu_566_p2       |    and   |      0|  0|   6|           1|           1|
    |and_ln1355_3_fu_611_p2       |    and   |      0|  0|   6|           1|           1|
    |and_ln1355_4_fu_683_p2       |    and   |      0|  0|   6|           1|           1|
    |and_ln1355_5_fu_728_p2       |    and   |      0|  0|   6|           1|           1|
    |and_ln1355_6_fu_783_p2       |    and   |      0|  0|   6|           1|           1|
    |and_ln1355_7_fu_824_p2       |    and   |      0|  0|   6|           1|           1|
    |and_ln1355_8_fu_869_p2       |    and   |      0|  0|   6|           1|           1|
    |and_ln1355_fu_412_p2         |    and   |      0|  0|   6|           1|           1|
    |ap_block_pp0_stage0_11001    |    and   |      0|  0|   6|           1|           1|
    |ap_block_pp0_stage0_subdone  |    or    |      0|  0|   6|           1|           1|
    |select_ln215_1_fu_450_p3     |  select  |      0|  0|   2|           1|           1|
    |select_ln215_2_fu_559_p3     |  select  |      0|  0|   2|           1|           1|
    |select_ln215_3_fu_604_p3     |  select  |      0|  0|   2|           1|           1|
    |select_ln215_4_fu_676_p3     |  select  |      0|  0|   2|           1|           1|
    |select_ln215_5_fu_721_p3     |  select  |      0|  0|   2|           1|           1|
    |select_ln215_6_fu_776_p3     |  select  |      0|  0|   2|           1|           1|
    |select_ln215_7_fu_817_p3     |  select  |      0|  0|   2|           1|           1|
    |select_ln215_8_fu_864_p3     |  select  |      0|  0|   2|           1|           1|
    |select_ln215_fu_404_p3       |  select  |      0|  0|   2|           1|           1|
    |ap_enable_pp0                |    xor   |      0|  0|   6|           1|           2|
    |xor_ln841_1_fu_472_p2        |    xor   |      0|  0|   6|           1|           1|
    |xor_ln841_2_fu_580_p2        |    xor   |      0|  0|   6|           1|           1|
    |xor_ln841_3_fu_625_p2        |    xor   |      0|  0|   6|           1|           1|
    |xor_ln841_4_fu_697_p2        |    xor   |      0|  0|   6|           1|           1|
    |xor_ln841_5_fu_742_p2        |    xor   |      0|  0|   6|           1|           1|
    |xor_ln841_6_fu_797_p2        |    xor   |      0|  0|   6|           1|           1|
    |xor_ln841_7_fu_838_p2        |    xor   |      0|  0|   6|           1|           1|
    |xor_ln841_8_fu_883_p2        |    xor   |      0|  0|   6|           1|           1|
    |xor_ln841_fu_426_p2          |    xor   |      0|  0|   6|           1|           1|
    +-----------------------------+----------+-------+---+----+------------+------------+
    |Total                        |          |      0|  0| 503|         187|         206|
    +-----------------------------+----------+-------+---+----+------------+------------+

    * Multiplexer: 
    +--------------------------+----+-----------+-----+-----------+
    |           Name           | LUT| Input Size| Bits| Total Bits|
    +--------------------------+----+-----------+-----+-----------+
    |ap_NS_fsm                 |  33|          6|    1|          6|
    |ap_enable_reg_pp0_iter0   |   9|          2|    1|          2|
    |ap_enable_reg_pp0_iter1   |   9|          2|    1|          2|
    |line_buffer_m_V_address0  |  33|          6|   10|         60|
    |line_buffer_m_V_address1  |  27|          5|   10|         50|
    +--------------------------+----+-----------+-----+-----------+
    |Total                     | 111|         21|   23|        120|
    +--------------------------+----+-----------+-----+-----------+

    * Register: 
    +------------------------------------+----+----+-----+-----------+
    |                Name                | FF | LUT| Bits| Const Bits|
    +------------------------------------+----+----+-----+-----------+
    |add_ln700_4_reg_1038                |   4|   0|    4|          0|
    |add_ln700_5_reg_1053                |   3|   0|    3|          0|
    |add_ln700_reg_1008                  |   3|   0|    3|          0|
    |add_ln79_11_reg_1033                |  11|   0|   11|          0|
    |add_ln79_1_reg_986                  |  10|   0|   11|          1|
    |add_ln79_5_reg_1013                 |  11|   0|   11|          0|
    |add_ln79_8_reg_1023                 |  11|   0|   11|          0|
    |ap_CS_fsm                           |   5|   0|    5|          0|
    |ap_enable_reg_pp0_iter0_reg         |   1|   0|    1|          0|
    |ap_enable_reg_pp0_iter1             |   1|   0|    1|          0|
    |ap_port_reg_conv_params_m_0_0_10    |   1|   0|    1|          0|
    |ap_port_reg_conv_params_m_0_0_s     |   1|   0|    1|          0|
    |ap_port_reg_conv_params_m_0_1_10    |   1|   0|    1|          0|
    |ap_port_reg_conv_params_m_0_1_s     |   1|   0|    1|          0|
    |ap_port_reg_conv_params_m_0_2_10    |   1|   0|    1|          0|
    |ap_port_reg_conv_params_m_0_2_s     |   1|   0|    1|          0|
    |ap_port_reg_conv_params_m_1_0_10    |   1|   0|    1|          0|
    |ap_port_reg_conv_params_m_1_0_s     |   1|   0|    1|          0|
    |ap_port_reg_conv_params_m_1_1_10    |   1|   0|    1|          0|
    |ap_port_reg_conv_params_m_1_1_s     |   1|   0|    1|          0|
    |ap_port_reg_conv_params_m_1_2_10    |   1|   0|    1|          0|
    |ap_port_reg_conv_params_m_1_2_s     |   1|   0|    1|          0|
    |ap_port_reg_conv_params_m_2_0_10    |   1|   0|    1|          0|
    |ap_port_reg_conv_params_m_2_0_s     |   1|   0|    1|          0|
    |ap_port_reg_conv_params_m_2_1_10    |   1|   0|    1|          0|
    |ap_port_reg_conv_params_m_2_1_s     |   1|   0|    1|          0|
    |ap_port_reg_conv_params_m_2_2_10    |   1|   0|    1|          0|
    |ap_port_reg_conv_params_m_2_2_s     |   1|   0|    1|          0|
    |ap_port_reg_conv_params_m_V_offset  |   1|   0|    1|          0|
    |cc_V_read_reg_941                   |   4|   0|    4|          0|
    |conv_params_m_0_0_11_reg_1058       |   1|   0|    1|          0|
    |conv_params_m_0_0_12_reg_1063       |   1|   0|    1|          0|
    |conv_params_m_V_offs_reg_975        |   1|   0|    1|          0|
    |sub_ln79_reg_946                    |  10|   0|   11|          1|
    |tmp_109_reg_1073                    |   2|   0|    2|          0|
    |tmp_111_reg_1078                    |   2|   0|    2|          0|
    |zext_ln79_11_reg_997                |   4|   0|   11|          7|
    |zext_ln79_3_reg_953                 |   4|   0|   11|          7|
    |zext_ln79_7_reg_964                 |   4|   0|   11|          7|
    +------------------------------------+----+----+-----+-----------+
    |Total                               | 112|   0|  135|         23|
    +------------------------------------+----+----+-----+-----------+



================================================================
== Interface
================================================================
* Summary: 
+--------------------------+-----+-----+------------+------------------------+--------------+
|         RTL Ports        | Dir | Bits|  Protocol  |      Source Object     |    C Type    |
+--------------------------+-----+-----+------------+------------------------+--------------+
|ap_clk                    |  in |    1| ap_ctrl_hs |        conv3x3b        | return value |
|ap_rst                    |  in |    1| ap_ctrl_hs |        conv3x3b        | return value |
|ap_start                  |  in |    1| ap_ctrl_hs |        conv3x3b        | return value |
|ap_done                   | out |    1| ap_ctrl_hs |        conv3x3b        | return value |
|ap_idle                   | out |    1| ap_ctrl_hs |        conv3x3b        | return value |
|ap_ready                  | out |    1| ap_ctrl_hs |        conv3x3b        | return value |
|ap_ce                     |  in |    1| ap_ctrl_hs |        conv3x3b        | return value |
|ap_return                 | out |    5| ap_ctrl_hs |        conv3x3b        | return value |
|line_buffer_m_V_address0  | out |   10|  ap_memory |     line_buffer_m_V    |     array    |
|line_buffer_m_V_ce0       | out |    1|  ap_memory |     line_buffer_m_V    |     array    |
|line_buffer_m_V_q0        |  in |    2|  ap_memory |     line_buffer_m_V    |     array    |
|line_buffer_m_V_address1  | out |   10|  ap_memory |     line_buffer_m_V    |     array    |
|line_buffer_m_V_ce1       | out |    1|  ap_memory |     line_buffer_m_V    |     array    |
|line_buffer_m_V_q1        |  in |    2|  ap_memory |     line_buffer_m_V    |     array    |
|line_buffer_m_V_offset    |  in |    1|   ap_none  | line_buffer_m_V_offset |    scalar    |
|conv_params_m_0_0_s       |  in |    1|   ap_none  |   conv_params_m_0_0_s  |    scalar    |
|conv_params_m_0_0_10      |  in |    1|   ap_none  |  conv_params_m_0_0_10  |    scalar    |
|conv_params_m_0_1_s       |  in |    1|   ap_none  |   conv_params_m_0_1_s  |    scalar    |
|conv_params_m_0_1_10      |  in |    1|   ap_none  |  conv_params_m_0_1_10  |    scalar    |
|conv_params_m_0_2_s       |  in |    1|   ap_none  |   conv_params_m_0_2_s  |    scalar    |
|conv_params_m_0_2_10      |  in |    1|   ap_none  |  conv_params_m_0_2_10  |    scalar    |
|conv_params_m_1_0_s       |  in |    1|   ap_none  |   conv_params_m_1_0_s  |    scalar    |
|conv_params_m_1_0_10      |  in |    1|   ap_none  |  conv_params_m_1_0_10  |    scalar    |
|conv_params_m_1_1_s       |  in |    1|   ap_none  |   conv_params_m_1_1_s  |    scalar    |
|conv_params_m_1_1_10      |  in |    1|   ap_none  |  conv_params_m_1_1_10  |    scalar    |
|conv_params_m_1_2_s       |  in |    1|   ap_none  |   conv_params_m_1_2_s  |    scalar    |
|conv_params_m_1_2_10      |  in |    1|   ap_none  |  conv_params_m_1_2_10  |    scalar    |
|conv_params_m_2_0_s       |  in |    1|   ap_none  |   conv_params_m_2_0_s  |    scalar    |
|conv_params_m_2_0_10      |  in |    1|   ap_none  |  conv_params_m_2_0_10  |    scalar    |
|conv_params_m_2_1_s       |  in |    1|   ap_none  |   conv_params_m_2_1_s  |    scalar    |
|conv_params_m_2_1_10      |  in |    1|   ap_none  |  conv_params_m_2_1_10  |    scalar    |
|conv_params_m_2_2_s       |  in |    1|   ap_none  |   conv_params_m_2_2_s  |    scalar    |
|conv_params_m_2_2_10      |  in |    1|   ap_none  |  conv_params_m_2_2_10  |    scalar    |
|conv_params_m_V_offset    |  in |    1|   ap_none  | conv_params_m_V_offset |    scalar    |
|bank_V                    |  in |    4|   ap_none  |         bank_V         |    scalar    |
|cc_V                      |  in |    4|   ap_none  |          cc_V          |    scalar    |
+--------------------------+-----+-----+------------+------------------------+--------------+

