

================================================================
== Vivado HLS Report for 'process_word'
================================================================
* Date:           Sun Mar 28 14:51:24 2021

* Version:        2019.1 (Build 2552052 on Fri May 24 15:28:33 MDT 2019)
* Project:        BNN_6
* Solution:       solution1
* Product family: kintex7
* Target device:  xc7k70t-fbv676-1


================================================================
== Performance Estimates
================================================================
+ Timing (ns): 
    * Summary: 
    +--------+-------+----------+------------+
    |  Clock | Target| Estimated| Uncertainty|
    +--------+-------+----------+------------+
    |ap_clk  |  12.00|     6.858|        1.50|
    +--------+-------+----------+------------+

+ Latency (clock cycles): 
    * Summary: 
    +------+------+------+------+---------+
    |   Latency   |   Interval  | Pipeline|
    |  min |  max |  min |  max |   Type  |
    +------+------+------+------+---------+
    |  2139|  2139|  2139|  2139|   none  |
    +------+------+------+------+---------+

    + Detail: 
        * Instance: 
        N/A

        * Loop: 
        +---------------------+------+------+----------+-----------+-----------+------+----------+
        |                     |   Latency   | Iteration|  Initiation Interval  | Trip |          |
        |      Loop Name      |  min |  max |  Latency |  achieved |   target  | Count| Pipelined|
        +---------------------+------+------+----------+-----------+-----------+------+----------+
        |- Loop 1             |   160|   160|        20|          -|          -|     8|    no    |
        | + Loop 1.1          |    16|    16|         2|          -|          -|     8|    no    |
        | + Loop 1.2          |    16|    16|         2|          -|          -|     8|    no    |
        |- Loop 2             |  1680|  1680|       210|          -|          -|     8|    no    |
        | + Loop 2.1          |   208|   208|        26|          -|          -|     8|    no    |
        |  ++ Loop 2.1.1      |    24|    24|         8|          -|          -|     3|    no    |
        |   +++ Loop 2.1.1.1  |     6|     6|         2|          -|          -|     3|    no    |
        |- Loop 3             |   296|   296|        37|          -|          -|     8|    no    |
        | + Loop 3.1          |    16|    16|         2|          -|          -|     8|    no    |
        | + Loop 3.2          |    16|    16|         2|          -|          -|     8|    no    |
        | + Loop 3.3          |    16|    16|         2|          -|          -|     8|    no    |
        +---------------------+------+------+----------+-----------+-----------+------+----------+



================================================================
== Utilization Estimates
================================================================
* Summary: 
+-----------------+---------+-------+-------+-------+-----+
|       Name      | BRAM_18K| DSP48E|   FF  |  LUT  | URAM|
+-----------------+---------+-------+-------+-------+-----+
|DSP              |        -|      -|      -|      -|    -|
|Expression       |        -|      -|      0|   1271|    -|
|FIFO             |        -|      -|      -|      -|    -|
|Instance         |        -|      -|      -|      -|    -|
|Memory           |        -|      -|      -|      -|    -|
|Multiplexer      |        -|      -|      -|    567|    -|
|Register         |        -|      -|    413|      -|    -|
+-----------------+---------+-------+-------+-------+-----+
|Total            |        0|      0|    413|   1838|    0|
+-----------------+---------+-------+-------+-------+-----+
|Available        |      270|    240|  82000|  41000|    0|
+-----------------+---------+-------+-------+-------+-----+
|Utilization (%)  |        0|      0|   ~0  |      4|    0|
+-----------------+---------+-------+-------+-------+-----+

+ Detail: 
    * Instance: 
    N/A

    * DSP48E: 
    N/A

    * Memory: 
    N/A

    * FIFO: 
    N/A

    * Expression: 
    +-----------------------------+----------+-------+---+----+------------+------------+
    |        Variable Name        | Operation| DSP48E| FF| LUT| Bitwidth P0| Bitwidth P1|
    +-----------------------------+----------+-------+---+----+------------+------------+
    |add_ln117_fu_700_p2          |     +    |      0|  0|  13|           3|           4|
    |add_ln133_fu_938_p2          |     +    |      0|  0|  16|           9|           4|
    |add_ln1353_fu_887_p2         |     +    |      0|  0|  13|           4|           4|
    |add_ln138_1_fu_865_p2        |     +    |      0|  0|  16|           9|           9|
    |add_ln138_2_fu_959_p2        |     +    |      0|  0|  16|           9|           9|
    |add_ln138_fu_840_p2          |     +    |      0|  0|  15|           6|           6|
    |add_ln141_fu_876_p2          |     +    |      0|  0|  16|           9|           4|
    |add_ln166_fu_1531_p2         |     +    |      0|  0|  16|           9|           4|
    |add_ln171_1_fu_1581_p2       |     +    |      0|  0|  16|           9|           9|
    |add_ln171_2_fu_1699_p2       |     +    |      0|  0|  16|           9|           9|
    |add_ln171_fu_1552_p2         |     +    |      0|  0|  15|           7|           7|
    |add_ln174_fu_1592_p2         |     +    |      0|  0|  16|           4|           9|
    |add_ln180_10_fu_1417_p2      |     +    |      0|  0|  16|           9|           9|
    |add_ln180_11_fu_1462_p2      |     +    |      0|  0|  17|           4|          10|
    |add_ln180_12_fu_1473_p2      |     +    |      0|  0|  17|           4|          10|
    |add_ln180_13_fu_1484_p2      |     +    |      0|  0|  17|           5|          10|
    |add_ln180_14_fu_1495_p2      |     +    |      0|  0|  15|           6|           6|
    |add_ln180_15_fu_1520_p2      |     +    |      0|  0|  16|           9|           9|
    |add_ln180_16_fu_1613_p2      |     +    |      0|  0|  16|           9|           9|
    |add_ln180_17_fu_1627_p2      |     +    |      0|  0|  17|          10|          10|
    |add_ln180_18_fu_1713_p2      |     +    |      0|  0|  17|          10|          10|
    |add_ln180_19_fu_1751_p2      |     +    |      0|  0|  16|           9|           9|
    |add_ln180_20_fu_1761_p2      |     +    |      0|  0|  17|          10|          10|
    |add_ln180_2_fu_818_p2        |     +    |      0|  0|  17|           5|          10|
    |add_ln180_3_fu_829_p2        |     +    |      0|  0|  17|           5|          10|
    |add_ln180_4_fu_902_p2        |     +    |      0|  0|  15|           6|           6|
    |add_ln180_5_fu_927_p2        |     +    |      0|  0|  16|           9|           9|
    |add_ln180_6_fu_1034_p2       |     +    |      0|  0|  16|           9|           9|
    |add_ln180_7_fu_1048_p2       |     +    |      0|  0|  17|          10|          10|
    |add_ln180_8_fu_973_p2        |     +    |      0|  0|  17|          10|          10|
    |add_ln180_9_fu_1388_p2       |     +    |      0|  0|  15|           6|           6|
    |add_ln180_fu_783_p2          |     +    |      0|  0|  15|           6|           6|
    |add_ln185_fu_1428_p2         |     +    |      0|  0|  16|           4|           9|
    |add_ln215_1_fu_1301_p2       |     +    |      0|  0|  15|           6|           6|
    |add_ln215_fu_1234_p2         |     +    |      0|  0|  15|           6|           6|
    |add_ln74_1_fu_1185_p2        |     +    |      0|  0|  71|          64|          64|
    |add_ln74_2_fu_1214_p2        |     +    |      0|  0|  17|          10|          10|
    |add_ln74_3_fu_1277_p2        |     +    |      0|  0|  17|          10|          10|
    |add_ln74_fu_1109_p2          |     +    |      0|  0|  15|           6|           6|
    |bank_V_1_fu_746_p2           |     +    |      0|  0|  13|           4|           1|
    |bank_V_2_fu_1361_p2          |     +    |      0|  0|  13|           4|           1|
    |bank_V_fu_1087_p2            |     +    |      0|  0|  13|           4|           1|
    |cc_V_1_fu_991_p2             |     +    |      0|  0|  13|           4|           1|
    |cc_V_2_fu_1142_p2            |     +    |      0|  0|  13|           4|           1|
    |cc_V_4_fu_1731_p2            |     +    |      0|  0|  13|           4|           1|
    |cc_V_6_fu_1637_p2            |     +    |      0|  0|  13|           4|           1|
    |cc_V_7_fu_1766_p2            |     +    |      0|  0|  13|           4|           1|
    |cc_V_fu_1058_p2              |     +    |      0|  0|  13|           4|           1|
    |kc_V_fu_1257_p2              |     +    |      0|  0|  10|           2|           1|
    |kr_V_fu_1175_p2              |     +    |      0|  0|  10|           2|           1|
    |ret_V_10_fu_1267_p2          |     +    |      0|  0|  13|           4|           4|
    |ret_V_8_fu_1152_p2           |     +    |      0|  0|  15|           6|           6|
    |ret_V_9_fu_1542_p2           |     +    |      0|  0|  15|           4|           6|
    |s_idx_V_fu_762_p2            |     +    |      0|  0|  15|           6|           6|
    |sum_V_fu_1349_p2             |     +    |      0|  0|  15|           5|           5|
    |ret_V_11_fu_1291_p2          |     -    |      0|  0|  12|           2|           3|
    |ret_V_12_fu_1224_p2          |     -    |      0|  0|  12|           2|           3|
    |ret_V_15_fu_1371_p2          |     -    |      0|  0|  15|           6|           6|
    |sub_ln180_1_fu_1451_p2       |     -    |      0|  0|  17|          10|          10|
    |sub_ln180_fu_812_p2          |     -    |      0|  0|  17|          10|          10|
    |sub_ln215_1_fu_1245_p2       |     -    |      0|  0|  15|           6|           6|
    |sub_ln215_fu_686_p2          |     -    |      0|  0|  15|           5|           5|
    |sub_ln74_fu_1130_p2          |     -    |      0|  0|  71|          64|          64|
    |ret_V_14_fu_1315_p2          |    and   |      0|  0|   6|           1|           1|
    |first_wrd_fu_716_p2          |   icmp   |      0|  0|  11|           8|           1|
    |icmp_ln124_fu_740_p2         |   icmp   |      0|  0|  11|           4|           5|
    |icmp_ln128_fu_1024_p2        |   icmp   |      0|  0|   9|           4|           4|
    |icmp_ln136_fu_949_p2         |   icmp   |      0|  0|   9|           4|           4|
    |icmp_ln155_fu_1355_p2        |   icmp   |      0|  0|  11|           4|           5|
    |icmp_ln161_fu_1603_p2        |   icmp   |      0|  0|   9|           4|           4|
    |icmp_ln169_fu_1689_p2        |   icmp   |      0|  0|   9|           4|           4|
    |icmp_ln179_fu_1737_p2        |   icmp   |      0|  0|   9|           4|           4|
    |icmp_ln887_3_fu_1251_p2      |   icmp   |      0|  0|   8|           2|           2|
    |icmp_ln887_fu_1169_p2        |   icmp   |      0|  0|   8|           2|           2|
    |icmp_ln92_fu_1081_p2         |   icmp   |      0|  0|  11|           4|           5|
    |icmp_ln93_fu_1136_p2         |   icmp   |      0|  0|  11|           4|           5|
    |last_wrd_fu_726_p2           |   icmp   |      0|  0|  11|           8|           8|
    |or_ln140_fu_997_p2           |    or    |      0|  0|   6|           1|           1|
    |or_ln141_fu_1011_p2          |    or    |      0|  0|   6|           1|           1|
    |or_ln173_fu_1661_p2          |    or    |      0|  0|   6|           1|           1|
    |or_ln174_fu_1675_p2          |    or    |      0|  0|   6|           1|           1|
    |select_ln132_fu_1064_p3      |  select  |      0|  0|   2|           1|           1|
    |select_ln133_fu_1073_p3      |  select  |      0|  0|   2|           1|           1|
    |select_ln140_fu_1002_p3      |  select  |      0|  0|   2|           1|           1|
    |select_ln141_fu_1016_p3      |  select  |      0|  0|   2|           1|           1|
    |select_ln165_fu_1643_p3      |  select  |      0|  0|   2|           1|           1|
    |select_ln166_fu_1652_p3      |  select  |      0|  0|   2|           1|           1|
    |select_ln173_fu_1666_p3      |  select  |      0|  0|   2|           1|           1|
    |select_ln174_fu_1680_p3      |  select  |      0|  0|   2|           1|           1|
    |select_ln184_fu_1776_p3      |  select  |      0|  0|   2|           1|           1|
    |select_ln185_fu_1785_p3      |  select  |      0|  0|   2|           1|           1|
    |select_ln879_2_fu_1723_p3    |  select  |      0|  0|   2|           1|           1|
    |select_ln879_fu_983_p3       |  select  |      0|  0|   2|           1|           1|
    |slices_per_line_V_fu_710_p2  |    shl   |      0|  0|  12|           1|           5|
    |ret_V_fu_892_p2              |    xor   |      0|  0|   6|           5|           4|
    |xor_ln68_fu_752_p2           |    xor   |      0|  0|   6|           4|           5|
    |xor_ln841_fu_1329_p2         |    xor   |      0|  0|   6|           1|           1|
    +-----------------------------+----------+-------+---+----+------------+------------+
    |Total                        |          |      0|  0|1271|         598|         597|
    +-----------------------------+----------+-------+---+----+------------+------------+

    * Multiplexer: 
    +--------------------------------------+-----+-----------+-----+-----------+
    |                 Name                 | LUT | Input Size| Bits| Total Bits|
    +--------------------------------------+-----+-----------+-----+-----------+
    |ap_NS_fsm                             |  113|         24|    1|         24|
    |ap_phi_mux_storemerge1_phi_fu_624_p4  |   15|          3|    2|          6|
    |lb_address0                           |   33|          6|    3|         18|
    |line_buffer_m_V_address0              |   44|          9|    9|         81|
    |line_buffer_m_V_address1              |   27|          5|    9|         45|
    |line_buffer_m_V_d0                    |   47|         10|    2|         20|
    |line_buffer_m_V_d1                    |   27|          5|    2|         10|
    |old_word_buffer_m_V_address0          |   21|          4|    8|         32|
    |old_word_buffer_m_V_address1          |   21|          4|    8|         32|
    |p_0198_0_reg_598                      |    9|          2|    4|          8|
    |p_0249_0_reg_494                      |    9|          2|    4|          8|
    |p_027_0_reg_506                       |    9|          2|    4|          8|
    |p_0284_0_reg_631                      |    9|          2|    4|          8|
    |p_0324_0_reg_609                      |    9|          2|    4|          8|
    |p_0501_0_reg_643                      |    9|          2|    4|          8|
    |p_084_0_i_reg_539                     |    9|          2|    4|          8|
    |p_087_0_i_i_reg_587                   |    9|          2|    2|          4|
    |p_087_0_i_reg_528                     |    9|          2|    4|          8|
    |p_095_0_reg_483                       |    9|          2|    4|          8|
    |p_097_0_i_i_reg_564                   |    9|          2|    2|          4|
    |rb_address0                           |   33|          6|    3|         18|
    |storemerge_reg_518                    |    9|          2|    2|          4|
    |sum_0_reg_551                         |    9|          2|    5|         10|
    |sum_1_reg_575                         |    9|          2|    5|         10|
    |word_buffer_m_V_address0              |   33|          6|    8|         48|
    |word_buffer_m_V_address1              |   27|          5|    8|         40|
    +--------------------------------------+-----+-----------+-----+-----------+
    |Total                                 |  567|        115|  115|        478|
    +--------------------------------------+-----+-----------+-----+-----------+

    * Register: 
    +----------------------------------+----+----+-----+-----------+
    |               Name               | FF | LUT| Bits| Const Bits|
    +----------------------------------+----+----+-----+-----------+
    |add_ln138_1_reg_1879              |   8|   0|    9|          1|
    |add_ln171_1_reg_2120              |   8|   0|    9|          1|
    |add_ln180_10_reg_2059             |   8|   0|    9|          1|
    |add_ln180_12_reg_2090             |   9|   0|   10|          1|
    |add_ln180_15_reg_2105             |   8|   0|    9|          1|
    |add_ln180_20_reg_2189             |  10|   0|   10|          0|
    |add_ln180_2_reg_1863              |   9|   0|   10|          1|
    |add_ln180_5_reg_1894              |   8|   0|    9|          1|
    |add_ln74_2_reg_2004               |   9|   0|   10|          1|
    |ap_CS_fsm                         |  23|   0|   23|          0|
    |bank_V_1_reg_1847                 |   4|   0|    4|          0|
    |bank_V_2_reg_2040                 |   4|   0|    4|          0|
    |bank_V_reg_1968                   |   4|   0|    4|          0|
    |cc_V_2_reg_1986                   |   4|   0|    4|          0|
    |cc_V_7_reg_2194                   |   4|   0|    4|          0|
    |conv_out_buffer_m_V_s_reg_1991    |   7|   0|    7|          0|
    |first_wrd_reg_1819                |   1|   0|    1|          0|
    |kc_V_reg_2017                     |   2|   0|    2|          0|
    |kr_V_reg_1999                     |   2|   0|    2|          0|
    |last_wrd_reg_1826                 |   1|   0|    1|          0|
    |line_buffer_m_V_addr_10_reg_2100  |   8|   0|    9|          1|
    |line_buffer_m_V_addr_2_reg_1869   |   8|   0|    9|          1|
    |line_buffer_m_V_addr_4_reg_1874   |   8|   0|    9|          1|
    |line_buffer_m_V_addr_5_reg_2080   |   8|   0|    9|          1|
    |line_buffer_m_V_addr_8_reg_2085   |   8|   0|    9|          1|
    |line_buffer_m_V_addr_9_reg_2095   |   8|   0|    9|          1|
    |old_word_buffer_m_V_1_reg_1904    |   7|   0|    8|          1|
    |old_word_buffer_m_V_6_reg_2125    |   7|   0|    8|          1|
    |old_word_buffer_m_V_7_reg_2130    |   7|   0|    8|          1|
    |old_word_buffer_m_V_s_reg_1899    |   7|   0|    8|          1|
    |p_0198_0_reg_598                  |   4|   0|    4|          0|
    |p_0249_0_reg_494                  |   4|   0|    4|          0|
    |p_027_0_reg_506                   |   4|   0|    4|          0|
    |p_0284_0_reg_631                  |   4|   0|    4|          0|
    |p_0324_0_reg_609                  |   4|   0|    4|          0|
    |p_0501_0_reg_643                  |   4|   0|    4|          0|
    |p_084_0_i_reg_539                 |   4|   0|    4|          0|
    |p_087_0_i_i_reg_587               |   2|   0|    2|          0|
    |p_087_0_i_reg_528                 |   4|   0|    4|          0|
    |p_095_0_reg_483                   |   4|   0|    4|          0|
    |p_097_0_i_i_reg_564               |   2|   0|    2|          0|
    |ret_V_7_reg_1973                  |   3|   0|    6|          3|
    |rhs_V_reg_1833                    |   5|   0|    6|          1|
    |sext_ln215_reg_1814               |   6|   0|    6|          0|
    |storemerge_reg_518                |   2|   0|    2|          0|
    |sub_ln180_1_reg_2074              |   9|   0|   10|          1|
    |sub_ln215_1_reg_2009              |   6|   0|    6|          0|
    |sub_ln74_reg_1978                 |  64|   0|   64|          0|
    |sum_0_reg_551                     |   5|   0|    5|          0|
    |sum_1_reg_575                     |   5|   0|    5|          0|
    |tmp_10_reg_2045                   |   1|   0|    1|          0|
    |trunc_ln68_reg_1839               |   4|   0|    4|          0|
    |word_buffer_m_V_addr_2_reg_1884   |   7|   0|    8|          1|
    |word_buffer_m_V_addr_3_reg_2110   |   7|   0|    8|          1|
    |word_buffer_m_V_addr_4_reg_2115   |   7|   0|    8|          1|
    |word_buffer_m_V_addr_5_reg_1889   |   7|   0|    8|          1|
    |word_buffer_m_V_addr_7_reg_2064   |   7|   0|    8|          1|
    |word_buffer_m_V_addr_8_reg_2069   |   7|   0|    8|          1|
    |zext_ln215_3_reg_1799             |   2|   0|    7|          5|
    |zext_ln215_4_reg_1804             |   2|   0|    6|          4|
    |zext_ln544_5_reg_2049             |   4|   0|   64|         60|
    |zext_ln544_reg_1855               |   4|   0|   64|         60|
    +----------------------------------+----+----+-----+-----------+
    |Total                             | 413|   0|  571|        158|
    +----------------------------------+----+----+-----+-----------+



================================================================
== Interface
================================================================
* Summary: 
+------------------------------+-----+-----+------------+------------------------+--------------+
|           RTL Ports          | Dir | Bits|  Protocol  |      Source Object     |    C Type    |
+------------------------------+-----+-----+------------+------------------------+--------------+
|ap_clk                        |  in |    1| ap_ctrl_hs |      process_word      | return value |
|ap_rst                        |  in |    1| ap_ctrl_hs |      process_word      | return value |
|ap_start                      |  in |    1| ap_ctrl_hs |      process_word      | return value |
|ap_done                       | out |    1| ap_ctrl_hs |      process_word      | return value |
|ap_idle                       | out |    1| ap_ctrl_hs |      process_word      | return value |
|ap_ready                      | out |    1| ap_ctrl_hs |      process_word      | return value |
|word_buffer_m_V_address0      | out |    8|  ap_memory |     word_buffer_m_V    |     array    |
|word_buffer_m_V_ce0           | out |    1|  ap_memory |     word_buffer_m_V    |     array    |
|word_buffer_m_V_q0            |  in |    2|  ap_memory |     word_buffer_m_V    |     array    |
|word_buffer_m_V_address1      | out |    8|  ap_memory |     word_buffer_m_V    |     array    |
|word_buffer_m_V_ce1           | out |    1|  ap_memory |     word_buffer_m_V    |     array    |
|word_buffer_m_V_q1            |  in |    2|  ap_memory |     word_buffer_m_V    |     array    |
|word_buffer_m_V_offset        |  in |    2|   ap_none  | word_buffer_m_V_offset |    scalar    |
|old_word_buffer_m_V_address0  | out |    8|  ap_memory |   old_word_buffer_m_V  |     array    |
|old_word_buffer_m_V_ce0       | out |    1|  ap_memory |   old_word_buffer_m_V  |     array    |
|old_word_buffer_m_V_q0        |  in |    2|  ap_memory |   old_word_buffer_m_V  |     array    |
|old_word_buffer_m_V_address1  | out |    8|  ap_memory |   old_word_buffer_m_V  |     array    |
|old_word_buffer_m_V_ce1       | out |    1|  ap_memory |   old_word_buffer_m_V  |     array    |
|old_word_buffer_m_V_q1        |  in |    2|  ap_memory |   old_word_buffer_m_V  |     array    |
|lb_address0                   | out |    3|  ap_memory |           lb           |     array    |
|lb_ce0                        | out |    1|  ap_memory |           lb           |     array    |
|lb_q0                         |  in |    1|  ap_memory |           lb           |     array    |
|rb_address0                   | out |    3|  ap_memory |           rb           |     array    |
|rb_ce0                        | out |    1|  ap_memory |           rb           |     array    |
|rb_q0                         |  in |    1|  ap_memory |           rb           |     array    |
|line_buffer_m_V_address0      | out |    9|  ap_memory |     line_buffer_m_V    |     array    |
|line_buffer_m_V_ce0           | out |    1|  ap_memory |     line_buffer_m_V    |     array    |
|line_buffer_m_V_we0           | out |    1|  ap_memory |     line_buffer_m_V    |     array    |
|line_buffer_m_V_d0            | out |    2|  ap_memory |     line_buffer_m_V    |     array    |
|line_buffer_m_V_q0            |  in |    2|  ap_memory |     line_buffer_m_V    |     array    |
|line_buffer_m_V_address1      | out |    9|  ap_memory |     line_buffer_m_V    |     array    |
|line_buffer_m_V_ce1           | out |    1|  ap_memory |     line_buffer_m_V    |     array    |
|line_buffer_m_V_we1           | out |    1|  ap_memory |     line_buffer_m_V    |     array    |
|line_buffer_m_V_d1            | out |    2|  ap_memory |     line_buffer_m_V    |     array    |
|conv_params_m_V_address0      | out |    5|  ap_memory |     conv_params_m_V    |     array    |
|conv_params_m_V_ce0           | out |    1|  ap_memory |     conv_params_m_V    |     array    |
|conv_params_m_V_q0            |  in |    1|  ap_memory |     conv_params_m_V    |     array    |
|conv_out_buffer_m_V_address0  | out |    7|  ap_memory |   conv_out_buffer_m_V  |     array    |
|conv_out_buffer_m_V_ce0       | out |    1|  ap_memory |   conv_out_buffer_m_V  |     array    |
|conv_out_buffer_m_V_we0       | out |    1|  ap_memory |   conv_out_buffer_m_V  |     array    |
|conv_out_buffer_m_V_d0        | out |    5|  ap_memory |   conv_out_buffer_m_V  |     array    |
|log_width_V                   |  in |    3|   ap_none  |       log_width_V      |    scalar    |
|words_per_image_V             |  in |    5|   ap_none  |    words_per_image_V   |    scalar    |
|wrd_V                         |  in |    8|   ap_none  |          wrd_V         |    scalar    |
+------------------------------+-----+-----+------------+------------------------+--------------+

