

================================================================
== Vivado HLS Report for 'conv3x3b'
================================================================
* Date:           Fri Apr  9 17:30:55 2021

* Version:        2019.1 (Build 2552052 on Fri May 24 15:28:33 MDT 2019)
* Project:        BNN_6
* Solution:       solution1
* Product family: kintex7
* Target device:  xc7k70t-fbv676-1


================================================================
== Performance Estimates
================================================================
+ Timing (ns): 
    * Summary: 
    +--------+-------+----------+------------+
    |  Clock | Target| Estimated| Uncertainty|
    +--------+-------+----------+------------+
    |ap_clk  |  25.00|     7.032|        3.12|
    +--------+-------+----------+------------+

+ Latency (clock cycles): 
    * Summary: 
    +-----+-----+-----+-----+----------+
    |  Latency  |  Interval | Pipeline |
    | min | max | min | max |   Type   |
    +-----+-----+-----+-----+----------+
    |    9|    9|    9|    9| function |
    +-----+-----+-----+-----+----------+

    + Detail: 
        * Instance: 
        N/A

        * Loop: 
        N/A



================================================================
== Utilization Estimates
================================================================
* Summary: 
+-----------------+---------+-------+-------+-------+-----+
|       Name      | BRAM_18K| DSP48E|   FF  |  LUT  | URAM|
+-----------------+---------+-------+-------+-------+-----+
|DSP              |        -|      -|      -|      -|    -|
|Expression       |        -|      -|      0|    547|    -|
|FIFO             |        -|      -|      -|      -|    -|
|Instance         |        -|      -|      -|      -|    -|
|Memory           |        -|      -|      -|      -|    -|
|Multiplexer      |        -|      -|      -|    159|    -|
|Register         |        -|      -|    184|      -|    -|
+-----------------+---------+-------+-------+-------+-----+
|Total            |        0|      0|    184|    706|    0|
+-----------------+---------+-------+-------+-------+-----+
|Available        |      270|    240|  82000|  41000|    0|
+-----------------+---------+-------+-------+-------+-----+
|Utilization (%)  |        0|      0|   ~0  |      1|    0|
+-----------------+---------+-------+-------+-------+-----+

+ Detail: 
    * Instance: 
    N/A

    * DSP48E: 
    N/A

    * Memory: 
    N/A

    * FIFO: 
    N/A

    * Expression: 
    +-----------------------------+----------+-------+---+----+------------+------------+
    |        Variable Name        | Operation| DSP48E| FF| LUT| Bitwidth P0| Bitwidth P1|
    +-----------------------------+----------+-------+---+----+------------+------------+
    |add_ln1353_14_fu_465_p2      |     +    |      0|  0|  13|           2|           4|
    |add_ln1353_fu_385_p2         |     +    |      0|  0|  13|           1|           4|
    |add_ln700_3_fu_656_p2        |     +    |      0|  0|  12|           3|           3|
    |add_ln700_4_fu_666_p2        |     +    |      0|  0|  13|           4|           4|
    |add_ln700_5_fu_795_p2        |     +    |      0|  0|  12|           3|           3|
    |add_ln700_6_fu_976_p2        |     +    |      0|  0|  12|           3|           3|
    |add_ln700_7_fu_986_p2        |     +    |      0|  0|  13|           4|           4|
    |add_ln700_8_fu_996_p2        |     +    |      0|  0|  14|           5|           5|
    |add_ln700_fu_484_p2          |     +    |      0|  0|  12|           3|           3|
    |add_ln79_10_fu_591_p2        |     +    |      0|  0|  20|          13|          13|
    |add_ln79_11_fu_595_p2        |     +    |      0|  0|  20|          13|          13|
    |add_ln79_1_fu_498_p2         |     +    |      0|  0|  20|           4|          13|
    |add_ln79_2_fu_567_p2         |     +    |      0|  0|  20|           5|          13|
    |add_ln79_3_fu_320_p2         |     +    |      0|  0|  20|          13|          13|
    |add_ln79_4_fu_503_p2         |     +    |      0|  0|  20|          13|          13|
    |add_ln79_5_fu_572_p2         |     +    |      0|  0|  20|          13|          13|
    |add_ln79_6_fu_394_p2         |     +    |      0|  0|  20|          13|          13|
    |add_ln79_7_fu_577_p2         |     +    |      0|  0|  20|          13|          13|
    |add_ln79_8_fu_586_p2         |     +    |      0|  0|  20|          13|          13|
    |add_ln79_9_fu_474_p2         |     +    |      0|  0|  20|          13|          13|
    |add_ln79_fu_280_p2           |     +    |      0|  0|  15|           5|           5|
    |ap_return                    |     +    |      0|  0|  14|           5|           5|
    |sub_ln79_fu_310_p2           |     -    |      0|  0|  20|          13|          13|
    |and_ln1355_1_fu_431_p2       |    and   |      0|  0|   6|           1|           1|
    |and_ln1355_2_fu_529_p2       |    and   |      0|  0|   6|           1|           1|
    |and_ln1355_3_fu_619_p2       |    and   |      0|  0|   6|           1|           1|
    |and_ln1355_4_fu_700_p2       |    and   |      0|  0|   6|           1|           1|
    |and_ln1355_5_fu_761_p2       |    and   |      0|  0|   6|           1|           1|
    |and_ln1355_6_fu_884_p2       |    and   |      0|  0|   6|           1|           1|
    |and_ln1355_7_fu_841_p2       |    and   |      0|  0|   6|           1|           1|
    |and_ln1355_8_fu_936_p2       |    and   |      0|  0|   6|           1|           1|
    |and_ln1355_fu_355_p2         |    and   |      0|  0|   6|           1|           1|
    |ap_block_pp0_stage0_11001    |    and   |      0|  0|   6|           1|           1|
    |ap_block_pp0_stage0_subdone  |    or    |      0|  0|   6|           1|           1|
    |select_ln215_1_fu_404_p3     |  select  |      0|  0|   4|           1|           4|
    |select_ln215_2_fu_255_p3     |  select  |      0|  0|   5|           1|           5|
    |select_ln215_3_fu_331_p3     |  select  |      0|  0|   5|           1|           5|
    |select_ln215_4_fu_672_p3     |  select  |      0|  0|   4|           1|           4|
    |select_ln215_5_fu_490_p3     |  select  |      0|  0|   4|           1|           4|
    |select_ln215_6_fu_559_p3     |  select  |      0|  0|   4|           1|           4|
    |select_ln215_7_fu_730_p3     |  select  |      0|  0|   4|           1|           4|
    |select_ln215_8_fu_801_p3     |  select  |      0|  0|   4|           1|           4|
    |select_ln215_fu_813_p3       |  select  |      0|  0|   4|           1|           4|
    |ap_enable_pp0                |    xor   |      0|  0|   6|           1|           2|
    |xor_ln841_1_fu_445_p2        |    xor   |      0|  0|   6|           1|           1|
    |xor_ln841_2_fu_543_p2        |    xor   |      0|  0|   6|           1|           1|
    |xor_ln841_3_fu_633_p2        |    xor   |      0|  0|   6|           1|           1|
    |xor_ln841_4_fu_714_p2        |    xor   |      0|  0|   6|           1|           1|
    |xor_ln841_5_fu_775_p2        |    xor   |      0|  0|   6|           1|           1|
    |xor_ln841_6_fu_897_p2        |    xor   |      0|  0|   6|           1|           1|
    |xor_ln841_7_fu_855_p2        |    xor   |      0|  0|   6|           1|           1|
    |xor_ln841_8_fu_950_p2        |    xor   |      0|  0|   6|           1|           1|
    |xor_ln841_fu_369_p2          |    xor   |      0|  0|   6|           1|           1|
    +-----------------------------+----------+-------+---+----+------------+------------+
    |Total                        |          |      0|  0| 547|         207|         259|
    +-----------------------------+----------+-------+---+----+------------+------------+

    * Multiplexer: 
    +-------------------------+----+-----------+-----+-----------+
    |           Name          | LUT| Input Size| Bits| Total Bits|
    +-------------------------+----+-----------+-----+-----------+
    |ap_NS_fsm                |  47|         10|    1|         10|
    |ap_enable_reg_pp0_iter0  |   9|          2|    1|          2|
    |ap_enable_reg_pp0_iter1  |   9|          2|    1|          2|
    |tryVertical_address0     |  47|         10|   11|        110|
    |tryVertical_address1     |  47|         10|   11|        110|
    +-------------------------+----+-----------+-----+-----------+
    |Total                    | 159|         34|   25|        234|
    +-------------------------+----+-----------+-----+-----------+

    * Register: 
    +-------------------------------+----+----+-----+-----------+
    |              Name             | FF | LUT| Bits| Const Bits|
    +-------------------------------+----+----+-----+-----------+
    |add_ln700_4_reg_1143           |   4|   0|    4|          0|
    |add_ln700_5_reg_1173           |   3|   0|    3|          0|
    |add_ln700_reg_1087             |   3|   0|    3|          0|
    |add_ln79_10_reg_1123           |  13|   0|   13|          0|
    |add_ln79_11_reg_1128           |  13|   0|   13|          0|
    |add_ln79_1_reg_1092            |  12|   0|   13|          1|
    |add_ln79_5_reg_1113            |  13|   0|   13|          0|
    |add_ln79_8_reg_1118            |  13|   0|   13|          0|
    |ap_CS_fsm                      |   9|   0|    9|          0|
    |ap_enable_reg_pp0_iter0_reg    |   1|   0|    1|          0|
    |ap_enable_reg_pp0_iter1        |   1|   0|    1|          0|
    |cc_V_read_reg_1008             |   4|   0|    4|          0|
    |conv_params_m_V_offs_reg_1014  |   1|   0|    1|          0|
    |sub_ln79_reg_1026              |  12|   0|   13|          1|
    |tmp_104_reg_1098               |   2|   0|    2|          0|
    |tmp_110_reg_1148               |   2|   0|    2|          0|
    |tmp_119_reg_1200               |   2|   0|    2|          0|
    |tmp_98_reg_1050                |   2|   0|    2|          0|
    |tryVertical_load_854_reg_1178  |  31|   0|   31|          0|
    |tryVertical_load_855_reg_1185  |  31|   0|   31|          0|
    |zext_ln79_11_reg_1071          |   4|   0|   13|          9|
    |zext_ln79_3_reg_1034           |   4|   0|   13|          9|
    |zext_ln79_7_reg_1055           |   4|   0|   13|          9|
    +-------------------------------+----+----+-----+-----------+
    |Total                          | 184|   0|  213|         29|
    +-------------------------------+----+----+-----+-----------+



================================================================
== Interface
================================================================
* Summary: 
+------------------------+-----+-----+------------+------------------------+--------------+
|        RTL Ports       | Dir | Bits|  Protocol  |      Source Object     |    C Type    |
+------------------------+-----+-----+------------+------------------------+--------------+
|ap_clk                  |  in |    1| ap_ctrl_hs |        conv3x3b        | return value |
|ap_rst                  |  in |    1| ap_ctrl_hs |        conv3x3b        | return value |
|ap_start                |  in |    1| ap_ctrl_hs |        conv3x3b        | return value |
|ap_done                 | out |    1| ap_ctrl_hs |        conv3x3b        | return value |
|ap_idle                 | out |    1| ap_ctrl_hs |        conv3x3b        | return value |
|ap_ready                | out |    1| ap_ctrl_hs |        conv3x3b        | return value |
|ap_ce                   |  in |    1| ap_ctrl_hs |        conv3x3b        | return value |
|ap_return               | out |    5| ap_ctrl_hs |        conv3x3b        | return value |
|tryVertical_address0    | out |   11|  ap_memory |       tryVertical      |     array    |
|tryVertical_ce0         | out |    1|  ap_memory |       tryVertical      |     array    |
|tryVertical_q0          |  in |   31|  ap_memory |       tryVertical      |     array    |
|tryVertical_address1    | out |   11|  ap_memory |       tryVertical      |     array    |
|tryVertical_ce1         | out |    1|  ap_memory |       tryVertical      |     array    |
|tryVertical_q1          |  in |   31|  ap_memory |       tryVertical      |     array    |
|line_buffer_m_V_offset  |  in |    1|   ap_none  | line_buffer_m_V_offset |    scalar    |
|conv_params_m_V_offset  |  in |    1|   ap_none  | conv_params_m_V_offset |    scalar    |
|bank_V                  |  in |    4|   ap_none  |         bank_V         |    scalar    |
|cc_V                    |  in |    4|   ap_none  |          cc_V          |    scalar    |
+------------------------+-----+-----+------------+------------------------+--------------+

