

================================================================
== Vivado HLS Report for 'conv3x3b'
================================================================
* Date:           Fri Apr  9 18:00:24 2021

* Version:        2019.1 (Build 2552052 on Fri May 24 15:28:33 MDT 2019)
* Project:        BNN_6
* Solution:       solution1
* Product family: kintex7
* Target device:  xc7k70t-fbv676-1


================================================================
== Performance Estimates
================================================================
+ Timing (ns): 
    * Summary: 
    +--------+-------+----------+------------+
    |  Clock | Target| Estimated| Uncertainty|
    +--------+-------+----------+------------+
    |ap_clk  |  25.00|     7.649|        3.12|
    +--------+-------+----------+------------+

+ Latency (clock cycles): 
    * Summary: 
    +-----+-----+-----+-----+----------+
    |  Latency  |  Interval | Pipeline |
    | min | max | min | max |   Type   |
    +-----+-----+-----+-----+----------+
    |    3|    3|    2|    2| function |
    +-----+-----+-----+-----+----------+

    + Detail: 
        * Instance: 
        N/A

        * Loop: 
        N/A



================================================================
== Utilization Estimates
================================================================
* Summary: 
+-----------------+---------+-------+-------+-------+-----+
|       Name      | BRAM_18K| DSP48E|   FF  |  LUT  | URAM|
+-----------------+---------+-------+-------+-------+-----+
|DSP              |        -|      -|      -|      -|    -|
|Expression       |        -|      -|      0|    524|    -|
|FIFO             |        -|      -|      -|      -|    -|
|Instance         |        -|      -|      -|      -|    -|
|Memory           |        -|      -|      -|      -|    -|
|Multiplexer      |        -|      -|      -|    252|    -|
|Register         |        -|      -|     65|      -|    -|
+-----------------+---------+-------+-------+-------+-----+
|Total            |        0|      0|     65|    776|    0|
+-----------------+---------+-------+-------+-------+-----+
|Available        |      270|    240|  82000|  41000|    0|
+-----------------+---------+-------+-------+-------+-----+
|Utilization (%)  |        0|      0|   ~0  |      1|    0|
+-----------------+---------+-------+-------+-------+-----+

+ Detail: 
    * Instance: 
    N/A

    * DSP48E: 
    N/A

    * Memory: 
    N/A

    * FIFO: 
    N/A

    * Expression: 
    +-----------------------------+----------+-------+---+----+------------+------------+
    |        Variable Name        | Operation| DSP48E| FF| LUT| Bitwidth P0| Bitwidth P1|
    +-----------------------------+----------+-------+---+----+------------+------------+
    |add_ln1353_1_fu_684_p2       |     +    |      0|  0|  13|           2|           4|
    |add_ln1353_fu_633_p2         |     +    |      0|  0|  13|           1|           4|
    |add_ln700_3_fu_1362_p2       |     +    |      0|  0|  12|           3|           3|
    |add_ln700_4_fu_1372_p2       |     +    |      0|  0|  13|           4|           4|
    |add_ln700_5_fu_1382_p2       |     +    |      0|  0|  12|           3|           3|
    |add_ln700_6_fu_1392_p2       |     +    |      0|  0|  12|           3|           3|
    |add_ln700_7_fu_1402_p2       |     +    |      0|  0|  13|           4|           4|
    |add_ln700_8_fu_1412_p2       |     +    |      0|  0|  14|           5|           5|
    |add_ln700_fu_1034_p2         |     +    |      0|  0|  12|           3|           3|
    |add_ln79_10_fu_932_p2        |     +    |      0|  0|  15|           7|           7|
    |add_ln79_11_fu_721_p2        |     +    |      0|  0|  15|           5|           5|
    |add_ln79_1_fu_593_p2         |     +    |      0|  0|  15|           7|           7|
    |add_ln79_2_fu_610_p2         |     +    |      0|  0|  15|           5|           5|
    |add_ln79_3_fu_619_p2         |     +    |      0|  0|  15|           6|           6|
    |add_ln79_4_fu_741_p2         |     +    |      0|  0|  15|           7|           7|
    |add_ln79_5_fu_754_p2         |     +    |      0|  0|  15|           5|           5|
    |add_ln79_6_fu_656_p2         |     +    |      0|  0|  15|           6|           6|
    |add_ln79_7_fu_670_p2         |     +    |      0|  0|  15|           7|           7|
    |add_ln79_8_fu_855_p2         |     +    |      0|  0|  15|           5|           5|
    |add_ln79_9_fu_707_p2         |     +    |      0|  0|  15|           6|           6|
    |add_ln79_fu_563_p2           |     +    |      0|  0|  15|           6|           6|
    |ap_return                    |     +    |      0|  0|  14|           5|           5|
    |and_ln1355_1_fu_896_p2       |    and   |      0|  0|   6|           1|           1|
    |and_ln1355_2_fu_1049_p2      |    and   |      0|  0|   6|           1|           1|
    |and_ln1355_3_fu_1107_p2      |    and   |      0|  0|   6|           1|           1|
    |and_ln1355_4_fu_1165_p2      |    and   |      0|  0|   6|           1|           1|
    |and_ln1355_5_fu_989_p2       |    and   |      0|  0|   6|           1|           1|
    |and_ln1355_6_fu_1226_p2      |    and   |      0|  0|   6|           1|           1|
    |and_ln1355_7_fu_1268_p2      |    and   |      0|  0|   6|           1|           1|
    |and_ln1355_8_fu_1326_p2      |    and   |      0|  0|   6|           1|           1|
    |and_ln1355_fu_819_p2         |    and   |      0|  0|   6|           1|           1|
    |and_ln79_1_fu_790_p2         |    and   |      0|  0|   6|           1|           1|
    |and_ln79_2_fu_803_p2         |    and   |      0|  0|   6|           1|           1|
    |and_ln79_fu_772_p2           |    and   |      0|  0|   6|           1|           1|
    |ap_block_pp0_stage0_11001    |    and   |      0|  0|   6|           1|           1|
    |ap_block_pp0_stage0_subdone  |    or    |      0|  0|   6|           1|           1|
    |or_ln79_fu_569_p2            |    or    |      0|  0|   6|           3|           1|
    |select_ln79_10_fu_1089_p3    |  select  |      0|  0|   2|           1|           2|
    |select_ln79_11_fu_1096_p3    |  select  |      0|  0|   2|           1|           2|
    |select_ln79_12_fu_1140_p3    |  select  |      0|  0|   2|           1|           2|
    |select_ln79_13_fu_1147_p3    |  select  |      0|  0|   2|           1|           2|
    |select_ln79_14_fu_1154_p3    |  select  |      0|  0|   2|           1|           2|
    |select_ln79_15_fu_961_p3     |  select  |      0|  0|   2|           1|           2|
    |select_ln79_16_fu_969_p3     |  select  |      0|  0|   2|           1|           2|
    |select_ln79_17_fu_977_p3     |  select  |      0|  0|   2|           1|           2|
    |select_ln79_18_fu_1201_p3    |  select  |      0|  0|   2|           1|           2|
    |select_ln79_19_fu_1208_p3    |  select  |      0|  0|   2|           1|           2|
    |select_ln79_1_fu_795_p3      |  select  |      0|  0|   2|           1|           2|
    |select_ln79_20_fu_1215_p3    |  select  |      0|  0|   2|           1|           2|
    |select_ln79_21_fu_1018_p3    |  select  |      0|  0|   2|           1|           2|
    |select_ln79_22_fu_1026_p3    |  select  |      0|  0|   2|           1|           2|
    |select_ln79_23_fu_1259_p3    |  select  |      0|  0|   2|           1|           2|
    |select_ln79_24_fu_1301_p3    |  select  |      0|  0|   2|           1|           2|
    |select_ln79_25_fu_1308_p3    |  select  |      0|  0|   2|           1|           2|
    |select_ln79_26_fu_1315_p3    |  select  |      0|  0|   2|           1|           2|
    |select_ln79_2_fu_807_p3      |  select  |      0|  0|   2|           1|           2|
    |select_ln79_3_fu_868_p3      |  select  |      0|  0|   2|           1|           2|
    |select_ln79_4_fu_876_p3      |  select  |      0|  0|   2|           1|           2|
    |select_ln79_5_fu_884_p3      |  select  |      0|  0|   2|           1|           2|
    |select_ln79_6_fu_945_p3      |  select  |      0|  0|   2|           1|           2|
    |select_ln79_7_fu_953_p3      |  select  |      0|  0|   2|           1|           2|
    |select_ln79_8_fu_1040_p3     |  select  |      0|  0|   2|           1|           2|
    |select_ln79_9_fu_1082_p3     |  select  |      0|  0|   2|           1|           2|
    |select_ln79_fu_777_p3        |  select  |      0|  0|   2|           1|           2|
    |ap_enable_pp0                |    xor   |      0|  0|   6|           1|           2|
    |xor_ln79_1_fu_785_p2         |    xor   |      0|  0|   6|           1|           2|
    |xor_ln79_fu_767_p2           |    xor   |      0|  0|   6|           1|           2|
    |xor_ln841_1_fu_909_p2        |    xor   |      0|  0|   6|           1|           1|
    |xor_ln841_2_fu_1062_p2       |    xor   |      0|  0|   6|           1|           1|
    |xor_ln841_3_fu_1120_p2       |    xor   |      0|  0|   6|           1|           1|
    |xor_ln841_4_fu_1178_p2       |    xor   |      0|  0|   6|           1|           1|
    |xor_ln841_5_fu_1002_p2       |    xor   |      0|  0|   6|           1|           1|
    |xor_ln841_6_fu_1239_p2       |    xor   |      0|  0|   6|           1|           1|
    |xor_ln841_7_fu_1281_p2       |    xor   |      0|  0|   6|           1|           1|
    |xor_ln841_8_fu_1339_p2       |    xor   |      0|  0|   6|           1|           1|
    |xor_ln841_fu_832_p2          |    xor   |      0|  0|   6|           1|           1|
    +-----------------------------+----------+-------+---+----+------------+------------+
    |Total                        |          |      0|  0| 524|         161|         194|
    +-----------------------------+----------+-------+---+----+------------+------------+

    * Multiplexer: 
    +----------------------------------+----+-----------+-----+-----------+
    |               Name               | LUT| Input Size| Bits| Total Bits|
    +----------------------------------+----+-----------+-----+-----------+
    |ap_NS_fsm                         |  15|          3|    1|          3|
    |ap_enable_reg_pp0_iter0           |   9|          2|    1|          2|
    |line_buffer_m_0_0_0_V_address0    |  21|          4|    6|         24|
    |line_buffer_m_0_0_0_V_address1    |  21|          4|    6|         24|
    |line_buffer_m_0_0_1_V_address0    |  21|          4|    6|         24|
    |line_buffer_m_0_0_1_V_address1    |  21|          4|    6|         24|
    |line_buffer_m_0_1_0_0_V_address0  |  15|          3|    5|         15|
    |line_buffer_m_0_1_1_0_V_address0  |  15|          3|    5|         15|
    |line_buffer_m_1_0_0_V_address0    |  21|          4|    6|         24|
    |line_buffer_m_1_0_0_V_address1    |  21|          4|    6|         24|
    |line_buffer_m_1_0_1_V_address0    |  21|          4|    6|         24|
    |line_buffer_m_1_0_1_V_address1    |  21|          4|    6|         24|
    |line_buffer_m_1_1_0_0_V_address0  |  15|          3|    5|         15|
    |line_buffer_m_1_1_1_0_V_address0  |  15|          3|    5|         15|
    +----------------------------------+----+-----------+-----+-----------+
    |Total                             | 252|         49|   70|        257|
    +----------------------------------+----+-----------+-----+-----------+

    * Register: 
    +---------------------------------+---+----+-----+-----------+
    |               Name              | FF| LUT| Bits| Const Bits|
    +---------------------------------+---+----+-----+-----------+
    |add_ln700_reg_1757               |  3|   0|    3|          0|
    |add_ln79_1_reg_1504              |  6|   0|    7|          1|
    |add_ln79_2_reg_1510              |  5|   0|    5|          0|
    |and_ln79_1_reg_1674              |  1|   0|    1|          0|
    |and_ln79_2_reg_1682              |  1|   0|    1|          0|
    |and_ln79_reg_1666                |  1|   0|    1|          0|
    |ap_CS_fsm                        |  2|   0|    2|          0|
    |ap_enable_reg_pp0_iter0_reg      |  1|   0|    1|          0|
    |ap_enable_reg_pp0_iter1          |  1|   0|    1|          0|
    |ap_port_reg_conv_params_m_0_0_s  |  1|   0|    1|          0|
    |ap_port_reg_conv_params_m_0_1_s  |  1|   0|    1|          0|
    |ap_port_reg_conv_params_m_0_2_s  |  1|   0|    1|          0|
    |ap_port_reg_conv_params_m_1_0_s  |  1|   0|    1|          0|
    |ap_port_reg_conv_params_m_1_1_s  |  1|   0|    1|          0|
    |ap_port_reg_conv_params_m_1_2_s  |  1|   0|    1|          0|
    |ap_port_reg_conv_params_m_2_0_s  |  1|   0|    1|          0|
    |ap_port_reg_conv_params_m_2_1_s  |  1|   0|    1|          0|
    |ap_port_reg_conv_params_m_2_2_s  |  1|   0|    1|          0|
    |cc_V_read_reg_1424               |  4|   0|    4|          0|
    |conv_params_m_0_0_3_reg_1499     |  1|   0|    1|          0|
    |conv_params_m_0_1_3_reg_1494     |  1|   0|    1|          0|
    |conv_params_m_0_2_3_reg_1489     |  1|   0|    1|          0|
    |conv_params_m_1_0_3_reg_1484     |  1|   0|    1|          0|
    |conv_params_m_1_1_3_reg_1479     |  1|   0|    1|          0|
    |conv_params_m_1_2_3_reg_1474     |  1|   0|    1|          0|
    |conv_params_m_2_0_3_reg_1469     |  1|   0|    1|          0|
    |conv_params_m_2_1_3_reg_1464     |  1|   0|    1|          0|
    |conv_params_m_2_2_3_reg_1459     |  1|   0|    1|          0|
    |line_buffer_m_1_0_95_reg_1732    |  2|   0|    2|          0|
    |line_buffer_m_1_0_99_reg_1747    |  2|   0|    2|          0|
    |lshr_ln_reg_1437                 |  2|   0|    2|          0|
    |select_ln79_22_reg_1752          |  2|   0|    2|          0|
    |select_ln79_7_reg_1737           |  2|   0|    2|          0|
    |tmp_411_reg_1452                 |  2|   0|    2|          0|
    |tmp_414_reg_1536                 |  3|   0|    3|          0|
    |tmp_417_reg_1581                 |  3|   0|    3|          0|
    |tmp_425_reg_1742                 |  2|   0|    2|          0|
    |trunc_ln79_1_reg_1445            |  1|   0|    1|          0|
    |trunc_ln79_reg_1430              |  1|   0|    1|          0|
    +---------------------------------+---+----+-----+-----------+
    |Total                            | 65|   0|   66|          1|
    +---------------------------------+---+----+-----+-----------+



================================================================
== Interface
================================================================
* Summary: 
+----------------------------------+-----+-----+------------+-------------------------+--------------+
|             RTL Ports            | Dir | Bits|  Protocol  |      Source Object      |    C Type    |
+----------------------------------+-----+-----+------------+-------------------------+--------------+
|ap_clk                            |  in |    1| ap_ctrl_hs |         conv3x3b        | return value |
|ap_rst                            |  in |    1| ap_ctrl_hs |         conv3x3b        | return value |
|ap_start                          |  in |    1| ap_ctrl_hs |         conv3x3b        | return value |
|ap_done                           | out |    1| ap_ctrl_hs |         conv3x3b        | return value |
|ap_idle                           | out |    1| ap_ctrl_hs |         conv3x3b        | return value |
|ap_ready                          | out |    1| ap_ctrl_hs |         conv3x3b        | return value |
|ap_ce                             |  in |    1| ap_ctrl_hs |         conv3x3b        | return value |
|ap_return                         | out |    5| ap_ctrl_hs |         conv3x3b        | return value |
|line_buffer_m_0_0_0_V_address0    | out |    6|  ap_memory |  line_buffer_m_0_0_0_V  |     array    |
|line_buffer_m_0_0_0_V_ce0         | out |    1|  ap_memory |  line_buffer_m_0_0_0_V  |     array    |
|line_buffer_m_0_0_0_V_q0          |  in |    2|  ap_memory |  line_buffer_m_0_0_0_V  |     array    |
|line_buffer_m_0_0_0_V_address1    | out |    6|  ap_memory |  line_buffer_m_0_0_0_V  |     array    |
|line_buffer_m_0_0_0_V_ce1         | out |    1|  ap_memory |  line_buffer_m_0_0_0_V  |     array    |
|line_buffer_m_0_0_0_V_q1          |  in |    2|  ap_memory |  line_buffer_m_0_0_0_V  |     array    |
|line_buffer_m_0_0_1_V_address0    | out |    6|  ap_memory |  line_buffer_m_0_0_1_V  |     array    |
|line_buffer_m_0_0_1_V_ce0         | out |    1|  ap_memory |  line_buffer_m_0_0_1_V  |     array    |
|line_buffer_m_0_0_1_V_q0          |  in |    2|  ap_memory |  line_buffer_m_0_0_1_V  |     array    |
|line_buffer_m_0_0_1_V_address1    | out |    6|  ap_memory |  line_buffer_m_0_0_1_V  |     array    |
|line_buffer_m_0_0_1_V_ce1         | out |    1|  ap_memory |  line_buffer_m_0_0_1_V  |     array    |
|line_buffer_m_0_0_1_V_q1          |  in |    2|  ap_memory |  line_buffer_m_0_0_1_V  |     array    |
|line_buffer_m_0_1_0_0_V_address0  | out |    5|  ap_memory | line_buffer_m_0_1_0_0_V |     array    |
|line_buffer_m_0_1_0_0_V_ce0       | out |    1|  ap_memory | line_buffer_m_0_1_0_0_V |     array    |
|line_buffer_m_0_1_0_0_V_q0        |  in |    2|  ap_memory | line_buffer_m_0_1_0_0_V |     array    |
|line_buffer_m_0_1_0_0_V_address1  | out |    5|  ap_memory | line_buffer_m_0_1_0_0_V |     array    |
|line_buffer_m_0_1_0_0_V_ce1       | out |    1|  ap_memory | line_buffer_m_0_1_0_0_V |     array    |
|line_buffer_m_0_1_0_0_V_q1        |  in |    2|  ap_memory | line_buffer_m_0_1_0_0_V |     array    |
|line_buffer_m_0_1_1_0_V_address0  | out |    5|  ap_memory | line_buffer_m_0_1_1_0_V |     array    |
|line_buffer_m_0_1_1_0_V_ce0       | out |    1|  ap_memory | line_buffer_m_0_1_1_0_V |     array    |
|line_buffer_m_0_1_1_0_V_q0        |  in |    2|  ap_memory | line_buffer_m_0_1_1_0_V |     array    |
|line_buffer_m_0_1_1_0_V_address1  | out |    5|  ap_memory | line_buffer_m_0_1_1_0_V |     array    |
|line_buffer_m_0_1_1_0_V_ce1       | out |    1|  ap_memory | line_buffer_m_0_1_1_0_V |     array    |
|line_buffer_m_0_1_1_0_V_q1        |  in |    2|  ap_memory | line_buffer_m_0_1_1_0_V |     array    |
|line_buffer_m_1_0_0_V_address0    | out |    6|  ap_memory |  line_buffer_m_1_0_0_V  |     array    |
|line_buffer_m_1_0_0_V_ce0         | out |    1|  ap_memory |  line_buffer_m_1_0_0_V  |     array    |
|line_buffer_m_1_0_0_V_q0          |  in |    2|  ap_memory |  line_buffer_m_1_0_0_V  |     array    |
|line_buffer_m_1_0_0_V_address1    | out |    6|  ap_memory |  line_buffer_m_1_0_0_V  |     array    |
|line_buffer_m_1_0_0_V_ce1         | out |    1|  ap_memory |  line_buffer_m_1_0_0_V  |     array    |
|line_buffer_m_1_0_0_V_q1          |  in |    2|  ap_memory |  line_buffer_m_1_0_0_V  |     array    |
|line_buffer_m_1_0_1_V_address0    | out |    6|  ap_memory |  line_buffer_m_1_0_1_V  |     array    |
|line_buffer_m_1_0_1_V_ce0         | out |    1|  ap_memory |  line_buffer_m_1_0_1_V  |     array    |
|line_buffer_m_1_0_1_V_q0          |  in |    2|  ap_memory |  line_buffer_m_1_0_1_V  |     array    |
|line_buffer_m_1_0_1_V_address1    | out |    6|  ap_memory |  line_buffer_m_1_0_1_V  |     array    |
|line_buffer_m_1_0_1_V_ce1         | out |    1|  ap_memory |  line_buffer_m_1_0_1_V  |     array    |
|line_buffer_m_1_0_1_V_q1          |  in |    2|  ap_memory |  line_buffer_m_1_0_1_V  |     array    |
|line_buffer_m_1_1_0_0_V_address0  | out |    5|  ap_memory | line_buffer_m_1_1_0_0_V |     array    |
|line_buffer_m_1_1_0_0_V_ce0       | out |    1|  ap_memory | line_buffer_m_1_1_0_0_V |     array    |
|line_buffer_m_1_1_0_0_V_q0        |  in |    2|  ap_memory | line_buffer_m_1_1_0_0_V |     array    |
|line_buffer_m_1_1_0_0_V_address1  | out |    5|  ap_memory | line_buffer_m_1_1_0_0_V |     array    |
|line_buffer_m_1_1_0_0_V_ce1       | out |    1|  ap_memory | line_buffer_m_1_1_0_0_V |     array    |
|line_buffer_m_1_1_0_0_V_q1        |  in |    2|  ap_memory | line_buffer_m_1_1_0_0_V |     array    |
|line_buffer_m_1_1_1_0_V_address0  | out |    5|  ap_memory | line_buffer_m_1_1_1_0_V |     array    |
|line_buffer_m_1_1_1_0_V_ce0       | out |    1|  ap_memory | line_buffer_m_1_1_1_0_V |     array    |
|line_buffer_m_1_1_1_0_V_q0        |  in |    2|  ap_memory | line_buffer_m_1_1_1_0_V |     array    |
|line_buffer_m_1_1_1_0_V_address1  | out |    5|  ap_memory | line_buffer_m_1_1_1_0_V |     array    |
|line_buffer_m_1_1_1_0_V_ce1       | out |    1|  ap_memory | line_buffer_m_1_1_1_0_V |     array    |
|line_buffer_m_1_1_1_0_V_q1        |  in |    2|  ap_memory | line_buffer_m_1_1_1_0_V |     array    |
|conv_params_m_0_0_s               |  in |    1|   ap_none  |   conv_params_m_0_0_s   |    scalar    |
|conv_params_m_0_1_s               |  in |    1|   ap_none  |   conv_params_m_0_1_s   |    scalar    |
|conv_params_m_0_2_s               |  in |    1|   ap_none  |   conv_params_m_0_2_s   |    scalar    |
|conv_params_m_1_0_s               |  in |    1|   ap_none  |   conv_params_m_1_0_s   |    scalar    |
|conv_params_m_1_1_s               |  in |    1|   ap_none  |   conv_params_m_1_1_s   |    scalar    |
|conv_params_m_1_2_s               |  in |    1|   ap_none  |   conv_params_m_1_2_s   |    scalar    |
|conv_params_m_2_0_s               |  in |    1|   ap_none  |   conv_params_m_2_0_s   |    scalar    |
|conv_params_m_2_1_s               |  in |    1|   ap_none  |   conv_params_m_2_1_s   |    scalar    |
|conv_params_m_2_2_s               |  in |    1|   ap_none  |   conv_params_m_2_2_s   |    scalar    |
|bank_V                            |  in |    4|   ap_none  |          bank_V         |    scalar    |
|cc_V                              |  in |    4|   ap_none  |           cc_V          |    scalar    |
+----------------------------------+-----+-----+------------+-------------------------+--------------+

