

================================================================
== Vivado HLS Report for 'bin_conv'
================================================================
* Date:           Fri Apr  2 17:39:24 2021

* Version:        2019.1 (Build 2552052 on Fri May 24 15:28:33 MDT 2019)
* Project:        BNN_6
* Solution:       solution1
* Product family: kintex7
* Target device:  xc7k70t-fbv676-1


================================================================
== Performance Estimates
================================================================
+ Timing (ns): 
    * Summary: 
    +--------+-------+----------+------------+
    |  Clock | Target| Estimated| Uncertainty|
    +--------+-------+----------+------------+
    |ap_clk  |  12.00|     6.858|        1.50|
    +--------+-------+----------+------------+

+ Latency (clock cycles): 
    * Summary: 
    +--------+--------+--------+--------+---------+
    |     Latency     |     Interval    | Pipeline|
    |   min  |   max  |   min  |   max  |   Type  |
    +--------+--------+--------+--------+---------+
    |  312078|  345728|  312078|  345728|   none  |
    +--------+--------+--------+--------+---------+

    + Detail: 
        * Instance: 
        +-------------------------+--------------+------+------+------+------+---------+
        |                         |              |   Latency   |   Interval  | Pipeline|
        |         Instance        |    Module    |  min |  max |  min |  max |   Type  |
        +-------------------------+--------------+------+------+------+------+---------+
        |grp_process_word_fu_897  |process_word  |  2140|  2140|  2140|  2140|   none  |
        +-------------------------+--------------+------+------+------+------+---------+

        * Loop: 
        +----------------------------------+--------+--------+-------------+-----------+-----------+------+----------+
        |                                  |     Latency     |  Iteration  |  Initiation Interval  | Trip |          |
        |             Loop Name            |   min  |   max  |   Latency   |  achieved |   target  | Count| Pipelined|
        +----------------------------------+--------+--------+-------------+-----------+-----------+------+----------+
        |- Loop 1                          |       8|       8|            1|          -|          -|     8|    no    |
        |- Loop 2                          |    2112|    2112|           66|          -|          -|    32|    no    |
        | + Loop 2.1                       |      64|      64|            1|          -|          -|    64|    no    |
        |- LOOP_WORDS_IN_PHASE             |  305536|  339136| 4774 ~ 5299 |          -|          -|    64|    no    |
        | + LOOP_WT_WORDS                  |       4|       4|            2|          -|          -|     2|    no    |
        | + LOOP_LOAD_WTS                  |      34|      34|           17|          -|          -|     2|    no    |
        |  ++ LOOP_LOAD_WTS.1              |      15|      15|            5|          -|          -|     3|    no    |
        |   +++ LOOP_LOAD_WTS.1.1          |       3|       3|            1|          -|          -|     3|    no    |
        | + LOOP_CONVOLVER_LOAD            |     166|     166|           83|          -|          -|     2|    no    |
        |  ++ LOOP_CONVOLVER_LOAD.1        |      80|      80|           10|          -|          -|     8|    no    |
        |   +++ LOOP_CONVOLVER_LOAD.1.1    |       8|       8|            1|          -|          -|     8|    no    |
        | + LOOP_CONVOLVERS                |    4284|    4284|         2142|          -|          -|     2|    no    |
        | + LOOP_WORDS_IN_PHASE.5          |     356|     356|          178|          -|          -|     2|    no    |
        |  ++ LOOP_WORDS_IN_PHASE.5.1      |     176|     176|           22|          -|          -|     8|    no    |
        |   +++ LOOP_WORDS_IN_PHASE.5.1.1  |      20|      20|            2|          -|          -|    10|    no    |
        | + LOOP_WORDS_IN_PHASE.6          |     128|     448|    2 ~ 7    |          -|          -|    64|    no    |
        |  ++ LOOP_WORDS_IN_PHASE.6.1      |       4|       4|            2|          -|          -|     2|    no    |
        |- Loop 4                          |     128|     128|            2|          -|          -|    64|    no    |
        |- LOOP_ACC_PHASES_I               |    4030|    4030|          130|          -|          -|    31|    no    |
        | + LOOP_ACC_PHASES_I.1            |     128|     128|            2|          -|          -|    64|    no    |
        |- Loop 6                          |     128|     128|            2|          -|          -|    64|    no    |
        |- Loop 7                          |     128|     128|            2|          -|          -|    64|    no    |
        |- Loop 8                          |      32|      32|            1|          -|          -|    32|    no    |
        |- Loop 9                          |      16|      16|            1|          -|          -|    16|    no    |
        +----------------------------------+--------+--------+-------------+-----------+-----------+------+----------+



================================================================
== Utilization Estimates
================================================================
* Summary: 
+-----------------+---------+-------+-------+-------+-----+
|       Name      | BRAM_18K| DSP48E|   FF  |  LUT  | URAM|
+-----------------+---------+-------+-------+-------+-----+
|DSP              |        -|      1|      -|      -|    -|
|Expression       |        -|      -|      0|   1828|    -|
|FIFO             |        -|      -|      -|      -|    -|
|Instance         |        -|      -|    424|   1878|    -|
|Memory           |        4|      -|     44|     30|    0|
|Multiplexer      |        -|      -|      -|    881|    -|
|Register         |        -|      -|   1135|      -|    -|
+-----------------+---------+-------+-------+-------+-----+
|Total            |        4|      1|   1603|   4617|    0|
+-----------------+---------+-------+-------+-------+-----+
|Available        |      270|    240|  82000|  41000|    0|
+-----------------+---------+-------+-------+-------+-----+
|Utilization (%)  |        1|   ~0  |      1|     11|    0|
+-----------------+---------+-------+-------+-------+-----+

+ Detail: 
    * Instance: 
    +-------------------------+--------------+---------+-------+-----+------+-----+
    |         Instance        |    Module    | BRAM_18K| DSP48E|  FF |  LUT | URAM|
    +-------------------------+--------------+---------+-------+-----+------+-----+
    |grp_process_word_fu_897  |process_word  |        0|      0|  424|  1878|    0|
    +-------------------------+--------------+---------+-------+-----+------+-----+
    |Total                    |              |        0|      0|  424|  1878|    0|
    +-------------------------+--------------+---------+-------+-----+------+-----+

    * DSP48E: 
    +--------------------------+----------------------+-----------+
    |         Instance         |        Module        | Expression|
    +--------------------------+----------------------+-----------+
    |top_mul_mul_15ns_ibs_U16  |top_mul_mul_15ns_ibs  |  i0 * i1  |
    +--------------------------+----------------------+-----------+

    * Memory: 
    +---------------------+----------------------+---------+----+----+-----+------+-----+------+-------------+
    |        Memory       |        Module        | BRAM_18K| FF | LUT| URAM| Words| Bits| Banks| W*Bits*Banks|
    +---------------------+----------------------+---------+----+----+-----+------+-----+------+-------------+
    |conv_out_buffer_V_U  |bin_conv_conv_outhbi  |        0|  10|  10|    0|   128|    5|     1|          640|
    |conv_params_V_U      |bin_conv_conv_parcud  |        0|   2|   1|    0|    18|    1|     1|           18|
    |fixed_buffer_V_U     |bin_conv_fixed_budEe  |        2|   0|   0|    0|  2048|   12|     1|        24576|
    |fixed_temp_V_U       |bin_conv_fixed_teeOg  |        0|  24|  12|    0|    64|   12|     1|          768|
    |lb_U                 |bin_conv_lb           |        0|   2|   1|    0|     8|    1|     1|            8|
    |rb_U                 |bin_conv_lb           |        0|   2|   1|    0|     8|    1|     1|            8|
    |line_buffer_U        |bin_conv_line_bufbkb  |        1|   0|   0|    0|   480|    2|     1|          960|
    |old_word_buffer_V_U  |bin_conv_old_wordg8j  |        0|   4|   5|    0|   160|    2|     1|          320|
    |word_buffer_V_U      |bin_conv_word_buffYi  |        1|   0|   0|    0|   160|    2|     1|          320|
    +---------------------+----------------------+---------+----+----+-----+------+-----+------+-------------+
    |Total                |                      |        4|  44|  30|    0|  3074|   38|     9|        27618|
    +---------------------+----------------------+---------+----+----+-----+------+-----+------+-------------+

    * FIFO: 
    N/A

    * Expression: 
    +---------------------------------+----------+-------+---+-----+------------+------------+
    |          Variable Name          | Operation| DSP48E| FF| LUT | Bitwidth P0| Bitwidth P1|
    +---------------------------------+----------+-------+---+-----+------------+------------+
    |add_ln1353_fu_1553_p2            |     +    |      0|  0|   13|           4|           1|
    |add_ln180_21_fu_1338_p2          |     +    |      0|  0|   15|           6|           6|
    |add_ln180_22_fu_1393_p2          |     +    |      0|  0|   15|           6|           6|
    |add_ln180_23_fu_1488_p2          |     +    |      0|  0|   15|           6|           6|
    |add_ln180_24_fu_1513_p2          |     +    |      0|  0|   16|           9|           9|
    |add_ln180_25_fu_1524_p2          |     +    |      0|  0|   16|           4|           9|
    |add_ln180_26_fu_1563_p2          |     +    |      0|  0|   16|           9|           9|
    |add_ln180_27_fu_2402_p2          |     +    |      0|  0|   21|          14|          14|
    |add_ln180_28_fu_1762_p2          |     +    |      0|  0|   15|           6|           6|
    |add_ln180_29_fu_1787_p2          |     +    |      0|  0|   16|           9|           9|
    |add_ln180_30_fu_1809_p2          |     +    |      0|  0|   16|           9|           9|
    |add_ln180_fu_1115_p2             |     +    |      0|  0|   20|          13|          13|
    |add_ln209_1_fu_2290_p2           |     +    |      0|  0|   15|           5|           5|
    |add_ln209_2_fu_1577_p2           |     +    |      0|  0|   15|           6|           6|
    |add_ln209_3_fu_1651_p2           |     +    |      0|  0|   15|           4|           6|
    |add_ln209_fu_2284_p2             |     +    |      0|  0|   15|           5|           5|
    |add_ln214_fu_1604_p2             |     +    |      0|  0|   15|           2|           6|
    |add_ln338_fu_1440_p2             |     +    |      0|  0|   12|           3|           3|
    |add_ln421_fu_2042_p2             |     +    |      0|  0|   12|           2|           3|
    |add_ln555_fu_1407_p2             |     +    |      0|  0|   15|           5|           5|
    |add_ln700_13_fu_1265_p2          |     +    |      0|  0|   10|           2|           1|
    |add_ln700_14_fu_2105_p2          |     +    |      0|  0|   15|           7|           1|
    |add_ln700_15_fu_1328_p2          |     +    |      0|  0|   10|           2|           1|
    |add_ln700_16_fu_2159_p2          |     +    |      0|  0|   15|           6|           1|
    |add_ln700_17_fu_2236_p2          |     +    |      0|  0|   15|           5|           1|
    |add_ln700_18_fu_1383_p2          |     +    |      0|  0|   10|           2|           1|
    |add_ln700_19_fu_1430_p2          |     +    |      0|  0|   10|           2|           1|
    |add_ln700_20_fu_1698_p2          |     +    |      0|  0|   10|           2|           1|
    |add_ln700_21_fu_1478_p2          |     +    |      0|  0|   13|           4|           1|
    |add_ln700_22_fu_1131_p2          |     +    |      0|  0|   15|           7|           1|
    |add_ln700_23_fu_1710_p2          |     +    |      0|  0|   10|           2|           1|
    |add_ln700_24_fu_1849_p2          |     +    |      0|  0|   15|           8|           1|
    |add_ln700_25_fu_1855_p2          |     +    |      0|  0|   15|           8|           1|
    |add_ln700_27_fu_1752_p2          |     +    |      0|  0|   13|           4|           1|
    |add_ln700_28_fu_1799_p2          |     +    |      0|  0|   13|           4|           1|
    |add_ln700_29_fu_1923_p2          |     +    |      0|  0|   19|          12|          12|
    |add_ln700_30_fu_1913_p2          |     +    |      0|  0|   15|           6|           6|
    |add_ln700_31_fu_1881_p2          |     +    |      0|  0|   10|           2|           1|
    |add_ln700_32_fu_1825_p2          |     +    |      0|  0|   15|           7|           1|
    |add_ln700_33_fu_1986_p2          |     +    |      0|  0|   20|          13|          13|
    |add_ln700_35_fu_1839_p2          |     +    |      0|  0|   20|          13|          13|
    |add_ln700_36_fu_1899_p2          |     +    |      0|  0|   16|           9|           9|
    |add_ln700_7_fu_1189_p2           |     +    |      0|  0|   23|          16|           1|
    |add_ln700_8_fu_2002_p2           |     +    |      0|  0|   19|          12|          12|
    |add_ln700_9_fu_1195_p2           |     +    |      0|  0|   12|           3|           1|
    |add_ln700_fu_1157_p2             |     +    |      0|  0|   10|           2|           1|
    |add_ln808_1_fu_1163_p2           |     +    |      0|  0|   20|          12|          13|
    |add_ln808_fu_1169_p2             |     +    |      0|  0|   21|          14|          14|
    |add_ln887_fu_1732_p2             |     +    |      0|  0|   15|           2|           7|
    |b_V_1_fu_2015_p2                 |     +    |      0|  0|   15|           7|           1|
    |b_V_2_fu_1971_p2                 |     +    |      0|  0|   15|           7|           1|
    |b_V_fu_1936_p2                   |     +    |      0|  0|   15|           7|           1|
    |bank_V_fu_1011_p2                |     +    |      0|  0|   13|           1|           4|
    |i_V_3_fu_1996_p2                 |     +    |      0|  0|   15|           6|           1|
    |i_V_fu_1057_p2                   |     +    |      0|  0|   15|           6|           1|
    |j_V_fu_1105_p2                   |     +    |      0|  0|   15|           7|           1|
    |log_width_V_fu_939_p2            |     +    |      0|  0|   12|           2|           3|
    |ret_V_fu_1039_p2                 |     +    |      0|  0|   13|           4|           1|
    |grp_fu_914_p2                    |     -    |      0|  0|   13|           4|           3|
    |sub_ln180_2_fu_1349_p2           |     -    |      0|  0|   15|           6|           6|
    |sub_ln180_fu_1287_p2             |     -    |      0|  0|   15|           5|           5|
    |sub_ln555_fu_1371_p2             |     -    |      0|  0|   15|           5|           5|
    |and_ln209_fu_2278_p2             |    and   |      0|  0|    6|           5|           5|
    |and_ln449_fu_2205_p2             |    and   |      0|  0|    6|           1|           1|
    |and_ln460_fu_2311_p2             |    and   |      0|  0|    6|           1|           1|
    |ret_V_17_fu_1017_p2              |    and   |      0|  0|    6|           3|           3|
    |wt_word_buffer_0_V_fu_1229_p2    |   ashr   |      0|  0|  182|          64|          64|
    |icmp_ln248_fu_1005_p2            |   icmp   |      0|  0|   11|           4|           5|
    |icmp_ln406_fu_1947_p2            |   icmp   |      0|  0|   11|           6|           7|
    |icmp_ln438_fu_2099_p2            |   icmp   |      0|  0|   11|           7|           8|
    |icmp_ln448_fu_2153_p2            |   icmp   |      0|  0|   11|           6|           7|
    |icmp_ln816_fu_2134_p2            |   icmp   |      0|  0|   13|          16|          16|
    |icmp_ln879_4_fu_1137_p2          |   icmp   |      0|  0|   11|           8|           1|
    |icmp_ln879_5_fu_1183_p2          |   icmp   |      0|  0|    9|           3|           3|
    |icmp_ln879_6_fu_2064_p2          |   icmp   |      0|  0|    8|           2|           1|
    |icmp_ln879_7_fu_2069_p2          |   icmp   |      0|  0|    9|           2|           3|
    |icmp_ln879_8_fu_1598_p2          |   icmp   |      0|  0|    9|           4|           1|
    |icmp_ln879_9_fu_1645_p2          |   icmp   |      0|  0|    9|           4|           3|
    |icmp_ln883_1_fu_1317_p2          |   icmp   |      0|  0|   11|           8|           8|
    |icmp_ln883_fu_2074_p2            |   icmp   |      0|  0|    8|           2|           1|
    |icmp_ln887_10_fu_1259_p2         |   icmp   |      0|  0|    9|           2|           3|
    |icmp_ln887_11_fu_1322_p2         |   icmp   |      0|  0|    8|           2|           2|
    |icmp_ln887_12_fu_1424_p2         |   icmp   |      0|  0|    9|           2|           3|
    |icmp_ln887_13_fu_2230_p2         |   icmp   |      0|  0|   11|           5|           6|
    |icmp_ln887_14_fu_1377_p2         |   icmp   |      0|  0|    8|           2|           2|
    |icmp_ln887_15_fu_1692_p2         |   icmp   |      0|  0|    9|           2|           3|
    |icmp_ln887_16_fu_1472_p2         |   icmp   |      0|  0|   11|           4|           5|
    |icmp_ln887_17_fu_1704_p2         |   icmp   |      0|  0|    9|           2|           3|
    |icmp_ln887_18_fu_1547_p2         |   icmp   |      0|  0|   11|           4|           5|
    |icmp_ln887_19_fu_1819_p2         |   icmp   |      0|  0|   11|           7|           8|
    |icmp_ln887_20_fu_1746_p2         |   icmp   |      0|  0|   11|           4|           5|
    |icmp_ln887_21_fu_1793_p2         |   icmp   |      0|  0|    9|           4|           4|
    |icmp_ln887_22_fu_1875_p2         |   icmp   |      0|  0|    9|           2|           3|
    |icmp_ln887_4_fu_1125_p2          |   icmp   |      0|  0|   11|           7|           8|
    |icmp_ln887_5_fu_1099_p2          |   icmp   |      0|  0|   11|           7|           8|
    |icmp_ln887_6_fu_1930_p2          |   icmp   |      0|  0|   11|           7|           8|
    |icmp_ln887_7_fu_1151_p2          |   icmp   |      0|  0|    9|           2|           3|
    |icmp_ln887_8_fu_2009_p2          |   icmp   |      0|  0|   11|           7|           8|
    |icmp_ln887_9_fu_1965_p2          |   icmp   |      0|  0|   11|           7|           8|
    |icmp_ln887_fu_1051_p2            |   icmp   |      0|  0|   11|           6|           7|
    |lb_d0                            |   icmp   |      0|  0|    9|           3|           1|
    |rb_d0                            |   icmp   |      0|  0|    9|           4|           4|
    |lshr_ln647_fu_2268_p2            |   lshr   |      0|  0|   13|           2|           6|
    |lshr_ln808_fu_2250_p2            |   lshr   |      0|  0|   11|           4|           4|
    |r_V_fu_991_p2                    |   lshr   |      0|  0|   11|           2|           4|
    |or_ln555_fu_2187_p2              |    or    |      0|  0|    6|           6|           1|
    |or_ln879_1_fu_1677_p2            |    or    |      0|  0|    6|           1|           1|
    |or_ln879_fu_1630_p2              |    or    |      0|  0|    6|           1|           1|
    |select_ln304_1_fu_1209_p3        |  select  |      0|  0|    3|           1|           1|
    |select_ln304_fu_1201_p3          |  select  |      0|  0|   16|           1|          16|
    |select_ln57_fu_1589_p3           |  select  |      0|  0|    2|           1|           2|
    |select_ln791_fu_1301_p3          |  select  |      0|  0|   64|           1|          64|
    |select_ln879_3_fu_1636_p3        |  select  |      0|  0|    2|           1|           2|
    |select_ln879_4_fu_1669_p3        |  select  |      0|  0|    2|           1|           2|
    |select_ln879_fu_1622_p3          |  select  |      0|  0|    2|           1|           2|
    |select_ln883_1_fu_1868_p3        |  select  |      0|  0|    8|           1|           8|
    |select_ln883_fu_1861_p3          |  select  |      0|  0|    8|           1|           1|
    |word_buffer_V_d1                 |  select  |      0|  0|    2|           1|           2|
    |wt_word_buffer_1_V_5_fu_1235_p3  |  select  |      0|  0|   64|           1|          64|
    |wt_word_buffer_1_V_6_fu_1242_p3  |  select  |      0|  0|   64|           1|          64|
    |pool_width_V_fu_2055_p2          |    shl   |      0|  0|   12|           1|           5|
    |shl_ln244_fu_971_p2              |    shl   |      0|  0|   17|           1|           7|
    |shl_ln790_fu_2259_p2             |    shl   |      0|  0|   12|           5|           5|
    |words_per_image_V_fu_957_p2      |    shl   |      0|  0|   12|           1|           5|
    |xor_ln879_1_fu_1663_p2           |    xor   |      0|  0|    6|           1|           2|
    |xor_ln879_fu_1616_p2             |    xor   |      0|  0|    6|           1|           2|
    +---------------------------------+----------+-------+---+-----+------------+------------+
    |Total                            |          |      0|  0| 1828|         658|         804|
    +---------------------------------+----------+-------+---+-----+------------+------------+

    * Multiplexer: 
    +----------------------------+-----+-----------+-----+-----------+
    |            Name            | LUT | Input Size| Bits| Total Bits|
    +----------------------------+-----+-----------+-----+-----------+
    |ap_NS_fsm                   |  165|         37|    1|         37|
    |conv_out_buffer_V_address0  |   15|          3|    7|         21|
    |conv_out_buffer_V_ce0       |   15|          3|    1|          3|
    |conv_out_buffer_V_we0       |    9|          2|    1|          2|
    |conv_params_V_address0      |   15|          3|    5|         15|
    |conv_params_V_ce0           |   15|          3|    1|          3|
    |dmem_V_2_address0           |   15|          3|   12|         36|
    |fixed_buffer_V_address0     |   38|          7|   11|         77|
    |fixed_buffer_V_d0           |   21|          4|   12|         48|
    |fixed_temp_V_address0       |   27|          5|    6|         30|
    |fixed_temp_V_d0             |   15|          3|   12|         36|
    |grp_fu_914_p1               |   15|          3|    3|          9|
    |lb_address0                 |   15|          3|    3|          9|
    |lb_ce0                      |   15|          3|    1|          3|
    |lhs_V_reg_515               |    9|          2|    4|          8|
    |old_word_buffer_V_address0  |   15|          3|    8|         24|
    |old_word_buffer_V_ce0       |   15|          3|    1|          3|
    |old_word_buffer_V_ce1       |    9|          2|    1|          2|
    |outword_V                   |   15|          3|   64|        192|
    |outword_V_loc_0_reg_855     |   21|          4|   64|        256|
    |p_01092_0_0_reg_673         |    9|          2|    2|          4|
    |p_01159_0_0_reg_718         |    9|          2|    7|         14|
    |p_01195_0_0_reg_707         |    9|          2|    4|          8|
    |p_01205_0_0_reg_696         |    9|          2|    4|          8|
    |p_01215_0_0_reg_685         |    9|          2|    2|          4|
    |p_01296_0_0_reg_741         |    9|          2|    2|          4|
    |p_01300_0_0_reg_729         |    9|          2|    6|         12|
    |p_01321_0_reg_763           |    9|          2|    6|         12|
    |p_01342_0_reg_752           |    9|          2|    7|         14|
    |p_01416_0_reg_786           |    9|          2|    7|         14|
    |p_01464_0_reg_775           |    9|          2|    7|         14|
    |p_01576_0_0_reg_809         |    9|          2|    7|         14|
    |p_01698_0_0_reg_821         |    9|          2|    6|         12|
    |p_02183_2_0_reg_884         |   15|          3|   16|         48|
    |p_02221_2_0_reg_871         |    9|          2|    1|          2|
    |p_0417_0_reg_537            |    9|          2|    7|         14|
    |p_0427_0_reg_526            |    9|          2|    6|         12|
    |p_0503_0_0_reg_583          |    9|          2|    2|          4|
    |p_0523_0_0_reg_572          |    9|          2|    7|         14|
    |p_0560_0_0_reg_616          |    9|          2|    2|          4|
    |p_0570_0_0_reg_605          |    9|          2|    2|          4|
    |p_0709_0_0_reg_627          |    9|          2|    2|          4|
    |p_0718_0_0_reg_662          |    9|          2|    4|          8|
    |p_0728_0_0_reg_650          |    9|          2|    4|          8|
    |p_0783_0_0_reg_638          |    9|          2|    2|          4|
    |p_Val2_15_0_reg_844         |    9|          2|    5|         10|
    |phi_mul_reg_594             |    9|          2|   13|         26|
    |rb_address0                 |   15|          3|    3|          9|
    |rb_ce0                      |   15|          3|    1|          3|
    |t_V_0_reg_548               |    9|          2|    8|         16|
    |t_V_2_0_reg_560             |    9|          2|    8|         16|
    |word_buffer_V_address0      |   21|          4|    8|         32|
    |word_buffer_V_address1      |   21|          4|    8|         32|
    |word_buffer_V_ce0           |   15|          3|    1|          3|
    |word_buffer_V_ce1           |   15|          3|    1|          3|
    |word_buffer_V_d0            |   15|          3|    2|          6|
    |wt_addr_V_0_fu_262          |    9|          2|   16|         32|
    |wt_offset_V_0_fu_266        |    9|          2|    3|          6|
    +----------------------------+-----+-----------+-----+-----------+
    |Total                       |  881|        185|  417|       1268|
    +----------------------------+-----+-----------+-----+-----------+

    * Register: 
    +--------------------------------------+----+----+-----+-----------+
    |                 Name                 | FF | LUT| Bits| Const Bits|
    +--------------------------------------+----+----+-----+-----------+
    |add_ln180_24_reg_2685                 |   8|   0|    9|          1|
    |add_ln180_29_reg_2749                 |   8|   0|    9|          1|
    |add_ln700_13_reg_2605                 |   2|   0|    2|          0|
    |add_ln700_14_reg_2934                 |   7|   0|    7|          0|
    |add_ln700_15_reg_2629                 |   2|   0|    2|          0|
    |add_ln700_19_reg_2655                 |   2|   0|    2|          0|
    |add_ln700_20_reg_2718                 |   2|   0|    2|          0|
    |add_ln700_21_reg_2680                 |   4|   0|    4|          0|
    |add_ln700_22_reg_2554                 |   7|   0|    7|          0|
    |add_ln700_23_reg_2726                 |   2|   0|    2|          0|
    |add_ln700_27_reg_2744                 |   4|   0|    4|          0|
    |add_ln700_28_reg_2757                 |   4|   0|    4|          0|
    |add_ln700_31_reg_2803                 |   2|   0|    2|          0|
    |add_ln700_32_reg_2775                 |   7|   0|    7|          0|
    |add_ln700_reg_2571                    |   2|   0|    2|          0|
    |add_ln808_1_reg_2576                  |  13|   0|   13|          0|
    |ap_CS_fsm                             |  36|   0|   36|          0|
    |b_V_1_reg_2870                        |   7|   0|    7|          0|
    |b_V_2_reg_2847                        |   7|   0|    7|          0|
    |b_V_reg_2821                          |   7|   0|    7|          0|
    |dmem_V_1_load_reg_2670                |  64|   0|   64|          0|
    |fixed_buffer_V_addr_5_reg_2785        |  11|   0|   11|          0|
    |fixed_temp_V_addr_2_reg_2857          |   6|   0|    6|          0|
    |grp_process_word_fu_897_ap_start_reg  |   1|   0|    1|          0|
    |i_V_reg_2497                          |   6|   0|    6|          0|
    |icmp_ln879_4_reg_2559                 |   1|   0|    1|          0|
    |icmp_ln879_6_reg_2909                 |   1|   0|    1|          0|
    |icmp_ln879_7_reg_2913                 |   1|   0|    1|          0|
    |icmp_ln883_1_reg_2620                 |   1|   0|    1|          0|
    |icmp_ln883_reg_2917                   |   1|   0|    1|          0|
    |lhs_V_reg_515                         |   4|   0|    4|          0|
    |log_slice_V_reg_2453                  |   2|   0|    3|          1|
    |log_width_V_reg_2459                  |   3|   0|    3|          0|
    |o_bank_idx_V_1_reg_2921               |   1|   0|    1|          0|
    |o_bank_offset_V_2_reg_2926            |  13|   0|   16|          3|
    |o_bank_offset_V_reg_2902              |  16|   0|   16|          0|
    |outword_V                             |  64|   0|   64|          0|
    |outword_V_load_reg_2944               |  64|   0|   64|          0|
    |outword_V_loc_0_reg_855               |  64|   0|   64|          0|
    |p_01092_0_0_reg_673                   |   2|   0|    2|          0|
    |p_01159_0_0_reg_718                   |   7|   0|    7|          0|
    |p_01195_0_0_reg_707                   |   4|   0|    4|          0|
    |p_01205_0_0_reg_696                   |   4|   0|    4|          0|
    |p_01215_0_0_reg_685                   |   2|   0|    2|          0|
    |p_01296_0_0_reg_741                   |   2|   0|    2|          0|
    |p_01300_0_0_reg_729                   |   6|   0|    6|          0|
    |p_01321_0_reg_763                     |   6|   0|    6|          0|
    |p_01342_0_reg_752                     |   7|   0|    7|          0|
    |p_01416_0_reg_786                     |   7|   0|    7|          0|
    |p_01464_0_reg_775                     |   7|   0|    7|          0|
    |p_01576_0_0_reg_809                   |   7|   0|    7|          0|
    |p_01698_0_0_reg_821                   |   6|   0|    6|          0|
    |p_02183_2_0_reg_884                   |  16|   0|   16|          0|
    |p_02221_2_0_reg_871                   |   1|   0|    1|          0|
    |p_0417_0_reg_537                      |   7|   0|    7|          0|
    |p_0427_0_reg_526                      |   6|   0|    6|          0|
    |p_0503_0_0_reg_583                    |   2|   0|    2|          0|
    |p_0523_0_0_reg_572                    |   7|   0|    7|          0|
    |p_0560_0_0_reg_616                    |   2|   0|    2|          0|
    |p_0570_0_0_reg_605                    |   2|   0|    2|          0|
    |p_0709_0_0_reg_627                    |   2|   0|    2|          0|
    |p_0718_0_0_reg_662                    |   4|   0|    4|          0|
    |p_0728_0_0_reg_650                    |   4|   0|    4|          0|
    |p_0783_0_0_reg_638                    |   2|   0|    2|          0|
    |p_Val2_0_reg_797                      |  64|   0|   64|          0|
    |p_Val2_10_0_reg_832                   |  64|   0|   64|          0|
    |p_Val2_15_0_reg_844                   |   5|   0|    5|          0|
    |p_Val2_7_0_fu_270                     |  32|   0|   32|          0|
    |phi_mul_reg_594                       |  13|   0|   13|          0|
    |pool_width_V_reg_2897                 |   5|   0|    5|          0|
    |ret_V_18_reg_2885                     |   1|   0|    1|          0|
    |select_ln304_1_reg_2597               |   3|   0|    3|          0|
    |select_ln304_reg_2592                 |  16|   0|   16|          0|
    |select_ln791_reg_2615                 |  64|   0|   64|          0|
    |sext_ln180_reg_2610                   |   6|   0|    6|          0|
    |sext_ln700_1_cast_reg_2736            |   7|   0|   13|          6|
    |shl_ln2_reg_2700                      |   3|   0|    6|          3|
    |sub_ln180_2_reg_2634                  |   6|   0|    6|          0|
    |sub_ln555_reg_2639                    |   5|   0|    5|          0|
    |t_V_0_reg_548                         |   8|   0|    8|          0|
    |t_V_2_0_reg_560                       |   8|   0|    8|          0|
    |trunc_ln180_reg_2586                  |   1|   0|    1|          0|
    |trunc_ln790_reg_2481                  |   3|   0|    3|          0|
    |trunc_ln887_reg_2563                  |  14|   0|   14|          0|
    |w_div_8_V_reg_2476                    |   4|   0|    4|          0|
    |word_buffer_V_addr_1_reg_2690         |   7|   0|    8|          1|
    |word_buffer_V_addr_3_reg_2695         |   7|   0|    8|          1|
    |words_per_image_V_reg_2464            |   5|   0|    5|          0|
    |wt_addr_V_0_fu_262                    |  16|   0|   16|          0|
    |wt_offset_V_0_fu_266                  |   3|   0|    3|          0|
    |wt_word_buffer_1_V_3_fu_258           |  64|   0|   64|          0|
    |wt_word_buffer_1_V_fu_254             |  64|   0|   64|          0|
    |zext_ln180_52_reg_2762                |   9|   0|   64|         55|
    |zext_ln209_reg_2533                   |   5|   0|    8|          3|
    |zext_ln234_reg_2471                   |   3|   0|    5|          2|
    |zext_ln271_reg_2538                   |   1|   0|    3|          2|
    |zext_ln338_2_reg_2665                 |   2|   0|    6|          4|
    |zext_ln407_reg_2839                   |   6|   0|   13|          7|
    |zext_ln421_reg_2892                   |   3|   0|    4|          1|
    |zext_ln544_6_reg_2826                 |   7|   0|   64|         57|
    |zext_ln544_7_reg_2875                 |   7|   0|   64|         57|
    |zext_ln700_2_reg_2780                 |   7|   0|    9|          2|
    |zext_ln887_2_reg_2731                 |   2|   0|    6|          4|
    |zext_ln887_reg_2502                   |   6|   0|   13|          7|
    +--------------------------------------+----+----+-----+-----------+
    |Total                                 |1135|   0| 1353|        218|
    +--------------------------------------+----+----+-----+-----------+



================================================================
== Interface
================================================================
* Summary: 
+---------------------+-----+-----+------------+--------------+--------------+
|      RTL Ports      | Dir | Bits|  Protocol  | Source Object|    C Type    |
+---------------------+-----+-----+------------+--------------+--------------+
|ap_clk               |  in |    1| ap_ctrl_hs |   bin_conv   | return value |
|ap_rst               |  in |    1| ap_ctrl_hs |   bin_conv   | return value |
|ap_start             |  in |    1| ap_ctrl_hs |   bin_conv   | return value |
|ap_done              | out |    1| ap_ctrl_hs |   bin_conv   | return value |
|ap_idle              | out |    1| ap_ctrl_hs |   bin_conv   | return value |
|ap_ready             | out |    1| ap_ctrl_hs |   bin_conv   | return value |
|wt_mem_V_2_address0  | out |   13|  ap_memory |  wt_mem_V_2  |     array    |
|wt_mem_V_2_ce0       | out |    1|  ap_memory |  wt_mem_V_2  |     array    |
|wt_mem_V_2_q0        |  in |   64|  ap_memory |  wt_mem_V_2  |     array    |
|nc_V                 |  in |   16|   ap_none  |     nc_V     |    scalar    |
|dmem_V_2_address0    | out |   12|  ap_memory |   dmem_V_2   |     array    |
|dmem_V_2_ce0         | out |    1|  ap_memory |   dmem_V_2   |     array    |
|dmem_V_2_we0         | out |    1|  ap_memory |   dmem_V_2   |     array    |
|dmem_V_2_d0          | out |   64|  ap_memory |   dmem_V_2   |     array    |
|dmem_V_2_q0          |  in |   64|  ap_memory |   dmem_V_2   |     array    |
|d_i_idx_V            |  in |    1|   ap_none  |   d_i_idx_V  |    scalar    |
|d_o_idx_V            |  in |    1|   ap_none  |   d_o_idx_V  |    scalar    |
|o_index_V_2          |  in |   16|   ap_none  |  o_index_V_2 |    scalar    |
|width_mode_V         |  in |    2|   ap_none  | width_mode_V |    scalar    |
|norm_mode_V          |  in |    2|   ap_none  |  norm_mode_V |    scalar    |
+---------------------+-----+-----+------------+--------------+--------------+

