

================================================================
== Vivado HLS Report for 'process_word'
================================================================
* Date:           Fri Apr  2 17:39:23 2021

* Version:        2019.1 (Build 2552052 on Fri May 24 15:28:33 MDT 2019)
* Project:        BNN_6
* Solution:       solution1
* Product family: kintex7
* Target device:  xc7k70t-fbv676-1


================================================================
== Performance Estimates
================================================================
+ Timing (ns): 
    * Summary: 
    +--------+-------+----------+------------+
    |  Clock | Target| Estimated| Uncertainty|
    +--------+-------+----------+------------+
    |ap_clk  |  12.00|     6.858|        1.50|
    +--------+-------+----------+------------+

+ Latency (clock cycles): 
    * Summary: 
    +------+------+------+------+---------+
    |   Latency   |   Interval  | Pipeline|
    |  min |  max |  min |  max |   Type  |
    +------+------+------+------+---------+
    |  2140|  2140|  2140|  2140|   none  |
    +------+------+------+------+---------+

    + Detail: 
        * Instance: 
        +----------------------+-----------+------+------+------+------+---------+
        |                      |           |   Latency   |   Interval  | Pipeline|
        |       Instance       |   Module  |  min |  max |  min |  max |   Type  |
        +----------------------+-----------+------+------+------+------+---------+
        |grp_conv_word_fu_525  |conv_word  |  1681|  1681|  1681|  1681|   none  |
        +----------------------+-----------+------+------+------+------+---------+

        * Loop: 
        +-------------+-----+-----+----------+-----------+-----------+------+----------+
        |             |  Latency  | Iteration|  Initiation Interval  | Trip |          |
        |  Loop Name  | min | max |  Latency |  achieved |   target  | Count| Pipelined|
        +-------------+-----+-----+----------+-----------+-----------+------+----------+
        |- Loop 1     |  160|  160|        20|          -|          -|     8|    no    |
        | + Loop 1.1  |   16|   16|         2|          -|          -|     8|    no    |
        | + Loop 1.2  |   16|   16|         2|          -|          -|     8|    no    |
        |- Loop 2     |  296|  296|        37|          -|          -|     8|    no    |
        | + Loop 2.1  |   16|   16|         2|          -|          -|     8|    no    |
        | + Loop 2.2  |   16|   16|         2|          -|          -|     8|    no    |
        | + Loop 2.3  |   16|   16|         2|          -|          -|     8|    no    |
        +-------------+-----+-----+----------+-----------+-----------+------+----------+



================================================================
== Utilization Estimates
================================================================
* Summary: 
+-----------------+---------+-------+-------+-------+-----+
|       Name      | BRAM_18K| DSP48E|   FF  |  LUT  | URAM|
+-----------------+---------+-------+-------+-------+-----+
|DSP              |        -|      -|      -|      -|    -|
|Expression       |        -|      -|      0|    857|    -|
|FIFO             |        -|      -|      -|      -|    -|
|Instance         |        -|      -|    142|    509|    -|
|Memory           |        -|      -|      -|      -|    -|
|Multiplexer      |        -|      -|      -|    512|    -|
|Register         |        -|      -|    282|      -|    -|
+-----------------+---------+-------+-------+-------+-----+
|Total            |        0|      0|    424|   1878|    0|
+-----------------+---------+-------+-------+-------+-----+
|Available        |      270|    240|  82000|  41000|    0|
+-----------------+---------+-------+-------+-------+-----+
|Utilization (%)  |        0|      0|   ~0  |      4|    0|
+-----------------+---------+-------+-------+-------+-----+

+ Detail: 
    * Instance: 
    +----------------------+-----------+---------+-------+-----+-----+-----+
    |       Instance       |   Module  | BRAM_18K| DSP48E|  FF | LUT | URAM|
    +----------------------+-----------+---------+-------+-----+-----+-----+
    |grp_conv_word_fu_525  |conv_word  |        0|      0|  142|  509|    0|
    +----------------------+-----------+---------+-------+-----+-----+-----+
    |Total                 |           |        0|      0|  142|  509|    0|
    +----------------------+-----------+---------+-------+-----+-----+-----+

    * DSP48E: 
    N/A

    * Memory: 
    N/A

    * FIFO: 
    N/A

    * Expression: 
    +-----------------------------+----------+-------+---+----+------------+------------+
    |        Variable Name        | Operation| DSP48E| FF| LUT| Bitwidth P0| Bitwidth P1|
    +-----------------------------+----------+-------+---+----+------------+------------+
    |add_ln118_fu_556_p2          |     +    |      0|  0|  13|           3|           4|
    |add_ln134_fu_794_p2          |     +    |      0|  0|  16|           9|           4|
    |add_ln1353_fu_743_p2         |     +    |      0|  0|  13|           4|           4|
    |add_ln139_1_fu_721_p2        |     +    |      0|  0|  16|           9|           9|
    |add_ln139_2_fu_819_p2        |     +    |      0|  0|  16|           9|           9|
    |add_ln139_fu_696_p2          |     +    |      0|  0|  15|           6|           6|
    |add_ln142_fu_732_p2          |     +    |      0|  0|  16|           9|           4|
    |add_ln167_fu_1117_p2         |     +    |      0|  0|  16|           9|           4|
    |add_ln172_1_fu_1167_p2       |     +    |      0|  0|  16|           9|           9|
    |add_ln172_2_fu_1285_p2       |     +    |      0|  0|  16|           9|           9|
    |add_ln172_fu_1138_p2         |     +    |      0|  0|  15|           7|           7|
    |add_ln175_fu_1178_p2         |     +    |      0|  0|  16|           4|           9|
    |add_ln180_10_fu_1070_p2      |     +    |      0|  0|  17|           5|          10|
    |add_ln180_11_fu_1081_p2      |     +    |      0|  0|  15|           6|           6|
    |add_ln180_12_fu_1106_p2      |     +    |      0|  0|  16|           9|           9|
    |add_ln180_13_fu_894_p2       |     +    |      0|  0|  16|           9|           9|
    |add_ln180_14_fu_908_p2       |     +    |      0|  0|  17|          10|          10|
    |add_ln180_15_fu_833_p2       |     +    |      0|  0|  17|          10|          10|
    |add_ln180_16_fu_1199_p2      |     +    |      0|  0|  16|           9|           9|
    |add_ln180_17_fu_1213_p2      |     +    |      0|  0|  17|          10|          10|
    |add_ln180_18_fu_1299_p2      |     +    |      0|  0|  17|          10|          10|
    |add_ln180_19_fu_1337_p2      |     +    |      0|  0|  16|           9|           9|
    |add_ln180_20_fu_1347_p2      |     +    |      0|  0|  17|          10|          10|
    |add_ln180_2_fu_674_p2        |     +    |      0|  0|  17|           5|          10|
    |add_ln180_3_fu_685_p2        |     +    |      0|  0|  17|           5|          10|
    |add_ln180_4_fu_758_p2        |     +    |      0|  0|  15|           6|           6|
    |add_ln180_5_fu_783_p2        |     +    |      0|  0|  16|           9|           9|
    |add_ln180_6_fu_974_p2        |     +    |      0|  0|  15|           6|           6|
    |add_ln180_7_fu_1003_p2       |     +    |      0|  0|  16|           9|           9|
    |add_ln180_8_fu_1048_p2       |     +    |      0|  0|  17|           4|          10|
    |add_ln180_9_fu_1059_p2       |     +    |      0|  0|  17|           4|          10|
    |add_ln180_fu_639_p2          |     +    |      0|  0|  15|           6|           6|
    |add_ln186_fu_1014_p2         |     +    |      0|  0|  16|           4|           9|
    |bank_V_1_fu_947_p2           |     +    |      0|  0|  13|           4|           1|
    |bank_V_fu_602_p2             |     +    |      0|  0|  13|           4|           1|
    |cc_V_1_fu_851_p2             |     +    |      0|  0|  13|           4|           1|
    |cc_V_3_fu_1317_p2            |     +    |      0|  0|  13|           4|           1|
    |cc_V_5_fu_1223_p2            |     +    |      0|  0|  13|           4|           1|
    |cc_V_6_fu_1352_p2            |     +    |      0|  0|  13|           4|           1|
    |cc_V_fu_918_p2               |     +    |      0|  0|  13|           4|           1|
    |ret_V_6_fu_1128_p2           |     +    |      0|  0|  15|           4|           6|
    |s_idx_V_fu_618_p2            |     +    |      0|  0|  15|           6|           6|
    |ret_V_7_fu_957_p2            |     -    |      0|  0|  15|           6|           6|
    |sub_ln180_1_fu_1037_p2       |     -    |      0|  0|  17|          10|          10|
    |sub_ln180_fu_668_p2          |     -    |      0|  0|  17|          10|          10|
    |first_wrd_fu_572_p2          |   icmp   |      0|  0|  11|           8|           1|
    |icmp_ln125_fu_596_p2         |   icmp   |      0|  0|  11|           4|           5|
    |icmp_ln129_fu_884_p2         |   icmp   |      0|  0|   9|           4|           4|
    |icmp_ln137_fu_809_p2         |   icmp   |      0|  0|   9|           4|           4|
    |icmp_ln156_fu_941_p2         |   icmp   |      0|  0|  11|           4|           5|
    |icmp_ln162_fu_1189_p2        |   icmp   |      0|  0|   9|           4|           4|
    |icmp_ln170_fu_1275_p2        |   icmp   |      0|  0|   9|           4|           4|
    |icmp_ln180_fu_1323_p2        |   icmp   |      0|  0|   9|           4|           4|
    |last_wrd_fu_582_p2           |   icmp   |      0|  0|  11|           8|           8|
    |or_ln141_fu_857_p2           |    or    |      0|  0|   6|           1|           1|
    |or_ln142_fu_871_p2           |    or    |      0|  0|   6|           1|           1|
    |or_ln174_fu_1247_p2          |    or    |      0|  0|   6|           1|           1|
    |or_ln175_fu_1261_p2          |    or    |      0|  0|   6|           1|           1|
    |select_ln133_fu_924_p3       |  select  |      0|  0|   2|           1|           1|
    |select_ln134_fu_933_p3       |  select  |      0|  0|   2|           1|           1|
    |select_ln141_fu_862_p3       |  select  |      0|  0|   2|           1|           1|
    |select_ln142_fu_876_p3       |  select  |      0|  0|   2|           1|           1|
    |select_ln166_fu_1229_p3      |  select  |      0|  0|   2|           1|           1|
    |select_ln167_fu_1238_p3      |  select  |      0|  0|   2|           1|           1|
    |select_ln174_fu_1252_p3      |  select  |      0|  0|   2|           1|           1|
    |select_ln175_fu_1266_p3      |  select  |      0|  0|   2|           1|           1|
    |select_ln185_fu_1362_p3      |  select  |      0|  0|   2|           1|           1|
    |select_ln186_fu_1371_p3      |  select  |      0|  0|   2|           1|           1|
    |select_ln879_2_fu_1309_p3    |  select  |      0|  0|   2|           1|           1|
    |select_ln879_fu_843_p3       |  select  |      0|  0|   2|           1|           1|
    |slices_per_line_V_fu_566_p2  |    shl   |      0|  0|  12|           1|           5|
    |ret_V_fu_748_p2              |    xor   |      0|  0|   6|           5|           4|
    |xor_ln68_fu_608_p2           |    xor   |      0|  0|   6|           4|           5|
    +-----------------------------+----------+-------+---+----+------------+------------+
    |Total                        |          |      0|  0| 857|         376|         379|
    +-----------------------------+----------+-------+---+----+------------+------------+

    * Multiplexer: 
    +--------------------------------------+----+-----------+-----+-----------+
    |                 Name                 | LUT| Input Size| Bits| Total Bits|
    +--------------------------------------+----+-----------+-----+-----------+
    |ap_NS_fsm                             |  97|         20|    1|         20|
    |ap_phi_mux_storemerge1_phi_fu_495_p4  |  15|          3|    2|          6|
    |lb_address0                           |  33|          6|    3|         18|
    |line_buffer_m_V_address0              |  44|          9|    9|         81|
    |line_buffer_m_V_address1              |  27|          5|    9|         45|
    |line_buffer_m_V_ce0                   |  15|          3|    1|          3|
    |line_buffer_m_V_d0                    |  47|         10|    2|         20|
    |line_buffer_m_V_d1                    |  27|          5|    2|         10|
    |old_word_buffer_m_V_address0          |  21|          4|    8|         32|
    |old_word_buffer_m_V_address1          |  21|          4|    8|         32|
    |p_0198_0_reg_469                      |   9|          2|    4|          8|
    |p_0249_0_reg_435                      |   9|          2|    4|          8|
    |p_027_0_reg_447                       |   9|          2|    4|          8|
    |p_0284_0_reg_502                      |   9|          2|    4|          8|
    |p_0324_0_reg_480                      |   9|          2|    4|          8|
    |p_0501_0_reg_514                      |   9|          2|    4|          8|
    |p_095_0_reg_424                       |   9|          2|    4|          8|
    |rb_address0                           |  33|          6|    3|         18|
    |storemerge_reg_459                    |   9|          2|    2|          4|
    |word_buffer_m_V_address0              |  33|          6|    8|         48|
    |word_buffer_m_V_address1              |  27|          5|    8|         40|
    +--------------------------------------+----+-----------+-----+-----------+
    |Total                                 | 512|        102|   94|        433|
    +--------------------------------------+----+-----------+-----+-----------+

    * Register: 
    +-----------------------------------+----+----+-----+-----------+
    |                Name               | FF | LUT| Bits| Const Bits|
    +-----------------------------------+----+----+-----+-----------+
    |add_ln139_1_reg_1459               |   8|   0|    9|          1|
    |add_ln172_1_reg_1633               |   8|   0|    9|          1|
    |add_ln180_12_reg_1618              |   8|   0|    9|          1|
    |add_ln180_20_reg_1702              |  10|   0|   10|          0|
    |add_ln180_2_reg_1443               |   9|   0|   10|          1|
    |add_ln180_5_reg_1474               |   8|   0|    9|          1|
    |add_ln180_7_reg_1572               |   8|   0|    9|          1|
    |add_ln180_9_reg_1603               |   9|   0|   10|          1|
    |ap_CS_fsm                          |  19|   0|   19|          0|
    |bank_V_1_reg_1553                  |   4|   0|    4|          0|
    |bank_V_reg_1427                    |   4|   0|    4|          0|
    |cc_V_6_reg_1707                    |   4|   0|    4|          0|
    |first_wrd_reg_1399                 |   1|   0|    1|          0|
    |grp_conv_word_fu_525_ap_start_reg  |   1|   0|    1|          0|
    |last_wrd_reg_1406                  |   1|   0|    1|          0|
    |line_buffer_m_V_addr_2_reg_1449    |   8|   0|    9|          1|
    |line_buffer_m_V_addr_4_reg_1454    |   8|   0|    9|          1|
    |line_buffer_m_V_addr_5_reg_1593    |   8|   0|    9|          1|
    |line_buffer_m_V_addr_7_reg_1598    |   8|   0|    9|          1|
    |line_buffer_m_V_addr_8_reg_1608    |   8|   0|    9|          1|
    |line_buffer_m_V_addr_9_reg_1613    |   8|   0|    9|          1|
    |old_word_buffer_m_V_1_reg_1484     |   7|   0|    8|          1|
    |old_word_buffer_m_V_6_reg_1638     |   7|   0|    8|          1|
    |old_word_buffer_m_V_7_reg_1643     |   7|   0|    8|          1|
    |old_word_buffer_m_V_s_reg_1479     |   7|   0|    8|          1|
    |p_0198_0_reg_469                   |   4|   0|    4|          0|
    |p_0249_0_reg_435                   |   4|   0|    4|          0|
    |p_027_0_reg_447                    |   4|   0|    4|          0|
    |p_0284_0_reg_502                   |   4|   0|    4|          0|
    |p_0324_0_reg_480                   |   4|   0|    4|          0|
    |p_0501_0_reg_514                   |   4|   0|    4|          0|
    |p_095_0_reg_424                    |   4|   0|    4|          0|
    |rhs_V_reg_1413                     |   5|   0|    6|          1|
    |storemerge_reg_459                 |   2|   0|    2|          0|
    |sub_ln180_1_reg_1587               |   9|   0|   10|          1|
    |tmp_9_reg_1558                     |   1|   0|    1|          0|
    |trunc_ln152_reg_1489               |   1|   0|    1|          0|
    |trunc_ln68_reg_1419                |   4|   0|    4|          0|
    |word_buffer_m_V_addr_2_reg_1464    |   7|   0|    8|          1|
    |word_buffer_m_V_addr_3_reg_1623    |   7|   0|    8|          1|
    |word_buffer_m_V_addr_4_reg_1628    |   7|   0|    8|          1|
    |word_buffer_m_V_addr_5_reg_1469    |   7|   0|    8|          1|
    |word_buffer_m_V_addr_7_reg_1577    |   7|   0|    8|          1|
    |word_buffer_m_V_addr_8_reg_1582    |   7|   0|    8|          1|
    |zext_ln105_1_reg_1390              |   2|   0|    6|          4|
    |zext_ln105_reg_1385                |   2|   0|    7|          5|
    |zext_ln544_5_reg_1562              |   4|   0|   64|         60|
    |zext_ln544_reg_1435                |   4|   0|   64|         60|
    +-----------------------------------+----+----+-----+-----------+
    |Total                              | 282|   0|  436|        154|
    +-----------------------------------+----+----+-----+-----------+



================================================================
== Interface
================================================================
* Summary: 
+------------------------------+-----+-----+------------+------------------------+--------------+
|           RTL Ports          | Dir | Bits|  Protocol  |      Source Object     |    C Type    |
+------------------------------+-----+-----+------------+------------------------+--------------+
|ap_clk                        |  in |    1| ap_ctrl_hs |      process_word      | return value |
|ap_rst                        |  in |    1| ap_ctrl_hs |      process_word      | return value |
|ap_start                      |  in |    1| ap_ctrl_hs |      process_word      | return value |
|ap_done                       | out |    1| ap_ctrl_hs |      process_word      | return value |
|ap_idle                       | out |    1| ap_ctrl_hs |      process_word      | return value |
|ap_ready                      | out |    1| ap_ctrl_hs |      process_word      | return value |
|word_buffer_m_V_address0      | out |    8|  ap_memory |     word_buffer_m_V    |     array    |
|word_buffer_m_V_ce0           | out |    1|  ap_memory |     word_buffer_m_V    |     array    |
|word_buffer_m_V_q0            |  in |    2|  ap_memory |     word_buffer_m_V    |     array    |
|word_buffer_m_V_address1      | out |    8|  ap_memory |     word_buffer_m_V    |     array    |
|word_buffer_m_V_ce1           | out |    1|  ap_memory |     word_buffer_m_V    |     array    |
|word_buffer_m_V_q1            |  in |    2|  ap_memory |     word_buffer_m_V    |     array    |
|word_buffer_m_V_offset        |  in |    2|   ap_none  | word_buffer_m_V_offset |    scalar    |
|old_word_buffer_m_V_address0  | out |    8|  ap_memory |   old_word_buffer_m_V  |     array    |
|old_word_buffer_m_V_ce0       | out |    1|  ap_memory |   old_word_buffer_m_V  |     array    |
|old_word_buffer_m_V_q0        |  in |    2|  ap_memory |   old_word_buffer_m_V  |     array    |
|old_word_buffer_m_V_address1  | out |    8|  ap_memory |   old_word_buffer_m_V  |     array    |
|old_word_buffer_m_V_ce1       | out |    1|  ap_memory |   old_word_buffer_m_V  |     array    |
|old_word_buffer_m_V_q1        |  in |    2|  ap_memory |   old_word_buffer_m_V  |     array    |
|lb_address0                   | out |    3|  ap_memory |           lb           |     array    |
|lb_ce0                        | out |    1|  ap_memory |           lb           |     array    |
|lb_q0                         |  in |    1|  ap_memory |           lb           |     array    |
|rb_address0                   | out |    3|  ap_memory |           rb           |     array    |
|rb_ce0                        | out |    1|  ap_memory |           rb           |     array    |
|rb_q0                         |  in |    1|  ap_memory |           rb           |     array    |
|line_buffer_m_V_address0      | out |    9|  ap_memory |     line_buffer_m_V    |     array    |
|line_buffer_m_V_ce0           | out |    1|  ap_memory |     line_buffer_m_V    |     array    |
|line_buffer_m_V_we0           | out |    1|  ap_memory |     line_buffer_m_V    |     array    |
|line_buffer_m_V_d0            | out |    2|  ap_memory |     line_buffer_m_V    |     array    |
|line_buffer_m_V_q0            |  in |    2|  ap_memory |     line_buffer_m_V    |     array    |
|line_buffer_m_V_address1      | out |    9|  ap_memory |     line_buffer_m_V    |     array    |
|line_buffer_m_V_ce1           | out |    1|  ap_memory |     line_buffer_m_V    |     array    |
|line_buffer_m_V_we1           | out |    1|  ap_memory |     line_buffer_m_V    |     array    |
|line_buffer_m_V_d1            | out |    2|  ap_memory |     line_buffer_m_V    |     array    |
|conv_params_m_V_address0      | out |    5|  ap_memory |     conv_params_m_V    |     array    |
|conv_params_m_V_ce0           | out |    1|  ap_memory |     conv_params_m_V    |     array    |
|conv_params_m_V_q0            |  in |    1|  ap_memory |     conv_params_m_V    |     array    |
|conv_out_buffer_m_V_address0  | out |    7|  ap_memory |   conv_out_buffer_m_V  |     array    |
|conv_out_buffer_m_V_ce0       | out |    1|  ap_memory |   conv_out_buffer_m_V  |     array    |
|conv_out_buffer_m_V_we0       | out |    1|  ap_memory |   conv_out_buffer_m_V  |     array    |
|conv_out_buffer_m_V_d0        | out |    5|  ap_memory |   conv_out_buffer_m_V  |     array    |
|log_width_V                   |  in |    3|   ap_none  |       log_width_V      |    scalar    |
|words_per_image_V             |  in |    5|   ap_none  |    words_per_image_V   |    scalar    |
|wrd_V                         |  in |    8|   ap_none  |          wrd_V         |    scalar    |
+------------------------------+-----+-----+------------+------------------------+--------------+

