

================================================================
== Vivado HLS Report for 'conv_word'
================================================================
* Date:           Tue Apr  6 17:21:12 2021

* Version:        2019.1 (Build 2552052 on Fri May 24 15:28:33 MDT 2019)
* Project:        BNN_6
* Solution:       solution1
* Product family: kintex7
* Target device:  xc7k70t-fbv676-1


================================================================
== Performance Estimates
================================================================
+ Timing (ns): 
    * Summary: 
    +--------+-------+----------+------------+
    |  Clock | Target| Estimated| Uncertainty|
    +--------+-------+----------+------------+
    |ap_clk  |  25.00|     8.444|        3.12|
    +--------+-------+----------+------------+

+ Latency (clock cycles): 
    * Summary: 
    +-----+-----+-----+-----+----------+
    |  Latency  |  Interval | Pipeline |
    | min | max | min | max |   Type   |
    +-----+-----+-----+-----+----------+
    |  255|  255|  256|  256| function |
    +-----+-----+-----+-----+----------+

    + Detail: 
        * Instance: 
        +----------------------+----------+-----+-----+-----+-----+----------+
        |                      |          |  Latency  |  Interval | Pipeline |
        |       Instance       |  Module  | min | max | min | max |   Type   |
        +----------------------+----------+-----+-----+-----+-----+----------+
        |grp_conv3x3b_fu_1152  |conv3x3b  |    3|    3|    3|    3| function |
        +----------------------+----------+-----+-----+-----+-----+----------+

        * Loop: 
        N/A



================================================================
== Utilization Estimates
================================================================
* Summary: 
+-----------------+---------+-------+-------+-------+-----+
|       Name      | BRAM_18K| DSP48E|   FF  |  LUT  | URAM|
+-----------------+---------+-------+-------+-------+-----+
|DSP              |        -|      -|      -|      -|    -|
|Expression       |        -|      -|      0|    640|    -|
|FIFO             |        -|      -|      -|      -|    -|
|Instance         |        -|      -|     68|    815|    -|
|Memory           |        -|      -|      -|      -|    -|
|Multiplexer      |        -|      -|      -|   1549|    -|
|Register         |        -|      -|   1222|      -|    -|
+-----------------+---------+-------+-------+-------+-----+
|Total            |        0|      0|   1290|   3004|    0|
+-----------------+---------+-------+-------+-------+-----+
|Available        |      270|    240|  82000|  41000|    0|
+-----------------+---------+-------+-------+-------+-----+
|Utilization (%)  |        0|      0|      1|      7|    0|
+-----------------+---------+-------+-------+-------+-----+

+ Detail: 
    * Instance: 
    +----------------------+----------+---------+-------+----+-----+-----+
    |       Instance       |  Module  | BRAM_18K| DSP48E| FF | LUT | URAM|
    +----------------------+----------+---------+-------+----+-----+-----+
    |grp_conv3x3b_fu_1152  |conv3x3b  |        0|      0|  68|  815|    0|
    +----------------------+----------+---------+-------+----+-----+-----+
    |Total                 |          |        0|      0|  68|  815|    0|
    +----------------------+----------+---------+-------+----+-----+-----+

    * DSP48E: 
    N/A

    * Memory: 
    N/A

    * FIFO: 
    N/A

    * Expression: 
    +-----------------------------+----------+-------+---+----+------------+------------+
    |        Variable Name        | Operation| DSP48E| FF| LUT| Bitwidth P0| Bitwidth P1|
    +-----------------------------+----------+-------+---+----+------------+------------+
    |select_ln104_100_fu_1924_p3  |  select  |      0|  0|   5|           1|           5|
    |select_ln104_101_fu_1931_p3  |  select  |      0|  0|   5|           1|           5|
    |select_ln104_102_fu_1938_p3  |  select  |      0|  0|   5|           1|           5|
    |select_ln104_103_fu_1945_p3  |  select  |      0|  0|   5|           1|           5|
    |select_ln104_104_fu_1952_p3  |  select  |      0|  0|   5|           1|           5|
    |select_ln104_105_fu_1959_p3  |  select  |      0|  0|   5|           1|           5|
    |select_ln104_106_fu_1966_p3  |  select  |      0|  0|   5|           1|           5|
    |select_ln104_107_fu_1973_p3  |  select  |      0|  0|   5|           1|           5|
    |select_ln104_108_fu_1980_p3  |  select  |      0|  0|   5|           1|           5|
    |select_ln104_109_fu_1987_p3  |  select  |      0|  0|   5|           1|           5|
    |select_ln104_10_fu_1294_p3   |  select  |      0|  0|   5|           1|           5|
    |select_ln104_110_fu_1994_p3  |  select  |      0|  0|   5|           1|           5|
    |select_ln104_111_fu_2001_p3  |  select  |      0|  0|   5|           1|           5|
    |select_ln104_112_fu_2008_p3  |  select  |      0|  0|   5|           1|           5|
    |select_ln104_113_fu_2015_p3  |  select  |      0|  0|   5|           1|           5|
    |select_ln104_114_fu_2022_p3  |  select  |      0|  0|   5|           1|           5|
    |select_ln104_115_fu_2029_p3  |  select  |      0|  0|   5|           1|           5|
    |select_ln104_116_fu_2036_p3  |  select  |      0|  0|   5|           1|           5|
    |select_ln104_117_fu_2043_p3  |  select  |      0|  0|   5|           1|           5|
    |select_ln104_118_fu_2050_p3  |  select  |      0|  0|   5|           1|           5|
    |select_ln104_119_fu_2057_p3  |  select  |      0|  0|   5|           1|           5|
    |select_ln104_11_fu_1301_p3   |  select  |      0|  0|   5|           1|           5|
    |select_ln104_120_fu_2064_p3  |  select  |      0|  0|   5|           1|           5|
    |select_ln104_121_fu_2071_p3  |  select  |      0|  0|   5|           1|           5|
    |select_ln104_122_fu_2078_p3  |  select  |      0|  0|   5|           1|           5|
    |select_ln104_123_fu_2085_p3  |  select  |      0|  0|   5|           1|           5|
    |select_ln104_124_fu_2092_p3  |  select  |      0|  0|   5|           1|           5|
    |select_ln104_125_fu_2099_p3  |  select  |      0|  0|   5|           1|           5|
    |select_ln104_12_fu_1308_p3   |  select  |      0|  0|   5|           1|           5|
    |select_ln104_13_fu_1315_p3   |  select  |      0|  0|   5|           1|           5|
    |select_ln104_14_fu_1322_p3   |  select  |      0|  0|   5|           1|           5|
    |select_ln104_15_fu_1329_p3   |  select  |      0|  0|   5|           1|           5|
    |select_ln104_16_fu_1336_p3   |  select  |      0|  0|   5|           1|           5|
    |select_ln104_17_fu_1343_p3   |  select  |      0|  0|   5|           1|           5|
    |select_ln104_18_fu_1350_p3   |  select  |      0|  0|   5|           1|           5|
    |select_ln104_19_fu_1357_p3   |  select  |      0|  0|   5|           1|           5|
    |select_ln104_1_fu_1231_p3    |  select  |      0|  0|   5|           1|           5|
    |select_ln104_20_fu_1364_p3   |  select  |      0|  0|   5|           1|           5|
    |select_ln104_21_fu_1371_p3   |  select  |      0|  0|   5|           1|           5|
    |select_ln104_22_fu_1378_p3   |  select  |      0|  0|   5|           1|           5|
    |select_ln104_23_fu_1385_p3   |  select  |      0|  0|   5|           1|           5|
    |select_ln104_24_fu_1392_p3   |  select  |      0|  0|   5|           1|           5|
    |select_ln104_25_fu_1399_p3   |  select  |      0|  0|   5|           1|           5|
    |select_ln104_26_fu_1406_p3   |  select  |      0|  0|   5|           1|           5|
    |select_ln104_27_fu_1413_p3   |  select  |      0|  0|   5|           1|           5|
    |select_ln104_28_fu_1420_p3   |  select  |      0|  0|   5|           1|           5|
    |select_ln104_29_fu_1427_p3   |  select  |      0|  0|   5|           1|           5|
    |select_ln104_2_fu_1238_p3    |  select  |      0|  0|   5|           1|           5|
    |select_ln104_30_fu_1434_p3   |  select  |      0|  0|   5|           1|           5|
    |select_ln104_31_fu_1441_p3   |  select  |      0|  0|   5|           1|           5|
    |select_ln104_32_fu_1448_p3   |  select  |      0|  0|   5|           1|           5|
    |select_ln104_33_fu_1455_p3   |  select  |      0|  0|   5|           1|           5|
    |select_ln104_34_fu_1462_p3   |  select  |      0|  0|   5|           1|           5|
    |select_ln104_35_fu_1469_p3   |  select  |      0|  0|   5|           1|           5|
    |select_ln104_36_fu_1476_p3   |  select  |      0|  0|   5|           1|           5|
    |select_ln104_37_fu_1483_p3   |  select  |      0|  0|   5|           1|           5|
    |select_ln104_38_fu_1490_p3   |  select  |      0|  0|   5|           1|           5|
    |select_ln104_39_fu_1497_p3   |  select  |      0|  0|   5|           1|           5|
    |select_ln104_3_fu_1245_p3    |  select  |      0|  0|   5|           1|           5|
    |select_ln104_40_fu_1504_p3   |  select  |      0|  0|   5|           1|           5|
    |select_ln104_41_fu_1511_p3   |  select  |      0|  0|   5|           1|           5|
    |select_ln104_42_fu_1518_p3   |  select  |      0|  0|   5|           1|           5|
    |select_ln104_43_fu_1525_p3   |  select  |      0|  0|   5|           1|           5|
    |select_ln104_44_fu_1532_p3   |  select  |      0|  0|   5|           1|           5|
    |select_ln104_45_fu_1539_p3   |  select  |      0|  0|   5|           1|           5|
    |select_ln104_46_fu_1546_p3   |  select  |      0|  0|   5|           1|           5|
    |select_ln104_47_fu_1553_p3   |  select  |      0|  0|   5|           1|           5|
    |select_ln104_48_fu_1560_p3   |  select  |      0|  0|   5|           1|           5|
    |select_ln104_49_fu_1567_p3   |  select  |      0|  0|   5|           1|           5|
    |select_ln104_4_fu_1252_p3    |  select  |      0|  0|   5|           1|           5|
    |select_ln104_50_fu_1574_p3   |  select  |      0|  0|   5|           1|           5|
    |select_ln104_51_fu_1581_p3   |  select  |      0|  0|   5|           1|           5|
    |select_ln104_52_fu_1588_p3   |  select  |      0|  0|   5|           1|           5|
    |select_ln104_53_fu_1595_p3   |  select  |      0|  0|   5|           1|           5|
    |select_ln104_54_fu_1602_p3   |  select  |      0|  0|   5|           1|           5|
    |select_ln104_55_fu_1609_p3   |  select  |      0|  0|   5|           1|           5|
    |select_ln104_56_fu_1616_p3   |  select  |      0|  0|   5|           1|           5|
    |select_ln104_57_fu_1623_p3   |  select  |      0|  0|   5|           1|           5|
    |select_ln104_58_fu_1630_p3   |  select  |      0|  0|   5|           1|           5|
    |select_ln104_59_fu_1637_p3   |  select  |      0|  0|   5|           1|           5|
    |select_ln104_5_fu_1259_p3    |  select  |      0|  0|   5|           1|           5|
    |select_ln104_60_fu_1644_p3   |  select  |      0|  0|   5|           1|           5|
    |select_ln104_61_fu_1651_p3   |  select  |      0|  0|   5|           1|           5|
    |select_ln104_62_fu_1658_p3   |  select  |      0|  0|   5|           1|           5|
    |select_ln104_63_fu_1665_p3   |  select  |      0|  0|   5|           1|           5|
    |select_ln104_64_fu_1672_p3   |  select  |      0|  0|   5|           1|           5|
    |select_ln104_65_fu_1679_p3   |  select  |      0|  0|   5|           1|           5|
    |select_ln104_66_fu_1686_p3   |  select  |      0|  0|   5|           1|           5|
    |select_ln104_67_fu_1693_p3   |  select  |      0|  0|   5|           1|           5|
    |select_ln104_68_fu_1700_p3   |  select  |      0|  0|   5|           1|           5|
    |select_ln104_69_fu_1707_p3   |  select  |      0|  0|   5|           1|           5|
    |select_ln104_6_fu_1266_p3    |  select  |      0|  0|   5|           1|           5|
    |select_ln104_70_fu_1714_p3   |  select  |      0|  0|   5|           1|           5|
    |select_ln104_71_fu_1721_p3   |  select  |      0|  0|   5|           1|           5|
    |select_ln104_72_fu_1728_p3   |  select  |      0|  0|   5|           1|           5|
    |select_ln104_73_fu_1735_p3   |  select  |      0|  0|   5|           1|           5|
    |select_ln104_74_fu_1742_p3   |  select  |      0|  0|   5|           1|           5|
    |select_ln104_75_fu_1749_p3   |  select  |      0|  0|   5|           1|           5|
    |select_ln104_76_fu_1756_p3   |  select  |      0|  0|   5|           1|           5|
    |select_ln104_77_fu_1763_p3   |  select  |      0|  0|   5|           1|           5|
    |select_ln104_78_fu_1770_p3   |  select  |      0|  0|   5|           1|           5|
    |select_ln104_79_fu_1777_p3   |  select  |      0|  0|   5|           1|           5|
    |select_ln104_7_fu_1273_p3    |  select  |      0|  0|   5|           1|           5|
    |select_ln104_80_fu_1784_p3   |  select  |      0|  0|   5|           1|           5|
    |select_ln104_81_fu_1791_p3   |  select  |      0|  0|   5|           1|           5|
    |select_ln104_82_fu_1798_p3   |  select  |      0|  0|   5|           1|           5|
    |select_ln104_83_fu_1805_p3   |  select  |      0|  0|   5|           1|           5|
    |select_ln104_84_fu_1812_p3   |  select  |      0|  0|   5|           1|           5|
    |select_ln104_85_fu_1819_p3   |  select  |      0|  0|   5|           1|           5|
    |select_ln104_86_fu_1826_p3   |  select  |      0|  0|   5|           1|           5|
    |select_ln104_87_fu_1833_p3   |  select  |      0|  0|   5|           1|           5|
    |select_ln104_88_fu_1840_p3   |  select  |      0|  0|   5|           1|           5|
    |select_ln104_89_fu_1847_p3   |  select  |      0|  0|   5|           1|           5|
    |select_ln104_8_fu_1280_p3    |  select  |      0|  0|   5|           1|           5|
    |select_ln104_90_fu_1854_p3   |  select  |      0|  0|   5|           1|           5|
    |select_ln104_91_fu_1861_p3   |  select  |      0|  0|   5|           1|           5|
    |select_ln104_92_fu_1868_p3   |  select  |      0|  0|   5|           1|           5|
    |select_ln104_93_fu_1875_p3   |  select  |      0|  0|   5|           1|           5|
    |select_ln104_94_fu_1882_p3   |  select  |      0|  0|   5|           1|           5|
    |select_ln104_95_fu_1889_p3   |  select  |      0|  0|   5|           1|           5|
    |select_ln104_96_fu_1896_p3   |  select  |      0|  0|   5|           1|           5|
    |select_ln104_97_fu_1903_p3   |  select  |      0|  0|   5|           1|           5|
    |select_ln104_98_fu_1910_p3   |  select  |      0|  0|   5|           1|           5|
    |select_ln104_99_fu_1917_p3   |  select  |      0|  0|   5|           1|           5|
    |select_ln104_9_fu_1287_p3    |  select  |      0|  0|   5|           1|           5|
    |select_ln104_fu_1224_p3      |  select  |      0|  0|   5|           1|           5|
    |select_ln180_293_fu_1216_p3  |  select  |      0|  0|   5|           1|           5|
    |select_ln180_fu_1208_p3      |  select  |      0|  0|   5|           1|           5|
    +-----------------------------+----------+-------+---+----+------------+------------+
    |Total                        |          |      0|  0| 640|         128|         640|
    +-----------------------------+----------+-------+---+----+------------+------------+

    * Multiplexer: 
    +------------------------------------------+------+-----------+-----+-----------+
    |                   Name                   |  LUT | Input Size| Bits| Total Bits|
    +------------------------------------------+------+-----------+-----+-----------+
    |ap_NS_fsm                                 |  1173|        257|    1|        257|
    |grp_conv3x3b_fu_1152_ap_start             |     9|          2|    1|          2|
    |grp_conv3x3b_fu_1152_bank_V               |    44|          9|    4|         36|
    |grp_conv3x3b_fu_1152_cc_V                 |    44|          9|    4|         36|
    |grp_conv3x3b_fu_1152_conv_params_m_0_0_s  |    15|          3|    1|          3|
    |grp_conv3x3b_fu_1152_conv_params_m_0_1_s  |    15|          3|    1|          3|
    |grp_conv3x3b_fu_1152_conv_params_m_0_2_s  |    15|          3|    1|          3|
    |grp_conv3x3b_fu_1152_conv_params_m_1_0_s  |    15|          3|    1|          3|
    |grp_conv3x3b_fu_1152_conv_params_m_1_1_s  |    15|          3|    1|          3|
    |grp_conv3x3b_fu_1152_conv_params_m_1_2_s  |    15|          3|    1|          3|
    |grp_conv3x3b_fu_1152_conv_params_m_2_0_s  |    15|          3|    1|          3|
    |grp_conv3x3b_fu_1152_conv_params_m_2_1_s  |    15|          3|    1|          3|
    |grp_conv3x3b_fu_1152_conv_params_m_2_2_s  |    15|          3|    1|          3|
    |line_buffer_m_0_0_0_V_ce0                 |     9|          2|    1|          2|
    |line_buffer_m_0_0_0_V_ce1                 |     9|          2|    1|          2|
    |line_buffer_m_0_0_1_V_ce0                 |     9|          2|    1|          2|
    |line_buffer_m_0_0_1_V_ce1                 |     9|          2|    1|          2|
    |line_buffer_m_0_1_0_0_V_ce0               |     9|          2|    1|          2|
    |line_buffer_m_0_1_0_0_V_ce1               |     9|          2|    1|          2|
    |line_buffer_m_0_1_1_0_V_ce0               |     9|          2|    1|          2|
    |line_buffer_m_0_1_1_0_V_ce1               |     9|          2|    1|          2|
    |line_buffer_m_1_0_0_V_ce0                 |     9|          2|    1|          2|
    |line_buffer_m_1_0_0_V_ce1                 |     9|          2|    1|          2|
    |line_buffer_m_1_0_1_V_ce0                 |     9|          2|    1|          2|
    |line_buffer_m_1_0_1_V_ce1                 |     9|          2|    1|          2|
    |line_buffer_m_1_1_0_0_V_ce0               |     9|          2|    1|          2|
    |line_buffer_m_1_1_0_0_V_ce1               |     9|          2|    1|          2|
    |line_buffer_m_1_1_1_0_V_ce0               |     9|          2|    1|          2|
    |line_buffer_m_1_1_1_0_V_ce1               |     9|          2|    1|          2|
    +------------------------------------------+------+-----------+-----+-----------+
    |Total                                     |  1549|        336|   35|        390|
    +------------------------------------------+------+-----------+-----+-----------+

    * Register: 
    +----------------------------------------+-----+----+-----+-----------+
    |                  Name                  |  FF | LUT| Bits| Const Bits|
    +----------------------------------------+-----+----+-----+-----------+
    |ap_CS_fsm                               |  256|   0|  256|          0|
    |ap_port_reg_conv_out_buffer_m_V_offset  |    1|   0|    1|          0|
    |ap_port_reg_p_read10                    |    5|   0|    5|          0|
    |ap_port_reg_p_read100                   |    5|   0|    5|          0|
    |ap_port_reg_p_read101                   |    5|   0|    5|          0|
    |ap_port_reg_p_read102                   |    5|   0|    5|          0|
    |ap_port_reg_p_read103                   |    5|   0|    5|          0|
    |ap_port_reg_p_read104                   |    5|   0|    5|          0|
    |ap_port_reg_p_read105                   |    5|   0|    5|          0|
    |ap_port_reg_p_read106                   |    5|   0|    5|          0|
    |ap_port_reg_p_read107                   |    5|   0|    5|          0|
    |ap_port_reg_p_read108                   |    5|   0|    5|          0|
    |ap_port_reg_p_read109                   |    5|   0|    5|          0|
    |ap_port_reg_p_read11                    |    5|   0|    5|          0|
    |ap_port_reg_p_read110                   |    5|   0|    5|          0|
    |ap_port_reg_p_read111                   |    5|   0|    5|          0|
    |ap_port_reg_p_read112                   |    5|   0|    5|          0|
    |ap_port_reg_p_read113                   |    5|   0|    5|          0|
    |ap_port_reg_p_read114                   |    5|   0|    5|          0|
    |ap_port_reg_p_read115                   |    5|   0|    5|          0|
    |ap_port_reg_p_read116                   |    5|   0|    5|          0|
    |ap_port_reg_p_read117                   |    5|   0|    5|          0|
    |ap_port_reg_p_read118                   |    5|   0|    5|          0|
    |ap_port_reg_p_read119                   |    5|   0|    5|          0|
    |ap_port_reg_p_read12                    |    5|   0|    5|          0|
    |ap_port_reg_p_read120                   |    5|   0|    5|          0|
    |ap_port_reg_p_read121                   |    5|   0|    5|          0|
    |ap_port_reg_p_read122                   |    5|   0|    5|          0|
    |ap_port_reg_p_read123                   |    5|   0|    5|          0|
    |ap_port_reg_p_read124                   |    5|   0|    5|          0|
    |ap_port_reg_p_read125                   |    5|   0|    5|          0|
    |ap_port_reg_p_read126                   |    5|   0|    5|          0|
    |ap_port_reg_p_read127                   |    5|   0|    5|          0|
    |ap_port_reg_p_read128                   |    5|   0|    5|          0|
    |ap_port_reg_p_read129                   |    5|   0|    5|          0|
    |ap_port_reg_p_read13                    |    5|   0|    5|          0|
    |ap_port_reg_p_read130                   |    5|   0|    5|          0|
    |ap_port_reg_p_read131                   |    5|   0|    5|          0|
    |ap_port_reg_p_read132                   |    5|   0|    5|          0|
    |ap_port_reg_p_read133                   |    5|   0|    5|          0|
    |ap_port_reg_p_read134                   |    5|   0|    5|          0|
    |ap_port_reg_p_read135                   |    5|   0|    5|          0|
    |ap_port_reg_p_read136                   |    5|   0|    5|          0|
    |ap_port_reg_p_read14                    |    5|   0|    5|          0|
    |ap_port_reg_p_read15                    |    5|   0|    5|          0|
    |ap_port_reg_p_read16                    |    5|   0|    5|          0|
    |ap_port_reg_p_read17                    |    5|   0|    5|          0|
    |ap_port_reg_p_read18                    |    5|   0|    5|          0|
    |ap_port_reg_p_read19                    |    5|   0|    5|          0|
    |ap_port_reg_p_read20                    |    5|   0|    5|          0|
    |ap_port_reg_p_read21                    |    5|   0|    5|          0|
    |ap_port_reg_p_read22                    |    5|   0|    5|          0|
    |ap_port_reg_p_read23                    |    5|   0|    5|          0|
    |ap_port_reg_p_read24                    |    5|   0|    5|          0|
    |ap_port_reg_p_read25                    |    5|   0|    5|          0|
    |ap_port_reg_p_read26                    |    5|   0|    5|          0|
    |ap_port_reg_p_read27                    |    5|   0|    5|          0|
    |ap_port_reg_p_read28                    |    5|   0|    5|          0|
    |ap_port_reg_p_read29                    |    5|   0|    5|          0|
    |ap_port_reg_p_read30                    |    5|   0|    5|          0|
    |ap_port_reg_p_read31                    |    5|   0|    5|          0|
    |ap_port_reg_p_read32                    |    5|   0|    5|          0|
    |ap_port_reg_p_read33                    |    5|   0|    5|          0|
    |ap_port_reg_p_read34                    |    5|   0|    5|          0|
    |ap_port_reg_p_read35                    |    5|   0|    5|          0|
    |ap_port_reg_p_read36                    |    5|   0|    5|          0|
    |ap_port_reg_p_read37                    |    5|   0|    5|          0|
    |ap_port_reg_p_read38                    |    5|   0|    5|          0|
    |ap_port_reg_p_read39                    |    5|   0|    5|          0|
    |ap_port_reg_p_read40                    |    5|   0|    5|          0|
    |ap_port_reg_p_read41                    |    5|   0|    5|          0|
    |ap_port_reg_p_read42                    |    5|   0|    5|          0|
    |ap_port_reg_p_read43                    |    5|   0|    5|          0|
    |ap_port_reg_p_read44                    |    5|   0|    5|          0|
    |ap_port_reg_p_read45                    |    5|   0|    5|          0|
    |ap_port_reg_p_read46                    |    5|   0|    5|          0|
    |ap_port_reg_p_read47                    |    5|   0|    5|          0|
    |ap_port_reg_p_read48                    |    5|   0|    5|          0|
    |ap_port_reg_p_read49                    |    5|   0|    5|          0|
    |ap_port_reg_p_read50                    |    5|   0|    5|          0|
    |ap_port_reg_p_read51                    |    5|   0|    5|          0|
    |ap_port_reg_p_read52                    |    5|   0|    5|          0|
    |ap_port_reg_p_read53                    |    5|   0|    5|          0|
    |ap_port_reg_p_read54                    |    5|   0|    5|          0|
    |ap_port_reg_p_read55                    |    5|   0|    5|          0|
    |ap_port_reg_p_read56                    |    5|   0|    5|          0|
    |ap_port_reg_p_read57                    |    5|   0|    5|          0|
    |ap_port_reg_p_read58                    |    5|   0|    5|          0|
    |ap_port_reg_p_read59                    |    5|   0|    5|          0|
    |ap_port_reg_p_read60                    |    5|   0|    5|          0|
    |ap_port_reg_p_read61                    |    5|   0|    5|          0|
    |ap_port_reg_p_read62                    |    5|   0|    5|          0|
    |ap_port_reg_p_read63                    |    5|   0|    5|          0|
    |ap_port_reg_p_read64                    |    5|   0|    5|          0|
    |ap_port_reg_p_read65                    |    5|   0|    5|          0|
    |ap_port_reg_p_read66                    |    5|   0|    5|          0|
    |ap_port_reg_p_read67                    |    5|   0|    5|          0|
    |ap_port_reg_p_read68                    |    5|   0|    5|          0|
    |ap_port_reg_p_read69                    |    5|   0|    5|          0|
    |ap_port_reg_p_read70                    |    5|   0|    5|          0|
    |ap_port_reg_p_read71                    |    5|   0|    5|          0|
    |ap_port_reg_p_read72                    |    5|   0|    5|          0|
    |ap_port_reg_p_read73                    |    5|   0|    5|          0|
    |ap_port_reg_p_read74                    |    5|   0|    5|          0|
    |ap_port_reg_p_read75                    |    5|   0|    5|          0|
    |ap_port_reg_p_read76                    |    5|   0|    5|          0|
    |ap_port_reg_p_read77                    |    5|   0|    5|          0|
    |ap_port_reg_p_read78                    |    5|   0|    5|          0|
    |ap_port_reg_p_read79                    |    5|   0|    5|          0|
    |ap_port_reg_p_read80                    |    5|   0|    5|          0|
    |ap_port_reg_p_read81                    |    5|   0|    5|          0|
    |ap_port_reg_p_read82                    |    5|   0|    5|          0|
    |ap_port_reg_p_read83                    |    5|   0|    5|          0|
    |ap_port_reg_p_read84                    |    5|   0|    5|          0|
    |ap_port_reg_p_read85                    |    5|   0|    5|          0|
    |ap_port_reg_p_read86                    |    5|   0|    5|          0|
    |ap_port_reg_p_read87                    |    5|   0|    5|          0|
    |ap_port_reg_p_read88                    |    5|   0|    5|          0|
    |ap_port_reg_p_read89                    |    5|   0|    5|          0|
    |ap_port_reg_p_read9                     |    5|   0|    5|          0|
    |ap_port_reg_p_read90                    |    5|   0|    5|          0|
    |ap_port_reg_p_read91                    |    5|   0|    5|          0|
    |ap_port_reg_p_read92                    |    5|   0|    5|          0|
    |ap_port_reg_p_read93                    |    5|   0|    5|          0|
    |ap_port_reg_p_read94                    |    5|   0|    5|          0|
    |ap_port_reg_p_read95                    |    5|   0|    5|          0|
    |ap_port_reg_p_read96                    |    5|   0|    5|          0|
    |ap_port_reg_p_read97                    |    5|   0|    5|          0|
    |ap_port_reg_p_read98                    |    5|   0|    5|          0|
    |ap_port_reg_p_read99                    |    5|   0|    5|          0|
    |conv_out_buffer_m_V1_10_reg_3189        |    5|   0|    5|          0|
    |conv_out_buffer_m_V1_11_reg_3213        |    5|   0|    5|          0|
    |conv_out_buffer_m_V1_12_reg_3237        |    5|   0|    5|          0|
    |conv_out_buffer_m_V1_13_reg_3261        |    5|   0|    5|          0|
    |conv_out_buffer_m_V1_14_reg_3285        |    5|   0|    5|          0|
    |conv_out_buffer_m_V1_15_reg_3165        |    5|   0|    5|          0|
    |conv_out_buffer_m_V1_1_reg_2949         |    5|   0|    5|          0|
    |conv_out_buffer_m_V1_2_reg_2973         |    5|   0|    5|          0|
    |conv_out_buffer_m_V1_3_reg_2997         |    5|   0|    5|          0|
    |conv_out_buffer_m_V1_4_reg_3021         |    5|   0|    5|          0|
    |conv_out_buffer_m_V1_5_reg_3045         |    5|   0|    5|          0|
    |conv_out_buffer_m_V1_6_reg_3069         |    5|   0|    5|          0|
    |conv_out_buffer_m_V1_7_reg_3093         |    5|   0|    5|          0|
    |conv_out_buffer_m_V1_8_reg_3117         |    5|   0|    5|          0|
    |conv_out_buffer_m_V1_9_reg_3141         |    5|   0|    5|          0|
    |conv_out_buffer_m_V1_reg_2925           |    5|   0|    5|          0|
    |conv_out_buffer_m_V2_10_reg_3195        |    5|   0|    5|          0|
    |conv_out_buffer_m_V2_11_reg_3219        |    5|   0|    5|          0|
    |conv_out_buffer_m_V2_12_reg_3243        |    5|   0|    5|          0|
    |conv_out_buffer_m_V2_13_reg_3267        |    5|   0|    5|          0|
    |conv_out_buffer_m_V2_14_reg_3291        |    5|   0|    5|          0|
    |conv_out_buffer_m_V2_15_reg_3171        |    5|   0|    5|          0|
    |conv_out_buffer_m_V2_1_reg_2955         |    5|   0|    5|          0|
    |conv_out_buffer_m_V2_2_reg_2979         |    5|   0|    5|          0|
    |conv_out_buffer_m_V2_3_reg_3003         |    5|   0|    5|          0|
    |conv_out_buffer_m_V2_4_reg_3027         |    5|   0|    5|          0|
    |conv_out_buffer_m_V2_5_reg_3051         |    5|   0|    5|          0|
    |conv_out_buffer_m_V2_6_reg_3075         |    5|   0|    5|          0|
    |conv_out_buffer_m_V2_7_reg_3099         |    5|   0|    5|          0|
    |conv_out_buffer_m_V2_8_reg_3123         |    5|   0|    5|          0|
    |conv_out_buffer_m_V2_9_reg_3147         |    5|   0|    5|          0|
    |conv_out_buffer_m_V2_reg_2931           |    5|   0|    5|          0|
    |conv_out_buffer_m_V3_10_reg_3201        |    5|   0|    5|          0|
    |conv_out_buffer_m_V3_11_reg_3225        |    5|   0|    5|          0|
    |conv_out_buffer_m_V3_12_reg_3249        |    5|   0|    5|          0|
    |conv_out_buffer_m_V3_13_reg_3273        |    5|   0|    5|          0|
    |conv_out_buffer_m_V3_15_reg_3177        |    5|   0|    5|          0|
    |conv_out_buffer_m_V3_1_reg_2961         |    5|   0|    5|          0|
    |conv_out_buffer_m_V3_2_reg_2985         |    5|   0|    5|          0|
    |conv_out_buffer_m_V3_3_reg_3009         |    5|   0|    5|          0|
    |conv_out_buffer_m_V3_4_reg_3033         |    5|   0|    5|          0|
    |conv_out_buffer_m_V3_5_reg_3057         |    5|   0|    5|          0|
    |conv_out_buffer_m_V3_6_reg_3081         |    5|   0|    5|          0|
    |conv_out_buffer_m_V3_7_reg_3105         |    5|   0|    5|          0|
    |conv_out_buffer_m_V3_8_reg_3129         |    5|   0|    5|          0|
    |conv_out_buffer_m_V3_9_reg_3153         |    5|   0|    5|          0|
    |conv_out_buffer_m_V3_reg_2937           |    5|   0|    5|          0|
    |conv_out_buffer_m_V_10_reg_3159         |    5|   0|    5|          0|
    |conv_out_buffer_m_V_11_reg_3183         |    5|   0|    5|          0|
    |conv_out_buffer_m_V_12_reg_3207         |    5|   0|    5|          0|
    |conv_out_buffer_m_V_13_reg_3231         |    5|   0|    5|          0|
    |conv_out_buffer_m_V_14_reg_3255         |    5|   0|    5|          0|
    |conv_out_buffer_m_V_15_reg_3279         |    5|   0|    5|          0|
    |conv_out_buffer_m_V_1_reg_2943          |    5|   0|    5|          0|
    |conv_out_buffer_m_V_2_reg_2967          |    5|   0|    5|          0|
    |conv_out_buffer_m_V_3_reg_2991          |    5|   0|    5|          0|
    |conv_out_buffer_m_V_4_reg_3015          |    5|   0|    5|          0|
    |conv_out_buffer_m_V_5_reg_3039          |    5|   0|    5|          0|
    |conv_out_buffer_m_V_6_reg_3063          |    5|   0|    5|          0|
    |conv_out_buffer_m_V_7_reg_3087          |    5|   0|    5|          0|
    |conv_out_buffer_m_V_8_reg_3111          |    5|   0|    5|          0|
    |conv_out_buffer_m_V_9_reg_3135          |    5|   0|    5|          0|
    |conv_out_buffer_m_V_s_reg_2919          |    5|   0|    5|          0|
    |conv_params_m_0_0_2_reg_2914            |    1|   0|    1|          0|
    |conv_params_m_0_1_2_reg_2909            |    1|   0|    1|          0|
    |conv_params_m_0_2_2_reg_2904            |    1|   0|    1|          0|
    |conv_params_m_1_0_2_reg_2899            |    1|   0|    1|          0|
    |conv_params_m_1_1_2_reg_2894            |    1|   0|    1|          0|
    |conv_params_m_1_2_2_reg_2889            |    1|   0|    1|          0|
    |conv_params_m_2_0_2_reg_2884            |    1|   0|    1|          0|
    |conv_params_m_2_1_2_reg_2879            |    1|   0|    1|          0|
    |conv_params_m_2_2_2_reg_2874            |    1|   0|    1|          0|
    |grp_conv3x3b_fu_1152_ap_start_reg       |    1|   0|    1|          0|
    +----------------------------------------+-----+----+-----+-----------+
    |Total                                   | 1222|   0| 1222|          0|
    +----------------------------------------+-----+----+-----+-----------+



================================================================
== Interface
================================================================
* Summary: 
+----------------------------------+-----+-----+------------+----------------------------+--------------+
|             RTL Ports            | Dir | Bits|  Protocol  |        Source Object       |    C Type    |
+----------------------------------+-----+-----+------------+----------------------------+--------------+
|ap_clk                            |  in |    1| ap_ctrl_hs |          conv_word         | return value |
|ap_rst                            |  in |    1| ap_ctrl_hs |          conv_word         | return value |
|ap_start                          |  in |    1| ap_ctrl_hs |          conv_word         | return value |
|ap_done                           | out |    1| ap_ctrl_hs |          conv_word         | return value |
|ap_idle                           | out |    1| ap_ctrl_hs |          conv_word         | return value |
|ap_ready                          | out |    1| ap_ctrl_hs |          conv_word         | return value |
|ap_return_0                       | out |    5| ap_ctrl_hs |          conv_word         | return value |
|ap_return_1                       | out |    5| ap_ctrl_hs |          conv_word         | return value |
|ap_return_2                       | out |    5| ap_ctrl_hs |          conv_word         | return value |
|ap_return_3                       | out |    5| ap_ctrl_hs |          conv_word         | return value |
|ap_return_4                       | out |    5| ap_ctrl_hs |          conv_word         | return value |
|ap_return_5                       | out |    5| ap_ctrl_hs |          conv_word         | return value |
|ap_return_6                       | out |    5| ap_ctrl_hs |          conv_word         | return value |
|ap_return_7                       | out |    5| ap_ctrl_hs |          conv_word         | return value |
|ap_return_8                       | out |    5| ap_ctrl_hs |          conv_word         | return value |
|ap_return_9                       | out |    5| ap_ctrl_hs |          conv_word         | return value |
|ap_return_10                      | out |    5| ap_ctrl_hs |          conv_word         | return value |
|ap_return_11                      | out |    5| ap_ctrl_hs |          conv_word         | return value |
|ap_return_12                      | out |    5| ap_ctrl_hs |          conv_word         | return value |
|ap_return_13                      | out |    5| ap_ctrl_hs |          conv_word         | return value |
|ap_return_14                      | out |    5| ap_ctrl_hs |          conv_word         | return value |
|ap_return_15                      | out |    5| ap_ctrl_hs |          conv_word         | return value |
|ap_return_16                      | out |    5| ap_ctrl_hs |          conv_word         | return value |
|ap_return_17                      | out |    5| ap_ctrl_hs |          conv_word         | return value |
|ap_return_18                      | out |    5| ap_ctrl_hs |          conv_word         | return value |
|ap_return_19                      | out |    5| ap_ctrl_hs |          conv_word         | return value |
|ap_return_20                      | out |    5| ap_ctrl_hs |          conv_word         | return value |
|ap_return_21                      | out |    5| ap_ctrl_hs |          conv_word         | return value |
|ap_return_22                      | out |    5| ap_ctrl_hs |          conv_word         | return value |
|ap_return_23                      | out |    5| ap_ctrl_hs |          conv_word         | return value |
|ap_return_24                      | out |    5| ap_ctrl_hs |          conv_word         | return value |
|ap_return_25                      | out |    5| ap_ctrl_hs |          conv_word         | return value |
|ap_return_26                      | out |    5| ap_ctrl_hs |          conv_word         | return value |
|ap_return_27                      | out |    5| ap_ctrl_hs |          conv_word         | return value |
|ap_return_28                      | out |    5| ap_ctrl_hs |          conv_word         | return value |
|ap_return_29                      | out |    5| ap_ctrl_hs |          conv_word         | return value |
|ap_return_30                      | out |    5| ap_ctrl_hs |          conv_word         | return value |
|ap_return_31                      | out |    5| ap_ctrl_hs |          conv_word         | return value |
|ap_return_32                      | out |    5| ap_ctrl_hs |          conv_word         | return value |
|ap_return_33                      | out |    5| ap_ctrl_hs |          conv_word         | return value |
|ap_return_34                      | out |    5| ap_ctrl_hs |          conv_word         | return value |
|ap_return_35                      | out |    5| ap_ctrl_hs |          conv_word         | return value |
|ap_return_36                      | out |    5| ap_ctrl_hs |          conv_word         | return value |
|ap_return_37                      | out |    5| ap_ctrl_hs |          conv_word         | return value |
|ap_return_38                      | out |    5| ap_ctrl_hs |          conv_word         | return value |
|ap_return_39                      | out |    5| ap_ctrl_hs |          conv_word         | return value |
|ap_return_40                      | out |    5| ap_ctrl_hs |          conv_word         | return value |
|ap_return_41                      | out |    5| ap_ctrl_hs |          conv_word         | return value |
|ap_return_42                      | out |    5| ap_ctrl_hs |          conv_word         | return value |
|ap_return_43                      | out |    5| ap_ctrl_hs |          conv_word         | return value |
|ap_return_44                      | out |    5| ap_ctrl_hs |          conv_word         | return value |
|ap_return_45                      | out |    5| ap_ctrl_hs |          conv_word         | return value |
|ap_return_46                      | out |    5| ap_ctrl_hs |          conv_word         | return value |
|ap_return_47                      | out |    5| ap_ctrl_hs |          conv_word         | return value |
|ap_return_48                      | out |    5| ap_ctrl_hs |          conv_word         | return value |
|ap_return_49                      | out |    5| ap_ctrl_hs |          conv_word         | return value |
|ap_return_50                      | out |    5| ap_ctrl_hs |          conv_word         | return value |
|ap_return_51                      | out |    5| ap_ctrl_hs |          conv_word         | return value |
|ap_return_52                      | out |    5| ap_ctrl_hs |          conv_word         | return value |
|ap_return_53                      | out |    5| ap_ctrl_hs |          conv_word         | return value |
|ap_return_54                      | out |    5| ap_ctrl_hs |          conv_word         | return value |
|ap_return_55                      | out |    5| ap_ctrl_hs |          conv_word         | return value |
|ap_return_56                      | out |    5| ap_ctrl_hs |          conv_word         | return value |
|ap_return_57                      | out |    5| ap_ctrl_hs |          conv_word         | return value |
|ap_return_58                      | out |    5| ap_ctrl_hs |          conv_word         | return value |
|ap_return_59                      | out |    5| ap_ctrl_hs |          conv_word         | return value |
|ap_return_60                      | out |    5| ap_ctrl_hs |          conv_word         | return value |
|ap_return_61                      | out |    5| ap_ctrl_hs |          conv_word         | return value |
|ap_return_62                      | out |    5| ap_ctrl_hs |          conv_word         | return value |
|ap_return_63                      | out |    5| ap_ctrl_hs |          conv_word         | return value |
|ap_return_64                      | out |    5| ap_ctrl_hs |          conv_word         | return value |
|ap_return_65                      | out |    5| ap_ctrl_hs |          conv_word         | return value |
|ap_return_66                      | out |    5| ap_ctrl_hs |          conv_word         | return value |
|ap_return_67                      | out |    5| ap_ctrl_hs |          conv_word         | return value |
|ap_return_68                      | out |    5| ap_ctrl_hs |          conv_word         | return value |
|ap_return_69                      | out |    5| ap_ctrl_hs |          conv_word         | return value |
|ap_return_70                      | out |    5| ap_ctrl_hs |          conv_word         | return value |
|ap_return_71                      | out |    5| ap_ctrl_hs |          conv_word         | return value |
|ap_return_72                      | out |    5| ap_ctrl_hs |          conv_word         | return value |
|ap_return_73                      | out |    5| ap_ctrl_hs |          conv_word         | return value |
|ap_return_74                      | out |    5| ap_ctrl_hs |          conv_word         | return value |
|ap_return_75                      | out |    5| ap_ctrl_hs |          conv_word         | return value |
|ap_return_76                      | out |    5| ap_ctrl_hs |          conv_word         | return value |
|ap_return_77                      | out |    5| ap_ctrl_hs |          conv_word         | return value |
|ap_return_78                      | out |    5| ap_ctrl_hs |          conv_word         | return value |
|ap_return_79                      | out |    5| ap_ctrl_hs |          conv_word         | return value |
|ap_return_80                      | out |    5| ap_ctrl_hs |          conv_word         | return value |
|ap_return_81                      | out |    5| ap_ctrl_hs |          conv_word         | return value |
|ap_return_82                      | out |    5| ap_ctrl_hs |          conv_word         | return value |
|ap_return_83                      | out |    5| ap_ctrl_hs |          conv_word         | return value |
|ap_return_84                      | out |    5| ap_ctrl_hs |          conv_word         | return value |
|ap_return_85                      | out |    5| ap_ctrl_hs |          conv_word         | return value |
|ap_return_86                      | out |    5| ap_ctrl_hs |          conv_word         | return value |
|ap_return_87                      | out |    5| ap_ctrl_hs |          conv_word         | return value |
|ap_return_88                      | out |    5| ap_ctrl_hs |          conv_word         | return value |
|ap_return_89                      | out |    5| ap_ctrl_hs |          conv_word         | return value |
|ap_return_90                      | out |    5| ap_ctrl_hs |          conv_word         | return value |
|ap_return_91                      | out |    5| ap_ctrl_hs |          conv_word         | return value |
|ap_return_92                      | out |    5| ap_ctrl_hs |          conv_word         | return value |
|ap_return_93                      | out |    5| ap_ctrl_hs |          conv_word         | return value |
|ap_return_94                      | out |    5| ap_ctrl_hs |          conv_word         | return value |
|ap_return_95                      | out |    5| ap_ctrl_hs |          conv_word         | return value |
|ap_return_96                      | out |    5| ap_ctrl_hs |          conv_word         | return value |
|ap_return_97                      | out |    5| ap_ctrl_hs |          conv_word         | return value |
|ap_return_98                      | out |    5| ap_ctrl_hs |          conv_word         | return value |
|ap_return_99                      | out |    5| ap_ctrl_hs |          conv_word         | return value |
|ap_return_100                     | out |    5| ap_ctrl_hs |          conv_word         | return value |
|ap_return_101                     | out |    5| ap_ctrl_hs |          conv_word         | return value |
|ap_return_102                     | out |    5| ap_ctrl_hs |          conv_word         | return value |
|ap_return_103                     | out |    5| ap_ctrl_hs |          conv_word         | return value |
|ap_return_104                     | out |    5| ap_ctrl_hs |          conv_word         | return value |
|ap_return_105                     | out |    5| ap_ctrl_hs |          conv_word         | return value |
|ap_return_106                     | out |    5| ap_ctrl_hs |          conv_word         | return value |
|ap_return_107                     | out |    5| ap_ctrl_hs |          conv_word         | return value |
|ap_return_108                     | out |    5| ap_ctrl_hs |          conv_word         | return value |
|ap_return_109                     | out |    5| ap_ctrl_hs |          conv_word         | return value |
|ap_return_110                     | out |    5| ap_ctrl_hs |          conv_word         | return value |
|ap_return_111                     | out |    5| ap_ctrl_hs |          conv_word         | return value |
|ap_return_112                     | out |    5| ap_ctrl_hs |          conv_word         | return value |
|ap_return_113                     | out |    5| ap_ctrl_hs |          conv_word         | return value |
|ap_return_114                     | out |    5| ap_ctrl_hs |          conv_word         | return value |
|ap_return_115                     | out |    5| ap_ctrl_hs |          conv_word         | return value |
|ap_return_116                     | out |    5| ap_ctrl_hs |          conv_word         | return value |
|ap_return_117                     | out |    5| ap_ctrl_hs |          conv_word         | return value |
|ap_return_118                     | out |    5| ap_ctrl_hs |          conv_word         | return value |
|ap_return_119                     | out |    5| ap_ctrl_hs |          conv_word         | return value |
|ap_return_120                     | out |    5| ap_ctrl_hs |          conv_word         | return value |
|ap_return_121                     | out |    5| ap_ctrl_hs |          conv_word         | return value |
|ap_return_122                     | out |    5| ap_ctrl_hs |          conv_word         | return value |
|ap_return_123                     | out |    5| ap_ctrl_hs |          conv_word         | return value |
|ap_return_124                     | out |    5| ap_ctrl_hs |          conv_word         | return value |
|ap_return_125                     | out |    5| ap_ctrl_hs |          conv_word         | return value |
|ap_return_126                     | out |    5| ap_ctrl_hs |          conv_word         | return value |
|ap_return_127                     | out |    5| ap_ctrl_hs |          conv_word         | return value |
|line_buffer_m_0_0_0_V_address0    | out |    6|  ap_memory |    line_buffer_m_0_0_0_V   |     array    |
|line_buffer_m_0_0_0_V_ce0         | out |    1|  ap_memory |    line_buffer_m_0_0_0_V   |     array    |
|line_buffer_m_0_0_0_V_q0          |  in |    2|  ap_memory |    line_buffer_m_0_0_0_V   |     array    |
|line_buffer_m_0_0_0_V_address1    | out |    6|  ap_memory |    line_buffer_m_0_0_0_V   |     array    |
|line_buffer_m_0_0_0_V_ce1         | out |    1|  ap_memory |    line_buffer_m_0_0_0_V   |     array    |
|line_buffer_m_0_0_0_V_q1          |  in |    2|  ap_memory |    line_buffer_m_0_0_0_V   |     array    |
|line_buffer_m_0_0_1_V_address0    | out |    6|  ap_memory |    line_buffer_m_0_0_1_V   |     array    |
|line_buffer_m_0_0_1_V_ce0         | out |    1|  ap_memory |    line_buffer_m_0_0_1_V   |     array    |
|line_buffer_m_0_0_1_V_q0          |  in |    2|  ap_memory |    line_buffer_m_0_0_1_V   |     array    |
|line_buffer_m_0_0_1_V_address1    | out |    6|  ap_memory |    line_buffer_m_0_0_1_V   |     array    |
|line_buffer_m_0_0_1_V_ce1         | out |    1|  ap_memory |    line_buffer_m_0_0_1_V   |     array    |
|line_buffer_m_0_0_1_V_q1          |  in |    2|  ap_memory |    line_buffer_m_0_0_1_V   |     array    |
|line_buffer_m_0_1_0_0_V_address0  | out |    5|  ap_memory |   line_buffer_m_0_1_0_0_V  |     array    |
|line_buffer_m_0_1_0_0_V_ce0       | out |    1|  ap_memory |   line_buffer_m_0_1_0_0_V  |     array    |
|line_buffer_m_0_1_0_0_V_q0        |  in |    2|  ap_memory |   line_buffer_m_0_1_0_0_V  |     array    |
|line_buffer_m_0_1_0_0_V_address1  | out |    5|  ap_memory |   line_buffer_m_0_1_0_0_V  |     array    |
|line_buffer_m_0_1_0_0_V_ce1       | out |    1|  ap_memory |   line_buffer_m_0_1_0_0_V  |     array    |
|line_buffer_m_0_1_0_0_V_q1        |  in |    2|  ap_memory |   line_buffer_m_0_1_0_0_V  |     array    |
|line_buffer_m_0_1_1_0_V_address0  | out |    5|  ap_memory |   line_buffer_m_0_1_1_0_V  |     array    |
|line_buffer_m_0_1_1_0_V_ce0       | out |    1|  ap_memory |   line_buffer_m_0_1_1_0_V  |     array    |
|line_buffer_m_0_1_1_0_V_q0        |  in |    2|  ap_memory |   line_buffer_m_0_1_1_0_V  |     array    |
|line_buffer_m_0_1_1_0_V_address1  | out |    5|  ap_memory |   line_buffer_m_0_1_1_0_V  |     array    |
|line_buffer_m_0_1_1_0_V_ce1       | out |    1|  ap_memory |   line_buffer_m_0_1_1_0_V  |     array    |
|line_buffer_m_0_1_1_0_V_q1        |  in |    2|  ap_memory |   line_buffer_m_0_1_1_0_V  |     array    |
|line_buffer_m_1_0_0_V_address0    | out |    6|  ap_memory |    line_buffer_m_1_0_0_V   |     array    |
|line_buffer_m_1_0_0_V_ce0         | out |    1|  ap_memory |    line_buffer_m_1_0_0_V   |     array    |
|line_buffer_m_1_0_0_V_q0          |  in |    2|  ap_memory |    line_buffer_m_1_0_0_V   |     array    |
|line_buffer_m_1_0_0_V_address1    | out |    6|  ap_memory |    line_buffer_m_1_0_0_V   |     array    |
|line_buffer_m_1_0_0_V_ce1         | out |    1|  ap_memory |    line_buffer_m_1_0_0_V   |     array    |
|line_buffer_m_1_0_0_V_q1          |  in |    2|  ap_memory |    line_buffer_m_1_0_0_V   |     array    |
|line_buffer_m_1_0_1_V_address0    | out |    6|  ap_memory |    line_buffer_m_1_0_1_V   |     array    |
|line_buffer_m_1_0_1_V_ce0         | out |    1|  ap_memory |    line_buffer_m_1_0_1_V   |     array    |
|line_buffer_m_1_0_1_V_q0          |  in |    2|  ap_memory |    line_buffer_m_1_0_1_V   |     array    |
|line_buffer_m_1_0_1_V_address1    | out |    6|  ap_memory |    line_buffer_m_1_0_1_V   |     array    |
|line_buffer_m_1_0_1_V_ce1         | out |    1|  ap_memory |    line_buffer_m_1_0_1_V   |     array    |
|line_buffer_m_1_0_1_V_q1          |  in |    2|  ap_memory |    line_buffer_m_1_0_1_V   |     array    |
|line_buffer_m_1_1_0_0_V_address0  | out |    5|  ap_memory |   line_buffer_m_1_1_0_0_V  |     array    |
|line_buffer_m_1_1_0_0_V_ce0       | out |    1|  ap_memory |   line_buffer_m_1_1_0_0_V  |     array    |
|line_buffer_m_1_1_0_0_V_q0        |  in |    2|  ap_memory |   line_buffer_m_1_1_0_0_V  |     array    |
|line_buffer_m_1_1_0_0_V_address1  | out |    5|  ap_memory |   line_buffer_m_1_1_0_0_V  |     array    |
|line_buffer_m_1_1_0_0_V_ce1       | out |    1|  ap_memory |   line_buffer_m_1_1_0_0_V  |     array    |
|line_buffer_m_1_1_0_0_V_q1        |  in |    2|  ap_memory |   line_buffer_m_1_1_0_0_V  |     array    |
|line_buffer_m_1_1_1_0_V_address0  | out |    5|  ap_memory |   line_buffer_m_1_1_1_0_V  |     array    |
|line_buffer_m_1_1_1_0_V_ce0       | out |    1|  ap_memory |   line_buffer_m_1_1_1_0_V  |     array    |
|line_buffer_m_1_1_1_0_V_q0        |  in |    2|  ap_memory |   line_buffer_m_1_1_1_0_V  |     array    |
|line_buffer_m_1_1_1_0_V_address1  | out |    5|  ap_memory |   line_buffer_m_1_1_1_0_V  |     array    |
|line_buffer_m_1_1_1_0_V_ce1       | out |    1|  ap_memory |   line_buffer_m_1_1_1_0_V  |     array    |
|line_buffer_m_1_1_1_0_V_q1        |  in |    2|  ap_memory |   line_buffer_m_1_1_1_0_V  |     array    |
|conv_params_m_0_0_s               |  in |    1|   ap_none  |     conv_params_m_0_0_s    |    scalar    |
|conv_params_m_0_1_s               |  in |    1|   ap_none  |     conv_params_m_0_1_s    |    scalar    |
|conv_params_m_0_2_s               |  in |    1|   ap_none  |     conv_params_m_0_2_s    |    scalar    |
|conv_params_m_1_0_s               |  in |    1|   ap_none  |     conv_params_m_1_0_s    |    scalar    |
|conv_params_m_1_1_s               |  in |    1|   ap_none  |     conv_params_m_1_1_s    |    scalar    |
|conv_params_m_1_2_s               |  in |    1|   ap_none  |     conv_params_m_1_2_s    |    scalar    |
|conv_params_m_2_0_s               |  in |    1|   ap_none  |     conv_params_m_2_0_s    |    scalar    |
|conv_params_m_2_1_s               |  in |    1|   ap_none  |     conv_params_m_2_1_s    |    scalar    |
|conv_params_m_2_2_s               |  in |    1|   ap_none  |     conv_params_m_2_2_s    |    scalar    |
|p_read9                           |  in |    5|   ap_none  |           p_read9          |    scalar    |
|p_read10                          |  in |    5|   ap_none  |          p_read10          |    scalar    |
|p_read11                          |  in |    5|   ap_none  |          p_read11          |    scalar    |
|p_read12                          |  in |    5|   ap_none  |          p_read12          |    scalar    |
|p_read13                          |  in |    5|   ap_none  |          p_read13          |    scalar    |
|p_read14                          |  in |    5|   ap_none  |          p_read14          |    scalar    |
|p_read15                          |  in |    5|   ap_none  |          p_read15          |    scalar    |
|p_read16                          |  in |    5|   ap_none  |          p_read16          |    scalar    |
|p_read17                          |  in |    5|   ap_none  |          p_read17          |    scalar    |
|p_read18                          |  in |    5|   ap_none  |          p_read18          |    scalar    |
|p_read19                          |  in |    5|   ap_none  |          p_read19          |    scalar    |
|p_read20                          |  in |    5|   ap_none  |          p_read20          |    scalar    |
|p_read21                          |  in |    5|   ap_none  |          p_read21          |    scalar    |
|p_read22                          |  in |    5|   ap_none  |          p_read22          |    scalar    |
|p_read23                          |  in |    5|   ap_none  |          p_read23          |    scalar    |
|p_read24                          |  in |    5|   ap_none  |          p_read24          |    scalar    |
|p_read25                          |  in |    5|   ap_none  |          p_read25          |    scalar    |
|p_read26                          |  in |    5|   ap_none  |          p_read26          |    scalar    |
|p_read27                          |  in |    5|   ap_none  |          p_read27          |    scalar    |
|p_read28                          |  in |    5|   ap_none  |          p_read28          |    scalar    |
|p_read29                          |  in |    5|   ap_none  |          p_read29          |    scalar    |
|p_read30                          |  in |    5|   ap_none  |          p_read30          |    scalar    |
|p_read31                          |  in |    5|   ap_none  |          p_read31          |    scalar    |
|p_read32                          |  in |    5|   ap_none  |          p_read32          |    scalar    |
|p_read33                          |  in |    5|   ap_none  |          p_read33          |    scalar    |
|p_read34                          |  in |    5|   ap_none  |          p_read34          |    scalar    |
|p_read35                          |  in |    5|   ap_none  |          p_read35          |    scalar    |
|p_read36                          |  in |    5|   ap_none  |          p_read36          |    scalar    |
|p_read37                          |  in |    5|   ap_none  |          p_read37          |    scalar    |
|p_read38                          |  in |    5|   ap_none  |          p_read38          |    scalar    |
|p_read39                          |  in |    5|   ap_none  |          p_read39          |    scalar    |
|p_read40                          |  in |    5|   ap_none  |          p_read40          |    scalar    |
|p_read41                          |  in |    5|   ap_none  |          p_read41          |    scalar    |
|p_read42                          |  in |    5|   ap_none  |          p_read42          |    scalar    |
|p_read43                          |  in |    5|   ap_none  |          p_read43          |    scalar    |
|p_read44                          |  in |    5|   ap_none  |          p_read44          |    scalar    |
|p_read45                          |  in |    5|   ap_none  |          p_read45          |    scalar    |
|p_read46                          |  in |    5|   ap_none  |          p_read46          |    scalar    |
|p_read47                          |  in |    5|   ap_none  |          p_read47          |    scalar    |
|p_read48                          |  in |    5|   ap_none  |          p_read48          |    scalar    |
|p_read49                          |  in |    5|   ap_none  |          p_read49          |    scalar    |
|p_read50                          |  in |    5|   ap_none  |          p_read50          |    scalar    |
|p_read51                          |  in |    5|   ap_none  |          p_read51          |    scalar    |
|p_read52                          |  in |    5|   ap_none  |          p_read52          |    scalar    |
|p_read53                          |  in |    5|   ap_none  |          p_read53          |    scalar    |
|p_read54                          |  in |    5|   ap_none  |          p_read54          |    scalar    |
|p_read55                          |  in |    5|   ap_none  |          p_read55          |    scalar    |
|p_read56                          |  in |    5|   ap_none  |          p_read56          |    scalar    |
|p_read57                          |  in |    5|   ap_none  |          p_read57          |    scalar    |
|p_read58                          |  in |    5|   ap_none  |          p_read58          |    scalar    |
|p_read59                          |  in |    5|   ap_none  |          p_read59          |    scalar    |
|p_read60                          |  in |    5|   ap_none  |          p_read60          |    scalar    |
|p_read61                          |  in |    5|   ap_none  |          p_read61          |    scalar    |
|p_read62                          |  in |    5|   ap_none  |          p_read62          |    scalar    |
|p_read63                          |  in |    5|   ap_none  |          p_read63          |    scalar    |
|p_read64                          |  in |    5|   ap_none  |          p_read64          |    scalar    |
|p_read65                          |  in |    5|   ap_none  |          p_read65          |    scalar    |
|p_read66                          |  in |    5|   ap_none  |          p_read66          |    scalar    |
|p_read67                          |  in |    5|   ap_none  |          p_read67          |    scalar    |
|p_read68                          |  in |    5|   ap_none  |          p_read68          |    scalar    |
|p_read69                          |  in |    5|   ap_none  |          p_read69          |    scalar    |
|p_read70                          |  in |    5|   ap_none  |          p_read70          |    scalar    |
|p_read71                          |  in |    5|   ap_none  |          p_read71          |    scalar    |
|p_read72                          |  in |    5|   ap_none  |          p_read72          |    scalar    |
|p_read73                          |  in |    5|   ap_none  |          p_read73          |    scalar    |
|p_read74                          |  in |    5|   ap_none  |          p_read74          |    scalar    |
|p_read75                          |  in |    5|   ap_none  |          p_read75          |    scalar    |
|p_read76                          |  in |    5|   ap_none  |          p_read76          |    scalar    |
|p_read77                          |  in |    5|   ap_none  |          p_read77          |    scalar    |
|p_read78                          |  in |    5|   ap_none  |          p_read78          |    scalar    |
|p_read79                          |  in |    5|   ap_none  |          p_read79          |    scalar    |
|p_read80                          |  in |    5|   ap_none  |          p_read80          |    scalar    |
|p_read81                          |  in |    5|   ap_none  |          p_read81          |    scalar    |
|p_read82                          |  in |    5|   ap_none  |          p_read82          |    scalar    |
|p_read83                          |  in |    5|   ap_none  |          p_read83          |    scalar    |
|p_read84                          |  in |    5|   ap_none  |          p_read84          |    scalar    |
|p_read85                          |  in |    5|   ap_none  |          p_read85          |    scalar    |
|p_read86                          |  in |    5|   ap_none  |          p_read86          |    scalar    |
|p_read87                          |  in |    5|   ap_none  |          p_read87          |    scalar    |
|p_read88                          |  in |    5|   ap_none  |          p_read88          |    scalar    |
|p_read89                          |  in |    5|   ap_none  |          p_read89          |    scalar    |
|p_read90                          |  in |    5|   ap_none  |          p_read90          |    scalar    |
|p_read91                          |  in |    5|   ap_none  |          p_read91          |    scalar    |
|p_read92                          |  in |    5|   ap_none  |          p_read92          |    scalar    |
|p_read93                          |  in |    5|   ap_none  |          p_read93          |    scalar    |
|p_read94                          |  in |    5|   ap_none  |          p_read94          |    scalar    |
|p_read95                          |  in |    5|   ap_none  |          p_read95          |    scalar    |
|p_read96                          |  in |    5|   ap_none  |          p_read96          |    scalar    |
|p_read97                          |  in |    5|   ap_none  |          p_read97          |    scalar    |
|p_read98                          |  in |    5|   ap_none  |          p_read98          |    scalar    |
|p_read99                          |  in |    5|   ap_none  |          p_read99          |    scalar    |
|p_read100                         |  in |    5|   ap_none  |          p_read100         |    scalar    |
|p_read101                         |  in |    5|   ap_none  |          p_read101         |    scalar    |
|p_read102                         |  in |    5|   ap_none  |          p_read102         |    scalar    |
|p_read103                         |  in |    5|   ap_none  |          p_read103         |    scalar    |
|p_read104                         |  in |    5|   ap_none  |          p_read104         |    scalar    |
|p_read105                         |  in |    5|   ap_none  |          p_read105         |    scalar    |
|p_read106                         |  in |    5|   ap_none  |          p_read106         |    scalar    |
|p_read107                         |  in |    5|   ap_none  |          p_read107         |    scalar    |
|p_read108                         |  in |    5|   ap_none  |          p_read108         |    scalar    |
|p_read109                         |  in |    5|   ap_none  |          p_read109         |    scalar    |
|p_read110                         |  in |    5|   ap_none  |          p_read110         |    scalar    |
|p_read111                         |  in |    5|   ap_none  |          p_read111         |    scalar    |
|p_read112                         |  in |    5|   ap_none  |          p_read112         |    scalar    |
|p_read113                         |  in |    5|   ap_none  |          p_read113         |    scalar    |
|p_read114                         |  in |    5|   ap_none  |          p_read114         |    scalar    |
|p_read115                         |  in |    5|   ap_none  |          p_read115         |    scalar    |
|p_read116                         |  in |    5|   ap_none  |          p_read116         |    scalar    |
|p_read117                         |  in |    5|   ap_none  |          p_read117         |    scalar    |
|p_read118                         |  in |    5|   ap_none  |          p_read118         |    scalar    |
|p_read119                         |  in |    5|   ap_none  |          p_read119         |    scalar    |
|p_read120                         |  in |    5|   ap_none  |          p_read120         |    scalar    |
|p_read121                         |  in |    5|   ap_none  |          p_read121         |    scalar    |
|p_read122                         |  in |    5|   ap_none  |          p_read122         |    scalar    |
|p_read123                         |  in |    5|   ap_none  |          p_read123         |    scalar    |
|p_read124                         |  in |    5|   ap_none  |          p_read124         |    scalar    |
|p_read125                         |  in |    5|   ap_none  |          p_read125         |    scalar    |
|p_read126                         |  in |    5|   ap_none  |          p_read126         |    scalar    |
|p_read127                         |  in |    5|   ap_none  |          p_read127         |    scalar    |
|p_read128                         |  in |    5|   ap_none  |          p_read128         |    scalar    |
|p_read129                         |  in |    5|   ap_none  |          p_read129         |    scalar    |
|p_read130                         |  in |    5|   ap_none  |          p_read130         |    scalar    |
|p_read131                         |  in |    5|   ap_none  |          p_read131         |    scalar    |
|p_read132                         |  in |    5|   ap_none  |          p_read132         |    scalar    |
|p_read133                         |  in |    5|   ap_none  |          p_read133         |    scalar    |
|p_read134                         |  in |    5|   ap_none  |          p_read134         |    scalar    |
|p_read135                         |  in |    5|   ap_none  |          p_read135         |    scalar    |
|p_read136                         |  in |    5|   ap_none  |          p_read136         |    scalar    |
|conv_out_buffer_m_V_offset        |  in |    1|   ap_none  | conv_out_buffer_m_V_offset |    scalar    |
+----------------------------------+-----+-----+------------+----------------------------+--------------+

