

================================================================
== Vivado HLS Report for 'conv3x3b'
================================================================
* Date:           Tue Apr  6 17:39:23 2021

* Version:        2019.1 (Build 2552052 on Fri May 24 15:28:33 MDT 2019)
* Project:        BNN_6
* Solution:       solution1
* Product family: kintex7
* Target device:  xc7k70t-fbv676-1


================================================================
== Performance Estimates
================================================================
+ Timing (ns): 
    * Summary: 
    +--------+-------+----------+------------+
    |  Clock | Target| Estimated| Uncertainty|
    +--------+-------+----------+------------+
    |ap_clk  |  25.00|    19.005|        3.12|
    +--------+-------+----------+------------+

+ Latency (clock cycles): 
    * Summary: 
    +-----+-----+-----+-----+----------+
    |  Latency  |  Interval | Pipeline |
    | min | max | min | max |   Type   |
    +-----+-----+-----+-----+----------+
    |    3|    3|    3|    3| function |
    +-----+-----+-----+-----+----------+

    + Detail: 
        * Instance: 
        N/A

        * Loop: 
        N/A



================================================================
== Utilization Estimates
================================================================
* Summary: 
+-----------------+---------+-------+-------+-------+-----+
|       Name      | BRAM_18K| DSP48E|   FF  |  LUT  | URAM|
+-----------------+---------+-------+-------+-------+-----+
|DSP              |        -|      -|      -|      -|    -|
|Expression       |        -|      -|      0|   3959|    -|
|FIFO             |        -|      -|      -|      -|    -|
|Instance         |        -|      -|      -|      -|    -|
|Memory           |        -|      -|      -|      -|    -|
|Multiplexer      |        -|      -|      -|    321|    -|
|Register         |        -|      -|    141|      -|    -|
+-----------------+---------+-------+-------+-------+-----+
|Total            |        0|      0|    141|   4280|    0|
+-----------------+---------+-------+-------+-------+-----+
|Available        |      270|    240|  82000|  41000|    0|
+-----------------+---------+-------+-------+-------+-----+
|Utilization (%)  |        0|      0|   ~0  |     10|    0|
+-----------------+---------+-------+-------+-------+-----+

+ Detail: 
    * Instance: 
    N/A

    * DSP48E: 
    N/A

    * Memory: 
    N/A

    * FIFO: 
    N/A

    * Expression: 
    +-----------------------------+----------+-------+---+----+------------+------------+
    |        Variable Name        | Operation| DSP48E| FF| LUT| Bitwidth P0| Bitwidth P1|
    +-----------------------------+----------+-------+---+----+------------+------------+
    |add_ln700_3_fu_2390_p2       |     +    |      0|  0|  12|           3|           3|
    |add_ln700_4_fu_2400_p2       |     +    |      0|  0|  13|           4|           4|
    |add_ln700_5_fu_2406_p2       |     +    |      0|  0|  12|           3|           3|
    |add_ln700_6_fu_3304_p2       |     +    |      0|  0|  12|           3|           3|
    |add_ln700_7_fu_3314_p2       |     +    |      0|  0|  13|           4|           4|
    |add_ln700_8_fu_3324_p2       |     +    |      0|  0|  14|           5|           5|
    |add_ln700_fu_1404_p2         |     +    |      0|  0|  12|           3|           3|
    |add_ln74_1_fu_387_p2         |     +    |      0|  0|  13|           4|           2|
    |add_ln74_2_fu_317_p2         |     +    |      0|  0|  15|           6|           6|
    |add_ln74_3_fu_426_p2         |     +    |      0|  0|  15|           7|           7|
    |add_ln74_4_fu_341_p2         |     +    |      0|  0|  15|           6|           6|
    |add_ln74_5_fu_435_p2         |     +    |      0|  0|  15|           7|           7|
    |add_ln74_6_fu_376_p2         |     +    |      0|  0|  15|           6|           6|
    |add_ln74_7_fu_1413_p2        |     +    |      0|  0|  15|           7|           7|
    |add_ln74_8_fu_1196_p2        |     +    |      0|  0|  15|           6|           6|
    |add_ln74_9_fu_1426_p2        |     +    |      0|  0|  15|           7|           7|
    |add_ln74_fu_356_p2           |     +    |      0|  0|  13|           4|           1|
    |ap_return                    |     +    |      0|  0|  14|           5|           5|
    |sub_ln74_10_fu_889_p2        |     -    |      0|  0|  15|           6|           6|
    |sub_ln74_11_fu_919_p2        |     -    |      0|  0|  15|           5|           6|
    |sub_ln74_12_fu_973_p2        |     -    |      0|  0|  13|           4|           4|
    |sub_ln74_13_fu_985_p2        |     -    |      0|  0|  13|           4|           4|
    |sub_ln74_14_fu_1015_p2       |     -    |      0|  0|  13|           3|           4|
    |sub_ln74_15_fu_1069_p2       |     -    |      0|  0|  12|           3|           3|
    |sub_ln74_16_fu_1081_p2       |     -    |      0|  0|  12|           3|           3|
    |sub_ln74_17_fu_1111_p2       |     -    |      0|  0|  12|           2|           3|
    |sub_ln74_18_fu_1452_p2       |     -    |      0|  0|  15|           6|           6|
    |sub_ln74_19_fu_1464_p2       |     -    |      0|  0|  15|           6|           6|
    |sub_ln74_1_fu_491_p2         |     -    |      0|  0|  15|           6|           6|
    |sub_ln74_20_fu_1494_p2       |     -    |      0|  0|  15|           5|           6|
    |sub_ln74_21_fu_1546_p2       |     -    |      0|  0|  13|           4|           4|
    |sub_ln74_22_fu_1558_p2       |     -    |      0|  0|  13|           4|           4|
    |sub_ln74_23_fu_1588_p2       |     -    |      0|  0|  13|           3|           4|
    |sub_ln74_24_fu_1640_p2       |     -    |      0|  0|  12|           3|           3|
    |sub_ln74_25_fu_1652_p2       |     -    |      0|  0|  12|           3|           3|
    |sub_ln74_26_fu_1682_p2       |     -    |      0|  0|  12|           2|           3|
    |sub_ln74_27_fu_1234_p2       |     -    |      0|  0|  13|           4|           4|
    |sub_ln74_28_fu_1246_p2       |     -    |      0|  0|  13|           4|           4|
    |sub_ln74_29_fu_1276_p2       |     -    |      0|  0|  13|           3|           4|
    |sub_ln74_2_fu_521_p2         |     -    |      0|  0|  15|           5|           6|
    |sub_ln74_30_fu_1330_p2       |     -    |      0|  0|  12|           3|           3|
    |sub_ln74_31_fu_1342_p2       |     -    |      0|  0|  12|           3|           3|
    |sub_ln74_32_fu_1372_p2       |     -    |      0|  0|  12|           2|           3|
    |sub_ln74_33_fu_1833_p2       |     -    |      0|  0|  13|           4|           4|
    |sub_ln74_34_fu_1845_p2       |     -    |      0|  0|  13|           4|           4|
    |sub_ln74_35_fu_1875_p2       |     -    |      0|  0|  13|           3|           4|
    |sub_ln74_36_fu_1927_p2       |     -    |      0|  0|  12|           3|           3|
    |sub_ln74_37_fu_1939_p2       |     -    |      0|  0|  12|           3|           3|
    |sub_ln74_38_fu_1969_p2       |     -    |      0|  0|  12|           2|           3|
    |sub_ln74_39_fu_2076_p2       |     -    |      0|  0|  13|           4|           4|
    |sub_ln74_3_fu_594_p2         |     -    |      0|  0|  13|           4|           4|
    |sub_ln74_40_fu_2088_p2       |     -    |      0|  0|  13|           4|           4|
    |sub_ln74_41_fu_2118_p2       |     -    |      0|  0|  13|           3|           4|
    |sub_ln74_42_fu_2170_p2       |     -    |      0|  0|  12|           3|           3|
    |sub_ln74_43_fu_2182_p2       |     -    |      0|  0|  12|           3|           3|
    |sub_ln74_44_fu_2212_p2       |     -    |      0|  0|  12|           2|           3|
    |sub_ln74_45_fu_2313_p2       |     -    |      0|  0|  15|           6|           6|
    |sub_ln74_46_fu_2325_p2       |     -    |      0|  0|  15|           6|           6|
    |sub_ln74_47_fu_2355_p2       |     -    |      0|  0|  15|           5|           6|
    |sub_ln74_48_fu_2430_p2       |     -    |      0|  0|  13|           4|           4|
    |sub_ln74_49_fu_2442_p2       |     -    |      0|  0|  13|           4|           4|
    |sub_ln74_4_fu_606_p2         |     -    |      0|  0|  13|           4|           4|
    |sub_ln74_50_fu_2472_p2       |     -    |      0|  0|  13|           3|           4|
    |sub_ln74_51_fu_2524_p2       |     -    |      0|  0|  12|           3|           3|
    |sub_ln74_52_fu_2536_p2       |     -    |      0|  0|  12|           3|           3|
    |sub_ln74_53_fu_2566_p2       |     -    |      0|  0|  12|           2|           3|
    |sub_ln74_54_fu_2662_p2       |     -    |      0|  0|  15|           6|           6|
    |sub_ln74_55_fu_2674_p2       |     -    |      0|  0|  15|           6|           6|
    |sub_ln74_56_fu_2704_p2       |     -    |      0|  0|  15|           5|           6|
    |sub_ln74_57_fu_2756_p2       |     -    |      0|  0|  13|           4|           4|
    |sub_ln74_58_fu_2768_p2       |     -    |      0|  0|  13|           4|           4|
    |sub_ln74_59_fu_2798_p2       |     -    |      0|  0|  13|           3|           4|
    |sub_ln74_5_fu_636_p2         |     -    |      0|  0|  13|           3|           4|
    |sub_ln74_60_fu_2850_p2       |     -    |      0|  0|  12|           3|           3|
    |sub_ln74_61_fu_2862_p2       |     -    |      0|  0|  12|           3|           3|
    |sub_ln74_62_fu_2892_p2       |     -    |      0|  0|  12|           2|           3|
    |sub_ln74_63_fu_2988_p2       |     -    |      0|  0|  15|           6|           6|
    |sub_ln74_64_fu_3000_p2       |     -    |      0|  0|  15|           6|           6|
    |sub_ln74_65_fu_3030_p2       |     -    |      0|  0|  15|           5|           6|
    |sub_ln74_66_fu_3082_p2       |     -    |      0|  0|  13|           4|           4|
    |sub_ln74_67_fu_3094_p2       |     -    |      0|  0|  13|           4|           4|
    |sub_ln74_68_fu_3124_p2       |     -    |      0|  0|  13|           3|           4|
    |sub_ln74_69_fu_3176_p2       |     -    |      0|  0|  12|           3|           3|
    |sub_ln74_6_fu_710_p2         |     -    |      0|  0|  12|           3|           3|
    |sub_ln74_70_fu_3188_p2       |     -    |      0|  0|  12|           3|           3|
    |sub_ln74_71_fu_3218_p2       |     -    |      0|  0|  12|           2|           3|
    |sub_ln74_7_fu_722_p2         |     -    |      0|  0|  12|           3|           3|
    |sub_ln74_8_fu_752_p2         |     -    |      0|  0|  12|           2|           3|
    |sub_ln74_9_fu_877_p2         |     -    |      0|  0|  15|           6|           6|
    |sub_ln74_fu_479_p2           |     -    |      0|  0|  15|           6|           6|
    |and_ln1355_1_fu_1159_p2      |    and   |      0|  0|   6|           1|           1|
    |and_ln1355_2_fu_1729_p2      |    and   |      0|  0|   6|           1|           1|
    |and_ln1355_3_fu_1776_p2      |    and   |      0|  0|   6|           1|           1|
    |and_ln1355_4_fu_2016_p2      |    and   |      0|  0|   6|           1|           1|
    |and_ln1355_5_fu_2259_p2      |    and   |      0|  0|   6|           1|           1|
    |and_ln1355_6_fu_2612_p2      |    and   |      0|  0|   6|           1|           1|
    |and_ln1355_7_fu_2938_p2      |    and   |      0|  0|   6|           1|           1|
    |and_ln1355_8_fu_3264_p2      |    and   |      0|  0|   6|           1|           1|
    |and_ln1355_fu_804_p2         |    and   |      0|  0|   6|           1|           1|
    |and_ln74_10_fu_1398_p2       |    and   |      0|  0|   6|           4|           4|
    |and_ln74_11_fu_1901_p2       |    and   |      0|  0|   8|           8|           8|
    |and_ln74_12_fu_1995_p2       |    and   |      0|  0|   6|           4|           4|
    |and_ln74_13_fu_2144_p2       |    and   |      0|  0|   8|           8|           8|
    |and_ln74_14_fu_2238_p2       |    and   |      0|  0|   6|           4|           4|
    |and_ln74_15_fu_2381_p2       |    and   |      0|  0|  32|          32|          32|
    |and_ln74_16_fu_2498_p2       |    and   |      0|  0|   8|           8|           8|
    |and_ln74_17_fu_2592_p2       |    and   |      0|  0|   6|           4|           4|
    |and_ln74_18_fu_2730_p2       |    and   |      0|  0|  32|          32|          32|
    |and_ln74_19_fu_2824_p2       |    and   |      0|  0|   8|           8|           8|
    |and_ln74_1_fu_662_p2         |    and   |      0|  0|   8|           8|           8|
    |and_ln74_20_fu_2918_p2       |    and   |      0|  0|   6|           4|           4|
    |and_ln74_21_fu_3056_p2       |    and   |      0|  0|  32|          32|          32|
    |and_ln74_22_fu_3150_p2       |    and   |      0|  0|   8|           8|           8|
    |and_ln74_23_fu_3244_p2       |    and   |      0|  0|   6|           4|           4|
    |and_ln74_2_fu_778_p2         |    and   |      0|  0|   6|           4|           4|
    |and_ln74_3_fu_945_p2         |    and   |      0|  0|  32|          32|          32|
    |and_ln74_4_fu_1041_p2        |    and   |      0|  0|   8|           8|           8|
    |and_ln74_5_fu_1137_p2        |    and   |      0|  0|   6|           4|           4|
    |and_ln74_6_fu_1520_p2        |    and   |      0|  0|  32|          32|          32|
    |and_ln74_7_fu_1614_p2        |    and   |      0|  0|   8|           8|           8|
    |and_ln74_8_fu_1708_p2        |    and   |      0|  0|   6|           4|           4|
    |and_ln74_9_fu_1302_p2        |    and   |      0|  0|   8|           8|           8|
    |and_ln74_fu_547_p2           |    and   |      0|  0|  32|          32|          32|
    |ap_block_pp0_stage0_11001    |    and   |      0|  0|   6|           1|           1|
    |grp_fu_251_p2                |   icmp   |      0|  0|  11|           5|           5|
    |grp_fu_255_p2                |   icmp   |      0|  0|   9|           3|           3|
    |grp_fu_259_p2                |   icmp   |      0|  0|   8|           2|           2|
    |grp_fu_263_p2                |   icmp   |      0|  0|  11|           5|           5|
    |grp_fu_267_p2                |   icmp   |      0|  0|   9|           3|           3|
    |grp_fu_271_p2                |   icmp   |      0|  0|   8|           2|           2|
    |grp_fu_275_p2                |   icmp   |      0|  0|   9|           3|           3|
    |grp_fu_279_p2                |   icmp   |      0|  0|   8|           2|           2|
    |icmp_ln74_15_fu_2293_p2      |   icmp   |      0|  0|  11|           5|           5|
    |lshr_ln74_10_fu_1125_p2      |   lshr   |      0|  0|  11|           4|           4|
    |lshr_ln74_11_fu_1131_p2      |   lshr   |      0|  0|  11|           2|           4|
    |lshr_ln74_12_fu_1508_p2      |   lshr   |      0|  0|  85|          32|          32|
    |lshr_ln74_13_fu_1514_p2      |   lshr   |      0|  0|  85|           2|          32|
    |lshr_ln74_14_fu_1602_p2      |   lshr   |      0|  0|  19|           8|           8|
    |lshr_ln74_15_fu_1608_p2      |   lshr   |      0|  0|  19|           2|           8|
    |lshr_ln74_16_fu_1696_p2      |   lshr   |      0|  0|  11|           4|           4|
    |lshr_ln74_17_fu_1702_p2      |   lshr   |      0|  0|  11|           2|           4|
    |lshr_ln74_18_fu_1290_p2      |   lshr   |      0|  0|  19|           8|           8|
    |lshr_ln74_19_fu_1296_p2      |   lshr   |      0|  0|  19|           2|           8|
    |lshr_ln74_1_fu_541_p2        |   lshr   |      0|  0|  85|           2|          32|
    |lshr_ln74_20_fu_1386_p2      |   lshr   |      0|  0|  11|           4|           4|
    |lshr_ln74_21_fu_1392_p2      |   lshr   |      0|  0|  11|           2|           4|
    |lshr_ln74_22_fu_1889_p2      |   lshr   |      0|  0|  19|           8|           8|
    |lshr_ln74_23_fu_1895_p2      |   lshr   |      0|  0|  19|           2|           8|
    |lshr_ln74_24_fu_1983_p2      |   lshr   |      0|  0|  11|           4|           4|
    |lshr_ln74_25_fu_1989_p2      |   lshr   |      0|  0|  11|           2|           4|
    |lshr_ln74_26_fu_2132_p2      |   lshr   |      0|  0|  19|           8|           8|
    |lshr_ln74_27_fu_2138_p2      |   lshr   |      0|  0|  19|           2|           8|
    |lshr_ln74_28_fu_2226_p2      |   lshr   |      0|  0|  11|           4|           4|
    |lshr_ln74_29_fu_2232_p2      |   lshr   |      0|  0|  11|           2|           4|
    |lshr_ln74_2_fu_650_p2        |   lshr   |      0|  0|  19|           8|           8|
    |lshr_ln74_30_fu_2369_p2      |   lshr   |      0|  0|  85|          32|          32|
    |lshr_ln74_31_fu_2375_p2      |   lshr   |      0|  0|  85|           2|          32|
    |lshr_ln74_32_fu_2486_p2      |   lshr   |      0|  0|  19|           8|           8|
    |lshr_ln74_33_fu_2492_p2      |   lshr   |      0|  0|  19|           2|           8|
    |lshr_ln74_34_fu_2580_p2      |   lshr   |      0|  0|  11|           4|           4|
    |lshr_ln74_35_fu_2586_p2      |   lshr   |      0|  0|  11|           2|           4|
    |lshr_ln74_36_fu_2718_p2      |   lshr   |      0|  0|  85|          32|          32|
    |lshr_ln74_37_fu_2724_p2      |   lshr   |      0|  0|  85|           2|          32|
    |lshr_ln74_38_fu_2812_p2      |   lshr   |      0|  0|  19|           8|           8|
    |lshr_ln74_39_fu_2818_p2      |   lshr   |      0|  0|  19|           2|           8|
    |lshr_ln74_3_fu_656_p2        |   lshr   |      0|  0|  19|           2|           8|
    |lshr_ln74_40_fu_2906_p2      |   lshr   |      0|  0|  11|           4|           4|
    |lshr_ln74_41_fu_2912_p2      |   lshr   |      0|  0|  11|           2|           4|
    |lshr_ln74_42_fu_3044_p2      |   lshr   |      0|  0|  85|          32|          32|
    |lshr_ln74_43_fu_3050_p2      |   lshr   |      0|  0|  85|           2|          32|
    |lshr_ln74_44_fu_3138_p2      |   lshr   |      0|  0|  19|           8|           8|
    |lshr_ln74_45_fu_3144_p2      |   lshr   |      0|  0|  19|           2|           8|
    |lshr_ln74_46_fu_3232_p2      |   lshr   |      0|  0|  11|           4|           4|
    |lshr_ln74_47_fu_3238_p2      |   lshr   |      0|  0|  11|           2|           4|
    |lshr_ln74_4_fu_766_p2        |   lshr   |      0|  0|  11|           4|           4|
    |lshr_ln74_5_fu_772_p2        |   lshr   |      0|  0|  11|           2|           4|
    |lshr_ln74_6_fu_933_p2        |   lshr   |      0|  0|  85|          32|          32|
    |lshr_ln74_7_fu_939_p2        |   lshr   |      0|  0|  85|           2|          32|
    |lshr_ln74_8_fu_1029_p2       |   lshr   |      0|  0|  19|           8|           8|
    |lshr_ln74_9_fu_1035_p2       |   lshr   |      0|  0|  19|           2|           8|
    |lshr_ln74_fu_535_p2          |   lshr   |      0|  0|  85|          32|          32|
    |ap_block_pp0_stage0_subdone  |    or    |      0|  0|   6|           1|           1|
    |empty_216_fu_567_p2          |    or    |      0|  0|   6|           3|           2|
    |empty_217_fu_683_p2          |    or    |      0|  0|   6|           2|           1|
    |empty_218_fu_852_p2          |    or    |      0|  0|   6|           5|           4|
    |empty_fu_454_p2              |    or    |      0|  0|   6|           5|           4|
    |or_ln74_fu_403_p2            |    or    |      0|  0|   6|           3|           1|
    |select_ln74_10_fu_903_p3     |  select  |      0|  0|  32|           1|          32|
    |select_ln74_11_fu_911_p3     |  select  |      0|  0|   6|           1|           6|
    |select_ln74_12_fu_991_p3     |  select  |      0|  0|   4|           1|           4|
    |select_ln74_13_fu_999_p3     |  select  |      0|  0|   8|           1|           8|
    |select_ln74_14_fu_1007_p3    |  select  |      0|  0|   4|           1|           4|
    |select_ln74_15_fu_1087_p3    |  select  |      0|  0|   3|           1|           3|
    |select_ln74_16_fu_1095_p3    |  select  |      0|  0|   4|           1|           4|
    |select_ln74_17_fu_1103_p3    |  select  |      0|  0|   3|           1|           3|
    |select_ln74_18_fu_1470_p3    |  select  |      0|  0|   6|           1|           6|
    |select_ln74_19_fu_1478_p3    |  select  |      0|  0|  32|           1|          32|
    |select_ln74_1_fu_505_p3      |  select  |      0|  0|  32|           1|          32|
    |select_ln74_20_fu_1486_p3    |  select  |      0|  0|   6|           1|           6|
    |select_ln74_21_fu_1564_p3    |  select  |      0|  0|   4|           1|           4|
    |select_ln74_22_fu_1572_p3    |  select  |      0|  0|   8|           1|           8|
    |select_ln74_23_fu_1580_p3    |  select  |      0|  0|   4|           1|           4|
    |select_ln74_24_fu_1658_p3    |  select  |      0|  0|   3|           1|           3|
    |select_ln74_25_fu_1666_p3    |  select  |      0|  0|   4|           1|           4|
    |select_ln74_26_fu_1674_p3    |  select  |      0|  0|   3|           1|           3|
    |select_ln74_27_fu_1252_p3    |  select  |      0|  0|   4|           1|           4|
    |select_ln74_28_fu_1260_p3    |  select  |      0|  0|   8|           1|           8|
    |select_ln74_29_fu_1268_p3    |  select  |      0|  0|   4|           1|           4|
    |select_ln74_2_fu_513_p3      |  select  |      0|  0|   6|           1|           6|
    |select_ln74_30_fu_1348_p3    |  select  |      0|  0|   3|           1|           3|
    |select_ln74_31_fu_1356_p3    |  select  |      0|  0|   4|           1|           4|
    |select_ln74_32_fu_1364_p3    |  select  |      0|  0|   3|           1|           3|
    |select_ln74_33_fu_1851_p3    |  select  |      0|  0|   4|           1|           4|
    |select_ln74_34_fu_1859_p3    |  select  |      0|  0|   8|           1|           8|
    |select_ln74_35_fu_1867_p3    |  select  |      0|  0|   4|           1|           4|
    |select_ln74_36_fu_1945_p3    |  select  |      0|  0|   3|           1|           3|
    |select_ln74_37_fu_1953_p3    |  select  |      0|  0|   4|           1|           4|
    |select_ln74_38_fu_1961_p3    |  select  |      0|  0|   3|           1|           3|
    |select_ln74_39_fu_2094_p3    |  select  |      0|  0|   4|           1|           4|
    |select_ln74_3_fu_612_p3      |  select  |      0|  0|   4|           1|           4|
    |select_ln74_40_fu_2102_p3    |  select  |      0|  0|   8|           1|           8|
    |select_ln74_41_fu_2110_p3    |  select  |      0|  0|   4|           1|           4|
    |select_ln74_42_fu_2188_p3    |  select  |      0|  0|   3|           1|           3|
    |select_ln74_43_fu_2196_p3    |  select  |      0|  0|   4|           1|           4|
    |select_ln74_44_fu_2204_p3    |  select  |      0|  0|   3|           1|           3|
    |select_ln74_45_fu_2331_p3    |  select  |      0|  0|   6|           1|           6|
    |select_ln74_46_fu_2339_p3    |  select  |      0|  0|  32|           1|          32|
    |select_ln74_47_fu_2347_p3    |  select  |      0|  0|   6|           1|           6|
    |select_ln74_48_fu_2448_p3    |  select  |      0|  0|   4|           1|           4|
    |select_ln74_49_fu_2456_p3    |  select  |      0|  0|   8|           1|           8|
    |select_ln74_4_fu_620_p3      |  select  |      0|  0|   8|           1|           8|
    |select_ln74_50_fu_2464_p3    |  select  |      0|  0|   4|           1|           4|
    |select_ln74_51_fu_2542_p3    |  select  |      0|  0|   3|           1|           3|
    |select_ln74_52_fu_2550_p3    |  select  |      0|  0|   4|           1|           4|
    |select_ln74_53_fu_2558_p3    |  select  |      0|  0|   3|           1|           3|
    |select_ln74_54_fu_2680_p3    |  select  |      0|  0|   6|           1|           6|
    |select_ln74_55_fu_2688_p3    |  select  |      0|  0|  32|           1|          32|
    |select_ln74_56_fu_2696_p3    |  select  |      0|  0|   6|           1|           6|
    |select_ln74_57_fu_2774_p3    |  select  |      0|  0|   4|           1|           4|
    |select_ln74_58_fu_2782_p3    |  select  |      0|  0|   8|           1|           8|
    |select_ln74_59_fu_2790_p3    |  select  |      0|  0|   4|           1|           4|
    |select_ln74_5_fu_628_p3      |  select  |      0|  0|   4|           1|           4|
    |select_ln74_60_fu_2868_p3    |  select  |      0|  0|   3|           1|           3|
    |select_ln74_61_fu_2876_p3    |  select  |      0|  0|   4|           1|           4|
    |select_ln74_62_fu_2884_p3    |  select  |      0|  0|   3|           1|           3|
    |select_ln74_63_fu_3006_p3    |  select  |      0|  0|   6|           1|           6|
    |select_ln74_64_fu_3014_p3    |  select  |      0|  0|  32|           1|          32|
    |select_ln74_65_fu_3022_p3    |  select  |      0|  0|   6|           1|           6|
    |select_ln74_66_fu_3100_p3    |  select  |      0|  0|   4|           1|           4|
    |select_ln74_67_fu_3108_p3    |  select  |      0|  0|   8|           1|           8|
    |select_ln74_68_fu_3116_p3    |  select  |      0|  0|   4|           1|           4|
    |select_ln74_69_fu_3194_p3    |  select  |      0|  0|   3|           1|           3|
    |select_ln74_6_fu_728_p3      |  select  |      0|  0|   3|           1|           3|
    |select_ln74_70_fu_3202_p3    |  select  |      0|  0|   4|           1|           4|
    |select_ln74_71_fu_3210_p3    |  select  |      0|  0|   3|           1|           3|
    |select_ln74_7_fu_736_p3      |  select  |      0|  0|   4|           1|           4|
    |select_ln74_8_fu_744_p3      |  select  |      0|  0|   3|           1|           3|
    |select_ln74_9_fu_895_p3      |  select  |      0|  0|   6|           1|           6|
    |select_ln74_fu_497_p3        |  select  |      0|  0|   6|           1|           6|
    |and_ln74_112_fu_838_p2       |    xor   |      0|  0|   6|           1|           2|
    |ap_enable_pp0                |    xor   |      0|  0|   6|           1|           2|
    |xor_ln74_10_fu_1336_p2       |    xor   |      0|  0|   6|           3|           2|
    |xor_ln74_11_fu_1839_p2       |    xor   |      0|  0|   6|           4|           3|
    |xor_ln74_12_fu_1933_p2       |    xor   |      0|  0|   6|           3|           2|
    |xor_ln74_13_fu_2082_p2       |    xor   |      0|  0|   6|           4|           3|
    |xor_ln74_14_fu_2176_p2       |    xor   |      0|  0|   6|           3|           2|
    |xor_ln74_15_fu_2319_p2       |    xor   |      0|  0|   6|           6|           5|
    |xor_ln74_16_fu_2436_p2       |    xor   |      0|  0|   6|           4|           3|
    |xor_ln74_17_fu_2530_p2       |    xor   |      0|  0|   6|           3|           2|
    |xor_ln74_18_fu_2668_p2       |    xor   |      0|  0|   6|           6|           5|
    |xor_ln74_19_fu_2762_p2       |    xor   |      0|  0|   6|           4|           3|
    |xor_ln74_1_fu_600_p2         |    xor   |      0|  0|   6|           4|           3|
    |xor_ln74_20_fu_2856_p2       |    xor   |      0|  0|   6|           3|           2|
    |xor_ln74_21_fu_2994_p2       |    xor   |      0|  0|   6|           6|           5|
    |xor_ln74_22_fu_3088_p2       |    xor   |      0|  0|   6|           4|           3|
    |xor_ln74_23_fu_3182_p2       |    xor   |      0|  0|   6|           3|           2|
    |xor_ln74_2_fu_716_p2         |    xor   |      0|  0|   6|           3|           2|
    |xor_ln74_3_fu_883_p2         |    xor   |      0|  0|   6|           6|           5|
    |xor_ln74_4_fu_979_p2         |    xor   |      0|  0|   6|           4|           3|
    |xor_ln74_5_fu_1075_p2        |    xor   |      0|  0|   6|           3|           2|
    |xor_ln74_6_fu_1458_p2        |    xor   |      0|  0|   6|           6|           5|
    |xor_ln74_7_fu_1552_p2        |    xor   |      0|  0|   6|           4|           3|
    |xor_ln74_8_fu_1646_p2        |    xor   |      0|  0|   6|           3|           2|
    |xor_ln74_9_fu_1240_p2        |    xor   |      0|  0|   6|           4|           3|
    |xor_ln74_fu_485_p2           |    xor   |      0|  0|   6|           6|           5|
    |xor_ln841_1_fu_1173_p2       |    xor   |      0|  0|   6|           1|           1|
    |xor_ln841_2_fu_1743_p2       |    xor   |      0|  0|   6|           1|           1|
    |xor_ln841_3_fu_1789_p2       |    xor   |      0|  0|   6|           1|           1|
    |xor_ln841_4_fu_2030_p2       |    xor   |      0|  0|   6|           1|           1|
    |xor_ln841_5_fu_2273_p2       |    xor   |      0|  0|   6|           1|           1|
    |xor_ln841_6_fu_2626_p2       |    xor   |      0|  0|   6|           1|           1|
    |xor_ln841_7_fu_2952_p2       |    xor   |      0|  0|   6|           1|           1|
    |xor_ln841_8_fu_3278_p2       |    xor   |      0|  0|   6|           1|           1|
    |xor_ln841_fu_818_p2          |    xor   |      0|  0|   6|           1|           1|
    +-----------------------------+----------+-------+---+----+------------+------------+
    |Total                        |          |      0|  0|3959|        1252|        1921|
    +-----------------------------+----------+-------+---+----+------------+------------+

    * Multiplexer: 
    +--------------------------+----+-----------+-----+-----------+
    |           Name           | LUT| Input Size| Bits| Total Bits|
    +--------------------------+----+-----------+-----+-----------+
    |ap_NS_fsm                 |  21|          4|    1|          4|
    |ap_enable_reg_pp0_iter0   |   9|          2|    1|          2|
    |ap_enable_reg_pp0_iter1   |   9|          2|    1|          2|
    |grp_fu_251_p0             |  15|          3|    5|         15|
    |grp_fu_251_p1             |  15|          3|    5|         15|
    |grp_fu_255_p0             |  15|          3|    3|          9|
    |grp_fu_255_p1             |  15|          3|    3|          9|
    |grp_fu_259_p0             |  15|          3|    2|          6|
    |grp_fu_259_p1             |  15|          3|    2|          6|
    |grp_fu_263_p0             |  15|          3|    5|         15|
    |grp_fu_263_p1             |  15|          3|    5|         15|
    |grp_fu_267_p0             |  15|          3|    3|          9|
    |grp_fu_267_p1             |  15|          3|    3|          9|
    |grp_fu_271_p0             |  15|          3|    2|          6|
    |grp_fu_271_p1             |  15|          3|    2|          6|
    |grp_fu_275_p0             |  15|          3|    3|          9|
    |grp_fu_275_p1             |  15|          3|    3|          9|
    |grp_fu_279_p0             |  15|          3|    2|          6|
    |grp_fu_279_p1             |  15|          3|    2|          6|
    |line_buffer_m_V_address0  |  21|          4|    6|         24|
    |line_buffer_m_V_address1  |  21|          4|    6|         24|
    +--------------------------+----+-----------+-----+-----------+
    |Total                     | 321|         64|   65|        206|
    +--------------------------+----+-----------+-----+-----------+

    * Register: 
    +------------------------------------+----+----+-----+-----------+
    |                Name                | FF | LUT| Bits| Const Bits|
    +------------------------------------+----+----+-----+-----------+
    |add_ln700_4_reg_3541                |   4|   0|    4|          0|
    |add_ln700_5_reg_3546                |   3|   0|    3|          0|
    |add_ln700_reg_3505                  |   3|   0|    3|          0|
    |add_ln74_2_reg_3341                 |   5|   0|    6|          1|
    |add_ln74_3_reg_3383                 |   6|   0|    7|          1|
    |and_ln74_10_reg_3498                |   4|   0|    4|          0|
    |and_ln74_15_reg_3535                |  32|   0|   32|          0|
    |and_ln74_3_reg_3487                 |  32|   0|   32|          0|
    |ap_CS_fsm                           |   3|   0|    3|          0|
    |ap_enable_reg_pp0_iter0_reg         |   1|   0|    1|          0|
    |ap_enable_reg_pp0_iter1             |   1|   0|    1|          0|
    |ap_port_reg_conv_params_m_0_0_s     |   2|   0|    2|          0|
    |ap_port_reg_conv_params_m_0_1_s     |   2|   0|    2|          0|
    |ap_port_reg_conv_params_m_0_2_s     |   2|   0|    2|          0|
    |ap_port_reg_conv_params_m_1_0_s     |   2|   0|    2|          0|
    |ap_port_reg_conv_params_m_1_1_s     |   2|   0|    2|          0|
    |ap_port_reg_conv_params_m_1_2_s     |   2|   0|    2|          0|
    |ap_port_reg_conv_params_m_2_0_s     |   2|   0|    2|          0|
    |ap_port_reg_conv_params_m_2_1_s     |   2|   0|    2|          0|
    |ap_port_reg_conv_params_m_2_2_s     |   2|   0|    2|          0|
    |ap_port_reg_conv_params_m_V_offset  |   1|   0|    1|          0|
    |ap_port_reg_line_buffer_m_V_offset  |   1|   0|    1|          0|
    |conv_params_m_0_0_3_reg_3520        |   2|   0|    2|          0|
    |conv_params_m_0_1_3_reg_3515        |   2|   0|    2|          0|
    |conv_params_m_0_2_3_reg_3510        |   2|   0|    2|          0|
    |empty_215_reg_3362                  |   1|   0|    1|          0|
    |empty_216_reg_3425                  |   1|   0|    3|          2|
    |empty_217_reg_3451                  |   1|   0|    2|          1|
    |empty_218_reg_3481                  |   1|   0|    5|          4|
    |empty_reg_3403                      |   1|   0|    5|          4|
    |tmp_3338_reg_3367                   |   3|   0|    3|          0|
    |tmp_3345_reg_3377                   |   3|   0|    3|          0|
    |tmp_3414_reg_3394                   |   1|   0|    5|          4|
    |tmp_3415_reg_3412                   |   1|   0|    3|          2|
    |tmp_3416_reg_3438                   |   1|   0|    2|          1|
    |tmp_3417_reg_3475                   |   1|   0|    5|          4|
    |tmp_reg_3352                        |   2|   0|    2|          0|
    |tmp_s_reg_3336                      |   2|   0|    3|          1|
    |trunc_ln74_reg_3346                 |   1|   0|    1|          0|
    |zext_ln215_reg_3464                 |   1|   0|    3|          2|
    +------------------------------------+----+----+-----+-----------+
    |Total                               | 141|   0|  168|         27|
    +------------------------------------+----+----+-----+-----------+



================================================================
== Interface
================================================================
* Summary: 
+--------------------------+-----+-----+------------+------------------------+--------------+
|         RTL Ports        | Dir | Bits|  Protocol  |      Source Object     |    C Type    |
+--------------------------+-----+-----+------------+------------------------+--------------+
|ap_clk                    |  in |    1| ap_ctrl_hs |        conv3x3b        | return value |
|ap_rst                    |  in |    1| ap_ctrl_hs |        conv3x3b        | return value |
|ap_start                  |  in |    1| ap_ctrl_hs |        conv3x3b        | return value |
|ap_done                   | out |    1| ap_ctrl_hs |        conv3x3b        | return value |
|ap_idle                   | out |    1| ap_ctrl_hs |        conv3x3b        | return value |
|ap_ready                  | out |    1| ap_ctrl_hs |        conv3x3b        | return value |
|ap_ce                     |  in |    1| ap_ctrl_hs |        conv3x3b        | return value |
|ap_return                 | out |    5| ap_ctrl_hs |        conv3x3b        | return value |
|line_buffer_m_V_address0  | out |    6|  ap_memory |     line_buffer_m_V    |     array    |
|line_buffer_m_V_ce0       | out |    1|  ap_memory |     line_buffer_m_V    |     array    |
|line_buffer_m_V_q0        |  in |   32|  ap_memory |     line_buffer_m_V    |     array    |
|line_buffer_m_V_address1  | out |    6|  ap_memory |     line_buffer_m_V    |     array    |
|line_buffer_m_V_ce1       | out |    1|  ap_memory |     line_buffer_m_V    |     array    |
|line_buffer_m_V_q1        |  in |   32|  ap_memory |     line_buffer_m_V    |     array    |
|line_buffer_m_V_offset    |  in |    1|   ap_none  | line_buffer_m_V_offset |    scalar    |
|conv_params_m_0_0_s       |  in |    2|   ap_none  |   conv_params_m_0_0_s  |    scalar    |
|conv_params_m_0_1_s       |  in |    2|   ap_none  |   conv_params_m_0_1_s  |    scalar    |
|conv_params_m_0_2_s       |  in |    2|   ap_none  |   conv_params_m_0_2_s  |    scalar    |
|conv_params_m_1_0_s       |  in |    2|   ap_none  |   conv_params_m_1_0_s  |    scalar    |
|conv_params_m_1_1_s       |  in |    2|   ap_none  |   conv_params_m_1_1_s  |    scalar    |
|conv_params_m_1_2_s       |  in |    2|   ap_none  |   conv_params_m_1_2_s  |    scalar    |
|conv_params_m_2_0_s       |  in |    2|   ap_none  |   conv_params_m_2_0_s  |    scalar    |
|conv_params_m_2_1_s       |  in |    2|   ap_none  |   conv_params_m_2_1_s  |    scalar    |
|conv_params_m_2_2_s       |  in |    2|   ap_none  |   conv_params_m_2_2_s  |    scalar    |
|conv_params_m_V_offset    |  in |    1|   ap_none  | conv_params_m_V_offset |    scalar    |
|bank_V                    |  in |    4|   ap_none  |         bank_V         |    scalar    |
|cc_V                      |  in |    4|   ap_none  |          cc_V          |    scalar    |
+--------------------------+-----+-----+------------+------------------------+--------------+

