

================================================================
== Vivado HLS Report for 'top'
================================================================
* Date:           Fri Apr  2 17:26:13 2021

* Version:        2019.1 (Build 2552052 on Fri May 24 15:28:33 MDT 2019)
* Project:        BNN_6
* Solution:       solution1
* Product family: kintex7
* Target device:  xc7k70t-fbv676-1


================================================================
== Performance Estimates
================================================================
+ Timing (ns): 
    * Summary: 
    +--------+-------+----------+------------+
    |  Clock | Target| Estimated| Uncertainty|
    +--------+-------+----------+------------+
    |ap_clk  |  12.00|     8.459|        1.50|
    +--------+-------+----------+------------+

+ Latency (clock cycles): 
    * Summary: 
    +--------+--------+--------+--------+---------+
    |     Latency     |     Interval    | Pipeline|
    |   min  |   max  |   min  |   max  |   Type  |
    +--------+--------+--------+--------+---------+
    |  315610|  349259|  315610|  349259|   none  |
    +--------+--------+--------+--------+---------+

    + Detail: 
        * Instance: 
        +---------------------+----------+--------+--------+--------+--------+---------+
        |                     |          |     Latency     |     Interval    | Pipeline|
        |       Instance      |  Module  |   min  |   max  |   min  |   max  |   Type  |
        +---------------------+----------+--------+--------+--------+--------+---------+
        |grp_bin_conv_fu_373  |bin_conv  |  310790|  344439|  310790|  344439|   none  |
        +---------------------+----------+--------+--------+--------+--------+---------+

        * Loop: 
        +---------------+------+------+----------+-----------+-----------+------+----------+
        |               |   Latency   | Iteration|  Initiation Interval  | Trip |          |
        |   Loop Name   |  min |  max |  Latency |  achieved |   target  | Count| Pipelined|
        +---------------+------+------+----------+-----------+-----------+------+----------+
        |- LOOP_DMEM_I  |    64|    64|         2|          1|          1|    64|    yes   |
        |- LOOP_WT_I    |  4682|  4682|         2|          1|          1|  4682|    yes   |
        |- LOOP_KH_I    |    64|    64|         2|          1|          1|    64|    yes   |
        +---------------+------+------+----------+-----------+-----------+------+----------+



================================================================
== Utilization Estimates
================================================================
* Summary: 
+-----------------+---------+-------+-------+-------+-----+
|       Name      | BRAM_18K| DSP48E|   FF  |  LUT  | URAM|
+-----------------+---------+-------+-------+-------+-----+
|DSP              |        -|      -|      -|      -|    -|
|Expression       |        -|      -|      0|    433|    -|
|FIFO             |        -|      -|      -|      -|    -|
|Instance         |        7|      1|   1618|   7396|    0|
|Memory           |       50|      -|      0|      0|    0|
|Multiplexer      |        -|      -|      -|    287|    -|
|Register         |        -|      -|    183|      -|    -|
+-----------------+---------+-------+-------+-------+-----+
|Total            |       57|      1|   1801|   8116|    0|
+-----------------+---------+-------+-------+-------+-----+
|Available        |      270|    240|  82000|  41000|    0|
+-----------------+---------+-------+-------+-------+-----+
|Utilization (%)  |       21|   ~0  |      2|     19|    0|
+-----------------+---------+-------+-------+-------+-----+

+ Detail: 
    * Instance: 
    +---------------------+----------+---------+-------+------+------+-----+
    |       Instance      |  Module  | BRAM_18K| DSP48E|  FF  |  LUT | URAM|
    +---------------------+----------+---------+-------+------+------+-----+
    |grp_bin_conv_fu_373  |bin_conv  |        7|      1|  1618|  7396|    0|
    +---------------------+----------+---------+-------+------+------+-----+
    |Total                |          |        7|      1|  1618|  7396|    0|
    +---------------------+----------+---------+-------+------+------+-----+

    * DSP48E: 
    N/A

    * Memory: 
    +------------+--------------+---------+---+----+-----+------+-----+------+-------------+
    |   Memory   |    Module    | BRAM_18K| FF| LUT| URAM| Words| Bits| Banks| W*Bits*Banks|
    +------------+--------------+---------+---+----+-----+------+-----+------+-------------+
    |dmem_V_U    |top_dmem_V    |       16|  0|   0|    0|  4096|   64|     1|       262144|
    |kh_mem_V_U  |top_kh_mem_V  |        2|  0|   0|    0|    64|   64|     1|         4096|
    |wt_mem_V_U  |top_wt_mem_V  |       32|  0|   0|    0|  4682|   64|     1|       299648|
    +------------+--------------+---------+---+----+-----+------+-----+------+-------------+
    |Total       |              |       50|  0|   0|    0|  8842|  192|     3|       565888|
    +------------+--------------+---------+---+----+-----+------+-----+------+-------------+

    * FIFO: 
    N/A

    * Expression: 
    +-----------------------------+----------+-------+---+----+------------+------------+
    |        Variable Name        | Operation| DSP48E| FF| LUT| Bitwidth P0| Bitwidth P1|
    +-----------------------------+----------+-------+---+----+------------+------------+
    |add_ln180_1_fu_686_p2        |     +    |      0|  0|  20|          13|          13|
    |add_ln180_2_fu_550_p2        |     +    |      0|  0|  14|          14|          14|
    |add_ln180_fu_569_p2          |     +    |      0|  0|  14|          14|          14|
    |add_ln700_fu_775_p2          |     +    |      0|  0|  23|           1|          16|
    |i_V_1_fu_707_p2              |     +    |      0|  0|  15|           7|           1|
    |i_V_2_fu_485_p2              |     +    |      0|  0|  15|           7|           1|
    |i_V_fu_654_p2                |     +    |      0|  0|  20|          13|           1|
    |img_idx_V_fu_591_p2          |     +    |      0|  0|  23|          16|           1|
    |img_off_V_fu_580_p2          |     +    |      0|  0|  17|          10|           1|
    |ap_condition_733             |    and   |      0|  0|   6|           1|           1|
    |t_V_fu_421_p2                |    and   |      0|  0|   6|           1|           1|
    |icmp_ln879_1_fu_473_p2       |   icmp   |      0|  0|   8|           2|           1|
    |icmp_ln879_2_fu_586_p2       |   icmp   |      0|  0|  13|          10|          10|
    |icmp_ln879_fu_463_p2         |   icmp   |      0|  0|   8|           2|           1|
    |icmp_ln887_1_fu_648_p2       |   icmp   |      0|  0|  13|          13|          13|
    |icmp_ln887_2_fu_701_p2       |   icmp   |      0|  0|  11|           7|           8|
    |icmp_ln887_fu_479_p2         |   icmp   |      0|  0|  11|           7|           8|
    |or_ln879_fu_723_p2           |    or    |      0|  0|   6|           1|           1|
    |nc_V_fu_760_p3               |  select  |      0|  0|  16|           1|          16|
    |select_ln180_fu_678_p3       |  select  |      0|  0|  12|           1|          12|
    |select_ln700_fu_768_p3       |  select  |      0|  0|   3|           1|           3|
    |select_ln786_1_fu_605_p3     |  select  |      0|  0|  10|           1|           1|
    |select_ln786_fu_597_p3       |  select  |      0|  0|  16|           1|          16|
    |select_ln879_fu_752_p3       |  select  |      0|  0|  16|           1|          16|
    |t_V_1_fu_427_p3              |  select  |      0|  0|  16|           1|           1|
    |r_V_fu_537_p2                |    shl   |      0|  0|  35|          16|          16|
    |words_per_image_V_fu_457_p2  |    shl   |      0|  0|  12|           1|           5|
    |ap_enable_pp0                |    xor   |      0|  0|   6|           1|           2|
    |ap_enable_pp1                |    xor   |      0|  0|   6|           1|           2|
    |ap_enable_pp2                |    xor   |      0|  0|   6|           1|           2|
    |ap_enable_reg_pp0_iter1      |    xor   |      0|  0|   6|           2|           1|
    |ap_enable_reg_pp1_iter1      |    xor   |      0|  0|   6|           2|           1|
    |ap_enable_reg_pp2_iter1      |    xor   |      0|  0|   6|           2|           1|
    |p_Result_s_fu_403_p2         |    xor   |      0|  0|   6|           1|           2|
    |r_V_2_fu_435_p2              |    xor   |      0|  0|   6|           1|           2|
    |xor_ln879_fu_718_p2          |    xor   |      0|  0|   6|           1|           2|
    +-----------------------------+----------+-------+---+----+------------+------------+
    |Total                        |          |      0|  0| 433|         175|         207|
    +-----------------------------+----------+-------+---+----+------------+------------+

    * Multiplexer: 
    +-------------------------+----+-----------+-----+-----------+
    |           Name          | LUT| Input Size| Bits| Total Bits|
    +-------------------------+----+-----------+-----+-----------+
    |ap_NS_fsm                |  53|         12|    1|         12|
    |ap_enable_reg_pp0_iter1  |  15|          3|    1|          3|
    |ap_enable_reg_pp1_iter1  |  15|          3|    1|          3|
    |ap_enable_reg_pp2_iter1  |  15|          3|    1|          3|
    |dmem_V_address0          |  33|          6|   12|         72|
    |dmem_V_ce0               |  15|          3|    1|          3|
    |dmem_V_d0                |  15|          3|   64|        192|
    |dmem_V_we0               |  15|          3|    1|          3|
    |dmem_i_V_address0        |  21|          4|   11|         44|
    |kh_mem_V_address0        |  15|          3|    6|         18|
    |p_0214_0_reg_340         |   9|          2|    7|         14|
    |p_0474_0_reg_351         |   9|          2|   13|         26|
    |p_0582_0_reg_362         |   9|          2|    7|         14|
    |p_0730_0_reg_318         |   9|          2|   16|         32|
    |p_0886_0_reg_329         |   9|          2|   10|         20|
    |wt_mem_V_address0        |  15|          3|   13|         39|
    |wt_mem_V_ce0             |  15|          3|    1|          3|
    +-------------------------+----+-----------+-----+-----------+
    |Total                    | 287|         59|  166|        501|
    +-------------------------+----+-----------+-----+-----------+

    * Register: 
    +----------------------------------+----+----+-----+-----------+
    |               Name               | FF | LUT| Bits| Const Bits|
    +----------------------------------+----+----+-----+-----------+
    |add_ln180_1_reg_936               |  13|   0|   13|          0|
    |add_ln180_reg_907                 |  14|   0|   14|          0|
    |ap_CS_fsm                         |  11|   0|   11|          0|
    |ap_enable_reg_pp0_iter0           |   1|   0|    1|          0|
    |ap_enable_reg_pp0_iter1           |   1|   0|    1|          0|
    |ap_enable_reg_pp1_iter0           |   1|   0|    1|          0|
    |ap_enable_reg_pp1_iter1           |   1|   0|    1|          0|
    |ap_enable_reg_pp2_iter0           |   1|   0|    1|          0|
    |ap_enable_reg_pp2_iter1           |   1|   0|    1|          0|
    |grp_bin_conv_fu_373_ap_start_reg  |   1|   0|    1|          0|
    |icmp_ln879_1_reg_869              |   1|   0|    1|          0|
    |icmp_ln879_reg_860                |   1|   0|    1|          0|
    |icmp_ln887_1_reg_927              |   1|   0|    1|          0|
    |icmp_ln887_2_reg_946              |   1|   0|    1|          0|
    |kh_index_V                        |   2|   0|    2|          0|
    |nc_V_reg_965                      |  16|   0|   16|          0|
    |o_index_V                         |  16|   0|   16|          0|
    |p_0214_0_reg_340                  |   7|   0|    7|          0|
    |p_0474_0_reg_351                  |  13|   0|   13|          0|
    |p_0582_0_reg_362                  |   7|   0|    7|          0|
    |p_0730_0_reg_318                  |  16|   0|   16|          0|
    |p_0886_0_reg_329                  |  10|   0|   10|          0|
    |r_V_2_reg_849                     |   1|   0|    1|          0|
    |ret_V_3_reg_887                   |   6|   0|    6|          0|
    |ret_V_5_reg_882                   |   1|   0|    1|          0|
    |ret_V_6_reg_892                   |   6|   0|    6|          0|
    |t_V_1_reg_843                     |  16|   0|   16|          0|
    |t_V_reg_837                       |   1|   0|    1|          0|
    |trunc_ln792_reg_827               |   1|   0|    1|          0|
    |trunc_ln839_reg_832               |   1|   0|    1|          0|
    |zext_ln544_4_reg_955              |   7|   0|   64|         57|
    |zext_ln771_reg_855                |   2|   0|   16|         14|
    |zext_ln879_reg_864                |   5|   0|   10|          5|
    +----------------------------------+----+----+-----+-----------+
    |Total                             | 183|   0|  259|         76|
    +----------------------------------+----+----+-----+-----------+



================================================================
== Interface
================================================================
* Summary: 
+-------------------+-----+-----+------------+----------------+--------------+
|     RTL Ports     | Dir | Bits|  Protocol  |  Source Object |    C Type    |
+-------------------+-----+-----+------------+----------------+--------------+
|ap_clk             |  in |    1| ap_ctrl_hs |       top      | return value |
|ap_rst             |  in |    1| ap_ctrl_hs |       top      | return value |
|ap_start           |  in |    1| ap_ctrl_hs |       top      | return value |
|ap_done            | out |    1| ap_ctrl_hs |       top      | return value |
|ap_idle            | out |    1| ap_ctrl_hs |       top      | return value |
|ap_ready           | out |    1| ap_ctrl_hs |       top      | return value |
|wt_i_V_address0    | out |   13|  ap_memory |     wt_i_V     |     array    |
|wt_i_V_ce0         | out |    1|  ap_memory |     wt_i_V     |     array    |
|wt_i_V_q0          |  in |   64|  ap_memory |     wt_i_V     |     array    |
|kh_i_V_address0    | out |    6|  ap_memory |     kh_i_V     |     array    |
|kh_i_V_ce0         | out |    1|  ap_memory |     kh_i_V     |     array    |
|kh_i_V_q0          |  in |   64|  ap_memory |     kh_i_V     |     array    |
|dmem_i_V_address0  | out |   11|  ap_memory |    dmem_i_V    |     array    |
|dmem_i_V_ce0       | out |    1|  ap_memory |    dmem_i_V    |     array    |
|dmem_i_V_q0        |  in |   64|  ap_memory |    dmem_i_V    |     array    |
|dmem_o_V_address0  | out |    7|  ap_memory |    dmem_o_V    |     array    |
|dmem_o_V_ce0       | out |    1|  ap_memory |    dmem_o_V    |     array    |
|dmem_o_V_we0       | out |    1|  ap_memory |    dmem_o_V    |     array    |
|dmem_o_V_d0        | out |   64|  ap_memory |    dmem_o_V    |     array    |
|n_inputs_V         |  in |   16|   ap_none  |   n_inputs_V   |    scalar    |
|n_outputs_V        |  in |   16|   ap_none  |   n_outputs_V  |    scalar    |
|input_words_V      |  in |   16|   ap_none  |  input_words_V |    scalar    |
|output_words_V     |  in |   16|   ap_none  | output_words_V |    scalar    |
|layer_mode_V       |  in |    3|   ap_none  |  layer_mode_V  |    scalar    |
|dmem_mode_V        |  in |    1|   ap_none  |   dmem_mode_V  |    scalar    |
|width_mode_V       |  in |    2|   ap_none  |  width_mode_V  |    scalar    |
|norm_mode_V        |  in |    2|   ap_none  |   norm_mode_V  |    scalar    |
+-------------------+-----+-----+------------+----------------+--------------+

