

================================================================
== Vivado HLS Report for 'conv3x3b'
================================================================
* Date:           Fri Apr  9 17:49:03 2021

* Version:        2019.1 (Build 2552052 on Fri May 24 15:28:33 MDT 2019)
* Project:        BNN_6
* Solution:       solution1
* Product family: kintex7
* Target device:  xc7k70t-fbv676-1


================================================================
== Performance Estimates
================================================================
+ Timing (ns): 
    * Summary: 
    +--------+-------+----------+------------+
    |  Clock | Target| Estimated| Uncertainty|
    +--------+-------+----------+------------+
    |ap_clk  |  25.00|     7.652|        3.12|
    +--------+-------+----------+------------+

+ Latency (clock cycles): 
    * Summary: 
    +-----+-----+-----+-----+----------+
    |  Latency  |  Interval | Pipeline |
    | min | max | min | max |   Type   |
    +-----+-----+-----+-----+----------+
    |    5|    5|    5|    5| function |
    +-----+-----+-----+-----+----------+

    + Detail: 
        * Instance: 
        N/A

        * Loop: 
        N/A



================================================================
== Utilization Estimates
================================================================
* Summary: 
+-----------------+---------+-------+-------+-------+-----+
|       Name      | BRAM_18K| DSP48E|   FF  |  LUT  | URAM|
+-----------------+---------+-------+-------+-------+-----+
|DSP              |        -|      -|      -|      -|    -|
|Expression       |        -|      -|      0|    503|    -|
|FIFO             |        -|      -|      -|      -|    -|
|Instance         |        -|      -|      -|      -|    -|
|Memory           |        -|      -|      -|      -|    -|
|Multiplexer      |        -|      -|      -|    111|    -|
|Register         |        -|      -|    112|      -|    -|
+-----------------+---------+-------+-------+-------+-----+
|Total            |        0|      0|    112|    614|    0|
+-----------------+---------+-------+-------+-------+-----+
|Available        |      270|    240|  82000|  41000|    0|
+-----------------+---------+-------+-------+-------+-----+
|Utilization (%)  |        0|      0|   ~0  |      1|    0|
+-----------------+---------+-------+-------+-------+-----+

+ Detail: 
    * Instance: 
    N/A

    * DSP48E: 
    N/A

    * Memory: 
    N/A

    * FIFO: 
    N/A

    * Expression: 
    +-----------------------------+----------+-------+---+----+------------+------------+
    |        Variable Name        | Operation| DSP48E| FF| LUT| Bitwidth P0| Bitwidth P1|
    +-----------------------------+----------+-------+---+----+------------+------------+
    |add_ln1353_14_fu_486_p2      |     +    |      0|  0|  13|           2|           4|
    |add_ln1353_fu_358_p2         |     +    |      0|  0|  13|           1|           4|
    |add_ln700_3_fu_642_p2        |     +    |      0|  0|  12|           3|           3|
    |add_ln700_4_fu_652_p2        |     +    |      0|  0|  13|           4|           4|
    |add_ln700_5_fu_756_p2        |     +    |      0|  0|  12|           3|           3|
    |add_ln700_6_fu_903_p2        |     +    |      0|  0|  12|           3|           3|
    |add_ln700_7_fu_913_p2        |     +    |      0|  0|  13|           4|           4|
    |add_ln700_8_fu_923_p2        |     +    |      0|  0|  14|           5|           5|
    |add_ln700_fu_505_p2          |     +    |      0|  0|  12|           3|           3|
    |add_ln79_10_fu_535_p2        |     +    |      0|  0|  18|          11|          11|
    |add_ln79_11_fu_544_p2        |     +    |      0|  0|  18|          11|          11|
    |add_ln79_1_fu_379_p2         |     +    |      0|  0|  18|           4|          11|
    |add_ln79_2_fu_511_p2         |     +    |      0|  0|  18|           5|          11|
    |add_ln79_3_fu_347_p2         |     +    |      0|  0|  18|          11|          11|
    |add_ln79_4_fu_384_p2         |     +    |      0|  0|  18|          11|          11|
    |add_ln79_5_fu_516_p2         |     +    |      0|  0|  18|          11|          11|
    |add_ln79_6_fu_368_p2         |     +    |      0|  0|  18|          11|          11|
    |add_ln79_7_fu_521_p2         |     +    |      0|  0|  18|          11|          11|
    |add_ln79_8_fu_530_p2         |     +    |      0|  0|  18|          11|          11|
    |add_ln79_9_fu_495_p2         |     +    |      0|  0|  18|          11|          11|
    |add_ln79_fu_307_p2           |     +    |      0|  0|  15|           5|           5|
    |ap_return                    |     +    |      0|  0|  14|           5|           5|
    |sub_ln79_fu_337_p2           |     -    |      0|  0|  18|          11|          11|
    |and_ln1355_1_fu_452_p2       |    and   |      0|  0|   6|           1|           1|
    |and_ln1355_2_fu_560_p2       |    and   |      0|  0|   6|           1|           1|
    |and_ln1355_3_fu_605_p2       |    and   |      0|  0|   6|           1|           1|
    |and_ln1355_4_fu_677_p2       |    and   |      0|  0|   6|           1|           1|
    |and_ln1355_5_fu_722_p2       |    and   |      0|  0|   6|           1|           1|
    |and_ln1355_6_fu_777_p2       |    and   |      0|  0|   6|           1|           1|
    |and_ln1355_7_fu_818_p2       |    and   |      0|  0|   6|           1|           1|
    |and_ln1355_8_fu_863_p2       |    and   |      0|  0|   6|           1|           1|
    |and_ln1355_fu_406_p2         |    and   |      0|  0|   6|           1|           1|
    |ap_block_pp0_stage0_11001    |    and   |      0|  0|   6|           1|           1|
    |ap_block_pp0_stage0_subdone  |    or    |      0|  0|   6|           1|           1|
    |select_ln215_1_fu_444_p3     |  select  |      0|  0|   2|           1|           1|
    |select_ln215_2_fu_553_p3     |  select  |      0|  0|   2|           1|           1|
    |select_ln215_3_fu_598_p3     |  select  |      0|  0|   2|           1|           1|
    |select_ln215_4_fu_670_p3     |  select  |      0|  0|   2|           1|           1|
    |select_ln215_5_fu_715_p3     |  select  |      0|  0|   2|           1|           1|
    |select_ln215_6_fu_770_p3     |  select  |      0|  0|   2|           1|           1|
    |select_ln215_7_fu_811_p3     |  select  |      0|  0|   2|           1|           1|
    |select_ln215_8_fu_858_p3     |  select  |      0|  0|   2|           1|           1|
    |select_ln215_fu_398_p3       |  select  |      0|  0|   2|           1|           1|
    |ap_enable_pp0                |    xor   |      0|  0|   6|           1|           2|
    |xor_ln841_1_fu_466_p2        |    xor   |      0|  0|   6|           1|           1|
    |xor_ln841_2_fu_574_p2        |    xor   |      0|  0|   6|           1|           1|
    |xor_ln841_3_fu_619_p2        |    xor   |      0|  0|   6|           1|           1|
    |xor_ln841_4_fu_691_p2        |    xor   |      0|  0|   6|           1|           1|
    |xor_ln841_5_fu_736_p2        |    xor   |      0|  0|   6|           1|           1|
    |xor_ln841_6_fu_791_p2        |    xor   |      0|  0|   6|           1|           1|
    |xor_ln841_7_fu_832_p2        |    xor   |      0|  0|   6|           1|           1|
    |xor_ln841_8_fu_877_p2        |    xor   |      0|  0|   6|           1|           1|
    |xor_ln841_fu_420_p2          |    xor   |      0|  0|   6|           1|           1|
    +-----------------------------+----------+-------+---+----+------------+------------+
    |Total                        |          |      0|  0| 503|         187|         206|
    +-----------------------------+----------+-------+---+----+------------+------------+

    * Multiplexer: 
    +--------------------------+----+-----------+-----+-----------+
    |           Name           | LUT| Input Size| Bits| Total Bits|
    +--------------------------+----+-----------+-----+-----------+
    |ap_NS_fsm                 |  33|          6|    1|          6|
    |ap_enable_reg_pp0_iter0   |   9|          2|    1|          2|
    |ap_enable_reg_pp0_iter1   |   9|          2|    1|          2|
    |line_buffer_m_V_address0  |  33|          6|   10|         60|
    |line_buffer_m_V_address1  |  27|          5|   10|         50|
    +--------------------------+----+-----------+-----+-----------+
    |Total                     | 111|         21|   23|        120|
    +--------------------------+----+-----------+-----+-----------+

    * Register: 
    +------------------------------------+----+----+-----+-----------+
    |                Name                | FF | LUT| Bits| Const Bits|
    +------------------------------------+----+----+-----+-----------+
    |add_ln700_4_reg_1032                |   4|   0|    4|          0|
    |add_ln700_5_reg_1047                |   3|   0|    3|          0|
    |add_ln700_reg_1002                  |   3|   0|    3|          0|
    |add_ln79_11_reg_1027                |  11|   0|   11|          0|
    |add_ln79_1_reg_980                  |  10|   0|   11|          1|
    |add_ln79_5_reg_1007                 |  11|   0|   11|          0|
    |add_ln79_8_reg_1017                 |  11|   0|   11|          0|
    |ap_CS_fsm                           |   5|   0|    5|          0|
    |ap_enable_reg_pp0_iter0_reg         |   1|   0|    1|          0|
    |ap_enable_reg_pp0_iter1             |   1|   0|    1|          0|
    |ap_port_reg_conv_params_m_0_0_10    |   1|   0|    1|          0|
    |ap_port_reg_conv_params_m_0_0_s     |   1|   0|    1|          0|
    |ap_port_reg_conv_params_m_0_1_10    |   1|   0|    1|          0|
    |ap_port_reg_conv_params_m_0_1_s     |   1|   0|    1|          0|
    |ap_port_reg_conv_params_m_0_2_10    |   1|   0|    1|          0|
    |ap_port_reg_conv_params_m_0_2_s     |   1|   0|    1|          0|
    |ap_port_reg_conv_params_m_1_0_10    |   1|   0|    1|          0|
    |ap_port_reg_conv_params_m_1_0_s     |   1|   0|    1|          0|
    |ap_port_reg_conv_params_m_1_1_10    |   1|   0|    1|          0|
    |ap_port_reg_conv_params_m_1_1_s     |   1|   0|    1|          0|
    |ap_port_reg_conv_params_m_1_2_10    |   1|   0|    1|          0|
    |ap_port_reg_conv_params_m_1_2_s     |   1|   0|    1|          0|
    |ap_port_reg_conv_params_m_2_0_10    |   1|   0|    1|          0|
    |ap_port_reg_conv_params_m_2_0_s     |   1|   0|    1|          0|
    |ap_port_reg_conv_params_m_2_1_10    |   1|   0|    1|          0|
    |ap_port_reg_conv_params_m_2_1_s     |   1|   0|    1|          0|
    |ap_port_reg_conv_params_m_2_2_10    |   1|   0|    1|          0|
    |ap_port_reg_conv_params_m_2_2_s     |   1|   0|    1|          0|
    |ap_port_reg_conv_params_m_V_offset  |   1|   0|    1|          0|
    |cc_V_read_reg_935                   |   4|   0|    4|          0|
    |conv_params_m_0_0_11_reg_1052       |   1|   0|    1|          0|
    |conv_params_m_0_0_12_reg_1057       |   1|   0|    1|          0|
    |conv_params_m_V_offs_reg_969        |   1|   0|    1|          0|
    |sub_ln79_reg_940                    |  10|   0|   11|          1|
    |tmp_109_reg_1067                    |   2|   0|    2|          0|
    |tmp_111_reg_1072                    |   2|   0|    2|          0|
    |zext_ln79_11_reg_991                |   4|   0|   11|          7|
    |zext_ln79_3_reg_947                 |   4|   0|   11|          7|
    |zext_ln79_7_reg_958                 |   4|   0|   11|          7|
    +------------------------------------+----+----+-----+-----------+
    |Total                               | 112|   0|  135|         23|
    +------------------------------------+----+----+-----+-----------+



================================================================
== Interface
================================================================
* Summary: 
+--------------------------+-----+-----+------------+------------------------+--------------+
|         RTL Ports        | Dir | Bits|  Protocol  |      Source Object     |    C Type    |
+--------------------------+-----+-----+------------+------------------------+--------------+
|ap_clk                    |  in |    1| ap_ctrl_hs |        conv3x3b        | return value |
|ap_rst                    |  in |    1| ap_ctrl_hs |        conv3x3b        | return value |
|ap_start                  |  in |    1| ap_ctrl_hs |        conv3x3b        | return value |
|ap_done                   | out |    1| ap_ctrl_hs |        conv3x3b        | return value |
|ap_idle                   | out |    1| ap_ctrl_hs |        conv3x3b        | return value |
|ap_ready                  | out |    1| ap_ctrl_hs |        conv3x3b        | return value |
|ap_ce                     |  in |    1| ap_ctrl_hs |        conv3x3b        | return value |
|ap_return                 | out |    5| ap_ctrl_hs |        conv3x3b        | return value |
|line_buffer_m_V_address0  | out |   10|  ap_memory |     line_buffer_m_V    |     array    |
|line_buffer_m_V_ce0       | out |    1|  ap_memory |     line_buffer_m_V    |     array    |
|line_buffer_m_V_q0        |  in |    2|  ap_memory |     line_buffer_m_V    |     array    |
|line_buffer_m_V_address1  | out |   10|  ap_memory |     line_buffer_m_V    |     array    |
|line_buffer_m_V_ce1       | out |    1|  ap_memory |     line_buffer_m_V    |     array    |
|line_buffer_m_V_q1        |  in |    2|  ap_memory |     line_buffer_m_V    |     array    |
|line_buffer_m_V_offset    |  in |    1|   ap_none  | line_buffer_m_V_offset |    scalar    |
|conv_params_m_0_0_s       |  in |    1|   ap_none  |   conv_params_m_0_0_s  |    scalar    |
|conv_params_m_0_0_10      |  in |    1|   ap_none  |  conv_params_m_0_0_10  |    scalar    |
|conv_params_m_0_1_s       |  in |    1|   ap_none  |   conv_params_m_0_1_s  |    scalar    |
|conv_params_m_0_1_10      |  in |    1|   ap_none  |  conv_params_m_0_1_10  |    scalar    |
|conv_params_m_0_2_s       |  in |    1|   ap_none  |   conv_params_m_0_2_s  |    scalar    |
|conv_params_m_0_2_10      |  in |    1|   ap_none  |  conv_params_m_0_2_10  |    scalar    |
|conv_params_m_1_0_s       |  in |    1|   ap_none  |   conv_params_m_1_0_s  |    scalar    |
|conv_params_m_1_0_10      |  in |    1|   ap_none  |  conv_params_m_1_0_10  |    scalar    |
|conv_params_m_1_1_s       |  in |    1|   ap_none  |   conv_params_m_1_1_s  |    scalar    |
|conv_params_m_1_1_10      |  in |    1|   ap_none  |  conv_params_m_1_1_10  |    scalar    |
|conv_params_m_1_2_s       |  in |    1|   ap_none  |   conv_params_m_1_2_s  |    scalar    |
|conv_params_m_1_2_10      |  in |    1|   ap_none  |  conv_params_m_1_2_10  |    scalar    |
|conv_params_m_2_0_s       |  in |    1|   ap_none  |   conv_params_m_2_0_s  |    scalar    |
|conv_params_m_2_0_10      |  in |    1|   ap_none  |  conv_params_m_2_0_10  |    scalar    |
|conv_params_m_2_1_s       |  in |    1|   ap_none  |   conv_params_m_2_1_s  |    scalar    |
|conv_params_m_2_1_10      |  in |    1|   ap_none  |  conv_params_m_2_1_10  |    scalar    |
|conv_params_m_2_2_s       |  in |    1|   ap_none  |   conv_params_m_2_2_s  |    scalar    |
|conv_params_m_2_2_10      |  in |    1|   ap_none  |  conv_params_m_2_2_10  |    scalar    |
|conv_params_m_V_offset    |  in |    1|   ap_none  | conv_params_m_V_offset |    scalar    |
|bank_V                    |  in |    4|   ap_none  |         bank_V         |    scalar    |
|cc_V                      |  in |    4|   ap_none  |          cc_V          |    scalar    |
+--------------------------+-----+-----+------------+------------------------+--------------+

