

================================================================
== Vivado HLS Report for 'conv_word'
================================================================
* Date:           Fri Apr  2 17:03:02 2021

* Version:        2019.1 (Build 2552052 on Fri May 24 15:28:33 MDT 2019)
* Project:        BNN_6
* Solution:       solution1
* Product family: kintex7
* Target device:  xc7k70t-fbv676-1


================================================================
== Performance Estimates
================================================================
+ Timing (ns): 
    * Summary: 
    +--------+-------+----------+------------+
    |  Clock | Target| Estimated| Uncertainty|
    +--------+-------+----------+------------+
    |ap_clk  |  12.00|     4.361|        1.50|
    +--------+-------+----------+------------+

+ Latency (clock cycles): 
    * Summary: 
    +------+------+------+------+---------+
    |   Latency   |   Interval  | Pipeline|
    |  min |  max |  min |  max |   Type  |
    +------+------+------+------+---------+
    |  1681|  1681|  1681|  1681|   none  |
    +------+------+------+------+---------+

    + Detail: 
        * Instance: 
        N/A

        * Loop: 
        +---------------------+------+------+----------+-----------+-----------+------+----------+
        |                     |   Latency   | Iteration|  Initiation Interval  | Trip |          |
        |      Loop Name      |  min |  max |  Latency |  achieved |   target  | Count| Pipelined|
        +---------------------+------+------+----------+-----------+-----------+------+----------+
        |- Loop 1             |  1680|  1680|       210|          -|          -|     8|    no    |
        | + Loop 1.1          |   208|   208|        26|          -|          -|     8|    no    |
        |  ++ Loop 1.1.1      |    24|    24|         8|          -|          -|     3|    no    |
        |   +++ Loop 1.1.1.1  |     6|     6|         2|          -|          -|     3|    no    |
        +---------------------+------+------+----------+-----------+-----------+------+----------+



================================================================
== Utilization Estimates
================================================================
* Summary: 
+-----------------+---------+-------+-------+-------+-----+
|       Name      | BRAM_18K| DSP48E|   FF  |  LUT  | URAM|
+-----------------+---------+-------+-------+-------+-----+
|DSP              |        -|      -|      -|      -|    -|
|Expression       |        -|      -|      0|    399|    -|
|FIFO             |        -|      -|      -|      -|    -|
|Instance         |        -|      -|      -|      -|    -|
|Memory           |        -|      -|      -|      -|    -|
|Multiplexer      |        -|      -|      -|    110|    -|
|Register         |        -|      -|    142|      -|    -|
+-----------------+---------+-------+-------+-------+-----+
|Total            |        0|      0|    142|    509|    0|
+-----------------+---------+-------+-------+-------+-----+
|Available        |      270|    240|  82000|  41000|    0|
+-----------------+---------+-------+-------+-------+-----+
|Utilization (%)  |        0|      0|   ~0  |      1|    0|
+-----------------+---------+-------+-------+-------+-----+

+ Detail: 
    * Instance: 
    N/A

    * DSP48E: 
    N/A

    * Memory: 
    N/A

    * FIFO: 
    N/A

    * Expression: 
    +------------------------+----------+-------+---+----+------------+------------+
    |      Variable Name     | Operation| DSP48E| FF| LUT| Bitwidth P0| Bitwidth P1|
    +------------------------+----------+-------+---+----+------------+------------+
    |add_ln215_1_fu_444_p2   |     +    |      0|  0|  15|           6|           6|
    |add_ln215_fu_371_p2     |     +    |      0|  0|  13|           4|           4|
    |add_ln74_1_fu_322_p2    |     +    |      0|  0|  71|          64|          64|
    |add_ln74_2_fu_351_p2    |     +    |      0|  0|  17|          10|          10|
    |add_ln74_3_fu_420_p2    |     +    |      0|  0|  17|          10|          10|
    |add_ln74_fu_246_p2      |     +    |      0|  0|  15|           5|           5|
    |bank_V_fu_224_p2        |     +    |      0|  0|  13|           4|           1|
    |cc_V_fu_279_p2          |     +    |      0|  0|  13|           4|           1|
    |kc_V_fu_400_p2          |     +    |      0|  0|  10|           2|           1|
    |kr_V_fu_312_p2          |     +    |      0|  0|  10|           2|           1|
    |ret_V_8_fu_289_p2       |     +    |      0|  0|  15|           6|           6|
    |ret_V_9_fu_410_p2       |     +    |      0|  0|  13|           4|           4|
    |sum_V_fu_492_p2         |     +    |      0|  0|  15|           5|           5|
    |ret_V_10_fu_434_p2      |     -    |      0|  0|  12|           2|           3|
    |ret_V_11_fu_361_p2      |     -    |      0|  0|  12|           2|           3|
    |sub_ln215_fu_388_p2     |     -    |      0|  0|  15|           6|           6|
    |sub_ln74_fu_267_p2      |     -    |      0|  0|  71|          64|          64|
    |ret_V_13_fu_458_p2      |    and   |      0|  0|   6|           1|           1|
    |icmp_ln887_3_fu_394_p2  |   icmp   |      0|  0|   8|           2|           2|
    |icmp_ln887_fu_306_p2    |   icmp   |      0|  0|   8|           2|           2|
    |icmp_ln92_fu_218_p2     |   icmp   |      0|  0|  11|           4|           5|
    |icmp_ln93_fu_273_p2     |   icmp   |      0|  0|  11|           4|           5|
    |select_ln215_fu_210_p3  |  select  |      0|  0|   2|           1|           2|
    |xor_ln841_fu_472_p2     |    xor   |      0|  0|   6|           1|           1|
    +------------------------+----------+-------+---+----+------------+------------+
    |Total                   |          |      0|  0| 399|         215|         212|
    +------------------------+----------+-------+---+----+------------+------------+

    * Multiplexer: 
    +------------------------------+----+-----------+-----+-----------+
    |             Name             | LUT| Input Size| Bits| Total Bits|
    +------------------------------+----+-----------+-----+-----------+
    |agg_result_V_0_i_reg_127      |   9|          2|    5|         10|
    |agg_result_V_1_i_reg_163      |   9|          2|    5|         10|
    |agg_result_V_load1_i_reg_140  |   9|          2|    5|         10|
    |agg_result_V_load_i_reg_175   |   9|          2|    5|         10|
    |ap_NS_fsm                     |  38|          7|    1|          7|
    |p_084_0_reg_115               |   9|          2|    4|          8|
    |p_087_0_i_reg_187             |   9|          2|    2|          4|
    |p_097_0_i_reg_152             |   9|          2|    2|          4|
    |p_0_reg_104                   |   9|          2|    4|          8|
    +------------------------------+----+-----------+-----+-----------+
    |Total                         | 110|         23|   33|         71|
    +------------------------------+----+-----------+-----+-----------+

    * Register: 
    +-------------------------------+----+----+-----+-----------+
    |              Name             | FF | LUT| Bits| Const Bits|
    +-------------------------------+----+----+-----+-----------+
    |add_ln74_2_reg_552             |   9|   0|   10|          1|
    |agg_result_V_0_i_reg_127       |   5|   0|    5|          0|
    |agg_result_V_1_i_reg_163       |   5|   0|    5|          0|
    |agg_result_V_load1_i_reg_140   |   5|   0|    5|          0|
    |agg_result_V_load_i_reg_175    |   5|   0|    5|          0|
    |ap_CS_fsm                      |   6|   0|    6|          0|
    |bank_V_reg_516                 |   4|   0|    4|          0|
    |cc_V_reg_534                   |   4|   0|    4|          0|
    |conv_out_buffer_m_V_s_reg_539  |   7|   0|    7|          0|
    |kc_V_reg_565                   |   2|   0|    2|          0|
    |kr_V_reg_547                   |   2|   0|    2|          0|
    |p_084_0_reg_115                |   4|   0|    4|          0|
    |p_087_0_i_reg_187              |   2|   0|    2|          0|
    |p_097_0_i_reg_152              |   2|   0|    2|          0|
    |p_0_reg_104                    |   4|   0|    4|          0|
    |ret_V_reg_521                  |   3|   0|    6|          3|
    |select_ln215_reg_508           |   2|   0|    4|          2|
    |sub_ln215_reg_557              |   6|   0|    6|          0|
    |sub_ln74_reg_526               |  64|   0|   64|          0|
    |zext_ln215_3_reg_503           |   1|   0|    5|          4|
    +-------------------------------+----+----+-----+-----------+
    |Total                          | 142|   0|  152|         10|
    +-------------------------------+----+----+-----+-----------+



================================================================
== Interface
================================================================
* Summary: 
+------------------------------+-----+-----+------------+------------------------+--------------+
|           RTL Ports          | Dir | Bits|  Protocol  |      Source Object     |    C Type    |
+------------------------------+-----+-----+------------+------------------------+--------------+
|ap_clk                        |  in |    1| ap_ctrl_hs |        conv_word       | return value |
|ap_rst                        |  in |    1| ap_ctrl_hs |        conv_word       | return value |
|ap_start                      |  in |    1| ap_ctrl_hs |        conv_word       | return value |
|ap_done                       | out |    1| ap_ctrl_hs |        conv_word       | return value |
|ap_idle                       | out |    1| ap_ctrl_hs |        conv_word       | return value |
|ap_ready                      | out |    1| ap_ctrl_hs |        conv_word       | return value |
|line_buffer_m_V_address0      | out |    9|  ap_memory |     line_buffer_m_V    |     array    |
|line_buffer_m_V_ce0           | out |    1|  ap_memory |     line_buffer_m_V    |     array    |
|line_buffer_m_V_q0            |  in |    2|  ap_memory |     line_buffer_m_V    |     array    |
|line_buffer_m_V_offset        |  in |    1|   ap_none  | line_buffer_m_V_offset |    scalar    |
|conv_params_m_V_address0      | out |    5|  ap_memory |     conv_params_m_V    |     array    |
|conv_params_m_V_ce0           | out |    1|  ap_memory |     conv_params_m_V    |     array    |
|conv_params_m_V_q0            |  in |    1|  ap_memory |     conv_params_m_V    |     array    |
|conv_out_buffer_m_V_address0  | out |    7|  ap_memory |   conv_out_buffer_m_V  |     array    |
|conv_out_buffer_m_V_ce0       | out |    1|  ap_memory |   conv_out_buffer_m_V  |     array    |
|conv_out_buffer_m_V_we0       | out |    1|  ap_memory |   conv_out_buffer_m_V  |     array    |
|conv_out_buffer_m_V_d0        | out |    5|  ap_memory |   conv_out_buffer_m_V  |     array    |
+------------------------------+-----+-----+------------+------------------------+--------------+

