INFO: [SIM 2] *************** CSIM start ***************
INFO: [SIM 4] CSIM will launch GCC as the compiler.
make: 'csim.exe' is up to date.
#### Testing convolution with 64 inputs, width 8 ####
>> (Wt, KH) batch: (512 256)
>> Final batch: 1
*bin out*:
 0  0 -1 -1 -1 -1 -1 -1 
-1  0  0  0 -1 -1 -1 -1 
-1  0 -1  0  0 -1 -1 -1 
-1 -1  0 -1 -1 -1 -1 -1 
 0  0 -1 -1  0 -1 -1  0 
-1 -1  0  0 -1  0  0 -1 
 0 -1 -1 -1 -1 -1 -1  0 
 0  0 -1 -1 -1 -1 -1 -1 
--1--
*bin ref*:
 0  0 -1 -1 -1 -1 -1 -1 
-1  0  0  0 -1 -1 -1 -1 
-1  0 -1  0  0 -1 -1 -1 
-1 -1  0 -1 -1 -1 -1 -1 
 0  0 -1 -1  0 -1 -1  0 
-1 -1  0  0 -1  0  0 -1 
 0 -1 -1 -1 -1 -1 -1  0 
 0  0 -1 -1 -1 -1 -1 -1 
--1--
## Checking results ##
Error rate:  0.0000%
#### Testing convolution with 16 inputs, width 16 ####
>> (Wt, KH) batch: (2048 256)
>> Final batch: 1
*bin out*:
-1  0 -1 -1 -1 -1 -1 -1 -1 -1 -1 -1  0 -1 -1 -1 
-1 -1 -1  0  0  0 -1 -1 -1  0 -1 -1 -1 -1 -1 -1 
-1 -1 -1 -1 -1 -1 -1 -1  0 -1 -1  0 -1 -1  0 -1 
-1  0 -1 -1  0 -1 -1 -1 -1 -1 -1  0 -1 -1  0 -1 
-1 -1  0 -1  0 -1 -1 -1 -1 -1 -1 -1  0 -1 -1 -1 
-1 -1 -1 -1 -1  0 -1 -1 -1 -1 -1 -1 -1  0 -1  0 
-1 -1 -1  0 -1 -1 -1 -1 -1 -1  0 -1 -1  0 -1 -1 
-1 -1 -1  0 -1 -1 -1 -1 -1 -1 -1  0 -1 -1 -1 -1 
--1--
*bin ref*:
-1  0 -1 -1 -1 -1 -1 -1 -1 -1 -1 -1  0 -1 -1 -1 
-1 -1 -1  0  0  0 -1 -1 -1  0 -1 -1 -1 -1 -1 -1 
-1 -1 -1 -1 -1 -1 -1 -1  0 -1 -1  0 -1 -1  0 -1 
-1  0 -1 -1  0 -1 -1 -1 -1 -1 -1  0 -1 -1  0 -1 
-1 -1  0 -1  0 -1 -1 -1 -1 -1 -1 -1  0 -1 -1 -1 
-1 -1 -1 -1 -1  0 -1 -1 -1 -1 -1 -1 -1  0 -1  0 
-1 -1 -1  0 -1 -1 -1 -1 -1 -1  0 -1 -1  0 -1 -1 
-1 -1 -1  0 -1 -1 -1 -1 -1 -1 -1  0 -1 -1 -1 -1 
--1--
## Checking results ##
Error rate:  0.0000%
#### Testing convolution with 4 inputs, width 32 ####
>> (Wt, KH) batch: (8193 256)
>> Final batch: 1
*bin out*:
-1 -1 -1 -1 -1 -1 -1 -1 -1 -1 -1 -1 -1 -1 -1 -1 -1 -1 -1  0  0 -1 -1 -1 -1 -1 -1 -1 -1 -1 -1 -1 
-1 -1 -1 -1 -1 -1 -1 -1 -1 -1 -1 -1 -1 -1 -1 -1 -1 -1 -1 -1 -1 -1 -1 -1 -1 -1 -1 -1 -1 -1 -1 -1 
-1 -1  0  0 -1 -1 -1 -1 -1 -1 -1 -1 -1 -1 -1 -1 -1 -1 -1 -1 -1 -1 -1 -1 -1 -1 -1 -1 -1 -1 -1 -1 
-1 -1 -1 -1 -1 -1 -1 -1 -1 -1 -1 -1 -1 -1 -1 -1  0  0  0 -1 -1 -1 -1 -1 -1 -1 -1 -1 -1 -1 -1 -1 
-1 -1 -1 -1 -1 -1 -1 -1 -1 -1 -1 -1 -1 -1 -1 -1 -1 -1 -1 -1 -1 -1 -1 -1 -1 -1 -1 -1 -1 -1 -1  0 
-1  0 -1 -1 -1 -1 -1 -1 -1 -1 -1 -1 -1 -1 -1 -1 -1 -1 -1 -1 -1 -1 -1 -1 -1 -1 -1 -1 -1 -1 -1 -1 
-1 -1 -1 -1 -1 -1 -1 -1 -1 -1 -1 -1 -1 -1  0 -1  0 -1 -1 -1 -1 -1 -1 -1 -1 -1 -1 -1 -1 -1 -1 -1 
-1 -1 -1 -1 -1 -1 -1 -1 -1 -1 -1 -1 -1 -1 -1 -1 -1 -1 -1 -1 -1 -1 -1 -1 -1 -1 -1 -1 -1  0 -1  0 
--1--
*bin ref*:
-1 -1 -1 -1 -1 -1 -1 -1 -1 -1 -1 -1 -1 -1 -1 -1 -1 -1 -1  0  0 -1 -1 -1 -1 -1 -1 -1 -1 -1 -1 -1 
-1 -1 -1 -1 -1 -1 -1 -1 -1 -1 -1 -1 -1 -1 -1 -1 -1 -1 -1 -1 -1 -1 -1 -1 -1 -1 -1 -1 -1 -1 -1 -1 
-1 -1  0  0 -1 -1 -1 -1 -1 -1 -1 -1 -1 -1 -1 -1 -1 -1 -1 -1 -1 -1 -1 -1 -1 -1 -1 -1 -1 -1 -1 -1 
-1 -1 -1 -1 -1 -1 -1 -1 -1 -1 -1 -1 -1 -1 -1 -1  0  0  0 -1 -1 -1 -1 -1 -1 -1 -1 -1 -1 -1 -1 -1 
-1 -1 -1 -1 -1 -1 -1 -1 -1 -1 -1 -1 -1 -1 -1 -1 -1 -1 -1 -1 -1 -1 -1 -1 -1 -1 -1 -1 -1 -1 -1  0 
-1  0 -1 -1 -1 -1 -1 -1 -1 -1 -1 -1 -1 -1 -1 -1 -1 -1 -1 -1 -1 -1 -1 -1 -1 -1 -1 -1 -1 -1 -1 -1 
-1 -1 -1 -1 -1 -1 -1 -1 -1 -1 -1 -1 -1 -1  0 -1  0 -1 -1 -1 -1 -1 -1 -1 -1 -1 -1 -1 -1 -1 -1 -1 
-1 -1 -1 -1 -1 -1 -1 -1 -1 -1 -1 -1 -1 -1 -1 -1 -1 -1 -1 -1 -1 -1 -1 -1 -1 -1 -1 -1 -1  0 -1  0 
--1--
## Checking results ##
Error rate:  0.0000%
Tests passed!
xl-Conv1            :      3 calls;  0.367 secs total time
INFO: [SIM 1] CSim done with 0 errors.
INFO: [SIM 3] *************** CSIM finish ***************
