

================================================================
== Vivado HLS Report for 'bin_conv'
================================================================
* Date:           Fri Apr  2 17:12:58 2021

* Version:        2019.1 (Build 2552052 on Fri May 24 15:28:33 MDT 2019)
* Project:        BNN_6
* Solution:       solution1
* Product family: kintex7
* Target device:  xc7k70t-fbv676-1


================================================================
== Performance Estimates
================================================================
+ Timing (ns): 
    * Summary: 
    +--------+-------+----------+------------+
    |  Clock | Target| Estimated| Uncertainty|
    +--------+-------+----------+------------+
    |ap_clk  |  12.00|     6.768|        1.50|
    +--------+-------+----------+------------+

+ Latency (clock cycles): 
    * Summary: 
    +--------+--------+--------+--------+---------+
    |     Latency     |     Interval    | Pipeline|
    |   min  |   max  |   min  |   max  |   Type  |
    +--------+--------+--------+--------+---------+
    |  311558|  345207|  311558|  345207|   none  |
    +--------+--------+--------+--------+---------+

    + Detail: 
        * Instance: 
        N/A

        * Loop: 
        +------------------------------------+--------+--------+-------------+-----------+-----------+------+----------+
        |                                    |     Latency     |  Iteration  |  Initiation Interval  | Trip |          |
        |              Loop Name             |   min  |   max  |   Latency   |  achieved |   target  | Count| Pipelined|
        +------------------------------------+--------+--------+-------------+-----------+-----------+------+----------+
        |- Loop 1                            |    1024|    1024|           32|          -|          -|    32|    no    |
        |- LOOP_WORDS_IN_PHASE               |  306304|  339904| 4786 ~ 5311 |          -|          -|    64|    no    |
        | + LOOP_WT_WORDS                    |       4|       4|            2|          -|          -|     2|    no    |
        | + LOOP_LOAD_WTS                    |      34|      34|           17|          -|          -|     2|    no    |
        |  ++ LOOP_LOAD_WTS.1                |      15|      15|            5|          -|          -|     3|    no    |
        |   +++ LOOP_LOAD_WTS.1.1            |       3|       3|            1|          -|          -|     3|    no    |
        | + LOOP_CONVOLVER_LOAD              |     166|     166|           83|          -|          -|     2|    no    |
        |  ++ LOOP_CONVOLVER_LOAD.1          |      80|      80|           10|          -|          -|     8|    no    |
        |   +++ LOOP_CONVOLVER_LOAD.1.1      |       8|       8|            1|          -|          -|     8|    no    |
        | + LOOP_CONVOLVERS                  |    4296|    4296|         2148|          -|          -|     2|    no    |
        |  ++ LOOP_CONVOLVERS.1              |     160|     160|           20|          -|          -|     8|    no    |
        |   +++ LOOP_CONVOLVERS.1.1          |      16|      16|            2|          -|          -|     8|    no    |
        |   +++ LOOP_CONVOLVERS.1.2          |      16|      16|            2|          -|          -|     8|    no    |
        |  ++ LOOP_CONVOLVERS.2              |    1680|    1680|          210|          -|          -|     8|    no    |
        |   +++ LOOP_CONVOLVERS.2.1          |     208|     208|           26|          -|          -|     8|    no    |
        |    ++++ LOOP_CONVOLVERS.2.1.1      |      24|      24|            8|          -|          -|     3|    no    |
        |     +++++ LOOP_CONVOLVERS.2.1.1.1  |       6|       6|            2|          -|          -|     3|    no    |
        |  ++ LOOP_CONVOLVERS.3              |     304|     304|           38|          -|          -|     8|    no    |
        |   +++ LOOP_CONVOLVERS.3.1          |      16|      16|            2|          -|          -|     8|    no    |
        |   +++ LOOP_CONVOLVERS.3.2          |      16|      16|            2|          -|          -|     8|    no    |
        |   +++ LOOP_CONVOLVERS.3.3          |      16|      16|            2|          -|          -|     8|    no    |
        | + LOOP_WORDS_IN_PHASE.5            |     356|     356|          178|          -|          -|     2|    no    |
        |  ++ LOOP_WORDS_IN_PHASE.5.1        |     176|     176|           22|          -|          -|     8|    no    |
        |   +++ LOOP_WORDS_IN_PHASE.5.1.1    |      20|      20|            2|          -|          -|    10|    no    |
        | + LOOP_WORDS_IN_PHASE.6            |     128|     448|    2 ~ 7    |          -|          -|    64|    no    |
        |  ++ LOOP_WORDS_IN_PHASE.6.1        |       4|       4|            2|          -|          -|     2|    no    |
        |- LOOP_ACC_PHASES_I                 |    4030|    4030|          130|          -|          -|    31|    no    |
        | + LOOP_ACC_PHASES_I.1              |     128|     128|            2|          -|          -|    64|    no    |
        |- Loop 4                            |     128|     128|            2|          -|          -|    64|    no    |
        |- Loop 5                            |      32|      32|            1|          -|          -|    32|    no    |
        |- Loop 6                            |      16|      16|            1|          -|          -|    16|    no    |
        +------------------------------------+--------+--------+-------------+-----------+-----------+------+----------+



================================================================
== Utilization Estimates
================================================================
* Summary: 
+-----------------+---------+-------+-------+-------+-----+
|       Name      | BRAM_18K| DSP48E|   FF  |  LUT  | URAM|
+-----------------+---------+-------+-------+-------+-----+
|DSP              |        -|      1|      -|      -|    -|
|Expression       |        -|      -|      0|   3825|    -|
|FIFO             |        -|      -|      -|      -|    -|
|Instance         |        -|      -|      -|      -|    -|
|Memory           |        7|      -|     16|     16|    0|
|Multiplexer      |        -|      -|      -|   3239|    -|
|Register         |        -|      -|   1598|      -|    -|
+-----------------+---------+-------+-------+-------+-----+
|Total            |        7|      1|   1614|   7080|    0|
+-----------------+---------+-------+-------+-------+-----+
|Available        |      270|    240|  82000|  41000|    0|
+-----------------+---------+-------+-------+-------+-----+
|Utilization (%)  |        2|   ~0  |      1|     17|    0|
+-----------------+---------+-------+-------+-------+-----+

+ Detail: 
    * Instance: 
    N/A

    * DSP48E: 
    +-------------------------+----------------------+-----------+
    |         Instance        |        Module        | Expression|
    +-------------------------+----------------------+-----------+
    |top_mul_mul_15ns_ibs_U1  |top_mul_mul_15ns_ibs  |  i0 * i1  |
    +-------------------------+----------------------+-----------+

    * Memory: 
    +---------------------+----------------------+---------+----+----+-----+------+-----+------+-------------+
    |        Memory       |        Module        | BRAM_18K| FF | LUT| URAM| Words| Bits| Banks| W*Bits*Banks|
    +---------------------+----------------------+---------+----+----+-----+------+-----+------+-------------+
    |conv_out_buffer_V_U  |bin_conv_conv_outhbi  |        0|  10|  10|    0|   128|    5|     1|          640|
    |conv_params_V_U      |bin_conv_conv_parcud  |        0|   2|   1|    0|    18|    1|     1|           18|
    |fixed_buffer_V_U     |bin_conv_fixed_budEe  |        2|   0|   0|    0|  2048|   12|     1|        24576|
    |fixed_temp_V_U       |bin_conv_fixed_teeOg  |        1|   0|   0|    0|    64|   12|     1|          768|
    |lb_U                 |bin_conv_lb           |        1|   0|   0|    0|     8|    1|     1|            8|
    |rb_U                 |bin_conv_lb           |        1|   0|   0|    0|     8|    1|     1|            8|
    |line_buffer_U        |bin_conv_line_bufbkb  |        1|   0|   0|    0|   480|    2|     1|          960|
    |old_word_buffer_V_U  |bin_conv_old_wordg8j  |        0|   4|   5|    0|   160|    2|     1|          320|
    |word_buffer_V_U      |bin_conv_word_buffYi  |        1|   0|   0|    0|   160|    2|     1|          320|
    +---------------------+----------------------+---------+----+----+-----+------+-----+------+-------------+
    |Total                |                      |        7|  16|  16|    0|  3074|   38|     9|        27618|
    +---------------------+----------------------+---------+----+----+-----+------+-----+------+-------------+

    * FIFO: 
    N/A

    * Expression: 
    +---------------------------------+----------+-------+---+-----+------------+------------+
    |          Variable Name          | Operation| DSP48E| FF| LUT | Bitwidth P0| Bitwidth P1|
    +---------------------------------+----------+-------+---+-----+------------+------------+
    |add_ln133_1_fu_5120_p2           |     +    |      0|  0|   16|           9|           9|
    |add_ln133_fu_5095_p2             |     +    |      0|  0|   15|           6|           6|
    |add_ln134_fu_5131_p2             |     +    |      0|  0|   16|           9|           4|
    |add_ln1353_1_fu_3288_p2          |     +    |      0|  0|   13|           1|           4|
    |add_ln1353_2_fu_3342_p2          |     +    |      0|  0|   13|           1|           4|
    |add_ln1353_3_fu_4749_p2          |     +    |      0|  0|   13|           4|           1|
    |add_ln1353_4_fu_5345_p2          |     +    |      0|  0|   15|           6|           6|
    |add_ln1353_5_fu_5461_p2          |     +    |      0|  0|   13|           4|           4|
    |add_ln1353_fu_3214_p2            |     +    |      0|  0|   12|           1|           3|
    |add_ln139_fu_5152_p2             |     +    |      0|  0|   16|           9|           9|
    |add_ln141_1_fu_5063_p2           |     +    |      0|  0|   16|           9|           9|
    |add_ln141_fu_5038_p2             |     +    |      0|  0|   15|           6|           6|
    |add_ln142_fu_5074_p2             |     +    |      0|  0|   16|           9|           4|
    |add_ln166_1_fu_5718_p2           |     +    |      0|  0|   16|           9|           9|
    |add_ln166_fu_5693_p2             |     +    |      0|  0|   15|           6|           6|
    |add_ln167_fu_5729_p2             |     +    |      0|  0|   16|           9|           4|
    |add_ln172_fu_5864_p2             |     +    |      0|  0|   16|           9|           9|
    |add_ln174_1_fu_5775_p2           |     +    |      0|  0|   16|           9|           9|
    |add_ln174_fu_5750_p2             |     +    |      0|  0|   15|           6|           6|
    |add_ln175_fu_5786_p2             |     +    |      0|  0|   16|           9|           4|
    |add_ln180_10_fu_5027_p2          |     +    |      0|  0|   17|           5|          10|
    |add_ln180_11_fu_6044_p2          |     +    |      0|  0|   15|           6|           6|
    |add_ln180_12_fu_6069_p2          |     +    |      0|  0|   16|           9|           9|
    |add_ln180_13_fu_5247_p2          |     +    |      0|  0|   17|          10|          10|
    |add_ln180_14_fu_5227_p2          |     +    |      0|  0|   16|           9|           9|
    |add_ln180_15_fu_5172_p2          |     +    |      0|  0|   17|          10|          10|
    |add_ln180_16_fu_6091_p2          |     +    |      0|  0|   16|           9|           9|
    |add_ln180_17_fu_5586_p2          |     +    |      0|  0|   15|           6|           6|
    |add_ln180_18_fu_5630_p2          |     +    |      0|  0|   17|           4|          10|
    |add_ln180_19_fu_5641_p2          |     +    |      0|  0|   17|           5|          10|
    |add_ln180_20_fu_5652_p2          |     +    |      0|  0|   17|           4|          10|
    |add_ln180_21_fu_5827_p2          |     +    |      0|  0|   17|          10|          10|
    |add_ln180_22_fu_5807_p2          |     +    |      0|  0|   16|           9|           9|
    |add_ln180_23_fu_5884_p2          |     +    |      0|  0|   17|          10|          10|
    |add_ln180_24_fu_5943_p2          |     +    |      0|  0|   17|          10|          10|
    |add_ln180_25_fu_5948_p2          |     +    |      0|  0|   16|           9|           9|
    |add_ln180_2_fu_4589_p2           |     +    |      0|  0|   15|           6|           6|
    |add_ln180_3_fu_4684_p2           |     +    |      0|  0|   15|           6|           6|
    |add_ln180_4_fu_4709_p2           |     +    |      0|  0|   16|           9|           9|
    |add_ln180_5_fu_4720_p2           |     +    |      0|  0|   16|           4|           9|
    |add_ln180_6_fu_6652_p2           |     +    |      0|  0|   21|          14|          14|
    |add_ln180_7_fu_4759_p2           |     +    |      0|  0|   16|           9|           9|
    |add_ln180_8_fu_4981_p2           |     +    |      0|  0|   15|           6|           6|
    |add_ln180_9_fu_5016_p2           |     +    |      0|  0|   17|           5|          10|
    |add_ln180_fu_4534_p2             |     +    |      0|  0|   15|           6|           6|
    |add_ln185_fu_5671_p2             |     +    |      0|  0|   16|           9|           9|
    |add_ln186_fu_5682_p2             |     +    |      0|  0|   16|           4|           9|
    |add_ln209_1_fu_6538_p2           |     +    |      0|  0|   15|           5|           5|
    |add_ln209_2_fu_4773_p2           |     +    |      0|  0|   15|           6|           6|
    |add_ln209_3_fu_4847_p2           |     +    |      0|  0|   15|           4|           6|
    |add_ln209_fu_6532_p2             |     +    |      0|  0|   15|           5|           5|
    |add_ln214_fu_4800_p2             |     +    |      0|  0|   15|           2|           6|
    |add_ln215_1_fu_5495_p2           |     +    |      0|  0|   15|           6|           6|
    |add_ln215_fu_5428_p2             |     +    |      0|  0|   15|           6|           6|
    |add_ln338_fu_4636_p2             |     +    |      0|  0|   12|           3|           3|
    |add_ln421_fu_6295_p2             |     +    |      0|  0|   12|           2|           3|
    |add_ln555_fu_4603_p2             |     +    |      0|  0|   15|           5|           5|
    |add_ln68_fu_4956_p2              |     +    |      0|  0|   13|           4|           4|
    |add_ln700_10_fu_4461_p2          |     +    |      0|  0|   10|           2|           1|
    |add_ln700_11_fu_6407_p2          |     +    |      0|  0|   15|           6|           1|
    |add_ln700_12_fu_4524_p2          |     +    |      0|  0|   10|           2|           1|
    |add_ln700_13_fu_4579_p2          |     +    |      0|  0|   10|           2|           1|
    |add_ln700_14_fu_6484_p2          |     +    |      0|  0|   15|           5|           1|
    |add_ln700_15_fu_4626_p2          |     +    |      0|  0|   10|           2|           1|
    |add_ln700_16_fu_4674_p2          |     +    |      0|  0|   13|           4|           1|
    |add_ln700_17_fu_6256_p2          |     +    |      0|  0|   20|          13|          13|
    |add_ln700_18_fu_6131_p2          |     +    |      0|  0|   15|           8|           1|
    |add_ln700_19_fu_6137_p2          |     +    |      0|  0|   15|           8|           1|
    |add_ln700_20_fu_5992_p2          |     +    |      0|  0|   10|           2|           1|
    |add_ln700_22_fu_5237_p2          |     +    |      0|  0|   13|           4|           1|
    |add_ln700_23_fu_4894_p2          |     +    |      0|  0|   10|           2|           1|
    |add_ln700_24_fu_5162_p2          |     +    |      0|  0|   13|           4|           1|
    |add_ln700_25_fu_6034_p2          |     +    |      0|  0|   13|           4|           1|
    |add_ln700_26_fu_6081_p2          |     +    |      0|  0|   13|           4|           1|
    |add_ln700_27_fu_5280_p2          |     +    |      0|  0|   13|           4|           1|
    |add_ln700_28_fu_4944_p2          |     +    |      0|  0|   13|           4|           1|
    |add_ln700_29_fu_6205_p2          |     +    |      0|  0|   19|          12|          12|
    |add_ln700_30_fu_6195_p2          |     +    |      0|  0|   15|           6|           6|
    |add_ln700_31_fu_6163_p2          |     +    |      0|  0|   10|           2|           1|
    |add_ln700_32_fu_6107_p2          |     +    |      0|  0|   15|           7|           1|
    |add_ln700_33_fu_5335_p2          |     +    |      0|  0|   13|           4|           1|
    |add_ln700_34_fu_5817_p2          |     +    |      0|  0|   13|           4|           1|
    |add_ln700_35_fu_5874_p2          |     +    |      0|  0|   13|           4|           1|
    |add_ln700_36_fu_5369_p2          |     +    |      0|  0|   10|           2|           1|
    |add_ln700_37_fu_5543_p2          |     +    |      0|  0|   15|           5|           5|
    |add_ln700_38_fu_5451_p2          |     +    |      0|  0|   10|           2|           1|
    |add_ln700_39_fu_5555_p2          |     +    |      0|  0|   13|           4|           1|
    |add_ln700_40_fu_5958_p2          |     +    |      0|  0|   13|           4|           1|
    |add_ln700_42_fu_6121_p2          |     +    |      0|  0|   20|          13|          13|
    |add_ln700_43_fu_6181_p2          |     +    |      0|  0|   16|           9|           9|
    |add_ln700_4_fu_4385_p2           |     +    |      0|  0|   23|          16|           1|
    |add_ln700_5_fu_4391_p2           |     +    |      0|  0|   12|           3|           1|
    |add_ln700_6_fu_6353_p2           |     +    |      0|  0|   15|           7|           1|
    |add_ln700_7_fu_6272_p2           |     +    |      0|  0|   19|          12|          12|
    |add_ln700_9_fu_4327_p2           |     +    |      0|  0|   15|           7|           1|
    |add_ln700_fu_4353_p2             |     +    |      0|  0|   10|           2|           1|
    |add_ln74_1_fu_5379_p2            |     +    |      0|  0|   71|          64|          64|
    |add_ln74_2_fu_5408_p2            |     +    |      0|  0|   17|          10|          10|
    |add_ln74_3_fu_5471_p2            |     +    |      0|  0|   17|          10|          10|
    |add_ln74_fu_5302_p2              |     +    |      0|  0|   15|           6|           6|
    |add_ln808_1_fu_4359_p2           |     +    |      0|  0|   20|          12|          13|
    |add_ln808_fu_4365_p2             |     +    |      0|  0|   21|          14|          14|
    |add_ln887_fu_6014_p2             |     +    |      0|  0|   15|           2|           7|
    |b_V_fu_6241_p2                   |     +    |      0|  0|   15|           7|           1|
    |i_V_3_fu_6266_p2                 |     +    |      0|  0|   15|           6|           1|
    |i_V_fu_3386_p2                   |     +    |      0|  0|   15|           6|           1|
    |log_width_V_fu_3103_p2           |     +    |      0|  0|   12|           2|           3|
    |grp_fu_3078_p2                   |     -    |      0|  0|   13|           4|           3|
    |sub_ln1354_1_fu_5418_p2          |     -    |      0|  0|   12|           2|           3|
    |sub_ln1354_2_fu_5485_p2          |     -    |      0|  0|   12|           2|           3|
    |sub_ln1354_fu_5561_p2            |     -    |      0|  0|   13|           4|           4|
    |sub_ln180_1_fu_4545_p2           |     -    |      0|  0|   15|           6|           6|
    |sub_ln180_2_fu_5010_p2           |     -    |      0|  0|   17|          10|          10|
    |sub_ln180_3_fu_5619_p2           |     -    |      0|  0|   17|          10|          10|
    |sub_ln180_fu_4483_p2             |     -    |      0|  0|   15|           5|           5|
    |sub_ln215_1_fu_5439_p2           |     -    |      0|  0|   15|           6|           6|
    |sub_ln215_fu_4928_p2             |     -    |      0|  0|   15|           5|           5|
    |sub_ln555_fu_4567_p2             |     -    |      0|  0|   15|           5|           5|
    |sub_ln74_fu_5323_p2              |     -    |      0|  0|   71|          64|          64|
    |and_ln1355_fu_5509_p2            |    and   |      0|  0|    6|           1|           1|
    |and_ln209_fu_6526_p2             |    and   |      0|  0|    6|           5|           5|
    |and_ln449_fu_6453_p2             |    and   |      0|  0|    6|           1|           1|
    |and_ln460_fu_6559_p2             |    and   |      0|  0|    6|           1|           1|
    |ap_condition_5144                |    and   |      0|  0|    6|           1|           1|
    |wt_word_buffer_0_V_fu_4425_p2    |   ashr   |      0|  0|  182|          64|          64|
    |icmp_ln125_fu_4938_p2            |   icmp   |      0|  0|   11|           4|           5|
    |icmp_ln129_fu_5217_p2            |   icmp   |      0|  0|    9|           4|           4|
    |icmp_ln137_fu_5142_p2            |   icmp   |      0|  0|    9|           4|           4|
    |icmp_ln156_fu_5549_p2            |   icmp   |      0|  0|   11|           4|           5|
    |icmp_ln162_fu_5797_p2            |   icmp   |      0|  0|    9|           4|           4|
    |icmp_ln170_fu_5854_p2            |   icmp   |      0|  0|    9|           4|           4|
    |icmp_ln180_fu_5929_p2            |   icmp   |      0|  0|    9|           4|           4|
    |icmp_ln406_fu_6212_p2            |   icmp   |      0|  0|   11|           6|           7|
    |icmp_ln438_fu_6347_p2            |   icmp   |      0|  0|   11|           7|           8|
    |icmp_ln448_fu_6401_p2            |   icmp   |      0|  0|   11|           6|           7|
    |icmp_ln816_fu_6382_p2            |   icmp   |      0|  0|   13|          16|          16|
    |icmp_ln879_10_fu_3294_p2         |   icmp   |      0|  0|    9|           4|           4|
    |icmp_ln879_11_fu_3310_p2         |   icmp   |      0|  0|    8|           2|           1|
    |icmp_ln879_12_fu_3326_p2         |   icmp   |      0|  0|    9|           4|           4|
    |icmp_ln879_13_fu_3336_p2         |   icmp   |      0|  0|    9|           3|           1|
    |icmp_ln879_14_fu_6317_p2         |   icmp   |      0|  0|    8|           2|           1|
    |icmp_ln879_15_fu_6322_p2         |   icmp   |      0|  0|    9|           2|           3|
    |icmp_ln879_16_fu_3348_p2         |   icmp   |      0|  0|    9|           4|           4|
    |icmp_ln879_17_fu_4333_p2         |   icmp   |      0|  0|   11|           8|           1|
    |icmp_ln879_18_fu_4379_p2         |   icmp   |      0|  0|    9|           3|           3|
    |icmp_ln879_19_fu_4794_p2         |   icmp   |      0|  0|    9|           4|           1|
    |icmp_ln879_20_fu_4841_p2         |   icmp   |      0|  0|    9|           4|           3|
    |icmp_ln879_3_fu_3173_p2          |   icmp   |      0|  0|    9|           4|           4|
    |icmp_ln879_4_fu_3198_p2          |   icmp   |      0|  0|    9|           4|           4|
    |icmp_ln879_5_fu_3204_p2          |   icmp   |      0|  0|    8|           2|           1|
    |icmp_ln879_6_fu_3224_p2          |   icmp   |      0|  0|    9|           4|           4|
    |icmp_ln879_7_fu_3246_p2          |   icmp   |      0|  0|    9|           3|           1|
    |icmp_ln879_8_fu_3262_p2          |   icmp   |      0|  0|    9|           4|           4|
    |icmp_ln879_9_fu_3282_p2          |   icmp   |      0|  0|    9|           3|           1|
    |icmp_ln879_fu_3151_p2            |   icmp   |      0|  0|    9|           4|           1|
    |icmp_ln883_1_fu_4513_p2          |   icmp   |      0|  0|   11|           8|           8|
    |icmp_ln883_fu_6230_p2            |   icmp   |      0|  0|    8|           2|           1|
    |icmp_ln887_10_fu_4573_p2         |   icmp   |      0|  0|    8|           2|           2|
    |icmp_ln887_11_fu_4888_p2         |   icmp   |      0|  0|    9|           2|           3|
    |icmp_ln887_12_fu_4668_p2         |   icmp   |      0|  0|   11|           4|           5|
    |icmp_ln887_13_fu_5986_p2         |   icmp   |      0|  0|    9|           2|           3|
    |icmp_ln887_14_fu_4743_p2         |   icmp   |      0|  0|   11|           4|           5|
    |icmp_ln887_15_fu_6101_p2         |   icmp   |      0|  0|   11|           7|           8|
    |icmp_ln887_16_fu_6028_p2         |   icmp   |      0|  0|   11|           4|           5|
    |icmp_ln887_17_fu_6075_p2         |   icmp   |      0|  0|    9|           4|           4|
    |icmp_ln887_18_fu_6157_p2         |   icmp   |      0|  0|    9|           2|           3|
    |icmp_ln887_19_fu_5363_p2         |   icmp   |      0|  0|    8|           2|           2|
    |icmp_ln887_20_fu_5445_p2         |   icmp   |      0|  0|    8|           2|           2|
    |icmp_ln887_3_fu_4321_p2          |   icmp   |      0|  0|   11|           7|           8|
    |icmp_ln887_4_fu_4347_p2          |   icmp   |      0|  0|    9|           2|           3|
    |icmp_ln887_5_fu_6235_p2          |   icmp   |      0|  0|   11|           7|           8|
    |icmp_ln887_6_fu_4455_p2          |   icmp   |      0|  0|    9|           2|           3|
    |icmp_ln887_7_fu_6478_p2          |   icmp   |      0|  0|   11|           5|           6|
    |icmp_ln887_8_fu_4518_p2          |   icmp   |      0|  0|    8|           2|           2|
    |icmp_ln887_9_fu_4620_p2          |   icmp   |      0|  0|    9|           2|           3|
    |icmp_ln887_fu_3380_p2            |   icmp   |      0|  0|   11|           6|           7|
    |icmp_ln92_fu_5274_p2             |   icmp   |      0|  0|   11|           4|           5|
    |icmp_ln93_fu_5329_p2             |   icmp   |      0|  0|   11|           4|           5|
    |lshr_ln647_fu_6516_p2            |   lshr   |      0|  0|   13|           2|           6|
    |lshr_ln808_fu_6498_p2            |   lshr   |      0|  0|   11|           4|           4|
    |r_V_fu_3133_p2                   |   lshr   |      0|  0|   11|           2|           4|
    |or_ln1353_1_fu_3252_p2           |    or    |      0|  0|    6|           1|           3|
    |or_ln1353_2_fu_3316_p2           |    or    |      0|  0|    6|           3|           1|
    |or_ln1353_fu_3188_p2             |    or    |      0|  0|    6|           2|           1|
    |or_ln141_fu_5190_p2              |    or    |      0|  0|    6|           1|           1|
    |or_ln142_fu_5204_p2              |    or    |      0|  0|    6|           1|           1|
    |or_ln174_fu_5902_p2              |    or    |      0|  0|    6|           1|           1|
    |or_ln175_fu_5916_p2              |    or    |      0|  0|    6|           1|           1|
    |or_ln180_10_fu_3579_p2           |    or    |      0|  0|   12|          12|           4|
    |or_ln180_11_fu_3593_p2           |    or    |      0|  0|   12|          12|           4|
    |or_ln180_12_fu_3607_p2           |    or    |      0|  0|   12|          12|           4|
    |or_ln180_13_fu_3621_p2           |    or    |      0|  0|   12|          12|           4|
    |or_ln180_14_fu_3635_p2           |    or    |      0|  0|   12|          12|           4|
    |or_ln180_15_fu_3649_p2           |    or    |      0|  0|   12|          12|           5|
    |or_ln180_16_fu_3663_p2           |    or    |      0|  0|   12|          12|           5|
    |or_ln180_17_fu_3677_p2           |    or    |      0|  0|   12|          12|           5|
    |or_ln180_18_fu_3691_p2           |    or    |      0|  0|   12|          12|           5|
    |or_ln180_19_fu_3705_p2           |    or    |      0|  0|   12|          12|           5|
    |or_ln180_1_fu_3453_p2            |    or    |      0|  0|   12|          12|           2|
    |or_ln180_20_fu_3719_p2           |    or    |      0|  0|   12|          12|           5|
    |or_ln180_21_fu_3733_p2           |    or    |      0|  0|   12|          12|           5|
    |or_ln180_22_fu_3747_p2           |    or    |      0|  0|   12|          12|           5|
    |or_ln180_23_fu_3761_p2           |    or    |      0|  0|   12|          12|           5|
    |or_ln180_24_fu_3775_p2           |    or    |      0|  0|   12|          12|           5|
    |or_ln180_25_fu_3789_p2           |    or    |      0|  0|   12|          12|           5|
    |or_ln180_26_fu_3803_p2           |    or    |      0|  0|   12|          12|           5|
    |or_ln180_27_fu_3817_p2           |    or    |      0|  0|   12|          12|           5|
    |or_ln180_28_fu_3831_p2           |    or    |      0|  0|   12|          12|           5|
    |or_ln180_29_fu_3845_p2           |    or    |      0|  0|   12|          12|           5|
    |or_ln180_2_fu_3467_p2            |    or    |      0|  0|   12|          12|           2|
    |or_ln180_30_fu_3859_p2           |    or    |      0|  0|   12|          12|           5|
    |or_ln180_31_fu_3873_p2           |    or    |      0|  0|   12|          12|           6|
    |or_ln180_32_fu_3887_p2           |    or    |      0|  0|   12|          12|           6|
    |or_ln180_33_fu_3901_p2           |    or    |      0|  0|   12|          12|           6|
    |or_ln180_34_fu_3915_p2           |    or    |      0|  0|   12|          12|           6|
    |or_ln180_35_fu_3929_p2           |    or    |      0|  0|   12|          12|           6|
    |or_ln180_36_fu_3943_p2           |    or    |      0|  0|   12|          12|           6|
    |or_ln180_37_fu_3957_p2           |    or    |      0|  0|   12|          12|           6|
    |or_ln180_38_fu_3971_p2           |    or    |      0|  0|   12|          12|           6|
    |or_ln180_39_fu_3985_p2           |    or    |      0|  0|   12|          12|           6|
    |or_ln180_3_fu_3481_p2            |    or    |      0|  0|   12|          12|           3|
    |or_ln180_40_fu_3999_p2           |    or    |      0|  0|   12|          12|           6|
    |or_ln180_41_fu_4013_p2           |    or    |      0|  0|   12|          12|           6|
    |or_ln180_42_fu_4027_p2           |    or    |      0|  0|   12|          12|           6|
    |or_ln180_43_fu_4041_p2           |    or    |      0|  0|   12|          12|           6|
    |or_ln180_44_fu_4055_p2           |    or    |      0|  0|   12|          12|           6|
    |or_ln180_45_fu_4069_p2           |    or    |      0|  0|   12|          12|           6|
    |or_ln180_46_fu_4083_p2           |    or    |      0|  0|   12|          12|           6|
    |or_ln180_47_fu_4097_p2           |    or    |      0|  0|   12|          12|           6|
    |or_ln180_48_fu_4111_p2           |    or    |      0|  0|   12|          12|           6|
    |or_ln180_49_fu_4125_p2           |    or    |      0|  0|   12|          12|           6|
    |or_ln180_4_fu_3495_p2            |    or    |      0|  0|   12|          12|           3|
    |or_ln180_50_fu_4139_p2           |    or    |      0|  0|   12|          12|           6|
    |or_ln180_51_fu_4153_p2           |    or    |      0|  0|   12|          12|           6|
    |or_ln180_52_fu_4167_p2           |    or    |      0|  0|   12|          12|           6|
    |or_ln180_53_fu_4181_p2           |    or    |      0|  0|   12|          12|           6|
    |or_ln180_54_fu_4195_p2           |    or    |      0|  0|   12|          12|           6|
    |or_ln180_55_fu_4209_p2           |    or    |      0|  0|   12|          12|           6|
    |or_ln180_56_fu_4223_p2           |    or    |      0|  0|   12|          12|           6|
    |or_ln180_57_fu_4237_p2           |    or    |      0|  0|   12|          12|           6|
    |or_ln180_58_fu_4251_p2           |    or    |      0|  0|   12|          12|           6|
    |or_ln180_59_fu_4265_p2           |    or    |      0|  0|   12|          12|           6|
    |or_ln180_5_fu_3509_p2            |    or    |      0|  0|   12|          12|           3|
    |or_ln180_60_fu_4279_p2           |    or    |      0|  0|   12|          12|           6|
    |or_ln180_61_fu_4293_p2           |    or    |      0|  0|   12|          12|           6|
    |or_ln180_62_fu_4307_p2           |    or    |      0|  0|   12|          12|           6|
    |or_ln180_6_fu_3523_p2            |    or    |      0|  0|   12|          12|           3|
    |or_ln180_7_fu_3537_p2            |    or    |      0|  0|   12|          12|           4|
    |or_ln180_8_fu_3551_p2            |    or    |      0|  0|   12|          12|           4|
    |or_ln180_9_fu_3565_p2            |    or    |      0|  0|   12|          12|           4|
    |or_ln180_fu_3405_p2              |    or    |      0|  0|   12|          12|           1|
    |or_ln555_fu_6435_p2              |    or    |      0|  0|    6|           6|           1|
    |or_ln879_1_fu_4873_p2            |    or    |      0|  0|    6|           1|           1|
    |or_ln879_fu_4826_p2              |    or    |      0|  0|    6|           1|           1|
    |line_buffer_d1                   |  select  |      0|  0|    2|           1|           1|
    |select_ln133_fu_5257_p3          |  select  |      0|  0|    2|           1|           1|
    |select_ln134_fu_5266_p3          |  select  |      0|  0|    2|           1|           1|
    |select_ln1353_fu_3165_p3         |  select  |      0|  0|    2|           1|           2|
    |select_ln141_fu_5195_p3          |  select  |      0|  0|    2|           1|           1|
    |select_ln142_fu_5209_p3          |  select  |      0|  0|    2|           1|           1|
    |select_ln166_fu_5837_p3          |  select  |      0|  0|    2|           1|           1|
    |select_ln167_fu_5846_p3          |  select  |      0|  0|    2|           1|           1|
    |select_ln174_fu_5907_p3          |  select  |      0|  0|    2|           1|           1|
    |select_ln175_fu_5921_p3          |  select  |      0|  0|    2|           1|           1|
    |select_ln185_fu_5968_p3          |  select  |      0|  0|    2|           1|           1|
    |select_ln304_1_fu_4405_p3        |  select  |      0|  0|    3|           1|           1|
    |select_ln304_fu_4397_p3          |  select  |      0|  0|   16|           1|          16|
    |select_ln57_fu_4785_p3           |  select  |      0|  0|    2|           1|           2|
    |select_ln791_fu_4497_p3          |  select  |      0|  0|   64|           1|          64|
    |select_ln879_2_fu_4832_p3        |  select  |      0|  0|    2|           1|           2|
    |select_ln879_3_fu_4865_p3        |  select  |      0|  0|    2|           1|           2|
    |select_ln879_5_fu_5894_p3        |  select  |      0|  0|    2|           1|           1|
    |select_ln879_fu_4818_p3          |  select  |      0|  0|    2|           1|           2|
    |select_ln883_1_fu_6150_p3        |  select  |      0|  0|    8|           1|           8|
    |select_ln883_2_fu_5182_p3        |  select  |      0|  0|    2|           1|           1|
    |select_ln883_fu_6143_p3          |  select  |      0|  0|    8|           1|           1|
    |word_buffer_V_d1                 |  select  |      0|  0|    2|           1|           2|
    |wt_word_buffer_1_V_5_fu_4431_p3  |  select  |      0|  0|   64|           1|          64|
    |wt_word_buffer_1_V_6_fu_4438_p3  |  select  |      0|  0|   64|           1|          64|
    |pool_width_V_fu_6308_p2          |    shl   |      0|  0|   12|           1|           5|
    |shl_ln118_fu_3437_p2             |    shl   |      0|  0|   11|           1|           4|
    |shl_ln244_fu_3113_p2             |    shl   |      0|  0|   17|           1|           7|
    |shl_ln790_fu_6507_p2             |    shl   |      0|  0|   12|           5|           5|
    |words_per_image_V_fu_3371_p2     |    shl   |      0|  0|   12|           1|           5|
    |xor_ln1353_1_fu_5740_p2          |    xor   |      0|  0|    6|           4|           5|
    |xor_ln1353_fu_5085_p2            |    xor   |      0|  0|    6|           5|           4|
    |xor_ln68_fu_4950_p2              |    xor   |      0|  0|    6|           4|           5|
    |xor_ln841_fu_5523_p2             |    xor   |      0|  0|    6|           1|           1|
    |xor_ln879_1_fu_3354_p2           |    xor   |      0|  0|    6|           1|           2|
    |xor_ln879_2_fu_4812_p2           |    xor   |      0|  0|    6|           1|           2|
    |xor_ln879_3_fu_4859_p2           |    xor   |      0|  0|    6|           1|           2|
    |xor_ln879_fu_3158_p2             |    xor   |      0|  0|    6|           1|           2|
    +---------------------------------+----------+-------+---+-----+------------+------------+
    |Total                            |          |      0|  0| 3825|        1973|        1692|
    +---------------------------------+----------+-------+---+-----+------------+------------+

    * Multiplexer: 
    +-------------------------------------------+-----+-----------+-----+-----------+
    |                    Name                   | LUT | Input Size| Bits| Total Bits|
    +-------------------------------------------+-----+-----------+-----+-----------+
    |ap_NS_fsm                                  |  669|        151|    1|        151|
    |ap_phi_mux_outword_V_loc_0_phi_fu_3039_p8  |   15|          3|   64|        192|
    |ap_phi_mux_p_02183_2_0_phi_fu_3068_p8      |   15|          3|   16|         48|
    |ap_phi_mux_p_02221_2_0_phi_fu_3055_p8      |   15|          3|    1|          3|
    |conv_out_buffer_V_address0                 |   15|          3|    7|         21|
    |conv_params_V_address0                     |   15|          3|    5|         15|
    |dmem_V_2_address0                          |   15|          3|   12|         36|
    |fixed_buffer_V_address0                    |  437|         99|   11|       1089|
    |fixed_buffer_V_address1                    |  437|         99|   11|       1089|
    |fixed_buffer_V_d0                          |   15|          3|   12|         36|
    |fixed_buffer_V_d1                          |   21|          4|   12|         48|
    |fixed_temp_V_address0                      |  297|         66|    6|        396|
    |fixed_temp_V_address1                      |  297|         66|    6|        396|
    |fixed_temp_V_d1                            |   15|          3|   12|         36|
    |grp_fu_3078_p1                             |   15|          3|    3|          9|
    |lb_address0                                |   41|          8|    3|         24|
    |lb_address1                                |   38|          7|    3|         21|
    |lb_d0                                      |   27|          5|    1|          5|
    |lb_d1                                      |   27|          5|    1|          5|
    |line_buffer_address0                       |   53|         12|    9|        108|
    |line_buffer_d0                             |   56|         13|    2|         26|
    |old_word_buffer_V_address0                 |   27|          5|    8|         40|
    |old_word_buffer_V_address1                 |   21|          4|    8|         32|
    |outword_V                                  |   15|          3|   64|        192|
    |outword_V_loc_0_reg_3036                   |   21|          4|   64|        256|
    |p_01092_0_0_reg_2706                       |    9|          2|    2|          4|
    |p_01159_0_0_reg_2922                       |    9|          2|    7|         14|
    |p_01195_0_0_reg_2911                       |    9|          2|    4|          8|
    |p_01205_0_0_reg_2900                       |    9|          2|    4|          8|
    |p_01215_0_0_reg_2889                       |    9|          2|    2|          4|
    |p_01296_0_0_reg_2945                       |    9|          2|    2|          4|
    |p_01300_0_0_reg_2933                       |    9|          2|    6|         12|
    |p_01321_0_reg_2956                         |    9|          2|    6|         12|
    |p_01464_0_reg_2968                         |    9|          2|    7|         14|
    |p_01576_0_0_reg_2991                       |    9|          2|    7|         14|
    |p_01698_0_0_reg_3003                       |    9|          2|    6|         12|
    |p_0198_0_i_0_reg_2833                      |    9|          2|    4|          8|
    |p_02183_2_0_reg_3065                       |   15|          3|   16|         48|
    |p_02221_2_0_reg_3052                       |    9|          2|    1|          2|
    |p_0249_0_i_0_reg_2729                      |    9|          2|    4|          8|
    |p_027_0_i_0_reg_2741                       |    9|          2|    4|          8|
    |p_0284_0_i_0_reg_2856                      |    9|          2|    4|          8|
    |p_0324_0_i_0_reg_2844                      |    9|          2|    4|          8|
    |p_0427_0_reg_2570                          |    9|          2|    6|         12|
    |p_0501_0_i_0_reg_2878                      |    9|          2|    4|          8|
    |p_0503_0_0_reg_2616                        |    9|          2|    2|          4|
    |p_0523_0_0_reg_2605                        |    9|          2|    7|         14|
    |p_0560_0_0_reg_2649                        |    9|          2|    2|          4|
    |p_0570_0_0_reg_2638                        |    9|          2|    2|          4|
    |p_0709_0_0_reg_2660                        |    9|          2|    2|          4|
    |p_0718_0_0_reg_2695                        |    9|          2|    4|          8|
    |p_0728_0_0_reg_2683                        |    9|          2|    4|          8|
    |p_0783_0_0_reg_2671                        |    9|          2|    2|          4|
    |p_084_0_i_i_0_reg_2774                     |    9|          2|    4|          8|
    |p_087_0_i_i_0_reg_2763                     |    9|          2|    4|          8|
    |p_087_0_i_i_i_0_reg_2822                   |    9|          2|    2|          4|
    |p_095_0_i_0_reg_2718                       |    9|          2|    4|          8|
    |p_097_0_i_i_i_0_reg_2799                   |    9|          2|    2|          4|
    |p_Val2_16_0_reg_3025                       |    9|          2|    5|         10|
    |phi_mul_reg_2627                           |    9|          2|   13|         26|
    |rb_address0                                |   41|          8|    3|         24|
    |rb_address1                                |   38|          7|    3|         21|
    |rb_d0                                      |   27|          5|    1|          5|
    |rb_d1                                      |   27|          5|    1|          5|
    |storemerge1_reg_2868                       |    9|          2|    2|          4|
    |storemerge_reg_2753                        |    9|          2|    2|          4|
    |sum_0_0_reg_2786                           |    9|          2|    5|         10|
    |sum_1_0_reg_2810                           |    9|          2|    5|         10|
    |t_V_0_reg_2581                             |    9|          2|    8|         16|
    |t_V_2_0_reg_2593                           |    9|          2|    8|         16|
    |word_buffer_V_address0                     |   41|          8|    8|         64|
    |word_buffer_V_address1                     |   38|          7|    8|         56|
    |word_buffer_V_d0                           |   15|          3|    2|          6|
    |wt_addr_V_0_fu_534                         |    9|          2|   16|         32|
    |wt_offset_V_0_fu_538                       |    9|          2|    3|          6|
    +-------------------------------------------+-----+-----------+-----+-----------+
    |Total                                      | 3239|        708|  576|       4887|
    +-------------------------------------------+-----+-----------+-----+-----------+

    * Register: 
    +----------------------------------+-----+----+-----+-----------+
    |               Name               |  FF | LUT| Bits| Const Bits|
    +----------------------------------+-----+----+-----+-----------+
    |add_ln133_1_reg_7531              |    8|   0|    9|          1|
    |add_ln141_1_reg_7516              |    8|   0|    9|          1|
    |add_ln166_1_reg_7741              |    8|   0|    9|          1|
    |add_ln174_1_reg_7756              |    8|   0|    9|          1|
    |add_ln180_12_reg_7881             |    8|   0|    9|          1|
    |add_ln180_18_reg_7701             |    9|   0|   10|          1|
    |add_ln180_24_reg_7830             |   10|   0|   10|          0|
    |add_ln180_4_reg_7427              |    8|   0|    9|          1|
    |add_ln180_9_reg_7500              |    9|   0|   10|          1|
    |add_ln185_reg_7726                |    8|   0|    9|          1|
    |add_ln700_10_reg_7344             |    2|   0|    2|          0|
    |add_ln700_12_reg_7371             |    2|   0|    2|          0|
    |add_ln700_15_reg_7397             |    2|   0|    2|          0|
    |add_ln700_16_reg_7422             |    4|   0|    4|          0|
    |add_ln700_20_reg_7858             |    2|   0|    2|          0|
    |add_ln700_22_reg_7582             |    4|   0|    4|          0|
    |add_ln700_23_reg_7460             |    2|   0|    2|          0|
    |add_ln700_24_reg_7554             |    4|   0|    4|          0|
    |add_ln700_25_reg_7876             |    4|   0|    4|          0|
    |add_ln700_26_reg_7889             |    4|   0|    4|          0|
    |add_ln700_27_reg_7605             |    4|   0|    4|          0|
    |add_ln700_28_reg_7484             |    4|   0|    4|          0|
    |add_ln700_31_reg_7936             |    2|   0|    2|          0|
    |add_ln700_32_reg_7907             |    7|   0|    7|          0|
    |add_ln700_33_reg_7623             |    4|   0|    4|          0|
    |add_ln700_34_reg_7779             |    4|   0|    4|          0|
    |add_ln700_35_reg_7807             |    4|   0|    4|          0|
    |add_ln700_36_reg_7636             |    2|   0|    2|          0|
    |add_ln700_38_reg_7654             |    2|   0|    2|          0|
    |add_ln700_39_reg_7677             |    4|   0|    4|          0|
    |add_ln700_40_reg_7840             |    4|   0|    4|          0|
    |add_ln700_6_reg_8352              |    7|   0|    7|          0|
    |add_ln700_9_reg_7290              |    7|   0|    7|          0|
    |add_ln700_reg_7310                |    2|   0|    2|          0|
    |add_ln74_2_reg_7641               |    9|   0|   10|          1|
    |add_ln808_1_reg_7315              |   13|   0|   13|          0|
    |ap_CS_fsm                         |  150|   0|  150|          0|
    |b_V_reg_8286                      |    7|   0|    7|          0|
    |conv_out_buffer_V_ad_reg_7628     |    7|   0|    7|          0|
    |dmem_V_1_load_reg_7412            |   64|   0|   64|          0|
    |fixed_buffer_V_addr_130_reg_7917  |   11|   0|   11|          0|
    |fixed_temp_V_addr_2_reg_8296      |    6|   0|    6|          0|
    |i_V_reg_7174                      |    6|   0|    6|          0|
    |icmp_ln879_10_reg_6722            |    1|   0|    1|          0|
    |icmp_ln879_11_reg_6727            |    1|   0|    1|          0|
    |icmp_ln879_12_reg_6732            |    1|   0|    1|          0|
    |icmp_ln879_13_reg_6737            |    1|   0|    1|          0|
    |icmp_ln879_14_reg_8331            |    1|   0|    1|          0|
    |icmp_ln879_15_reg_8335            |    1|   0|    1|          0|
    |icmp_ln879_16_reg_6742            |    1|   0|    1|          0|
    |icmp_ln879_17_reg_7295            |    1|   0|    1|          0|
    |icmp_ln879_4_reg_6692             |    1|   0|    1|          0|
    |icmp_ln879_5_reg_6697             |    1|   0|    1|          0|
    |icmp_ln879_6_reg_6702             |    1|   0|    1|          0|
    |icmp_ln879_7_reg_6707             |    1|   0|    1|          0|
    |icmp_ln879_8_reg_6712             |    1|   0|    1|          0|
    |icmp_ln879_9_reg_6717             |    1|   0|    1|          0|
    |icmp_ln883_1_reg_7359             |    1|   0|    1|          0|
    |icmp_ln883_reg_8279               |    1|   0|    1|          0|
    |line_buffer_addr_10_reg_7721      |    8|   0|    9|          1|
    |line_buffer_addr_2_reg_7506       |    8|   0|    9|          1|
    |line_buffer_addr_4_reg_7511       |    8|   0|    9|          1|
    |line_buffer_addr_5_reg_7716       |    8|   0|    9|          1|
    |line_buffer_addr_8_reg_7706       |    8|   0|    9|          1|
    |line_buffer_addr_9_reg_7711       |    8|   0|    9|          1|
    |log_slice_V_reg_6676              |    2|   0|    3|          1|
    |log_width_V_reg_6682              |    3|   0|    3|          0|
    |o_bank_idx_V_1_reg_8339           |    1|   0|    1|          0|
    |o_bank_offset_V_2_reg_8344        |   13|   0|   16|          3|
    |o_bank_offset_V_reg_8324          |   16|   0|   16|          0|
    |old_word_buffer_V_ad_1_reg_7761   |    7|   0|    8|          1|
    |old_word_buffer_V_ad_2_reg_7766   |    7|   0|    8|          1|
    |old_word_buffer_V_ad_4_reg_7536   |    7|   0|    8|          1|
    |old_word_buffer_V_ad_5_reg_7541   |    7|   0|    8|          1|
    |outword_V                         |   64|   0|   64|          0|
    |outword_V_load_reg_8362           |   64|   0|   64|          0|
    |outword_V_loc_0_reg_3036          |   64|   0|   64|          0|
    |p_01092_0_0_reg_2706              |    2|   0|    2|          0|
    |p_01159_0_0_reg_2922              |    7|   0|    7|          0|
    |p_01195_0_0_reg_2911              |    4|   0|    4|          0|
    |p_01205_0_0_reg_2900              |    4|   0|    4|          0|
    |p_01215_0_0_reg_2889              |    2|   0|    2|          0|
    |p_01296_0_0_reg_2945              |    2|   0|    2|          0|
    |p_01300_0_0_reg_2933              |    6|   0|    6|          0|
    |p_01321_0_reg_2956                |    6|   0|    6|          0|
    |p_01464_0_reg_2968                |    7|   0|    7|          0|
    |p_01576_0_0_reg_2991              |    7|   0|    7|          0|
    |p_01698_0_0_reg_3003              |    6|   0|    6|          0|
    |p_0198_0_i_0_reg_2833             |    4|   0|    4|          0|
    |p_02183_2_0_reg_3065              |   16|   0|   16|          0|
    |p_02221_2_0_reg_3052              |    1|   0|    1|          0|
    |p_0249_0_i_0_reg_2729             |    4|   0|    4|          0|
    |p_027_0_i_0_reg_2741              |    4|   0|    4|          0|
    |p_0284_0_i_0_reg_2856             |    4|   0|    4|          0|
    |p_0324_0_i_0_reg_2844             |    4|   0|    4|          0|
    |p_0427_0_reg_2570                 |    6|   0|    6|          0|
    |p_0501_0_i_0_reg_2878             |    4|   0|    4|          0|
    |p_0503_0_0_reg_2616               |    2|   0|    2|          0|
    |p_0523_0_0_reg_2605               |    7|   0|    7|          0|
    |p_0560_0_0_reg_2649               |    2|   0|    2|          0|
    |p_0570_0_0_reg_2638               |    2|   0|    2|          0|
    |p_0709_0_0_reg_2660               |    2|   0|    2|          0|
    |p_0718_0_0_reg_2695               |    4|   0|    4|          0|
    |p_0728_0_0_reg_2683               |    4|   0|    4|          0|
    |p_0783_0_0_reg_2671               |    2|   0|    2|          0|
    |p_084_0_i_i_0_reg_2774            |    4|   0|    4|          0|
    |p_087_0_i_i_0_reg_2763            |    4|   0|    4|          0|
    |p_087_0_i_i_i_0_reg_2822          |    2|   0|    2|          0|
    |p_095_0_i_0_reg_2718              |    4|   0|    4|          0|
    |p_097_0_i_i_i_0_reg_2799          |    2|   0|    2|          0|
    |p_Val2_0_reg_2979                 |   64|   0|   64|          0|
    |p_Val2_10_0_reg_3014              |   64|   0|   64|          0|
    |p_Val2_16_0_reg_3025              |    5|   0|    5|          0|
    |p_Val2_7_0_fu_542                 |   32|   0|   32|          0|
    |phi_mul_reg_2627                  |   13|   0|   13|          0|
    |pool_width_V_reg_8319             |    5|   0|    5|          0|
    |ret_V_reg_8307                    |    1|   0|    1|          0|
    |select_ln304_1_reg_7336           |    3|   0|    3|          0|
    |select_ln304_reg_7331             |   16|   0|   16|          0|
    |select_ln791_reg_7354             |   64|   0|   64|          0|
    |sext_ln180_reg_7349               |    6|   0|    6|          0|
    |sext_ln215_reg_7476               |    6|   0|    6|          0|
    |sext_ln700_2_cast_reg_7868        |    7|   0|   13|          6|
    |shl_ln118_reg_7281                |    4|   0|    4|          0|
    |shl_ln2_reg_7442                  |    3|   0|    6|          3|
    |shl_ln3_reg_7610                  |    3|   0|    6|          3|
    |storemerge1_reg_2868              |    2|   0|    2|          0|
    |storemerge_reg_2753               |    2|   0|    2|          0|
    |sub_ln180_1_reg_7376              |    6|   0|    6|          0|
    |sub_ln180_3_reg_7695              |    9|   0|   10|          1|
    |sub_ln215_1_reg_7646              |    6|   0|    6|          0|
    |sub_ln555_reg_7381                |    5|   0|    5|          0|
    |sub_ln74_reg_7615                 |   64|   0|   64|          0|
    |sum_0_0_reg_2786                  |    5|   0|    5|          0|
    |sum_1_0_reg_2810                  |    5|   0|    5|          0|
    |t_V_0_reg_2581                    |    8|   0|    8|          0|
    |t_V_2_0_reg_2593                  |    8|   0|    8|          0|
    |tmp_11_reg_7179                   |    6|   0|   12|          6|
    |tmp_8_reg_6687                    |    1|   0|    1|          0|
    |trunc_ln180_reg_7325              |    1|   0|    1|          0|
    |trunc_ln887_reg_7302              |   14|   0|   14|          0|
    |word_buffer_V_addr_11_reg_7731    |    7|   0|    8|          1|
    |word_buffer_V_addr_12_reg_7736    |    7|   0|    8|          1|
    |word_buffer_V_addr_1_reg_7432     |    7|   0|    8|          1|
    |word_buffer_V_addr_4_reg_7437     |    7|   0|    8|          1|
    |word_buffer_V_addr_6_reg_7521     |    7|   0|    8|          1|
    |word_buffer_V_addr_7_reg_7746     |    7|   0|    8|          1|
    |word_buffer_V_addr_8_reg_7751     |    7|   0|    8|          1|
    |word_buffer_V_addr_9_reg_7526     |    7|   0|    8|          1|
    |words_per_image_V_reg_7160        |    5|   0|    5|          0|
    |wt_addr_V_0_fu_534                |   16|   0|   16|          0|
    |wt_offset_V_0_fu_538              |    3|   0|    3|          0|
    |wt_word_buffer_1_V_3_fu_530       |   64|   0|   64|          0|
    |wt_word_buffer_1_V_fu_526         |   64|   0|   64|          0|
    |zext_ln180_35_reg_7894            |    9|   0|   64|         55|
    |zext_ln215_reg_7465               |    2|   0|    6|          4|
    |zext_ln234_reg_7166               |    3|   0|    5|          2|
    |zext_ln271_reg_7276               |    1|   0|    3|          2|
    |zext_ln338_2_reg_7407             |    2|   0|    6|          4|
    |zext_ln407_reg_8274               |    6|   0|   13|          7|
    |zext_ln421_reg_8314               |    3|   0|    4|          1|
    |zext_ln544_7_reg_7492             |    4|   0|   64|         60|
    |zext_ln544_8_reg_7685             |    4|   0|   64|         60|
    |zext_ln544_reg_7271               |    5|   0|    8|          3|
    |zext_ln700_2_reg_7912             |    7|   0|    9|          2|
    |zext_ln887_1_reg_7863             |    2|   0|    6|          4|
    +----------------------------------+-----+----+-----+-----------+
    |Total                             | 1598|   0| 1853|        255|
    +----------------------------------+-----+----+-----+-----------+



================================================================
== Interface
================================================================
* Summary: 
+---------------------+-----+-----+------------+--------------+--------------+
|      RTL Ports      | Dir | Bits|  Protocol  | Source Object|    C Type    |
+---------------------+-----+-----+------------+--------------+--------------+
|ap_clk               |  in |    1| ap_ctrl_hs |   bin_conv   | return value |
|ap_rst               |  in |    1| ap_ctrl_hs |   bin_conv   | return value |
|ap_start             |  in |    1| ap_ctrl_hs |   bin_conv   | return value |
|ap_done              | out |    1| ap_ctrl_hs |   bin_conv   | return value |
|ap_idle              | out |    1| ap_ctrl_hs |   bin_conv   | return value |
|ap_ready             | out |    1| ap_ctrl_hs |   bin_conv   | return value |
|wt_mem_V_2_address0  | out |   13|  ap_memory |  wt_mem_V_2  |     array    |
|wt_mem_V_2_ce0       | out |    1|  ap_memory |  wt_mem_V_2  |     array    |
|wt_mem_V_2_q0        |  in |   64|  ap_memory |  wt_mem_V_2  |     array    |
|nc_V                 |  in |   16|   ap_none  |     nc_V     |    scalar    |
|dmem_V_2_address0    | out |   12|  ap_memory |   dmem_V_2   |     array    |
|dmem_V_2_ce0         | out |    1|  ap_memory |   dmem_V_2   |     array    |
|dmem_V_2_we0         | out |    1|  ap_memory |   dmem_V_2   |     array    |
|dmem_V_2_d0          | out |   64|  ap_memory |   dmem_V_2   |     array    |
|dmem_V_2_q0          |  in |   64|  ap_memory |   dmem_V_2   |     array    |
|d_i_idx_V            |  in |    1|   ap_none  |   d_i_idx_V  |    scalar    |
|d_o_idx_V            |  in |    1|   ap_none  |   d_o_idx_V  |    scalar    |
|o_index_V_2          |  in |   16|   ap_none  |  o_index_V_2 |    scalar    |
|width_mode_V         |  in |    2|   ap_none  | width_mode_V |    scalar    |
|norm_mode_V          |  in |    2|   ap_none  |  norm_mode_V |    scalar    |
+---------------------+-----+-----+------------+--------------+--------------+

